DEBUG - 2025-08-02 00:05:30 --> Session: Class initialized using 'CodeIgniter\Session\Handlers\FileHandler' driver.
DEBUG - 2025-08-02 00:06:31 --> Session: Class initialized using 'CodeIgniter\Session\Handlers\FileHandler' driver.
DEBUG - 2025-08-02 00:06:41 --> Session: Class initialized using 'CodeIgniter\Session\Handlers\FileHandler' driver.
DEBUG - 2025-08-02 00:07:22 --> Session: Class initialized using 'CodeIgniter\Session\Handlers\FileHandler' driver.
DEBUG - 2025-08-02 00:07:39 --> Session: Class initialized using 'CodeIgniter\Session\Handlers\FileHandler' driver.
DEBUG - 2025-08-02 00:08:09 --> Session: Class initialized using 'CodeIgniter\Session\Handlers\FileHandler' driver.
DEBUG - 2025-08-02 00:08:11 --> Session: Class initialized using 'CodeIgniter\Session\Handlers\FileHandler' driver.
DEBUG - 2025-08-02 00:08:48 --> Session: Class initialized using 'CodeIgniter\Session\Handlers\FileHandler' driver.
DEBUG - 2025-08-02 00:09:08 --> Session: Class initialized using 'CodeIgniter\Session\Handlers\FileHandler' driver.
DEBUG - 2025-08-02 00:09:30 --> Session: Class initialized using 'CodeIgniter\Session\Handlers\FileHandler' driver.
DEBUG - 2025-08-02 00:10:12 --> Session: Class initialized using 'CodeIgniter\Session\Handlers\FileHandler' driver.
DEBUG - 2025-08-02 00:15:13 --> Session: Class initialized using 'CodeIgniter\Session\Handlers\FileHandler' driver.
DEBUG - 2025-08-02 00:15:35 --> Session: Class initialized using 'CodeIgniter\Session\Handlers\FileHandler' driver.
DEBUG - 2025-08-02 00:16:10 --> Session: Class initialized using 'CodeIgniter\Session\Handlers\FileHandler' driver.
DEBUG - 2025-08-02 00:17:19 --> Session: Class initialized using 'CodeIgniter\Session\Handlers\FileHandler' driver.
DEBUG - 2025-08-02 00:19:20 --> Session: Class initialized using 'CodeIgniter\Session\Handlers\FileHandler' driver.
DEBUG - 2025-08-02 00:19:36 --> Session: Class initialized using 'CodeIgniter\Session\Handlers\FileHandler' driver.
DEBUG - 2025-08-02 00:21:20 --> Session: Class initialized using 'CodeIgniter\Session\Handlers\FileHandler' driver.
DEBUG - 2025-08-02 00:22:21 --> Session: Class initialized using 'CodeIgniter\Session\Handlers\FileHandler' driver.
DEBUG - 2025-08-02 00:22:38 --> Session: Class initialized using 'CodeIgniter\Session\Handlers\FileHandler' driver.
DEBUG - 2025-08-02 00:22:50 --> Session: Class initialized using 'CodeIgniter\Session\Handlers\FileHandler' driver.
DEBUG - 2025-08-02 00:23:05 --> Session: Class initialized using 'CodeIgniter\Session\Handlers\FileHandler' driver.
DEBUG - 2025-08-02 00:24:59 --> Session: Class initialized using 'CodeIgniter\Session\Handlers\FileHandler' driver.
DEBUG - 2025-08-02 00:26:43 --> Session: Class initialized using 'CodeIgniter\Session\Handlers\FileHandler' driver.
DEBUG - 2025-08-02 00:26:57 --> Session: Class initialized using 'CodeIgniter\Session\Handlers\FileHandler' driver.
DEBUG - 2025-08-02 00:27:27 --> Session: Class initialized using 'CodeIgniter\Session\Handlers\FileHandler' driver.
DEBUG - 2025-08-02 00:28:17 --> Session: Class initialized using 'CodeIgniter\Session\Handlers\FileHandler' driver.
DEBUG - 2025-08-02 00:28:28 --> Session: Class initialized using 'CodeIgniter\Session\Handlers\FileHandler' driver.
DEBUG - 2025-08-02 00:28:51 --> Session: Class initialized using 'CodeIgniter\Session\Handlers\FileHandler' driver.
DEBUG - 2025-08-02 00:29:04 --> Session: Class initialized using 'CodeIgniter\Session\Handlers\FileHandler' driver.
DEBUG - 2025-08-02 00:29:46 --> Session: Class initialized using 'CodeIgniter\Session\Handlers\FileHandler' driver.
CRITICAL - 2025-08-02 00:29:51 --> ErrorException: Undefined array key "nama_pengunggah"
[Method: GET, Route: pengetahuan]
in APPPATH\Views\pengetahuan\index.php on line 36.
 1 APPPATH\Views\pengetahuan\index.php(36): CodeIgniter\Debug\Exceptions->errorHandler(2, 'Undefined array key "nama_pengunggah"', 'D:\\PROJECT\\darinkbkms\\app\\Views\\pengetahuan\\index.php', 36)
 2 [internal function]: CodeIgniter\View\View->{closure}([...])
 3 APPPATH\Views\pengetahuan\index.php(33): array_filter([...], Object(Closure))
 4 SYSTEMPATH\View\View.php(224): include('D:\\PROJECT\\darinkbkms\\app\\Views\\pengetahuan\\index.php')
 5 SYSTEMPATH\View\View.php(227): CodeIgniter\View\View->CodeIgniter\View\{closure}()
 6 SYSTEMPATH\Common.php(1173): CodeIgniter\View\View->render('pengetahuan/index', [], true)
 7 APPPATH\Controllers\Pengetahuan.php(25): view('pengetahuan/index', [...])
 8 SYSTEMPATH\CodeIgniter.php(933): App\Controllers\Pengetahuan->index()
 9 SYSTEMPATH\CodeIgniter.php(507): CodeIgniter\CodeIgniter->runController(Object(App\Controllers\Pengetahuan))
10 SYSTEMPATH\CodeIgniter.php(354): CodeIgniter\CodeIgniter->handleRequest(null, Object(Config\Cache), false)
11 SYSTEMPATH\Boot.php(334): CodeIgniter\CodeIgniter->run()
12 SYSTEMPATH\Boot.php(67): CodeIgniter\Boot::runCodeIgniter(Object(CodeIgniter\CodeIgniter))
13 FCPATH\index.php(59): CodeIgniter\Boot::bootWeb(Object(Config\Paths))
14 SYSTEMPATH\rewrite.php(44): require_once('D:\\PROJECT\\darinkbkms\\public\\index.php')
DEBUG - 2025-08-02 00:30:36 --> Session: Class initialized using 'CodeIgniter\Session\Handlers\FileHandler' driver.
DEBUG - 2025-08-02 00:30:39 --> Session: Class initialized using 'CodeIgniter\Session\Handlers\FileHandler' driver.
DEBUG - 2025-08-02 00:33:05 --> Session: Class initialized using 'CodeIgniter\Session\Handlers\FileHandler' driver.
DEBUG - 2025-08-02 00:33:09 --> Session: Class initialized using 'CodeIgniter\Session\Handlers\FileHandler' driver.
ERROR - 2025-08-02 00:36:45 --> mysqli_sql_exception: Table 'darinkms.users' doesn't exist in D:\PROJECT\darinkbkms\vendor\codeigniter4\framework\system\Database\MySQLi\Connection.php:327
Stack trace:
#0 D:\PROJECT\darinkbkms\vendor\codeigniter4\framework\system\Database\MySQLi\Connection.php(327): mysqli->query('SELECT `pengeta...', 0)
#1 D:\PROJECT\darinkbkms\vendor\codeigniter4\framework\system\Database\BaseConnection.php(738): CodeIgniter\Database\MySQLi\Connection->execute('SELECT `pengeta...')
#2 D:\PROJECT\darinkbkms\vendor\codeigniter4\framework\system\Database\BaseConnection.php(652): CodeIgniter\Database\BaseConnection->simpleQuery('SELECT `pengeta...')
#3 D:\PROJECT\darinkbkms\vendor\codeigniter4\framework\system\Database\BaseBuilder.php(1649): CodeIgniter\Database\BaseConnection->query('SELECT `pengeta...', Array, false)
#4 D:\PROJECT\darinkbkms\app\Models\PengetahuanModel.php(44): CodeIgniter\Database\BaseBuilder->get()
#5 D:\PROJECT\darinkbkms\app\Controllers\Pengetahuan.php(34): App\Models\PengetahuanModel->getPengetahuanWithUser(NULL)
#6 D:\PROJECT\darinkbkms\vendor\codeigniter4\framework\system\CodeIgniter.php(933): App\Controllers\Pengetahuan->index()
#7 D:\PROJECT\darinkbkms\vendor\codeigniter4\framework\system\CodeIgniter.php(507): CodeIgniter\CodeIgniter->runController(Object(App\Controllers\Pengetahuan))
#8 D:\PROJECT\darinkbkms\vendor\codeigniter4\framework\system\CodeIgniter.php(354): CodeIgniter\CodeIgniter->handleRequest(NULL, Object(Config\Cache), false)
#9 D:\PROJECT\darinkbkms\vendor\codeigniter4\framework\system\Boot.php(334): CodeIgniter\CodeIgniter->run()
#10 D:\PROJECT\darinkbkms\vendor\codeigniter4\framework\system\Boot.php(67): CodeIgniter\Boot::runCodeIgniter(Object(CodeIgniter\CodeIgniter))
#11 D:\PROJECT\darinkbkms\public\index.php(59): CodeIgniter\Boot::bootWeb(Object(Config\Paths))
#12 D:\PROJECT\darinkbkms\vendor\codeigniter4\framework\system\rewrite.php(44): require_once('D:\\PROJECT\\dari...')
#13 {main}
CRITICAL - 2025-08-02 00:36:45 --> CodeIgniter\Database\Exceptions\DatabaseException: Table 'darinkms.users' doesn't exist
[Method: GET, Route: pengetahuan]
in SYSTEMPATH\Database\BaseConnection.php on line 692.
 1 SYSTEMPATH\Database\BaseBuilder.php(1649): CodeIgniter\Database\BaseConnection->query('SELECT `pengetahuan`.*, `users`.`username`
FROM `pengetahuan`
JOIN `users` ON `users`.`id` = `pengetahuan`.`user_id`
WHERE `pengetahuan`.`akses_publik` = :pengetahuan.akses_publik:', [...], false)
 2 APPPATH\Models\PengetahuanModel.php(44): CodeIgniter\Database\BaseBuilder->get()
 3 APPPATH\Controllers\Pengetahuan.php(34): App\Models\PengetahuanModel->getPengetahuanWithUser(null)
 4 SYSTEMPATH\CodeIgniter.php(933): App\Controllers\Pengetahuan->index()
 5 SYSTEMPATH\CodeIgniter.php(507): CodeIgniter\CodeIgniter->runController(Object(App\Controllers\Pengetahuan))
 6 SYSTEMPATH\CodeIgniter.php(354): CodeIgniter\CodeIgniter->handleRequest(null, Object(Config\Cache), false)
 7 SYSTEMPATH\Boot.php(334): CodeIgniter\CodeIgniter->run()
 8 SYSTEMPATH\Boot.php(67): CodeIgniter\Boot::runCodeIgniter(Object(CodeIgniter\CodeIgniter))
 9 FCPATH\index.php(59): CodeIgniter\Boot::bootWeb(Object(Config\Paths))
10 SYSTEMPATH\rewrite.php(44): require_once('D:\\PROJECT\\darinkbkms\\public\\index.php')
CRITICAL - 2025-08-02 00:36:45 --> [Caused by] CodeIgniter\Database\Exceptions\DatabaseException: Table 'darinkms.users' doesn't exist
in SYSTEMPATH\Database\MySQLi\Connection.php on line 332.
 1 SYSTEMPATH\Database\BaseConnection.php(738): CodeIgniter\Database\MySQLi\Connection->execute('SELECT `pengetahuan`.*, `users`.`username`
FROM `pengetahuan`
JOIN `users` ON `users`.`id` = `pengetahuan`.`user_id`
WHERE `pengetahuan`.`akses_publik` = 1')
 2 SYSTEMPATH\Database\BaseConnection.php(652): CodeIgniter\Database\BaseConnection->simpleQuery('SELECT `pengetahuan`.*, `users`.`username`
FROM `pengetahuan`
JOIN `users` ON `users`.`id` = `pengetahuan`.`user_id`
WHERE `pengetahuan`.`akses_publik` = 1')
 3 SYSTEMPATH\Database\BaseBuilder.php(1649): CodeIgniter\Database\BaseConnection->query('SELECT `pengetahuan`.*, `users`.`username`
FROM `pengetahuan`
JOIN `users` ON `users`.`id` = `pengetahuan`.`user_id`
WHERE `pengetahuan`.`akses_publik` = :pengetahuan.akses_publik:', [...], false)
 4 APPPATH\Models\PengetahuanModel.php(44): CodeIgniter\Database\BaseBuilder->get()
 5 APPPATH\Controllers\Pengetahuan.php(34): App\Models\PengetahuanModel->getPengetahuanWithUser(null)
 6 SYSTEMPATH\CodeIgniter.php(933): App\Controllers\Pengetahuan->index()
 7 SYSTEMPATH\CodeIgniter.php(507): CodeIgniter\CodeIgniter->runController(Object(App\Controllers\Pengetahuan))
 8 SYSTEMPATH\CodeIgniter.php(354): CodeIgniter\CodeIgniter->handleRequest(null, Object(Config\Cache), false)
 9 SYSTEMPATH\Boot.php(334): CodeIgniter\CodeIgniter->run()
10 SYSTEMPATH\Boot.php(67): CodeIgniter\Boot::runCodeIgniter(Object(CodeIgniter\CodeIgniter))
11 FCPATH\index.php(59): CodeIgniter\Boot::bootWeb(Object(Config\Paths))
12 SYSTEMPATH\rewrite.php(44): require_once('D:\\PROJECT\\darinkbkms\\public\\index.php')
CRITICAL - 2025-08-02 00:36:45 --> [Caused by] mysqli_sql_exception: Table 'darinkms.users' doesn't exist
in SYSTEMPATH\Database\MySQLi\Connection.php on line 327.
 1 SYSTEMPATH\Database\MySQLi\Connection.php(327): mysqli->query('SELECT `pengetahuan`.*, `users`.`username`
FROM `pengetahuan`
JOIN `users` ON `users`.`id` = `pengetahuan`.`user_id`
WHERE `pengetahuan`.`akses_publik` = 1', 0)
 2 SYSTEMPATH\Database\BaseConnection.php(738): CodeIgniter\Database\MySQLi\Connection->execute('SELECT `pengetahuan`.*, `users`.`username`
FROM `pengetahuan`
JOIN `users` ON `users`.`id` = `pengetahuan`.`user_id`
WHERE `pengetahuan`.`akses_publik` = 1')
 3 SYSTEMPATH\Database\BaseConnection.php(652): CodeIgniter\Database\BaseConnection->simpleQuery('SELECT `pengetahuan`.*, `users`.`username`
FROM `pengetahuan`
JOIN `users` ON `users`.`id` = `pengetahuan`.`user_id`
WHERE `pengetahuan`.`akses_publik` = 1')
 4 SYSTEMPATH\Database\BaseBuilder.php(1649): CodeIgniter\Database\BaseConnection->query('SELECT `pengetahuan`.*, `users`.`username`
FROM `pengetahuan`
JOIN `users` ON `users`.`id` = `pengetahuan`.`user_id`
WHERE `pengetahuan`.`akses_publik` = :pengetahuan.akses_publik:', [...], false)
 5 APPPATH\Models\PengetahuanModel.php(44): CodeIgniter\Database\BaseBuilder->get()
 6 APPPATH\Controllers\Pengetahuan.php(34): App\Models\PengetahuanModel->getPengetahuanWithUser(null)
 7 SYSTEMPATH\CodeIgniter.php(933): App\Controllers\Pengetahuan->index()
 8 SYSTEMPATH\CodeIgniter.php(507): CodeIgniter\CodeIgniter->runController(Object(App\Controllers\Pengetahuan))
 9 SYSTEMPATH\CodeIgniter.php(354): CodeIgniter\CodeIgniter->handleRequest(null, Object(Config\Cache), false)
10 SYSTEMPATH\Boot.php(334): CodeIgniter\CodeIgniter->run()
11 SYSTEMPATH\Boot.php(67): CodeIgniter\Boot::runCodeIgniter(Object(CodeIgniter\CodeIgniter))
12 FCPATH\index.php(59): CodeIgniter\Boot::bootWeb(Object(Config\Paths))
13 SYSTEMPATH\rewrite.php(44): require_once('D:\\PROJECT\\darinkbkms\\public\\index.php')
DEBUG - 2025-08-02 00:37:46 --> Session: Class initialized using 'CodeIgniter\Session\Handlers\FileHandler' driver.
DEBUG - 2025-08-02 00:37:50 --> Session: Class initialized using 'CodeIgniter\Session\Handlers\FileHandler' driver.
DEBUG - 2025-08-02 00:38:09 --> Session: Class initialized using 'CodeIgniter\Session\Handlers\FileHandler' driver.
DEBUG - 2025-08-02 00:39:01 --> Session: Class initialized using 'CodeIgniter\Session\Handlers\FileHandler' driver.
DEBUG - 2025-08-02 00:39:08 --> Session: Class initialized using 'CodeIgniter\Session\Handlers\FileHandler' driver.
DEBUG - 2025-08-02 00:39:11 --> Session: Class initialized using 'CodeIgniter\Session\Handlers\FileHandler' driver.
DEBUG - 2025-08-02 00:39:22 --> Session: Class initialized using 'CodeIgniter\Session\Handlers\FileHandler' driver.
DEBUG - 2025-08-02 00:39:26 --> Session: Class initialized using 'CodeIgniter\Session\Handlers\FileHandler' driver.
DEBUG - 2025-08-02 00:40:16 --> Session: Class initialized using 'CodeIgniter\Session\Handlers\FileHandler' driver.
DEBUG - 2025-08-02 00:40:53 --> Session: Class initialized using 'CodeIgniter\Session\Handlers\FileHandler' driver.
DEBUG - 2025-08-02 00:41:27 --> Session: Class initialized using 'CodeIgniter\Session\Handlers\FileHandler' driver.
DEBUG - 2025-08-02 00:42:10 --> Session: Class initialized using 'CodeIgniter\Session\Handlers\FileHandler' driver.
DEBUG - 2025-08-02 00:42:22 --> Session: Class initialized using 'CodeIgniter\Session\Handlers\FileHandler' driver.
DEBUG - 2025-08-02 00:42:33 --> Session: Class initialized using 'CodeIgniter\Session\Handlers\FileHandler' driver.
DEBUG - 2025-08-02 00:42:38 --> Session: Class initialized using 'CodeIgniter\Session\Handlers\FileHandler' driver.
DEBUG - 2025-08-02 00:43:29 --> Session: Class initialized using 'CodeIgniter\Session\Handlers\FileHandler' driver.
DEBUG - 2025-08-02 00:43:46 --> Session: Class initialized using 'CodeIgniter\Session\Handlers\FileHandler' driver.
DEBUG - 2025-08-02 00:44:40 --> Session: Class initialized using 'CodeIgniter\Session\Handlers\FileHandler' driver.
DEBUG - 2025-08-02 00:44:43 --> Session: Class initialized using 'CodeIgniter\Session\Handlers\FileHandler' driver.
DEBUG - 2025-08-02 00:45:09 --> Session: Class initialized using 'CodeIgniter\Session\Handlers\FileHandler' driver.
DEBUG - 2025-08-02 00:45:11 --> Session: Class initialized using 'CodeIgniter\Session\Handlers\FileHandler' driver.
DEBUG - 2025-08-02 00:46:35 --> Session: Class initialized using 'CodeIgniter\Session\Handlers\FileHandler' driver.
DEBUG - 2025-08-02 00:47:41 --> Session: Class initialized using 'CodeIgniter\Session\Handlers\FileHandler' driver.
DEBUG - 2025-08-02 00:48:22 --> Session: Class initialized using 'CodeIgniter\Session\Handlers\FileHandler' driver.
DEBUG - 2025-08-02 00:49:19 --> Session: Class initialized using 'CodeIgniter\Session\Handlers\FileHandler' driver.
DEBUG - 2025-08-02 00:49:31 --> Session: Class initialized using 'CodeIgniter\Session\Handlers\FileHandler' driver.
DEBUG - 2025-08-02 00:49:33 --> Session: Class initialized using 'CodeIgniter\Session\Handlers\FileHandler' driver.
DEBUG - 2025-08-02 00:50:15 --> Session: Class initialized using 'CodeIgniter\Session\Handlers\FileHandler' driver.
DEBUG - 2025-08-02 00:50:16 --> Session: Class initialized using 'CodeIgniter\Session\Handlers\FileHandler' driver.
DEBUG - 2025-08-02 00:50:21 --> Session: Class initialized using 'CodeIgniter\Session\Handlers\FileHandler' driver.
DEBUG - 2025-08-02 00:50:24 --> Session: Class initialized using 'CodeIgniter\Session\Handlers\FileHandler' driver.
DEBUG - 2025-08-02 00:50:46 --> Session: Class initialized using 'CodeIgniter\Session\Handlers\FileHandler' driver.
DEBUG - 2025-08-02 00:50:48 --> Session: Class initialized using 'CodeIgniter\Session\Handlers\FileHandler' driver.
DEBUG - 2025-08-02 00:51:03 --> Session: Class initialized using 'CodeIgniter\Session\Handlers\FileHandler' driver.
DEBUG - 2025-08-02 00:51:05 --> Session: Class initialized using 'CodeIgniter\Session\Handlers\FileHandler' driver.
DEBUG - 2025-08-02 00:51:09 --> Session: Class initialized using 'CodeIgniter\Session\Handlers\FileHandler' driver.
DEBUG - 2025-08-02 00:53:35 --> Session: Class initialized using 'CodeIgniter\Session\Handlers\FileHandler' driver.
DEBUG - 2025-08-02 00:56:23 --> Session: Class initialized using 'CodeIgniter\Session\Handlers\FileHandler' driver.
DEBUG - 2025-08-02 00:56:25 --> Session: Class initialized using 'CodeIgniter\Session\Handlers\FileHandler' driver.
DEBUG - 2025-08-02 00:56:28 --> Session: Class initialized using 'CodeIgniter\Session\Handlers\FileHandler' driver.
DEBUG - 2025-08-02 00:56:30 --> Session: Class initialized using 'CodeIgniter\Session\Handlers\FileHandler' driver.
DEBUG - 2025-08-02 00:56:32 --> Session: Class initialized using 'CodeIgniter\Session\Handlers\FileHandler' driver.
DEBUG - 2025-08-02 00:56:40 --> Session: Class initialized using 'CodeIgniter\Session\Handlers\FileHandler' driver.
DEBUG - 2025-08-02 01:00:35 --> Session: Class initialized using 'CodeIgniter\Session\Handlers\FileHandler' driver.
DEBUG - 2025-08-02 01:00:41 --> Session: Class initialized using 'CodeIgniter\Session\Handlers\FileHandler' driver.
DEBUG - 2025-08-02 01:00:45 --> Session: Class initialized using 'CodeIgniter\Session\Handlers\FileHandler' driver.
DEBUG - 2025-08-02 01:00:51 --> Session: Class initialized using 'CodeIgniter\Session\Handlers\FileHandler' driver.
CRITICAL - 2025-08-02 01:00:59 --> TypeError: array_filter(): Argument #1 ($array) must be of type array, null given
[Method: GET, Route: pengetahuan]
in APPPATH\Views\pengetahuan\index.php on line 33.
 1 APPPATH\Views\pengetahuan\index.php(33): array_filter(null, Object(Closure))
 2 SYSTEMPATH\View\View.php(224): include('D:\\PROJECT\\darinkbkms\\app\\Views\\pengetahuan\\index.php')
 3 SYSTEMPATH\View\View.php(227): CodeIgniter\View\View->CodeIgniter\View\{closure}()
 4 SYSTEMPATH\Common.php(1173): CodeIgniter\View\View->render('pengetahuan/index', [], true)
 5 APPPATH\Controllers\Pengetahuan.php(38): view('pengetahuan/index', [...])
 6 SYSTEMPATH\CodeIgniter.php(933): App\Controllers\Pengetahuan->index()
 7 SYSTEMPATH\CodeIgniter.php(507): CodeIgniter\CodeIgniter->runController(Object(App\Controllers\Pengetahuan))
 8 SYSTEMPATH\CodeIgniter.php(354): CodeIgniter\CodeIgniter->handleRequest(null, Object(Config\Cache), false)
 9 SYSTEMPATH\Boot.php(334): CodeIgniter\CodeIgniter->run()
10 SYSTEMPATH\Boot.php(67): CodeIgniter\Boot::runCodeIgniter(Object(CodeIgniter\CodeIgniter))
11 FCPATH\index.php(59): CodeIgniter\Boot::bootWeb(Object(Config\Paths))
12 SYSTEMPATH\rewrite.php(44): require_once('D:\\PROJECT\\darinkbkms\\public\\index.php')
DEBUG - 2025-08-02 01:02:15 --> Session: Class initialized using 'CodeIgniter\Session\Handlers\FileHandler' driver.
DEBUG - 2025-08-02 01:02:20 --> Session: Class initialized using 'CodeIgniter\Session\Handlers\FileHandler' driver.
DEBUG - 2025-08-02 01:02:26 --> Session: Class initialized using 'CodeIgniter\Session\Handlers\FileHandler' driver.
DEBUG - 2025-08-02 01:04:21 --> Session: Class initialized using 'CodeIgniter\Session\Handlers\FileHandler' driver.
DEBUG - 2025-08-02 01:04:24 --> Session: Class initialized using 'CodeIgniter\Session\Handlers\FileHandler' driver.
CRITICAL - 2025-08-02 01:05:18 --> ErrorException: Cannot redeclare App\Models\PengetahuanModel::getPengetahuanWithUser()
[Method: GET, Route: pengetahuan/view/39]
in APPPATH\Models\PengetahuanModel.php on line 30.
 1 [internal function]: CodeIgniter\Debug\Exceptions->shutdownHandler()
DEBUG - 2025-08-02 01:05:33 --> Session: Class initialized using 'CodeIgniter\Session\Handlers\FileHandler' driver.
CRITICAL - 2025-08-02 01:05:36 --> TypeError: array_filter(): Argument #1 ($array) must be of type array, null given
[Method: GET, Route: pengetahuan]
in APPPATH\Views\pengetahuan\index.php on line 33.
 1 APPPATH\Views\pengetahuan\index.php(33): array_filter(null, Object(Closure))
 2 SYSTEMPATH\View\View.php(224): include('D:\\PROJECT\\darinkbkms\\app\\Views\\pengetahuan\\index.php')
 3 SYSTEMPATH\View\View.php(227): CodeIgniter\View\View->CodeIgniter\View\{closure}()
 4 SYSTEMPATH\Common.php(1173): CodeIgniter\View\View->render('pengetahuan/index', [], true)
 5 APPPATH\Controllers\Pengetahuan.php(38): view('pengetahuan/index', [...])
 6 SYSTEMPATH\CodeIgniter.php(933): App\Controllers\Pengetahuan->index()
 7 SYSTEMPATH\CodeIgniter.php(507): CodeIgniter\CodeIgniter->runController(Object(App\Controllers\Pengetahuan))
 8 SYSTEMPATH\CodeIgniter.php(354): CodeIgniter\CodeIgniter->handleRequest(null, Object(Config\Cache), false)
 9 SYSTEMPATH\Boot.php(334): CodeIgniter\CodeIgniter->run()
10 SYSTEMPATH\Boot.php(67): CodeIgniter\Boot::runCodeIgniter(Object(CodeIgniter\CodeIgniter))
11 FCPATH\index.php(59): CodeIgniter\Boot::bootWeb(Object(Config\Paths))
12 SYSTEMPATH\rewrite.php(44): require_once('D:\\PROJECT\\darinkbkms\\public\\index.php')
CRITICAL - 2025-08-02 01:05:39 --> TypeError: array_filter(): Argument #1 ($array) must be of type array, null given
[Method: GET, Route: pengetahuan]
in APPPATH\Views\pengetahuan\index.php on line 33.
 1 APPPATH\Views\pengetahuan\index.php(33): array_filter(null, Object(Closure))
 2 SYSTEMPATH\View\View.php(224): include('D:\\PROJECT\\darinkbkms\\app\\Views\\pengetahuan\\index.php')
 3 SYSTEMPATH\View\View.php(227): CodeIgniter\View\View->CodeIgniter\View\{closure}()
 4 SYSTEMPATH\Common.php(1173): CodeIgniter\View\View->render('pengetahuan/index', [], true)
 5 APPPATH\Controllers\Pengetahuan.php(38): view('pengetahuan/index', [...])
 6 SYSTEMPATH\CodeIgniter.php(933): App\Controllers\Pengetahuan->index()
 7 SYSTEMPATH\CodeIgniter.php(507): CodeIgniter\CodeIgniter->runController(Object(App\Controllers\Pengetahuan))
 8 SYSTEMPATH\CodeIgniter.php(354): CodeIgniter\CodeIgniter->handleRequest(null, Object(Config\Cache), false)
 9 SYSTEMPATH\Boot.php(334): CodeIgniter\CodeIgniter->run()
10 SYSTEMPATH\Boot.php(67): CodeIgniter\Boot::runCodeIgniter(Object(CodeIgniter\CodeIgniter))
11 FCPATH\index.php(59): CodeIgniter\Boot::bootWeb(Object(Config\Paths))
12 SYSTEMPATH\rewrite.php(44): require_once('D:\\PROJECT\\darinkbkms\\public\\index.php')
DEBUG - 2025-08-02 01:08:46 --> Session: Class initialized using 'CodeIgniter\Session\Handlers\FileHandler' driver.
DEBUG - 2025-08-02 01:08:50 --> Session: Class initialized using 'CodeIgniter\Session\Handlers\FileHandler' driver.
DEBUG - 2025-08-02 01:09:09 --> Session: Class initialized using 'CodeIgniter\Session\Handlers\FileHandler' driver.
DEBUG - 2025-08-02 01:09:13 --> Session: Class initialized using 'CodeIgniter\Session\Handlers\FileHandler' driver.
DEBUG - 2025-08-02 01:09:18 --> Session: Class initialized using 'CodeIgniter\Session\Handlers\FileHandler' driver.
DEBUG - 2025-08-02 01:09:23 --> Session: Class initialized using 'CodeIgniter\Session\Handlers\FileHandler' driver.
DEBUG - 2025-08-02 01:09:26 --> Session: Class initialized using 'CodeIgniter\Session\Handlers\FileHandler' driver.
DEBUG - 2025-08-02 01:12:59 --> Session: Class initialized using 'CodeIgniter\Session\Handlers\FileHandler' driver.
DEBUG - 2025-08-02 01:13:16 --> Session: Class initialized using 'CodeIgniter\Session\Handlers\FileHandler' driver.
DEBUG - 2025-08-02 01:13:23 --> Session: Class initialized using 'CodeIgniter\Session\Handlers\FileHandler' driver.
DEBUG - 2025-08-02 01:13:25 --> Session: Class initialized using 'CodeIgniter\Session\Handlers\FileHandler' driver.
DEBUG - 2025-08-02 01:13:39 --> Session: Class initialized using 'CodeIgniter\Session\Handlers\FileHandler' driver.
DEBUG - 2025-08-02 01:15:21 --> Session: Class initialized using 'CodeIgniter\Session\Handlers\FileHandler' driver.
DEBUG - 2025-08-02 01:15:57 --> Session: Class initialized using 'CodeIgniter\Session\Handlers\FileHandler' driver.
DEBUG - 2025-08-02 01:16:32 --> Session: Class initialized using 'CodeIgniter\Session\Handlers\FileHandler' driver.
DEBUG - 2025-08-02 01:17:40 --> Session: Class initialized using 'CodeIgniter\Session\Handlers\FileHandler' driver.
DEBUG - 2025-08-02 01:17:54 --> Session: Class initialized using 'CodeIgniter\Session\Handlers\FileHandler' driver.
DEBUG - 2025-08-02 01:18:44 --> Session: Class initialized using 'CodeIgniter\Session\Handlers\FileHandler' driver.
DEBUG - 2025-08-02 01:18:54 --> Session: Class initialized using 'CodeIgniter\Session\Handlers\FileHandler' driver.
DEBUG - 2025-08-02 01:20:04 --> Session: Class initialized using 'CodeIgniter\Session\Handlers\FileHandler' driver.
DEBUG - 2025-08-02 01:20:23 --> Session: Class initialized using 'CodeIgniter\Session\Handlers\FileHandler' driver.
DEBUG - 2025-08-02 01:20:47 --> Session: Class initialized using 'CodeIgniter\Session\Handlers\FileHandler' driver.
DEBUG - 2025-08-02 01:21:13 --> Session: Class initialized using 'CodeIgniter\Session\Handlers\FileHandler' driver.
DEBUG - 2025-08-02 01:21:31 --> Session: Class initialized using 'CodeIgniter\Session\Handlers\FileHandler' driver.
DEBUG - 2025-08-02 01:21:56 --> Session: Class initialized using 'CodeIgniter\Session\Handlers\FileHandler' driver.
DEBUG - 2025-08-02 01:22:08 --> Session: Class initialized using 'CodeIgniter\Session\Handlers\FileHandler' driver.
DEBUG - 2025-08-02 01:22:14 --> Session: Class initialized using 'CodeIgniter\Session\Handlers\FileHandler' driver.
DEBUG - 2025-08-02 01:22:27 --> Session: Class initialized using 'CodeIgniter\Session\Handlers\FileHandler' driver.
DEBUG - 2025-08-02 01:22:39 --> Session: Class initialized using 'CodeIgniter\Session\Handlers\FileHandler' driver.
DEBUG - 2025-08-02 01:23:15 --> Session: Class initialized using 'CodeIgniter\Session\Handlers\FileHandler' driver.
DEBUG - 2025-08-02 01:23:35 --> Session: Class initialized using 'CodeIgniter\Session\Handlers\FileHandler' driver.
DEBUG - 2025-08-02 01:24:05 --> Session: Class initialized using 'CodeIgniter\Session\Handlers\FileHandler' driver.
DEBUG - 2025-08-02 01:24:13 --> Session: Class initialized using 'CodeIgniter\Session\Handlers\FileHandler' driver.
DEBUG - 2025-08-02 01:24:34 --> Session: Class initialized using 'CodeIgniter\Session\Handlers\FileHandler' driver.
DEBUG - 2025-08-02 01:25:04 --> Session: Class initialized using 'CodeIgniter\Session\Handlers\FileHandler' driver.
DEBUG - 2025-08-02 01:25:26 --> Session: Class initialized using 'CodeIgniter\Session\Handlers\FileHandler' driver.
DEBUG - 2025-08-02 01:25:36 --> Session: Class initialized using 'CodeIgniter\Session\Handlers\FileHandler' driver.
DEBUG - 2025-08-02 01:25:47 --> Session: Class initialized using 'CodeIgniter\Session\Handlers\FileHandler' driver.
DEBUG - 2025-08-02 01:26:06 --> Session: Class initialized using 'CodeIgniter\Session\Handlers\FileHandler' driver.
CRITICAL - 2025-08-02 01:27:18 --> TypeError: Cannot access offset of type string on string
[Method: GET, Route: pengetahuan/view/34]
in APPPATH\Views\pengetahuan\view.php on line 38.
 1 SYSTEMPATH\View\View.php(224): include()
 2 SYSTEMPATH\View\View.php(227): CodeIgniter\View\View->CodeIgniter\View\{closure}()
 3 SYSTEMPATH\Common.php(1173): CodeIgniter\View\View->render('pengetahuan/view', [], true)
 4 APPPATH\Controllers\Pengetahuan.php(56): view('pengetahuan/view', [...])
 5 SYSTEMPATH\CodeIgniter.php(933): App\Controllers\Pengetahuan->view('34')
 6 SYSTEMPATH\CodeIgniter.php(507): CodeIgniter\CodeIgniter->runController(Object(App\Controllers\Pengetahuan))
 7 SYSTEMPATH\CodeIgniter.php(354): CodeIgniter\CodeIgniter->handleRequest(null, Object(Config\Cache), false)
 8 SYSTEMPATH\Boot.php(334): CodeIgniter\CodeIgniter->run()
 9 SYSTEMPATH\Boot.php(67): CodeIgniter\Boot::runCodeIgniter(Object(CodeIgniter\CodeIgniter))
10 FCPATH\index.php(59): CodeIgniter\Boot::bootWeb(Object(Config\Paths))
11 SYSTEMPATH\rewrite.php(44): require_once('D:\\PROJECT\\darinkbkms\\public\\index.php')
CRITICAL - 2025-08-02 01:28:35 --> TypeError: Cannot access offset of type string on string
[Method: GET, Route: pengetahuan/view/34]
in APPPATH\Views\pengetahuan\view.php on line 40.
 1 SYSTEMPATH\View\View.php(224): include()
 2 SYSTEMPATH\View\View.php(227): CodeIgniter\View\View->CodeIgniter\View\{closure}()
 3 SYSTEMPATH\Common.php(1173): CodeIgniter\View\View->render('pengetahuan/view', [], true)
 4 APPPATH\Controllers\Pengetahuan.php(56): view('pengetahuan/view', [...])
 5 SYSTEMPATH\CodeIgniter.php(933): App\Controllers\Pengetahuan->view('34')
 6 SYSTEMPATH\CodeIgniter.php(507): CodeIgniter\CodeIgniter->runController(Object(App\Controllers\Pengetahuan))
 7 SYSTEMPATH\CodeIgniter.php(354): CodeIgniter\CodeIgniter->handleRequest(null, Object(Config\Cache), false)
 8 SYSTEMPATH\Boot.php(334): CodeIgniter\CodeIgniter->run()
 9 SYSTEMPATH\Boot.php(67): CodeIgniter\Boot::runCodeIgniter(Object(CodeIgniter\CodeIgniter))
10 FCPATH\index.php(59): CodeIgniter\Boot::bootWeb(Object(Config\Paths))
11 SYSTEMPATH\rewrite.php(44): require_once('D:\\PROJECT\\darinkbkms\\public\\index.php')
CRITICAL - 2025-08-02 01:30:37 --> ErrorException: Undefined property: CodeIgniter\View\View::$pengetahuanModel
[Method: GET, Route: pengetahuan/view/34]
in APPPATH\Views\pengetahuan\view.php on line 41.
 1 APPPATH\Views\pengetahuan\view.php(41): CodeIgniter\Debug\Exceptions->errorHandler(2, 'Undefined property: CodeIgniter\\View\\View::$pengetahuanModel', 'D:\\PROJECT\\darinkbkms\\app\\Views\\pengetahuan\\view.php', 41)
 2 SYSTEMPATH\View\View.php(224): include('D:\\PROJECT\\darinkbkms\\app\\Views\\pengetahuan\\view.php')
 3 SYSTEMPATH\View\View.php(227): CodeIgniter\View\View->CodeIgniter\View\{closure}()
 4 SYSTEMPATH\Common.php(1173): CodeIgniter\View\View->render('pengetahuan/view', [], true)
 5 APPPATH\Controllers\Pengetahuan.php(56): view('pengetahuan/view', [...])
 6 SYSTEMPATH\CodeIgniter.php(933): App\Controllers\Pengetahuan->view('34')
 7 SYSTEMPATH\CodeIgniter.php(507): CodeIgniter\CodeIgniter->runController(Object(App\Controllers\Pengetahuan))
 8 SYSTEMPATH\CodeIgniter.php(354): CodeIgniter\CodeIgniter->handleRequest(null, Object(Config\Cache), false)
 9 SYSTEMPATH\Boot.php(334): CodeIgniter\CodeIgniter->run()
10 SYSTEMPATH\Boot.php(67): CodeIgniter\Boot::runCodeIgniter(Object(CodeIgniter\CodeIgniter))
11 FCPATH\index.php(59): CodeIgniter\Boot::bootWeb(Object(Config\Paths))
12 SYSTEMPATH\rewrite.php(44): require_once('D:\\PROJECT\\darinkbkms\\public\\index.php')
CRITICAL - 2025-08-02 01:30:38 --> ErrorException: Undefined property: CodeIgniter\View\View::$pengetahuanModel
[Method: GET, Route: pengetahuan/view/34]
in APPPATH\Views\pengetahuan\view.php on line 41.
 1 APPPATH\Views\pengetahuan\view.php(41): CodeIgniter\Debug\Exceptions->errorHandler(2, 'Undefined property: CodeIgniter\\View\\View::$pengetahuanModel', 'D:\\PROJECT\\darinkbkms\\app\\Views\\pengetahuan\\view.php', 41)
 2 SYSTEMPATH\View\View.php(224): include('D:\\PROJECT\\darinkbkms\\app\\Views\\pengetahuan\\view.php')
 3 SYSTEMPATH\View\View.php(227): CodeIgniter\View\View->CodeIgniter\View\{closure}()
 4 SYSTEMPATH\Common.php(1173): CodeIgniter\View\View->render('pengetahuan/view', [], true)
 5 APPPATH\Controllers\Pengetahuan.php(56): view('pengetahuan/view', [...])
 6 SYSTEMPATH\CodeIgniter.php(933): App\Controllers\Pengetahuan->view('34')
 7 SYSTEMPATH\CodeIgniter.php(507): CodeIgniter\CodeIgniter->runController(Object(App\Controllers\Pengetahuan))
 8 SYSTEMPATH\CodeIgniter.php(354): CodeIgniter\CodeIgniter->handleRequest(null, Object(Config\Cache), false)
 9 SYSTEMPATH\Boot.php(334): CodeIgniter\CodeIgniter->run()
10 SYSTEMPATH\Boot.php(67): CodeIgniter\Boot::runCodeIgniter(Object(CodeIgniter\CodeIgniter))
11 FCPATH\index.php(59): CodeIgniter\Boot::bootWeb(Object(Config\Paths))
12 SYSTEMPATH\rewrite.php(44): require_once('D:\\PROJECT\\darinkbkms\\public\\index.php')
CRITICAL - 2025-08-02 01:30:38 --> ErrorException: Undefined property: CodeIgniter\View\View::$pengetahuanModel
[Method: GET, Route: pengetahuan/view/34]
in APPPATH\Views\pengetahuan\view.php on line 41.
 1 APPPATH\Views\pengetahuan\view.php(41): CodeIgniter\Debug\Exceptions->errorHandler(2, 'Undefined property: CodeIgniter\\View\\View::$pengetahuanModel', 'D:\\PROJECT\\darinkbkms\\app\\Views\\pengetahuan\\view.php', 41)
 2 SYSTEMPATH\View\View.php(224): include('D:\\PROJECT\\darinkbkms\\app\\Views\\pengetahuan\\view.php')
 3 SYSTEMPATH\View\View.php(227): CodeIgniter\View\View->CodeIgniter\View\{closure}()
 4 SYSTEMPATH\Common.php(1173): CodeIgniter\View\View->render('pengetahuan/view', [], true)
 5 APPPATH\Controllers\Pengetahuan.php(56): view('pengetahuan/view', [...])
 6 SYSTEMPATH\CodeIgniter.php(933): App\Controllers\Pengetahuan->view('34')
 7 SYSTEMPATH\CodeIgniter.php(507): CodeIgniter\CodeIgniter->runController(Object(App\Controllers\Pengetahuan))
 8 SYSTEMPATH\CodeIgniter.php(354): CodeIgniter\CodeIgniter->handleRequest(null, Object(Config\Cache), false)
 9 SYSTEMPATH\Boot.php(334): CodeIgniter\CodeIgniter->run()
10 SYSTEMPATH\Boot.php(67): CodeIgniter\Boot::runCodeIgniter(Object(CodeIgniter\CodeIgniter))
11 FCPATH\index.php(59): CodeIgniter\Boot::bootWeb(Object(Config\Paths))
12 SYSTEMPATH\rewrite.php(44): require_once('D:\\PROJECT\\darinkbkms\\public\\index.php')
CRITICAL - 2025-08-02 01:30:39 --> ErrorException: Undefined property: CodeIgniter\View\View::$pengetahuanModel
[Method: GET, Route: pengetahuan/view/34]
in APPPATH\Views\pengetahuan\view.php on line 41.
 1 APPPATH\Views\pengetahuan\view.php(41): CodeIgniter\Debug\Exceptions->errorHandler(2, 'Undefined property: CodeIgniter\\View\\View::$pengetahuanModel', 'D:\\PROJECT\\darinkbkms\\app\\Views\\pengetahuan\\view.php', 41)
 2 SYSTEMPATH\View\View.php(224): include('D:\\PROJECT\\darinkbkms\\app\\Views\\pengetahuan\\view.php')
 3 SYSTEMPATH\View\View.php(227): CodeIgniter\View\View->CodeIgniter\View\{closure}()
 4 SYSTEMPATH\Common.php(1173): CodeIgniter\View\View->render('pengetahuan/view', [], true)
 5 APPPATH\Controllers\Pengetahuan.php(56): view('pengetahuan/view', [...])
 6 SYSTEMPATH\CodeIgniter.php(933): App\Controllers\Pengetahuan->view('34')
 7 SYSTEMPATH\CodeIgniter.php(507): CodeIgniter\CodeIgniter->runController(Object(App\Controllers\Pengetahuan))
 8 SYSTEMPATH\CodeIgniter.php(354): CodeIgniter\CodeIgniter->handleRequest(null, Object(Config\Cache), false)
 9 SYSTEMPATH\Boot.php(334): CodeIgniter\CodeIgniter->run()
10 SYSTEMPATH\Boot.php(67): CodeIgniter\Boot::runCodeIgniter(Object(CodeIgniter\CodeIgniter))
11 FCPATH\index.php(59): CodeIgniter\Boot::bootWeb(Object(Config\Paths))
12 SYSTEMPATH\rewrite.php(44): require_once('D:\\PROJECT\\darinkbkms\\public\\index.php')
CRITICAL - 2025-08-02 01:30:51 --> ErrorException: Undefined property: CodeIgniter\View\View::$pengetahuanModel
[Method: GET, Route: pengetahuan/view/34]
in APPPATH\Views\pengetahuan\view.php on line 41.
 1 APPPATH\Views\pengetahuan\view.php(41): CodeIgniter\Debug\Exceptions->errorHandler(2, 'Undefined property: CodeIgniter\\View\\View::$pengetahuanModel', 'D:\\PROJECT\\darinkbkms\\app\\Views\\pengetahuan\\view.php', 41)
 2 SYSTEMPATH\View\View.php(224): include('D:\\PROJECT\\darinkbkms\\app\\Views\\pengetahuan\\view.php')
 3 SYSTEMPATH\View\View.php(227): CodeIgniter\View\View->CodeIgniter\View\{closure}()
 4 SYSTEMPATH\Common.php(1173): CodeIgniter\View\View->render('pengetahuan/view', [], true)
 5 APPPATH\Controllers\Pengetahuan.php(56): view('pengetahuan/view', [...])
 6 SYSTEMPATH\CodeIgniter.php(933): App\Controllers\Pengetahuan->view('34')
 7 SYSTEMPATH\CodeIgniter.php(507): CodeIgniter\CodeIgniter->runController(Object(App\Controllers\Pengetahuan))
 8 SYSTEMPATH\CodeIgniter.php(354): CodeIgniter\CodeIgniter->handleRequest(null, Object(Config\Cache), false)
 9 SYSTEMPATH\Boot.php(334): CodeIgniter\CodeIgniter->run()
10 SYSTEMPATH\Boot.php(67): CodeIgniter\Boot::runCodeIgniter(Object(CodeIgniter\CodeIgniter))
11 FCPATH\index.php(59): CodeIgniter\Boot::bootWeb(Object(Config\Paths))
12 SYSTEMPATH\rewrite.php(44): require_once('D:\\PROJECT\\darinkbkms\\public\\index.php')
CRITICAL - 2025-08-02 01:34:28 --> TypeError: Cannot access offset of type string on string
[Method: GET, Route: pengetahuan/view/34]
in APPPATH\Views\pengetahuan\view.php on line 41.
 1 SYSTEMPATH\View\View.php(224): include()
 2 SYSTEMPATH\View\View.php(227): CodeIgniter\View\View->CodeIgniter\View\{closure}()
 3 SYSTEMPATH\Common.php(1173): CodeIgniter\View\View->render('pengetahuan/view', [], true)
 4 APPPATH\Controllers\Pengetahuan.php(56): view('pengetahuan/view', [...])
 5 SYSTEMPATH\CodeIgniter.php(933): App\Controllers\Pengetahuan->view('34')
 6 SYSTEMPATH\CodeIgniter.php(507): CodeIgniter\CodeIgniter->runController(Object(App\Controllers\Pengetahuan))
 7 SYSTEMPATH\CodeIgniter.php(354): CodeIgniter\CodeIgniter->handleRequest(null, Object(Config\Cache), false)
 8 SYSTEMPATH\Boot.php(334): CodeIgniter\CodeIgniter->run()
 9 SYSTEMPATH\Boot.php(67): CodeIgniter\Boot::runCodeIgniter(Object(CodeIgniter\CodeIgniter))
10 FCPATH\index.php(59): CodeIgniter\Boot::bootWeb(Object(Config\Paths))
11 SYSTEMPATH\rewrite.php(44): require_once('D:\\PROJECT\\darinkbkms\\public\\index.php')
DEBUG - 2025-08-02 01:34:30 --> Session: Class initialized using 'CodeIgniter\Session\Handlers\FileHandler' driver.
CRITICAL - 2025-08-02 01:34:32 --> TypeError: Cannot access offset of type string on string
[Method: GET, Route: pengetahuan/view/36]
in APPPATH\Views\pengetahuan\view.php on line 41.
 1 SYSTEMPATH\View\View.php(224): include()
 2 SYSTEMPATH\View\View.php(227): CodeIgniter\View\View->CodeIgniter\View\{closure}()
 3 SYSTEMPATH\Common.php(1173): CodeIgniter\View\View->render('pengetahuan/view', [], true)
 4 APPPATH\Controllers\Pengetahuan.php(56): view('pengetahuan/view', [...])
 5 SYSTEMPATH\CodeIgniter.php(933): App\Controllers\Pengetahuan->view('36')
 6 SYSTEMPATH\CodeIgniter.php(507): CodeIgniter\CodeIgniter->runController(Object(App\Controllers\Pengetahuan))
 7 SYSTEMPATH\CodeIgniter.php(354): CodeIgniter\CodeIgniter->handleRequest(null, Object(Config\Cache), false)
 8 SYSTEMPATH\Boot.php(334): CodeIgniter\CodeIgniter->run()
 9 SYSTEMPATH\Boot.php(67): CodeIgniter\Boot::runCodeIgniter(Object(CodeIgniter\CodeIgniter))
10 FCPATH\index.php(59): CodeIgniter\Boot::bootWeb(Object(Config\Paths))
11 SYSTEMPATH\rewrite.php(44): require_once('D:\\PROJECT\\darinkbkms\\public\\index.php')
CRITICAL - 2025-08-02 01:34:45 --> TypeError: Cannot access offset of type string on string
[Method: GET, Route: pengetahuan/view/36]
in APPPATH\Views\pengetahuan\view.php on line 41.
 1 SYSTEMPATH\View\View.php(224): include()
 2 SYSTEMPATH\View\View.php(227): CodeIgniter\View\View->CodeIgniter\View\{closure}()
 3 SYSTEMPATH\Common.php(1173): CodeIgniter\View\View->render('pengetahuan/view', [], true)
 4 APPPATH\Controllers\Pengetahuan.php(56): view('pengetahuan/view', [...])
 5 SYSTEMPATH\CodeIgniter.php(933): App\Controllers\Pengetahuan->view('36')
 6 SYSTEMPATH\CodeIgniter.php(507): CodeIgniter\CodeIgniter->runController(Object(App\Controllers\Pengetahuan))
 7 SYSTEMPATH\CodeIgniter.php(354): CodeIgniter\CodeIgniter->handleRequest(null, Object(Config\Cache), false)
 8 SYSTEMPATH\Boot.php(334): CodeIgniter\CodeIgniter->run()
 9 SYSTEMPATH\Boot.php(67): CodeIgniter\Boot::runCodeIgniter(Object(CodeIgniter\CodeIgniter))
10 FCPATH\index.php(59): CodeIgniter\Boot::bootWeb(Object(Config\Paths))
11 SYSTEMPATH\rewrite.php(44): require_once('D:\\PROJECT\\darinkbkms\\public\\index.php')
DEBUG - 2025-08-02 01:34:59 --> Session: Class initialized using 'CodeIgniter\Session\Handlers\FileHandler' driver.
DEBUG - 2025-08-02 01:35:07 --> Session: Class initialized using 'CodeIgniter\Session\Handlers\FileHandler' driver.
DEBUG - 2025-08-02 01:35:09 --> Session: Class initialized using 'CodeIgniter\Session\Handlers\FileHandler' driver.
DEBUG - 2025-08-02 01:36:06 --> Session: Class initialized using 'CodeIgniter\Session\Handlers\FileHandler' driver.
DEBUG - 2025-08-02 01:36:46 --> Session: Class initialized using 'CodeIgniter\Session\Handlers\FileHandler' driver.
DEBUG - 2025-08-02 01:37:11 --> Session: Class initialized using 'CodeIgniter\Session\Handlers\FileHandler' driver.
DEBUG - 2025-08-02 01:37:15 --> Session: Class initialized using 'CodeIgniter\Session\Handlers\FileHandler' driver.
DEBUG - 2025-08-02 01:37:44 --> Session: Class initialized using 'CodeIgniter\Session\Handlers\FileHandler' driver.
DEBUG - 2025-08-02 01:37:47 --> Session: Class initialized using 'CodeIgniter\Session\Handlers\FileHandler' driver.
DEBUG - 2025-08-02 01:45:45 --> Session: Class initialized using 'CodeIgniter\Session\Handlers\FileHandler' driver.
DEBUG - 2025-08-02 01:47:10 --> Session: Class initialized using 'CodeIgniter\Session\Handlers\FileHandler' driver.
DEBUG - 2025-08-02 01:47:31 --> Session: Class initialized using 'CodeIgniter\Session\Handlers\FileHandler' driver.
DEBUG - 2025-08-02 01:48:22 --> Session: Class initialized using 'CodeIgniter\Session\Handlers\FileHandler' driver.
DEBUG - 2025-08-02 05:51:25 --> Session: Class initialized using 'CodeIgniter\Session\Handlers\FileHandler' driver.
DEBUG - 2025-08-02 05:52:31 --> Session: Class initialized using 'CodeIgniter\Session\Handlers\FileHandler' driver.
DEBUG - 2025-08-02 05:52:52 --> Session: Class initialized using 'CodeIgniter\Session\Handlers\FileHandler' driver.
DEBUG - 2025-08-02 05:54:06 --> Session: Class initialized using 'CodeIgniter\Session\Handlers\FileHandler' driver.
DEBUG - 2025-08-02 05:54:23 --> Session: Class initialized using 'CodeIgniter\Session\Handlers\FileHandler' driver.
DEBUG - 2025-08-02 05:55:26 --> Session: Class initialized using 'CodeIgniter\Session\Handlers\FileHandler' driver.
DEBUG - 2025-08-02 06:00:13 --> Session: Class initialized using 'CodeIgniter\Session\Handlers\FileHandler' driver.
CRITICAL - 2025-08-02 06:03:23 --> ErrorException: Trait "App\Models\Smalot\PdfParser\Parser" not found
[Method: GET, Route: pengetahuan/view/34]
in APPPATH\Models\PengetahuanModel.php on line 7.
 1 [internal function]: CodeIgniter\Debug\Exceptions->shutdownHandler()
CRITICAL - 2025-08-02 06:03:40 --> ErrorException: Trait "App\Models\Smalot\PdfParser\Parser" not found
[Method: GET, Route: pengetahuan/view/34]
in APPPATH\Models\PengetahuanModel.php on line 7.
 1 [internal function]: CodeIgniter\Debug\Exceptions->shutdownHandler()
CRITICAL - 2025-08-02 06:03:40 --> ErrorException: Trait "App\Models\Smalot\PdfParser\Parser" not found
[Method: GET, Route: pengetahuan/view/34]
in APPPATH\Models\PengetahuanModel.php on line 7.
 1 [internal function]: CodeIgniter\Debug\Exceptions->shutdownHandler()
CRITICAL - 2025-08-02 06:03:41 --> ErrorException: Trait "App\Models\Smalot\PdfParser\Parser" not found
[Method: GET, Route: pengetahuan/view/34]
in APPPATH\Models\PengetahuanModel.php on line 7.
 1 [internal function]: CodeIgniter\Debug\Exceptions->shutdownHandler()
CRITICAL - 2025-08-02 06:03:41 --> ErrorException: Trait "App\Models\Smalot\PdfParser\Parser" not found
[Method: GET, Route: pengetahuan/view/34]
in APPPATH\Models\PengetahuanModel.php on line 7.
 1 [internal function]: CodeIgniter\Debug\Exceptions->shutdownHandler()
CRITICAL - 2025-08-02 06:03:42 --> ErrorException: Trait "App\Models\Smalot\PdfParser\Parser" not found
[Method: GET, Route: pengetahuan/view/34]
in APPPATH\Models\PengetahuanModel.php on line 7.
 1 [internal function]: CodeIgniter\Debug\Exceptions->shutdownHandler()
CRITICAL - 2025-08-02 06:03:42 --> ErrorException: Trait "App\Models\Smalot\PdfParser\Parser" not found
[Method: GET, Route: pengetahuan/view/34]
in APPPATH\Models\PengetahuanModel.php on line 7.
 1 [internal function]: CodeIgniter\Debug\Exceptions->shutdownHandler()
CRITICAL - 2025-08-02 06:03:43 --> ErrorException: Trait "App\Models\Smalot\PdfParser\Parser" not found
[Method: GET, Route: pengetahuan/view/34]
in APPPATH\Models\PengetahuanModel.php on line 7.
 1 [internal function]: CodeIgniter\Debug\Exceptions->shutdownHandler()
CRITICAL - 2025-08-02 06:03:43 --> ErrorException: Trait "App\Models\Smalot\PdfParser\Parser" not found
[Method: GET, Route: pengetahuan/view/34]
in APPPATH\Models\PengetahuanModel.php on line 7.
 1 [internal function]: CodeIgniter\Debug\Exceptions->shutdownHandler()
CRITICAL - 2025-08-02 06:03:44 --> ErrorException: Trait "App\Models\Smalot\PdfParser\Parser" not found
[Method: GET, Route: pengetahuan/view/34]
in APPPATH\Models\PengetahuanModel.php on line 7.
 1 [internal function]: CodeIgniter\Debug\Exceptions->shutdownHandler()
CRITICAL - 2025-08-02 06:03:44 --> ErrorException: Trait "App\Models\Smalot\PdfParser\Parser" not found
[Method: GET, Route: pengetahuan/view/34]
in APPPATH\Models\PengetahuanModel.php on line 7.
 1 [internal function]: CodeIgniter\Debug\Exceptions->shutdownHandler()
CRITICAL - 2025-08-02 06:03:45 --> ErrorException: Trait "App\Models\Smalot\PdfParser\Parser" not found
[Method: GET, Route: pengetahuan/view/34]
in APPPATH\Models\PengetahuanModel.php on line 7.
 1 [internal function]: CodeIgniter\Debug\Exceptions->shutdownHandler()
DEBUG - 2025-08-02 06:05:27 --> Session: Class initialized using 'CodeIgniter\Session\Handlers\FileHandler' driver.
DEBUG - 2025-08-02 06:08:39 --> Session: Class initialized using 'CodeIgniter\Session\Handlers\FileHandler' driver.
DEBUG - 2025-08-02 06:08:52 --> Session: Class initialized using 'CodeIgniter\Session\Handlers\FileHandler' driver.
DEBUG - 2025-08-02 06:08:54 --> Session: Class initialized using 'CodeIgniter\Session\Handlers\FileHandler' driver.
DEBUG - 2025-08-02 06:09:00 --> Session: Class initialized using 'CodeIgniter\Session\Handlers\FileHandler' driver.
DEBUG - 2025-08-02 06:10:43 --> Session: Class initialized using 'CodeIgniter\Session\Handlers\FileHandler' driver.
DEBUG - 2025-08-02 06:10:48 --> PDF Question Received - ID: 42 - Question: gizi
ERROR - 2025-08-02 06:10:49 --> PDF Chat Error: Dokumen belum diproses (parsing_pdf kosong)
DEBUG - 2025-08-02 06:11:19 --> Session: Class initialized using 'CodeIgniter\Session\Handlers\FileHandler' driver.
DEBUG - 2025-08-02 06:11:25 --> PDF Question Received - ID: 42 - Question: gizi nasional
ERROR - 2025-08-02 06:11:25 --> PDF Chat Error: Dokumen belum diproses (parsing_pdf kosong)
DEBUG - 2025-08-02 06:11:33 --> PDF Question Received - ID: 42 - Question: siapa itu
ERROR - 2025-08-02 06:11:33 --> PDF Chat Error: Dokumen belum diproses (parsing_pdf kosong)
DEBUG - 2025-08-02 06:12:02 --> Session: Class initialized using 'CodeIgniter\Session\Handlers\FileHandler' driver.
DEBUG - 2025-08-02 06:12:11 --> PDF Question Received - ID: 42 - Question: siapa pelamar tersebut
ERROR - 2025-08-02 06:12:11 --> PDF Chat Error: Dokumen belum diproses (parsing_pdf kosong)
DEBUG - 2025-08-02 06:22:43 --> Session: Class initialized using 'CodeIgniter\Session\Handlers\FileHandler' driver.
DEBUG - 2025-08-02 06:22:50 --> PDF Question Received - ID: 42 - Question: siapa itu
ERROR - 2025-08-02 06:22:50 --> PDF Chat Error: Dokumen belum diproses (parsing_pdf kosong)
DEBUG - 2025-08-02 06:23:15 --> PDF Question Received - ID: 42 - Question: apa poin utamanya
ERROR - 2025-08-02 06:23:15 --> PDF Chat Error: Dokumen belum diproses (parsing_pdf kosong)
DEBUG - 2025-08-02 06:28:19 --> Session: Class initialized using 'CodeIgniter\Session\Handlers\FileHandler' driver.
DEBUG - 2025-08-02 06:28:23 --> PDF Question Received - ID: 42 - Question: gizi
ERROR - 2025-08-02 06:28:23 --> PDF Chat Error: Dokumen belum diproses (parsing_pdf kosong)
DEBUG - 2025-08-02 06:33:10 --> Session: Class initialized using 'CodeIgniter\Session\Handlers\FileHandler' driver.
DEBUG - 2025-08-02 06:34:50 --> Session: Class initialized using 'CodeIgniter\Session\Handlers\FileHandler' driver.
DEBUG - 2025-08-02 06:37:00 --> Session: Class initialized using 'CodeIgniter\Session\Handlers\FileHandler' driver.
ERROR - 2025-08-02 06:37:03 --> mysqli_sql_exception: Unknown column 'parsing_pdf' in 'field list' in D:\PROJECT\darinkbkms\vendor\codeigniter4\framework\system\Database\MySQLi\Connection.php:327
Stack trace:
#0 D:\PROJECT\darinkbkms\vendor\codeigniter4\framework\system\Database\MySQLi\Connection.php(327): mysqli->query('UPDATE `pengeta...', 0)
#1 D:\PROJECT\darinkbkms\vendor\codeigniter4\framework\system\Database\BaseConnection.php(738): CodeIgniter\Database\MySQLi\Connection->execute('UPDATE `pengeta...')
#2 D:\PROJECT\darinkbkms\vendor\codeigniter4\framework\system\Database\BaseConnection.php(652): CodeIgniter\Database\BaseConnection->simpleQuery('UPDATE `pengeta...')
#3 D:\PROJECT\darinkbkms\vendor\codeigniter4\framework\system\Database\BaseBuilder.php(2521): CodeIgniter\Database\BaseConnection->query('UPDATE `pengeta...', Array, false)
#4 D:\PROJECT\darinkbkms\vendor\codeigniter4\framework\system\Model.php(461): CodeIgniter\Database\BaseBuilder->update()
#5 D:\PROJECT\darinkbkms\vendor\codeigniter4\framework\system\BaseModel.php(1031): CodeIgniter\Model->doUpdate(Array, Array)
#6 D:\PROJECT\darinkbkms\vendor\codeigniter4\framework\system\Model.php(863): CodeIgniter\BaseModel->update(Array, Array)
#7 D:\PROJECT\darinkbkms\app\Controllers\Pengetahuan.php(240): CodeIgniter\Model->update('42', Array)
#8 D:\PROJECT\darinkbkms\app\Controllers\Pengetahuan.php(120): App\Controllers\Pengetahuan->reprocessPdf('42')
#9 D:\PROJECT\darinkbkms\vendor\codeigniter4\framework\system\CodeIgniter.php(933): App\Controllers\Pengetahuan->askAboutPdf()
#10 D:\PROJECT\darinkbkms\vendor\codeigniter4\framework\system\CodeIgniter.php(507): CodeIgniter\CodeIgniter->runController(Object(App\Controllers\Pengetahuan))
#11 D:\PROJECT\darinkbkms\vendor\codeigniter4\framework\system\CodeIgniter.php(354): CodeIgniter\CodeIgniter->handleRequest(NULL, Object(Config\Cache), false)
#12 D:\PROJECT\darinkbkms\vendor\codeigniter4\framework\system\Boot.php(334): CodeIgniter\CodeIgniter->run()
#13 D:\PROJECT\darinkbkms\vendor\codeigniter4\framework\system\Boot.php(67): CodeIgniter\Boot::runCodeIgniter(Object(CodeIgniter\CodeIgniter))
#14 D:\PROJECT\darinkbkms\public\index.php(59): CodeIgniter\Boot::bootWeb(Object(Config\Paths))
#15 D:\PROJECT\darinkbkms\vendor\codeigniter4\framework\system\rewrite.php(44): require_once('D:\\PROJECT\\dari...')
#16 {main}
ERROR - 2025-08-02 06:37:03 --> PDF Parse Error - ID 42: Unknown column 'parsing_pdf' in 'field list'
ERROR - 2025-08-02 06:37:03 --> mysqli_sql_exception: Unknown column 'parsing_pdf' in 'field list' in D:\PROJECT\darinkbkms\vendor\codeigniter4\framework\system\Database\MySQLi\Connection.php:327
Stack trace:
#0 D:\PROJECT\darinkbkms\vendor\codeigniter4\framework\system\Database\MySQLi\Connection.php(327): mysqli->query('UPDATE `pengeta...', 0)
#1 D:\PROJECT\darinkbkms\vendor\codeigniter4\framework\system\Database\BaseConnection.php(738): CodeIgniter\Database\MySQLi\Connection->execute('UPDATE `pengeta...')
#2 D:\PROJECT\darinkbkms\vendor\codeigniter4\framework\system\Database\BaseConnection.php(652): CodeIgniter\Database\BaseConnection->simpleQuery('UPDATE `pengeta...')
#3 D:\PROJECT\darinkbkms\vendor\codeigniter4\framework\system\Database\BaseBuilder.php(2521): CodeIgniter\Database\BaseConnection->query('UPDATE `pengeta...', Array, false)
#4 D:\PROJECT\darinkbkms\vendor\codeigniter4\framework\system\Model.php(461): CodeIgniter\Database\BaseBuilder->update()
#5 D:\PROJECT\darinkbkms\vendor\codeigniter4\framework\system\BaseModel.php(1031): CodeIgniter\Model->doUpdate(Array, Array)
#6 D:\PROJECT\darinkbkms\vendor\codeigniter4\framework\system\Model.php(863): CodeIgniter\BaseModel->update(Array, Array)
#7 D:\PROJECT\darinkbkms\app\Controllers\Pengetahuan.php(243): CodeIgniter\Model->update('42', Array)
#8 D:\PROJECT\darinkbkms\app\Controllers\Pengetahuan.php(120): App\Controllers\Pengetahuan->reprocessPdf('42')
#9 D:\PROJECT\darinkbkms\vendor\codeigniter4\framework\system\CodeIgniter.php(933): App\Controllers\Pengetahuan->askAboutPdf()
#10 D:\PROJECT\darinkbkms\vendor\codeigniter4\framework\system\CodeIgniter.php(507): CodeIgniter\CodeIgniter->runController(Object(App\Controllers\Pengetahuan))
#11 D:\PROJECT\darinkbkms\vendor\codeigniter4\framework\system\CodeIgniter.php(354): CodeIgniter\CodeIgniter->handleRequest(NULL, Object(Config\Cache), false)
#12 D:\PROJECT\darinkbkms\vendor\codeigniter4\framework\system\Boot.php(334): CodeIgniter\CodeIgniter->run()
#13 D:\PROJECT\darinkbkms\vendor\codeigniter4\framework\system\Boot.php(67): CodeIgniter\Boot::runCodeIgniter(Object(CodeIgniter\CodeIgniter))
#14 D:\PROJECT\darinkbkms\public\index.php(59): CodeIgniter\Boot::bootWeb(Object(Config\Paths))
#15 D:\PROJECT\darinkbkms\vendor\codeigniter4\framework\system\rewrite.php(44): require_once('D:\\PROJECT\\dari...')
#16 {main}
ERROR - 2025-08-02 06:37:03 --> PDF Chat Error: Unknown column 'parsing_pdf' in 'field list'
DEBUG - 2025-08-02 06:38:49 --> Session: Class initialized using 'CodeIgniter\Session\Handlers\FileHandler' driver.
DEBUG - 2025-08-02 06:39:27 --> Session: Class initialized using 'CodeIgniter\Session\Handlers\FileHandler' driver.
DEBUG - 2025-08-02 06:44:03 --> Session: Class initialized using 'CodeIgniter\Session\Handlers\FileHandler' driver.
DEBUG - 2025-08-02 06:44:18 --> Session: Class initialized using 'CodeIgniter\Session\Handlers\FileHandler' driver.
DEBUG - 2025-08-02 06:44:40 --> Session: Class initialized using 'CodeIgniter\Session\Handlers\FileHandler' driver.
ERROR - 2025-08-02 06:44:43 --> mysqli_sql_exception: Unknown column 'parsing_pdf' in 'field list' in D:\PROJECT\darinkbkms\vendor\codeigniter4\framework\system\Database\MySQLi\Connection.php:327
Stack trace:
#0 D:\PROJECT\darinkbkms\vendor\codeigniter4\framework\system\Database\MySQLi\Connection.php(327): mysqli->query('UPDATE `pengeta...', 0)
#1 D:\PROJECT\darinkbkms\vendor\codeigniter4\framework\system\Database\BaseConnection.php(738): CodeIgniter\Database\MySQLi\Connection->execute('UPDATE `pengeta...')
#2 D:\PROJECT\darinkbkms\vendor\codeigniter4\framework\system\Database\BaseConnection.php(652): CodeIgniter\Database\BaseConnection->simpleQuery('UPDATE `pengeta...')
#3 D:\PROJECT\darinkbkms\vendor\codeigniter4\framework\system\Database\BaseBuilder.php(2521): CodeIgniter\Database\BaseConnection->query('UPDATE `pengeta...', Array, false)
#4 D:\PROJECT\darinkbkms\vendor\codeigniter4\framework\system\Model.php(461): CodeIgniter\Database\BaseBuilder->update()
#5 D:\PROJECT\darinkbkms\vendor\codeigniter4\framework\system\BaseModel.php(1031): CodeIgniter\Model->doUpdate(Array, Array)
#6 D:\PROJECT\darinkbkms\vendor\codeigniter4\framework\system\Model.php(863): CodeIgniter\BaseModel->update(Array, Array)
#7 D:\PROJECT\darinkbkms\app\Controllers\Pengetahuan.php(149): CodeIgniter\Model->update('42', Array)
#8 D:\PROJECT\darinkbkms\app\Controllers\Pengetahuan.php(116): App\Controllers\Pengetahuan->processPdfFile('42', 'D:\\PROJECT\\dari...')
#9 D:\PROJECT\darinkbkms\vendor\codeigniter4\framework\system\CodeIgniter.php(933): App\Controllers\Pengetahuan->askAboutPdf()
#10 D:\PROJECT\darinkbkms\vendor\codeigniter4\framework\system\CodeIgniter.php(507): CodeIgniter\CodeIgniter->runController(Object(App\Controllers\Pengetahuan))
#11 D:\PROJECT\darinkbkms\vendor\codeigniter4\framework\system\CodeIgniter.php(354): CodeIgniter\CodeIgniter->handleRequest(NULL, Object(Config\Cache), false)
#12 D:\PROJECT\darinkbkms\vendor\codeigniter4\framework\system\Boot.php(334): CodeIgniter\CodeIgniter->run()
#13 D:\PROJECT\darinkbkms\vendor\codeigniter4\framework\system\Boot.php(67): CodeIgniter\Boot::runCodeIgniter(Object(CodeIgniter\CodeIgniter))
#14 D:\PROJECT\darinkbkms\public\index.php(59): CodeIgniter\Boot::bootWeb(Object(Config\Paths))
#15 D:\PROJECT\darinkbkms\vendor\codeigniter4\framework\system\rewrite.php(44): require_once('D:\\PROJECT\\dari...')
#16 {main}
ERROR - 2025-08-02 06:44:43 --> PDF Parse Failed: Unknown column 'parsing_pdf' in 'field list'
ERROR - 2025-08-02 06:44:43 --> PDF Processing Error: Failed to extract text from PDF
DEBUG - 2025-08-02 09:08:56 --> Session: Class initialized using 'CodeIgniter\Session\Handlers\FileHandler' driver.
DEBUG - 2025-08-02 09:09:01 --> Session: Class initialized using 'CodeIgniter\Session\Handlers\FileHandler' driver.
CRITICAL - 2025-08-02 09:09:05 --> TypeError: array_filter(): Argument #1 ($array) must be of type array, null given
[Method: GET, Route: pengetahuan]
in APPPATH\Views\pengetahuan\index.php on line 33.
 1 APPPATH\Views\pengetahuan\index.php(33): array_filter(null, Object(Closure))
 2 SYSTEMPATH\View\View.php(224): include('D:\\PROJECT\\darinkbkms\\app\\Views\\pengetahuan\\index.php')
 3 SYSTEMPATH\View\View.php(227): CodeIgniter\View\View->CodeIgniter\View\{closure}()
 4 SYSTEMPATH\Common.php(1173): CodeIgniter\View\View->render('pengetahuan/index', [], true)
 5 APPPATH\Controllers\Pengetahuan.php(41): view('pengetahuan/index', [...])
 6 SYSTEMPATH\CodeIgniter.php(933): App\Controllers\Pengetahuan->index()
 7 SYSTEMPATH\CodeIgniter.php(507): CodeIgniter\CodeIgniter->runController(Object(App\Controllers\Pengetahuan))
 8 SYSTEMPATH\CodeIgniter.php(354): CodeIgniter\CodeIgniter->handleRequest(null, Object(Config\Cache), false)
 9 SYSTEMPATH\Boot.php(334): CodeIgniter\CodeIgniter->run()
10 SYSTEMPATH\Boot.php(67): CodeIgniter\Boot::runCodeIgniter(Object(CodeIgniter\CodeIgniter))
11 FCPATH\index.php(59): CodeIgniter\Boot::bootWeb(Object(Config\Paths))
12 SYSTEMPATH\rewrite.php(44): require_once('D:\\PROJECT\\darinkbkms\\public\\index.php')
DEBUG - 2025-08-02 09:09:20 --> Session: Class initialized using 'CodeIgniter\Session\Handlers\FileHandler' driver.
DEBUG - 2025-08-02 09:09:38 --> Session: Class initialized using 'CodeIgniter\Session\Handlers\FileHandler' driver.
DEBUG - 2025-08-02 09:09:41 --> Session: Class initialized using 'CodeIgniter\Session\Handlers\FileHandler' driver.
DEBUG - 2025-08-02 09:09:43 --> Session: Class initialized using 'CodeIgniter\Session\Handlers\FileHandler' driver.
CRITICAL - 2025-08-02 09:10:12 --> CodeIgniter\Exceptions\BadMethodCallException: Call to undefined method App\Models\PengetahuanModel::getPengetahuanWithUserById
[Method: GET, Route: pengetahuan/view/34]
in SYSTEMPATH\Model.php on line 930.
 1 APPPATH\Controllers\Pengetahuan.php(64): CodeIgniter\Model->__call('getPengetahuanWithUserById', [...])
 2 SYSTEMPATH\CodeIgniter.php(933): App\Controllers\Pengetahuan->view('34')
 3 SYSTEMPATH\CodeIgniter.php(507): CodeIgniter\CodeIgniter->runController(Object(App\Controllers\Pengetahuan))
 4 SYSTEMPATH\CodeIgniter.php(354): CodeIgniter\CodeIgniter->handleRequest(null, Object(Config\Cache), false)
 5 SYSTEMPATH\Boot.php(334): CodeIgniter\CodeIgniter->run()
 6 SYSTEMPATH\Boot.php(67): CodeIgniter\Boot::runCodeIgniter(Object(CodeIgniter\CodeIgniter))
 7 FCPATH\index.php(59): CodeIgniter\Boot::bootWeb(Object(Config\Paths))
 8 SYSTEMPATH\rewrite.php(44): require_once('D:\\PROJECT\\darinkbkms\\public\\index.php')
CRITICAL - 2025-08-02 09:10:20 --> CodeIgniter\Exceptions\BadMethodCallException: Call to undefined method App\Models\PengetahuanModel::getPengetahuanWithUserById
[Method: GET, Route: pengetahuan/view/34]
in SYSTEMPATH\Model.php on line 930.
 1 APPPATH\Controllers\Pengetahuan.php(64): CodeIgniter\Model->__call('getPengetahuanWithUserById', [...])
 2 SYSTEMPATH\CodeIgniter.php(933): App\Controllers\Pengetahuan->view('34')
 3 SYSTEMPATH\CodeIgniter.php(507): CodeIgniter\CodeIgniter->runController(Object(App\Controllers\Pengetahuan))
 4 SYSTEMPATH\CodeIgniter.php(354): CodeIgniter\CodeIgniter->handleRequest(null, Object(Config\Cache), false)
 5 SYSTEMPATH\Boot.php(334): CodeIgniter\CodeIgniter->run()
 6 SYSTEMPATH\Boot.php(67): CodeIgniter\Boot::runCodeIgniter(Object(CodeIgniter\CodeIgniter))
 7 FCPATH\index.php(59): CodeIgniter\Boot::bootWeb(Object(Config\Paths))
 8 SYSTEMPATH\rewrite.php(44): require_once('D:\\PROJECT\\darinkbkms\\public\\index.php')
CRITICAL - 2025-08-02 09:10:20 --> CodeIgniter\Exceptions\BadMethodCallException: Call to undefined method App\Models\PengetahuanModel::getPengetahuanWithUserById
[Method: GET, Route: pengetahuan/view/34]
in SYSTEMPATH\Model.php on line 930.
 1 APPPATH\Controllers\Pengetahuan.php(64): CodeIgniter\Model->__call('getPengetahuanWithUserById', [...])
 2 SYSTEMPATH\CodeIgniter.php(933): App\Controllers\Pengetahuan->view('34')
 3 SYSTEMPATH\CodeIgniter.php(507): CodeIgniter\CodeIgniter->runController(Object(App\Controllers\Pengetahuan))
 4 SYSTEMPATH\CodeIgniter.php(354): CodeIgniter\CodeIgniter->handleRequest(null, Object(Config\Cache), false)
 5 SYSTEMPATH\Boot.php(334): CodeIgniter\CodeIgniter->run()
 6 SYSTEMPATH\Boot.php(67): CodeIgniter\Boot::runCodeIgniter(Object(CodeIgniter\CodeIgniter))
 7 FCPATH\index.php(59): CodeIgniter\Boot::bootWeb(Object(Config\Paths))
 8 SYSTEMPATH\rewrite.php(44): require_once('D:\\PROJECT\\darinkbkms\\public\\index.php')
CRITICAL - 2025-08-02 09:10:21 --> CodeIgniter\Exceptions\BadMethodCallException: Call to undefined method App\Models\PengetahuanModel::getPengetahuanWithUserById
[Method: GET, Route: pengetahuan/view/34]
in SYSTEMPATH\Model.php on line 930.
 1 APPPATH\Controllers\Pengetahuan.php(64): CodeIgniter\Model->__call('getPengetahuanWithUserById', [...])
 2 SYSTEMPATH\CodeIgniter.php(933): App\Controllers\Pengetahuan->view('34')
 3 SYSTEMPATH\CodeIgniter.php(507): CodeIgniter\CodeIgniter->runController(Object(App\Controllers\Pengetahuan))
 4 SYSTEMPATH\CodeIgniter.php(354): CodeIgniter\CodeIgniter->handleRequest(null, Object(Config\Cache), false)
 5 SYSTEMPATH\Boot.php(334): CodeIgniter\CodeIgniter->run()
 6 SYSTEMPATH\Boot.php(67): CodeIgniter\Boot::runCodeIgniter(Object(CodeIgniter\CodeIgniter))
 7 FCPATH\index.php(59): CodeIgniter\Boot::bootWeb(Object(Config\Paths))
 8 SYSTEMPATH\rewrite.php(44): require_once('D:\\PROJECT\\darinkbkms\\public\\index.php')
CRITICAL - 2025-08-02 09:10:22 --> CodeIgniter\Exceptions\BadMethodCallException: Call to undefined method App\Models\PengetahuanModel::getPengetahuanWithUserById
[Method: GET, Route: pengetahuan/view/34]
in SYSTEMPATH\Model.php on line 930.
 1 APPPATH\Controllers\Pengetahuan.php(64): CodeIgniter\Model->__call('getPengetahuanWithUserById', [...])
 2 SYSTEMPATH\CodeIgniter.php(933): App\Controllers\Pengetahuan->view('34')
 3 SYSTEMPATH\CodeIgniter.php(507): CodeIgniter\CodeIgniter->runController(Object(App\Controllers\Pengetahuan))
 4 SYSTEMPATH\CodeIgniter.php(354): CodeIgniter\CodeIgniter->handleRequest(null, Object(Config\Cache), false)
 5 SYSTEMPATH\Boot.php(334): CodeIgniter\CodeIgniter->run()
 6 SYSTEMPATH\Boot.php(67): CodeIgniter\Boot::runCodeIgniter(Object(CodeIgniter\CodeIgniter))
 7 FCPATH\index.php(59): CodeIgniter\Boot::bootWeb(Object(Config\Paths))
 8 SYSTEMPATH\rewrite.php(44): require_once('D:\\PROJECT\\darinkbkms\\public\\index.php')
CRITICAL - 2025-08-02 09:10:39 --> CodeIgniter\Exceptions\BadMethodCallException: Call to undefined method App\Models\PengetahuanModel::getPengetahuanWithUserById
[Method: GET, Route: pengetahuan/view/34]
in SYSTEMPATH\Model.php on line 930.
 1 APPPATH\Controllers\Pengetahuan.php(64): CodeIgniter\Model->__call('getPengetahuanWithUserById', [...])
 2 SYSTEMPATH\CodeIgniter.php(933): App\Controllers\Pengetahuan->view('34')
 3 SYSTEMPATH\CodeIgniter.php(507): CodeIgniter\CodeIgniter->runController(Object(App\Controllers\Pengetahuan))
 4 SYSTEMPATH\CodeIgniter.php(354): CodeIgniter\CodeIgniter->handleRequest(null, Object(Config\Cache), false)
 5 SYSTEMPATH\Boot.php(334): CodeIgniter\CodeIgniter->run()
 6 SYSTEMPATH\Boot.php(67): CodeIgniter\Boot::runCodeIgniter(Object(CodeIgniter\CodeIgniter))
 7 FCPATH\index.php(59): CodeIgniter\Boot::bootWeb(Object(Config\Paths))
 8 SYSTEMPATH\rewrite.php(44): require_once('D:\\PROJECT\\darinkbkms\\public\\index.php')
CRITICAL - 2025-08-02 09:10:40 --> CodeIgniter\Exceptions\BadMethodCallException: Call to undefined method App\Models\PengetahuanModel::getPengetahuanWithUserById
[Method: GET, Route: pengetahuan/view/34]
in SYSTEMPATH\Model.php on line 930.
 1 APPPATH\Controllers\Pengetahuan.php(64): CodeIgniter\Model->__call('getPengetahuanWithUserById', [...])
 2 SYSTEMPATH\CodeIgniter.php(933): App\Controllers\Pengetahuan->view('34')
 3 SYSTEMPATH\CodeIgniter.php(507): CodeIgniter\CodeIgniter->runController(Object(App\Controllers\Pengetahuan))
 4 SYSTEMPATH\CodeIgniter.php(354): CodeIgniter\CodeIgniter->handleRequest(null, Object(Config\Cache), false)
 5 SYSTEMPATH\Boot.php(334): CodeIgniter\CodeIgniter->run()
 6 SYSTEMPATH\Boot.php(67): CodeIgniter\Boot::runCodeIgniter(Object(CodeIgniter\CodeIgniter))
 7 FCPATH\index.php(59): CodeIgniter\Boot::bootWeb(Object(Config\Paths))
 8 SYSTEMPATH\rewrite.php(44): require_once('D:\\PROJECT\\darinkbkms\\public\\index.php')
CRITICAL - 2025-08-02 09:10:40 --> CodeIgniter\Exceptions\BadMethodCallException: Call to undefined method App\Models\PengetahuanModel::getPengetahuanWithUserById
[Method: GET, Route: pengetahuan/view/34]
in SYSTEMPATH\Model.php on line 930.
 1 APPPATH\Controllers\Pengetahuan.php(64): CodeIgniter\Model->__call('getPengetahuanWithUserById', [...])
 2 SYSTEMPATH\CodeIgniter.php(933): App\Controllers\Pengetahuan->view('34')
 3 SYSTEMPATH\CodeIgniter.php(507): CodeIgniter\CodeIgniter->runController(Object(App\Controllers\Pengetahuan))
 4 SYSTEMPATH\CodeIgniter.php(354): CodeIgniter\CodeIgniter->handleRequest(null, Object(Config\Cache), false)
 5 SYSTEMPATH\Boot.php(334): CodeIgniter\CodeIgniter->run()
 6 SYSTEMPATH\Boot.php(67): CodeIgniter\Boot::runCodeIgniter(Object(CodeIgniter\CodeIgniter))
 7 FCPATH\index.php(59): CodeIgniter\Boot::bootWeb(Object(Config\Paths))
 8 SYSTEMPATH\rewrite.php(44): require_once('D:\\PROJECT\\darinkbkms\\public\\index.php')
CRITICAL - 2025-08-02 09:10:41 --> CodeIgniter\Exceptions\BadMethodCallException: Call to undefined method App\Models\PengetahuanModel::getPengetahuanWithUserById
[Method: GET, Route: pengetahuan/view/34]
in SYSTEMPATH\Model.php on line 930.
 1 APPPATH\Controllers\Pengetahuan.php(64): CodeIgniter\Model->__call('getPengetahuanWithUserById', [...])
 2 SYSTEMPATH\CodeIgniter.php(933): App\Controllers\Pengetahuan->view('34')
 3 SYSTEMPATH\CodeIgniter.php(507): CodeIgniter\CodeIgniter->runController(Object(App\Controllers\Pengetahuan))
 4 SYSTEMPATH\CodeIgniter.php(354): CodeIgniter\CodeIgniter->handleRequest(null, Object(Config\Cache), false)
 5 SYSTEMPATH\Boot.php(334): CodeIgniter\CodeIgniter->run()
 6 SYSTEMPATH\Boot.php(67): CodeIgniter\Boot::runCodeIgniter(Object(CodeIgniter\CodeIgniter))
 7 FCPATH\index.php(59): CodeIgniter\Boot::bootWeb(Object(Config\Paths))
 8 SYSTEMPATH\rewrite.php(44): require_once('D:\\PROJECT\\darinkbkms\\public\\index.php')
CRITICAL - 2025-08-02 09:11:00 --> CodeIgniter\Exceptions\BadMethodCallException: Call to undefined method App\Models\PengetahuanModel::getPengetahuanWithUserById
[Method: GET, Route: pengetahuan/view/34]
in SYSTEMPATH\Model.php on line 930.
 1 APPPATH\Controllers\Pengetahuan.php(64): CodeIgniter\Model->__call('getPengetahuanWithUserById', [...])
 2 SYSTEMPATH\CodeIgniter.php(933): App\Controllers\Pengetahuan->view('34')
 3 SYSTEMPATH\CodeIgniter.php(507): CodeIgniter\CodeIgniter->runController(Object(App\Controllers\Pengetahuan))
 4 SYSTEMPATH\CodeIgniter.php(354): CodeIgniter\CodeIgniter->handleRequest(null, Object(Config\Cache), false)
 5 SYSTEMPATH\Boot.php(334): CodeIgniter\CodeIgniter->run()
 6 SYSTEMPATH\Boot.php(67): CodeIgniter\Boot::runCodeIgniter(Object(CodeIgniter\CodeIgniter))
 7 FCPATH\index.php(59): CodeIgniter\Boot::bootWeb(Object(Config\Paths))
 8 SYSTEMPATH\rewrite.php(44): require_once('D:\\PROJECT\\darinkbkms\\public\\index.php')
CRITICAL - 2025-08-02 09:11:00 --> CodeIgniter\Exceptions\BadMethodCallException: Call to undefined method App\Models\PengetahuanModel::getPengetahuanWithUserById
[Method: GET, Route: pengetahuan/view/34]
in SYSTEMPATH\Model.php on line 930.
 1 APPPATH\Controllers\Pengetahuan.php(64): CodeIgniter\Model->__call('getPengetahuanWithUserById', [...])
 2 SYSTEMPATH\CodeIgniter.php(933): App\Controllers\Pengetahuan->view('34')
 3 SYSTEMPATH\CodeIgniter.php(507): CodeIgniter\CodeIgniter->runController(Object(App\Controllers\Pengetahuan))
 4 SYSTEMPATH\CodeIgniter.php(354): CodeIgniter\CodeIgniter->handleRequest(null, Object(Config\Cache), false)
 5 SYSTEMPATH\Boot.php(334): CodeIgniter\CodeIgniter->run()
 6 SYSTEMPATH\Boot.php(67): CodeIgniter\Boot::runCodeIgniter(Object(CodeIgniter\CodeIgniter))
 7 FCPATH\index.php(59): CodeIgniter\Boot::bootWeb(Object(Config\Paths))
 8 SYSTEMPATH\rewrite.php(44): require_once('D:\\PROJECT\\darinkbkms\\public\\index.php')
CRITICAL - 2025-08-02 09:11:01 --> CodeIgniter\Exceptions\BadMethodCallException: Call to undefined method App\Models\PengetahuanModel::getPengetahuanWithUserById
[Method: GET, Route: pengetahuan/view/34]
in SYSTEMPATH\Model.php on line 930.
 1 APPPATH\Controllers\Pengetahuan.php(64): CodeIgniter\Model->__call('getPengetahuanWithUserById', [...])
 2 SYSTEMPATH\CodeIgniter.php(933): App\Controllers\Pengetahuan->view('34')
 3 SYSTEMPATH\CodeIgniter.php(507): CodeIgniter\CodeIgniter->runController(Object(App\Controllers\Pengetahuan))
 4 SYSTEMPATH\CodeIgniter.php(354): CodeIgniter\CodeIgniter->handleRequest(null, Object(Config\Cache), false)
 5 SYSTEMPATH\Boot.php(334): CodeIgniter\CodeIgniter->run()
 6 SYSTEMPATH\Boot.php(67): CodeIgniter\Boot::runCodeIgniter(Object(CodeIgniter\CodeIgniter))
 7 FCPATH\index.php(59): CodeIgniter\Boot::bootWeb(Object(Config\Paths))
 8 SYSTEMPATH\rewrite.php(44): require_once('D:\\PROJECT\\darinkbkms\\public\\index.php')
CRITICAL - 2025-08-02 09:11:11 --> CodeIgniter\Exceptions\BadMethodCallException: Call to undefined method App\Models\PengetahuanModel::getPengetahuanWithUserById
[Method: GET, Route: pengetahuan/view/34]
in SYSTEMPATH\Model.php on line 930.
 1 APPPATH\Controllers\Pengetahuan.php(64): CodeIgniter\Model->__call('getPengetahuanWithUserById', [...])
 2 SYSTEMPATH\CodeIgniter.php(933): App\Controllers\Pengetahuan->view('34')
 3 SYSTEMPATH\CodeIgniter.php(507): CodeIgniter\CodeIgniter->runController(Object(App\Controllers\Pengetahuan))
 4 SYSTEMPATH\CodeIgniter.php(354): CodeIgniter\CodeIgniter->handleRequest(null, Object(Config\Cache), false)
 5 SYSTEMPATH\Boot.php(334): CodeIgniter\CodeIgniter->run()
 6 SYSTEMPATH\Boot.php(67): CodeIgniter\Boot::runCodeIgniter(Object(CodeIgniter\CodeIgniter))
 7 FCPATH\index.php(59): CodeIgniter\Boot::bootWeb(Object(Config\Paths))
 8 SYSTEMPATH\rewrite.php(44): require_once('D:\\PROJECT\\darinkbkms\\public\\index.php')
CRITICAL - 2025-08-02 09:11:12 --> CodeIgniter\Exceptions\BadMethodCallException: Call to undefined method App\Models\PengetahuanModel::getPengetahuanWithUserById
[Method: GET, Route: pengetahuan/view/34]
in SYSTEMPATH\Model.php on line 930.
 1 APPPATH\Controllers\Pengetahuan.php(64): CodeIgniter\Model->__call('getPengetahuanWithUserById', [...])
 2 SYSTEMPATH\CodeIgniter.php(933): App\Controllers\Pengetahuan->view('34')
 3 SYSTEMPATH\CodeIgniter.php(507): CodeIgniter\CodeIgniter->runController(Object(App\Controllers\Pengetahuan))
 4 SYSTEMPATH\CodeIgniter.php(354): CodeIgniter\CodeIgniter->handleRequest(null, Object(Config\Cache), false)
 5 SYSTEMPATH\Boot.php(334): CodeIgniter\CodeIgniter->run()
 6 SYSTEMPATH\Boot.php(67): CodeIgniter\Boot::runCodeIgniter(Object(CodeIgniter\CodeIgniter))
 7 FCPATH\index.php(59): CodeIgniter\Boot::bootWeb(Object(Config\Paths))
 8 SYSTEMPATH\rewrite.php(44): require_once('D:\\PROJECT\\darinkbkms\\public\\index.php')
CRITICAL - 2025-08-02 09:11:12 --> CodeIgniter\Exceptions\BadMethodCallException: Call to undefined method App\Models\PengetahuanModel::getPengetahuanWithUserById
[Method: GET, Route: pengetahuan/view/34]
in SYSTEMPATH\Model.php on line 930.
 1 APPPATH\Controllers\Pengetahuan.php(64): CodeIgniter\Model->__call('getPengetahuanWithUserById', [...])
 2 SYSTEMPATH\CodeIgniter.php(933): App\Controllers\Pengetahuan->view('34')
 3 SYSTEMPATH\CodeIgniter.php(507): CodeIgniter\CodeIgniter->runController(Object(App\Controllers\Pengetahuan))
 4 SYSTEMPATH\CodeIgniter.php(354): CodeIgniter\CodeIgniter->handleRequest(null, Object(Config\Cache), false)
 5 SYSTEMPATH\Boot.php(334): CodeIgniter\CodeIgniter->run()
 6 SYSTEMPATH\Boot.php(67): CodeIgniter\Boot::runCodeIgniter(Object(CodeIgniter\CodeIgniter))
 7 FCPATH\index.php(59): CodeIgniter\Boot::bootWeb(Object(Config\Paths))
 8 SYSTEMPATH\rewrite.php(44): require_once('D:\\PROJECT\\darinkbkms\\public\\index.php')
CRITICAL - 2025-08-02 09:11:13 --> CodeIgniter\Exceptions\BadMethodCallException: Call to undefined method App\Models\PengetahuanModel::getPengetahuanWithUserById
[Method: GET, Route: pengetahuan/view/34]
in SYSTEMPATH\Model.php on line 930.
 1 APPPATH\Controllers\Pengetahuan.php(64): CodeIgniter\Model->__call('getPengetahuanWithUserById', [...])
 2 SYSTEMPATH\CodeIgniter.php(933): App\Controllers\Pengetahuan->view('34')
 3 SYSTEMPATH\CodeIgniter.php(507): CodeIgniter\CodeIgniter->runController(Object(App\Controllers\Pengetahuan))
 4 SYSTEMPATH\CodeIgniter.php(354): CodeIgniter\CodeIgniter->handleRequest(null, Object(Config\Cache), false)
 5 SYSTEMPATH\Boot.php(334): CodeIgniter\CodeIgniter->run()
 6 SYSTEMPATH\Boot.php(67): CodeIgniter\Boot::runCodeIgniter(Object(CodeIgniter\CodeIgniter))
 7 FCPATH\index.php(59): CodeIgniter\Boot::bootWeb(Object(Config\Paths))
 8 SYSTEMPATH\rewrite.php(44): require_once('D:\\PROJECT\\darinkbkms\\public\\index.php')
CRITICAL - 2025-08-02 09:11:13 --> CodeIgniter\Exceptions\BadMethodCallException: Call to undefined method App\Models\PengetahuanModel::getPengetahuanWithUserById
[Method: GET, Route: pengetahuan/view/34]
in SYSTEMPATH\Model.php on line 930.
 1 APPPATH\Controllers\Pengetahuan.php(64): CodeIgniter\Model->__call('getPengetahuanWithUserById', [...])
 2 SYSTEMPATH\CodeIgniter.php(933): App\Controllers\Pengetahuan->view('34')
 3 SYSTEMPATH\CodeIgniter.php(507): CodeIgniter\CodeIgniter->runController(Object(App\Controllers\Pengetahuan))
 4 SYSTEMPATH\CodeIgniter.php(354): CodeIgniter\CodeIgniter->handleRequest(null, Object(Config\Cache), false)
 5 SYSTEMPATH\Boot.php(334): CodeIgniter\CodeIgniter->run()
 6 SYSTEMPATH\Boot.php(67): CodeIgniter\Boot::runCodeIgniter(Object(CodeIgniter\CodeIgniter))
 7 FCPATH\index.php(59): CodeIgniter\Boot::bootWeb(Object(Config\Paths))
 8 SYSTEMPATH\rewrite.php(44): require_once('D:\\PROJECT\\darinkbkms\\public\\index.php')
DEBUG - 2025-08-02 09:11:32 --> Session: Class initialized using 'CodeIgniter\Session\Handlers\FileHandler' driver.
DEBUG - 2025-08-02 09:11:48 --> Session: Class initialized using 'CodeIgniter\Session\Handlers\FileHandler' driver.
DEBUG - 2025-08-02 09:11:51 --> Session: Class initialized using 'CodeIgniter\Session\Handlers\FileHandler' driver.
DEBUG - 2025-08-02 09:12:03 --> Session: Class initialized using 'CodeIgniter\Session\Handlers\FileHandler' driver.
DEBUG - 2025-08-02 09:12:20 --> Session: Class initialized using 'CodeIgniter\Session\Handlers\FileHandler' driver.
DEBUG - 2025-08-02 09:12:31 --> Session: Class initialized using 'CodeIgniter\Session\Handlers\FileHandler' driver.
DEBUG - 2025-08-02 09:12:33 --> Session: Class initialized using 'CodeIgniter\Session\Handlers\FileHandler' driver.
DEBUG - 2025-08-02 09:12:35 --> Session: Class initialized using 'CodeIgniter\Session\Handlers\FileHandler' driver.
DEBUG - 2025-08-02 09:12:40 --> Session: Class initialized using 'CodeIgniter\Session\Handlers\FileHandler' driver.
CRITICAL - 2025-08-02 09:13:40 --> ErrorException: Cannot redeclare App\Controllers\Pengetahuan::view()
[Method: GET, Route: pengetahuan/view/34]
in APPPATH\Controllers\Pengetahuan.php on line 59.
 1 [internal function]: CodeIgniter\Debug\Exceptions->shutdownHandler()
CRITICAL - 2025-08-02 09:13:52 --> ErrorException: Cannot redeclare App\Controllers\Pengetahuan::view()
[Method: GET, Route: pengetahuan/view/34]
in APPPATH\Controllers\Pengetahuan.php on line 59.
 1 [internal function]: CodeIgniter\Debug\Exceptions->shutdownHandler()
CRITICAL - 2025-08-02 09:13:52 --> ErrorException: Cannot redeclare App\Controllers\Pengetahuan::view()
[Method: GET, Route: pengetahuan/view/34]
in APPPATH\Controllers\Pengetahuan.php on line 59.
 1 [internal function]: CodeIgniter\Debug\Exceptions->shutdownHandler()
CRITICAL - 2025-08-02 09:13:52 --> ErrorException: Cannot redeclare App\Controllers\Pengetahuan::view()
[Method: GET, Route: pengetahuan/view/34]
in APPPATH\Controllers\Pengetahuan.php on line 59.
 1 [internal function]: CodeIgniter\Debug\Exceptions->shutdownHandler()
DEBUG - 2025-08-02 09:15:20 --> Session: Class initialized using 'CodeIgniter\Session\Handlers\FileHandler' driver.
DEBUG - 2025-08-02 09:16:20 --> Session: Class initialized using 'CodeIgniter\Session\Handlers\FileHandler' driver.
DEBUG - 2025-08-02 09:17:12 --> Session: Class initialized using 'CodeIgniter\Session\Handlers\FileHandler' driver.
DEBUG - 2025-08-02 09:17:47 --> Session: Class initialized using 'CodeIgniter\Session\Handlers\FileHandler' driver.
DEBUG - 2025-08-02 09:17:59 --> Session: Class initialized using 'CodeIgniter\Session\Handlers\FileHandler' driver.
DEBUG - 2025-08-02 09:18:00 --> Session: Class initialized using 'CodeIgniter\Session\Handlers\FileHandler' driver.
DEBUG - 2025-08-02 09:18:02 --> Session: Class initialized using 'CodeIgniter\Session\Handlers\FileHandler' driver.
DEBUG - 2025-08-02 09:18:05 --> Session: Class initialized using 'CodeIgniter\Session\Handlers\FileHandler' driver.
DEBUG - 2025-08-02 09:18:10 --> Session: Class initialized using 'CodeIgniter\Session\Handlers\FileHandler' driver.
DEBUG - 2025-08-02 09:19:37 --> Session: Class initialized using 'CodeIgniter\Session\Handlers\FileHandler' driver.
DEBUG - 2025-08-02 09:20:02 --> Session: Class initialized using 'CodeIgniter\Session\Handlers\FileHandler' driver.
DEBUG - 2025-08-02 09:20:25 --> Session: Class initialized using 'CodeIgniter\Session\Handlers\FileHandler' driver.
DEBUG - 2025-08-02 09:20:27 --> Session: Class initialized using 'CodeIgniter\Session\Handlers\FileHandler' driver.
DEBUG - 2025-08-02 09:20:31 --> Session: Class initialized using 'CodeIgniter\Session\Handlers\FileHandler' driver.
DEBUG - 2025-08-02 09:21:05 --> Session: Class initialized using 'CodeIgniter\Session\Handlers\FileHandler' driver.
DEBUG - 2025-08-02 09:25:35 --> Session: Class initialized using 'CodeIgniter\Session\Handlers\FileHandler' driver.
DEBUG - 2025-08-02 09:25:48 --> Session: Class initialized using 'CodeIgniter\Session\Handlers\FileHandler' driver.
DEBUG - 2025-08-02 09:26:10 --> Session: Class initialized using 'CodeIgniter\Session\Handlers\FileHandler' driver.
DEBUG - 2025-08-02 09:26:12 --> Session: Class initialized using 'CodeIgniter\Session\Handlers\FileHandler' driver.
DEBUG - 2025-08-02 09:26:18 --> Session: Class initialized using 'CodeIgniter\Session\Handlers\FileHandler' driver.
DEBUG - 2025-08-02 09:26:21 --> Session: Class initialized using 'CodeIgniter\Session\Handlers\FileHandler' driver.
DEBUG - 2025-08-02 09:26:24 --> Session: Class initialized using 'CodeIgniter\Session\Handlers\FileHandler' driver.
DEBUG - 2025-08-02 09:26:28 --> Session: Class initialized using 'CodeIgniter\Session\Handlers\FileHandler' driver.
DEBUG - 2025-08-02 09:26:34 --> Session: Class initialized using 'CodeIgniter\Session\Handlers\FileHandler' driver.
DEBUG - 2025-08-02 09:26:39 --> Session: Class initialized using 'CodeIgniter\Session\Handlers\FileHandler' driver.
DEBUG - 2025-08-02 09:26:44 --> Session: Class initialized using 'CodeIgniter\Session\Handlers\FileHandler' driver.
DEBUG - 2025-08-02 09:26:45 --> Session: Class initialized using 'CodeIgniter\Session\Handlers\FileHandler' driver.
DEBUG - 2025-08-02 09:26:47 --> Session: Class initialized using 'CodeIgniter\Session\Handlers\FileHandler' driver.
DEBUG - 2025-08-02 09:26:47 --> Session: Class initialized using 'CodeIgniter\Session\Handlers\FileHandler' driver.
DEBUG - 2025-08-02 09:26:47 --> Session: Class initialized using 'CodeIgniter\Session\Handlers\FileHandler' driver.
DEBUG - 2025-08-02 09:26:48 --> Session: Class initialized using 'CodeIgniter\Session\Handlers\FileHandler' driver.
DEBUG - 2025-08-02 09:26:48 --> Session: Class initialized using 'CodeIgniter\Session\Handlers\FileHandler' driver.
