DEBUG - 2025-09-07 01:53:23 --> Session: Class initialized using 'CodeIgniter\Session\Handlers\FileHandler' driver.
DEBUG - 2025-09-07 01:53:51 --> Session: Class initialized using 'CodeIgniter\Session\Handlers\FileHandler' driver.
DEBUG - 2025-09-07 01:54:04 --> Session: Class initialized using 'CodeIgniter\Session\Handlers\FileHandler' driver.
DEBUG - 2025-09-07 01:54:10 --> Session: Class initialized using 'CodeIgniter\Session\Handlers\FileHandler' driver.
DEBUG - 2025-09-07 01:54:16 --> Session: Class initialized using 'CodeIgniter\Session\Handlers\FileHandler' driver.
DEBUG - 2025-09-07 01:54:54 --> Session: Class initialized using 'CodeIgniter\Session\Handlers\FileHandler' driver.
DEBUG - 2025-09-07 01:55:07 --> Session: Class initialized using 'CodeIgniter\Session\Handlers\FileHandler' driver.
DEBUG - 2025-09-07 01:55:22 --> Session: Class initialized using 'CodeIgniter\Session\Handlers\FileHandler' driver.
DEBUG - 2025-09-07 01:55:47 --> Session: Class initialized using 'CodeIgniter\Session\Handlers\FileHandler' driver.
DEBUG - 2025-09-07 01:55:50 --> Session: Class initialized using 'CodeIgniter\Session\Handlers\FileHandler' driver.
DEBUG - 2025-09-07 01:55:59 --> Session: Class initialized using 'CodeIgniter\Session\Handlers\FileHandler' driver.
DEBUG - 2025-09-07 01:55:59 --> Session: Class initialized using 'CodeIgniter\Session\Handlers\FileHandler' driver.
DEBUG - 2025-09-07 01:56:04 --> Session: Class initialized using 'CodeIgniter\Session\Handlers\FileHandler' driver.
DEBUG - 2025-09-07 01:56:18 --> Session: Class initialized using 'CodeIgniter\Session\Handlers\FileHandler' driver.
DEBUG - 2025-09-07 01:56:20 --> Session: Class initialized using 'CodeIgniter\Session\Handlers\FileHandler' driver.
DEBUG - 2025-09-07 01:57:07 --> Session: Class initialized using 'CodeIgniter\Session\Handlers\FileHandler' driver.
DEBUG - 2025-09-07 01:57:11 --> Session: Class initialized using 'CodeIgniter\Session\Handlers\FileHandler' driver.
DEBUG - 2025-09-07 01:57:24 --> Session: Class initialized using 'CodeIgniter\Session\Handlers\FileHandler' driver.
DEBUG - 2025-09-07 01:57:43 --> Session: Class initialized using 'CodeIgniter\Session\Handlers\FileHandler' driver.
DEBUG - 2025-09-07 01:57:56 --> Session: Class initialized using 'CodeIgniter\Session\Handlers\FileHandler' driver.
DEBUG - 2025-09-07 01:58:02 --> Session: Class initialized using 'CodeIgniter\Session\Handlers\FileHandler' driver.
DEBUG - 2025-09-07 01:58:05 --> Session: Class initialized using 'CodeIgniter\Session\Handlers\FileHandler' driver.
DEBUG - 2025-09-07 01:58:05 --> Session: Class initialized using 'CodeIgniter\Session\Handlers\FileHandler' driver.
DEBUG - 2025-09-07 01:58:28 --> Session: Class initialized using 'CodeIgniter\Session\Handlers\FileHandler' driver.
DEBUG - 2025-09-07 01:58:58 --> Session: Class initialized using 'CodeIgniter\Session\Handlers\FileHandler' driver.
DEBUG - 2025-09-07 01:59:03 --> Session: Class initialized using 'CodeIgniter\Session\Handlers\FileHandler' driver.
DEBUG - 2025-09-07 01:59:04 --> Session: Class initialized using 'CodeIgniter\Session\Handlers\FileHandler' driver.
DEBUG - 2025-09-07 01:59:04 --> Session: Class initialized using 'CodeIgniter\Session\Handlers\FileHandler' driver.
DEBUG - 2025-09-07 01:59:19 --> Session: Class initialized using 'CodeIgniter\Session\Handlers\FileHandler' driver.
DEBUG - 2025-09-07 01:59:21 --> Session: Class initialized using 'CodeIgniter\Session\Handlers\FileHandler' driver.
DEBUG - 2025-09-07 01:59:28 --> Session: Class initialized using 'CodeIgniter\Session\Handlers\FileHandler' driver.
DEBUG - 2025-09-07 01:59:31 --> Session: Class initialized using 'CodeIgniter\Session\Handlers\FileHandler' driver.
DEBUG - 2025-09-07 01:59:37 --> Session: Class initialized using 'CodeIgniter\Session\Handlers\FileHandler' driver.
DEBUG - 2025-09-07 01:59:48 --> Session: Class initialized using 'CodeIgniter\Session\Handlers\FileHandler' driver.
DEBUG - 2025-09-07 01:59:48 --> Session: Class initialized using 'CodeIgniter\Session\Handlers\FileHandler' driver.
DEBUG - 2025-09-07 01:59:50 --> Session: Class initialized using 'CodeIgniter\Session\Handlers\FileHandler' driver.
DEBUG - 2025-09-07 01:59:51 --> Session: Class initialized using 'CodeIgniter\Session\Handlers\FileHandler' driver.
DEBUG - 2025-09-07 02:00:02 --> Session: Class initialized using 'CodeIgniter\Session\Handlers\FileHandler' driver.
DEBUG - 2025-09-07 02:00:02 --> Session: Class initialized using 'CodeIgniter\Session\Handlers\FileHandler' driver.
DEBUG - 2025-09-07 02:00:04 --> Session: Class initialized using 'CodeIgniter\Session\Handlers\FileHandler' driver.
DEBUG - 2025-09-07 02:00:13 --> Session: Class initialized using 'CodeIgniter\Session\Handlers\FileHandler' driver.
DEBUG - 2025-09-07 02:00:45 --> Session: Class initialized using 'CodeIgniter\Session\Handlers\FileHandler' driver.
DEBUG - 2025-09-07 02:00:46 --> Session: Class initialized using 'CodeIgniter\Session\Handlers\FileHandler' driver.
DEBUG - 2025-09-07 02:00:52 --> Session: Class initialized using 'CodeIgniter\Session\Handlers\FileHandler' driver.
DEBUG - 2025-09-07 02:01:24 --> Session: Class initialized using 'CodeIgniter\Session\Handlers\FileHandler' driver.
DEBUG - 2025-09-07 02:01:30 --> Session: Class initialized using 'CodeIgniter\Session\Handlers\FileHandler' driver.
DEBUG - 2025-09-07 02:01:45 --> Session: Class initialized using 'CodeIgniter\Session\Handlers\FileHandler' driver.
DEBUG - 2025-09-07 02:01:56 --> Session: Class initialized using 'CodeIgniter\Session\Handlers\FileHandler' driver.
DEBUG - 2025-09-07 02:01:59 --> Session: Class initialized using 'CodeIgniter\Session\Handlers\FileHandler' driver.
DEBUG - 2025-09-07 02:02:02 --> Session: Class initialized using 'CodeIgniter\Session\Handlers\FileHandler' driver.
DEBUG - 2025-09-07 02:02:05 --> Session: Class initialized using 'CodeIgniter\Session\Handlers\FileHandler' driver.
DEBUG - 2025-09-07 02:02:06 --> Session: Class initialized using 'CodeIgniter\Session\Handlers\FileHandler' driver.
DEBUG - 2025-09-07 02:02:16 --> Session: Class initialized using 'CodeIgniter\Session\Handlers\FileHandler' driver.
DEBUG - 2025-09-07 02:02:17 --> Session: Class initialized using 'CodeIgniter\Session\Handlers\FileHandler' driver.
DEBUG - 2025-09-07 02:02:20 --> Session: Class initialized using 'CodeIgniter\Session\Handlers\FileHandler' driver.
DEBUG - 2025-09-07 02:02:22 --> Session: Class initialized using 'CodeIgniter\Session\Handlers\FileHandler' driver.
DEBUG - 2025-09-07 02:02:48 --> Session: Class initialized using 'CodeIgniter\Session\Handlers\FileHandler' driver.
DEBUG - 2025-09-07 02:02:49 --> Session: Class initialized using 'CodeIgniter\Session\Handlers\FileHandler' driver.
DEBUG - 2025-09-07 02:02:51 --> Session: Class initialized using 'CodeIgniter\Session\Handlers\FileHandler' driver.
DEBUG - 2025-09-07 02:02:52 --> Session: Class initialized using 'CodeIgniter\Session\Handlers\FileHandler' driver.
DEBUG - 2025-09-07 02:02:53 --> Session: Class initialized using 'CodeIgniter\Session\Handlers\FileHandler' driver.
DEBUG - 2025-09-07 02:03:02 --> Session: Class initialized using 'CodeIgniter\Session\Handlers\FileHandler' driver.
DEBUG - 2025-09-07 02:03:13 --> Session: Class initialized using 'CodeIgniter\Session\Handlers\FileHandler' driver.
DEBUG - 2025-09-07 02:04:26 --> Session: Class initialized using 'CodeIgniter\Session\Handlers\FileHandler' driver.
DEBUG - 2025-09-07 02:04:37 --> Session: Class initialized using 'CodeIgniter\Session\Handlers\FileHandler' driver.
DEBUG - 2025-09-07 02:04:44 --> Session: Class initialized using 'CodeIgniter\Session\Handlers\FileHandler' driver.
DEBUG - 2025-09-07 02:04:47 --> Session: Class initialized using 'CodeIgniter\Session\Handlers\FileHandler' driver.
DEBUG - 2025-09-07 02:04:48 --> Session: Class initialized using 'CodeIgniter\Session\Handlers\FileHandler' driver.
DEBUG - 2025-09-07 02:04:52 --> Session: Class initialized using 'CodeIgniter\Session\Handlers\FileHandler' driver.
DEBUG - 2025-09-07 02:04:53 --> Session: Class initialized using 'CodeIgniter\Session\Handlers\FileHandler' driver.
DEBUG - 2025-09-07 02:04:56 --> Session: Class initialized using 'CodeIgniter\Session\Handlers\FileHandler' driver.
DEBUG - 2025-09-07 02:04:58 --> Session: Class initialized using 'CodeIgniter\Session\Handlers\FileHandler' driver.
DEBUG - 2025-09-07 02:06:10 --> Session: Class initialized using 'CodeIgniter\Session\Handlers\FileHandler' driver.
DEBUG - 2025-09-07 02:06:56 --> Session: Class initialized using 'CodeIgniter\Session\Handlers\FileHandler' driver.
DEBUG - 2025-09-07 02:07:32 --> Session: Class initialized using 'CodeIgniter\Session\Handlers\FileHandler' driver.
CRITICAL - 2025-09-07 02:07:32 --> ErrorException: Undefined variable $p
[Method: GET, Route: pegawai/pengetahuan/view/64]
in APPPATH\Views\pegawai\pengetahuan\view.php on line 159.
 1 APPPATH\Views\pegawai\pengetahuan\view.php(159): CodeIgniter\Debug\Exceptions->errorHandler(2, 'Undefined variable $p', 'D:\\PROJECT\\kms-ukpbj\\app\\Views\\pegawai\\pengetahuan\\view.php', 159)
 2 SYSTEMPATH\View\View.php(226): include('D:\\PROJECT\\kms-ukpbj\\app\\Views\\pegawai\\pengetahuan\\view.php')
 3 SYSTEMPATH\View\View.php(229): CodeIgniter\View\View->CodeIgniter\View\{closure}()
 4 SYSTEMPATH\Common.php(1167): CodeIgniter\View\View->render('pegawai/pengetahuan/view', [], true)
 5 APPPATH\Controllers\Pegawai\Pengetahuan.php(345): view('pegawai/pengetahuan/view', [...])
 6 SYSTEMPATH\CodeIgniter.php(933): App\Controllers\Pegawai\Pengetahuan->view('64')
 7 SYSTEMPATH\CodeIgniter.php(507): CodeIgniter\CodeIgniter->runController(Object(App\Controllers\Pegawai\Pengetahuan))
 8 SYSTEMPATH\CodeIgniter.php(354): CodeIgniter\CodeIgniter->handleRequest(null, Object(Config\Cache), false)
 9 SYSTEMPATH\Boot.php(363): CodeIgniter\CodeIgniter->run()
10 SYSTEMPATH\Boot.php(68): CodeIgniter\Boot::runCodeIgniter(Object(CodeIgniter\CodeIgniter))
11 FCPATH\index.php(59): CodeIgniter\Boot::bootWeb(Object(Config\Paths))
12 SYSTEMPATH\rewrite.php(44): require_once('D:\\PROJECT\\kms-ukpbj\\public\\index.php')
DEBUG - 2025-09-07 02:07:43 --> Session: Class initialized using 'CodeIgniter\Session\Handlers\FileHandler' driver.
DEBUG - 2025-09-07 02:07:57 --> Session: Class initialized using 'CodeIgniter\Session\Handlers\FileHandler' driver.
DEBUG - 2025-09-07 02:08:06 --> Session: Class initialized using 'CodeIgniter\Session\Handlers\FileHandler' driver.
DEBUG - 2025-09-07 02:08:19 --> Session: Class initialized using 'CodeIgniter\Session\Handlers\FileHandler' driver.
DEBUG - 2025-09-07 02:08:20 --> Session: Class initialized using 'CodeIgniter\Session\Handlers\FileHandler' driver.
DEBUG - 2025-09-07 02:08:41 --> Session: Class initialized using 'CodeIgniter\Session\Handlers\FileHandler' driver.
DEBUG - 2025-09-07 02:08:53 --> Session: Class initialized using 'CodeIgniter\Session\Handlers\FileHandler' driver.
DEBUG - 2025-09-07 02:09:00 --> Session: Class initialized using 'CodeIgniter\Session\Handlers\FileHandler' driver.
DEBUG - 2025-09-07 02:09:19 --> Session: Class initialized using 'CodeIgniter\Session\Handlers\FileHandler' driver.
DEBUG - 2025-09-07 02:09:19 --> Session: Class initialized using 'CodeIgniter\Session\Handlers\FileHandler' driver.
DEBUG - 2025-09-07 02:09:28 --> Session: Class initialized using 'CodeIgniter\Session\Handlers\FileHandler' driver.
DEBUG - 2025-09-07 02:09:42 --> Session: Class initialized using 'CodeIgniter\Session\Handlers\FileHandler' driver.
DEBUG - 2025-09-07 02:09:46 --> Session: Class initialized using 'CodeIgniter\Session\Handlers\FileHandler' driver.
DEBUG - 2025-09-07 02:10:00 --> Session: Class initialized using 'CodeIgniter\Session\Handlers\FileHandler' driver.
DEBUG - 2025-09-07 02:10:05 --> Session: Class initialized using 'CodeIgniter\Session\Handlers\FileHandler' driver.
DEBUG - 2025-09-07 02:10:06 --> Session: Class initialized using 'CodeIgniter\Session\Handlers\FileHandler' driver.
DEBUG - 2025-09-07 02:10:29 --> Session: Class initialized using 'CodeIgniter\Session\Handlers\FileHandler' driver.
DEBUG - 2025-09-07 02:10:32 --> Session: Class initialized using 'CodeIgniter\Session\Handlers\FileHandler' driver.
DEBUG - 2025-09-07 02:10:48 --> Session: Class initialized using 'CodeIgniter\Session\Handlers\FileHandler' driver.
DEBUG - 2025-09-07 02:10:51 --> Session: Class initialized using 'CodeIgniter\Session\Handlers\FileHandler' driver.
DEBUG - 2025-09-07 02:11:02 --> Session: Class initialized using 'CodeIgniter\Session\Handlers\FileHandler' driver.
DEBUG - 2025-09-07 02:11:05 --> Session: Class initialized using 'CodeIgniter\Session\Handlers\FileHandler' driver.
DEBUG - 2025-09-07 02:13:31 --> Session: Class initialized using 'CodeIgniter\Session\Handlers\FileHandler' driver.
DEBUG - 2025-09-07 02:14:09 --> Session: Class initialized using 'CodeIgniter\Session\Handlers\FileHandler' driver.
DEBUG - 2025-09-07 02:14:19 --> Session: Class initialized using 'CodeIgniter\Session\Handlers\FileHandler' driver.
DEBUG - 2025-09-07 02:14:21 --> Session: Class initialized using 'CodeIgniter\Session\Handlers\FileHandler' driver.
DEBUG - 2025-09-07 02:14:41 --> Session: Class initialized using 'CodeIgniter\Session\Handlers\FileHandler' driver.
DEBUG - 2025-09-07 02:14:52 --> Session: Class initialized using 'CodeIgniter\Session\Handlers\FileHandler' driver.
DEBUG - 2025-09-07 02:14:56 --> Session: Class initialized using 'CodeIgniter\Session\Handlers\FileHandler' driver.
DEBUG - 2025-09-07 02:15:11 --> Session: Class initialized using 'CodeIgniter\Session\Handlers\FileHandler' driver.
DEBUG - 2025-09-07 03:10:33 --> Session: Class initialized using 'CodeIgniter\Session\Handlers\FileHandler' driver.
DEBUG - 2025-09-07 03:10:55 --> Session: Class initialized using 'CodeIgniter\Session\Handlers\FileHandler' driver.
DEBUG - 2025-09-07 03:10:57 --> Session: Class initialized using 'CodeIgniter\Session\Handlers\FileHandler' driver.
DEBUG - 2025-09-07 03:11:46 --> Session: Class initialized using 'CodeIgniter\Session\Handlers\FileHandler' driver.
DEBUG - 2025-09-07 03:14:28 --> Session: Class initialized using 'CodeIgniter\Session\Handlers\FileHandler' driver.
DEBUG - 2025-09-07 03:14:29 --> Session: Class initialized using 'CodeIgniter\Session\Handlers\FileHandler' driver.
DEBUG - 2025-09-07 03:14:30 --> Session: Class initialized using 'CodeIgniter\Session\Handlers\FileHandler' driver.
DEBUG - 2025-09-07 03:14:31 --> Session: Class initialized using 'CodeIgniter\Session\Handlers\FileHandler' driver.
DEBUG - 2025-09-07 03:14:36 --> Session: Class initialized using 'CodeIgniter\Session\Handlers\FileHandler' driver.
DEBUG - 2025-09-07 03:14:37 --> Session: Class initialized using 'CodeIgniter\Session\Handlers\FileHandler' driver.
DEBUG - 2025-09-07 03:14:44 --> Session: Class initialized using 'CodeIgniter\Session\Handlers\FileHandler' driver.
DEBUG - 2025-09-07 03:14:45 --> Session: Class initialized using 'CodeIgniter\Session\Handlers\FileHandler' driver.
DEBUG - 2025-09-07 03:14:47 --> Session: Class initialized using 'CodeIgniter\Session\Handlers\FileHandler' driver.
DEBUG - 2025-09-07 03:14:49 --> Session: Class initialized using 'CodeIgniter\Session\Handlers\FileHandler' driver.
DEBUG - 2025-09-07 03:15:11 --> Session: Class initialized using 'CodeIgniter\Session\Handlers\FileHandler' driver.
DEBUG - 2025-09-07 03:15:13 --> Session: Class initialized using 'CodeIgniter\Session\Handlers\FileHandler' driver.
DEBUG - 2025-09-07 03:15:30 --> Session: Class initialized using 'CodeIgniter\Session\Handlers\FileHandler' driver.
DEBUG - 2025-09-07 03:15:31 --> Session: Class initialized using 'CodeIgniter\Session\Handlers\FileHandler' driver.
DEBUG - 2025-09-07 03:15:33 --> Session: Class initialized using 'CodeIgniter\Session\Handlers\FileHandler' driver.
DEBUG - 2025-09-07 03:15:34 --> Session: Class initialized using 'CodeIgniter\Session\Handlers\FileHandler' driver.
DEBUG - 2025-09-07 03:15:35 --> Session: Class initialized using 'CodeIgniter\Session\Handlers\FileHandler' driver.
DEBUG - 2025-09-07 03:15:36 --> Session: Class initialized using 'CodeIgniter\Session\Handlers\FileHandler' driver.
DEBUG - 2025-09-07 03:15:40 --> Session: Class initialized using 'CodeIgniter\Session\Handlers\FileHandler' driver.
DEBUG - 2025-09-07 03:15:45 --> Session: Class initialized using 'CodeIgniter\Session\Handlers\FileHandler' driver.
DEBUG - 2025-09-07 03:15:47 --> Session: Class initialized using 'CodeIgniter\Session\Handlers\FileHandler' driver.
DEBUG - 2025-09-07 03:15:48 --> Session: Class initialized using 'CodeIgniter\Session\Handlers\FileHandler' driver.
DEBUG - 2025-09-07 03:15:49 --> Session: Class initialized using 'CodeIgniter\Session\Handlers\FileHandler' driver.
DEBUG - 2025-09-07 03:15:51 --> Session: Class initialized using 'CodeIgniter\Session\Handlers\FileHandler' driver.
DEBUG - 2025-09-07 03:15:52 --> Session: Class initialized using 'CodeIgniter\Session\Handlers\FileHandler' driver.
DEBUG - 2025-09-07 03:15:53 --> Session: Class initialized using 'CodeIgniter\Session\Handlers\FileHandler' driver.
DEBUG - 2025-09-07 03:15:54 --> Session: Class initialized using 'CodeIgniter\Session\Handlers\FileHandler' driver.
DEBUG - 2025-09-07 03:16:04 --> Session: Class initialized using 'CodeIgniter\Session\Handlers\FileHandler' driver.
DEBUG - 2025-09-07 03:16:06 --> Session: Class initialized using 'CodeIgniter\Session\Handlers\FileHandler' driver.
DEBUG - 2025-09-07 03:16:08 --> Session: Class initialized using 'CodeIgniter\Session\Handlers\FileHandler' driver.
DEBUG - 2025-09-07 03:16:10 --> Session: Class initialized using 'CodeIgniter\Session\Handlers\FileHandler' driver.
DEBUG - 2025-09-07 03:16:11 --> Session: Class initialized using 'CodeIgniter\Session\Handlers\FileHandler' driver.
DEBUG - 2025-09-07 03:16:14 --> Session: Class initialized using 'CodeIgniter\Session\Handlers\FileHandler' driver.
DEBUG - 2025-09-07 03:16:16 --> Session: Class initialized using 'CodeIgniter\Session\Handlers\FileHandler' driver.
DEBUG - 2025-09-07 03:16:17 --> Session: Class initialized using 'CodeIgniter\Session\Handlers\FileHandler' driver.
DEBUG - 2025-09-07 03:16:18 --> Session: Class initialized using 'CodeIgniter\Session\Handlers\FileHandler' driver.
DEBUG - 2025-09-07 03:16:19 --> Session: Class initialized using 'CodeIgniter\Session\Handlers\FileHandler' driver.
DEBUG - 2025-09-07 03:16:22 --> Session: Class initialized using 'CodeIgniter\Session\Handlers\FileHandler' driver.
DEBUG - 2025-09-07 03:16:31 --> Session: Class initialized using 'CodeIgniter\Session\Handlers\FileHandler' driver.
DEBUG - 2025-09-07 03:16:31 --> Session: Class initialized using 'CodeIgniter\Session\Handlers\FileHandler' driver.
DEBUG - 2025-09-07 03:16:36 --> Session: Class initialized using 'CodeIgniter\Session\Handlers\FileHandler' driver.
DEBUG - 2025-09-07 03:16:38 --> Session: Class initialized using 'CodeIgniter\Session\Handlers\FileHandler' driver.
DEBUG - 2025-09-07 03:16:38 --> Session: Class initialized using 'CodeIgniter\Session\Handlers\FileHandler' driver.
DEBUG - 2025-09-07 03:16:56 --> Session: Class initialized using 'CodeIgniter\Session\Handlers\FileHandler' driver.
DEBUG - 2025-09-07 03:16:56 --> Session: Class initialized using 'CodeIgniter\Session\Handlers\FileHandler' driver.
DEBUG - 2025-09-07 03:16:58 --> Session: Class initialized using 'CodeIgniter\Session\Handlers\FileHandler' driver.
DEBUG - 2025-09-07 03:17:00 --> Session: Class initialized using 'CodeIgniter\Session\Handlers\FileHandler' driver.
DEBUG - 2025-09-07 03:21:35 --> Session: Class initialized using 'CodeIgniter\Session\Handlers\FileHandler' driver.
CRITICAL - 2025-09-07 03:21:35 --> ErrorException: Undefined array key "user_id"
[Method: GET, Route: users/pengetahuan/view/64]
in APPPATH\Views\users\pengetahuan\komentar_card.php on line 53.
 1 APPPATH\Views\users\pengetahuan\komentar_card.php(53): CodeIgniter\Debug\Exceptions->errorHandler(2, 'Undefined array key "user_id"', 'D:\\PROJECT\\kms-ukpbj\\app\\Views\\users\\pengetahuan\\komentar_card.php', 53)
 2 APPPATH\Views\users\pengetahuan\view.php(420): include('D:\\PROJECT\\kms-ukpbj\\app\\Views\\users\\pengetahuan\\komentar_card.php')
 3 SYSTEMPATH\View\View.php(226): include('D:\\PROJECT\\kms-ukpbj\\app\\Views\\users\\pengetahuan\\view.php')
 4 SYSTEMPATH\View\View.php(229): CodeIgniter\View\View->CodeIgniter\View\{closure}()
 5 SYSTEMPATH\Common.php(1167): CodeIgniter\View\View->render('users/pengetahuan/view', [], true)
 6 APPPATH\Controllers\Users\Pengetahuan.php(345): view('users/pengetahuan/view', [...])
 7 SYSTEMPATH\CodeIgniter.php(933): App\Controllers\Users\Pengetahuan->view('64')
 8 SYSTEMPATH\CodeIgniter.php(507): CodeIgniter\CodeIgniter->runController(Object(App\Controllers\Users\Pengetahuan))
 9 SYSTEMPATH\CodeIgniter.php(354): CodeIgniter\CodeIgniter->handleRequest(null, Object(Config\Cache), false)
10 SYSTEMPATH\Boot.php(363): CodeIgniter\CodeIgniter->run()
11 SYSTEMPATH\Boot.php(68): CodeIgniter\Boot::runCodeIgniter(Object(CodeIgniter\CodeIgniter))
12 FCPATH\index.php(59): CodeIgniter\Boot::bootWeb(Object(Config\Paths))
13 SYSTEMPATH\rewrite.php(44): require_once('D:\\PROJECT\\kms-ukpbj\\public\\index.php')
DEBUG - 2025-09-07 03:22:02 --> Session: Class initialized using 'CodeIgniter\Session\Handlers\FileHandler' driver.
CRITICAL - 2025-09-07 03:22:02 --> mysqli_sql_exception: Unknown database 'db_komentar'
[Method: GET, Route: users/pengetahuan/view/64]
in APPPATH\Views\users\pengetahuan\komentar_card.php on line 52.
 1 APPPATH\Views\users\pengetahuan\komentar_card.php(52): mysqli->__construct('localhost', 'root', Object(SensitiveParameterValue), 'db_komentar')
 2 APPPATH\Views\users\pengetahuan\view.php(420): include('D:\\PROJECT\\kms-ukpbj\\app\\Views\\users\\pengetahuan\\komentar_card.php')
 3 SYSTEMPATH\View\View.php(226): include('D:\\PROJECT\\kms-ukpbj\\app\\Views\\users\\pengetahuan\\view.php')
 4 SYSTEMPATH\View\View.php(229): CodeIgniter\View\View->CodeIgniter\View\{closure}()
 5 SYSTEMPATH\Common.php(1167): CodeIgniter\View\View->render('users/pengetahuan/view', [], true)
 6 APPPATH\Controllers\Users\Pengetahuan.php(345): view('users/pengetahuan/view', [...])
 7 SYSTEMPATH\CodeIgniter.php(933): App\Controllers\Users\Pengetahuan->view('64')
 8 SYSTEMPATH\CodeIgniter.php(507): CodeIgniter\CodeIgniter->runController(Object(App\Controllers\Users\Pengetahuan))
 9 SYSTEMPATH\CodeIgniter.php(354): CodeIgniter\CodeIgniter->handleRequest(null, Object(Config\Cache), false)
10 SYSTEMPATH\Boot.php(363): CodeIgniter\CodeIgniter->run()
11 SYSTEMPATH\Boot.php(68): CodeIgniter\Boot::runCodeIgniter(Object(CodeIgniter\CodeIgniter))
12 FCPATH\index.php(59): CodeIgniter\Boot::bootWeb(Object(Config\Paths))
13 SYSTEMPATH\rewrite.php(44): require_once('D:\\PROJECT\\kms-ukpbj\\public\\index.php')
DEBUG - 2025-09-07 03:22:16 --> Session: Class initialized using 'CodeIgniter\Session\Handlers\FileHandler' driver.
CRITICAL - 2025-09-07 03:22:16 --> mysqli_sql_exception: Unknown database 'kms_ukpbj'
[Method: GET, Route: users/pengetahuan/view/64]
in APPPATH\Views\users\pengetahuan\komentar_card.php on line 52.
 1 APPPATH\Views\users\pengetahuan\komentar_card.php(52): mysqli->__construct('localhost', 'root', Object(SensitiveParameterValue), 'kms_ukpbj')
 2 APPPATH\Views\users\pengetahuan\view.php(420): include('D:\\PROJECT\\kms-ukpbj\\app\\Views\\users\\pengetahuan\\komentar_card.php')
 3 SYSTEMPATH\View\View.php(226): include('D:\\PROJECT\\kms-ukpbj\\app\\Views\\users\\pengetahuan\\view.php')
 4 SYSTEMPATH\View\View.php(229): CodeIgniter\View\View->CodeIgniter\View\{closure}()
 5 SYSTEMPATH\Common.php(1167): CodeIgniter\View\View->render('users/pengetahuan/view', [], true)
 6 APPPATH\Controllers\Users\Pengetahuan.php(345): view('users/pengetahuan/view', [...])
 7 SYSTEMPATH\CodeIgniter.php(933): App\Controllers\Users\Pengetahuan->view('64')
 8 SYSTEMPATH\CodeIgniter.php(507): CodeIgniter\CodeIgniter->runController(Object(App\Controllers\Users\Pengetahuan))
 9 SYSTEMPATH\CodeIgniter.php(354): CodeIgniter\CodeIgniter->handleRequest(null, Object(Config\Cache), false)
10 SYSTEMPATH\Boot.php(363): CodeIgniter\CodeIgniter->run()
11 SYSTEMPATH\Boot.php(68): CodeIgniter\Boot::runCodeIgniter(Object(CodeIgniter\CodeIgniter))
12 FCPATH\index.php(59): CodeIgniter\Boot::bootWeb(Object(Config\Paths))
13 SYSTEMPATH\rewrite.php(44): require_once('D:\\PROJECT\\kms-ukpbj\\public\\index.php')
DEBUG - 2025-09-07 03:23:02 --> Session: Class initialized using 'CodeIgniter\Session\Handlers\FileHandler' driver.
CRITICAL - 2025-09-07 03:23:02 --> ErrorException: Undefined array key "user_id"
[Method: GET, Route: users/pengetahuan/view/64]
in APPPATH\Views\users\pengetahuan\komentar_card.php on line 108.
 1 APPPATH\Views\users\pengetahuan\komentar_card.php(108): CodeIgniter\Debug\Exceptions->errorHandler(2, 'Undefined array key "user_id"', 'D:\\PROJECT\\kms-ukpbj\\app\\Views\\users\\pengetahuan\\komentar_card.php', 108)
 2 APPPATH\Views\users\pengetahuan\view.php(420): include('D:\\PROJECT\\kms-ukpbj\\app\\Views\\users\\pengetahuan\\komentar_card.php')
 3 SYSTEMPATH\View\View.php(226): include('D:\\PROJECT\\kms-ukpbj\\app\\Views\\users\\pengetahuan\\view.php')
 4 SYSTEMPATH\View\View.php(229): CodeIgniter\View\View->CodeIgniter\View\{closure}()
 5 SYSTEMPATH\Common.php(1167): CodeIgniter\View\View->render('users/pengetahuan/view', [], true)
 6 APPPATH\Controllers\Users\Pengetahuan.php(345): view('users/pengetahuan/view', [...])
 7 SYSTEMPATH\CodeIgniter.php(933): App\Controllers\Users\Pengetahuan->view('64')
 8 SYSTEMPATH\CodeIgniter.php(507): CodeIgniter\CodeIgniter->runController(Object(App\Controllers\Users\Pengetahuan))
 9 SYSTEMPATH\CodeIgniter.php(354): CodeIgniter\CodeIgniter->handleRequest(null, Object(Config\Cache), false)
10 SYSTEMPATH\Boot.php(363): CodeIgniter\CodeIgniter->run()
11 SYSTEMPATH\Boot.php(68): CodeIgniter\Boot::runCodeIgniter(Object(CodeIgniter\CodeIgniter))
12 FCPATH\index.php(59): CodeIgniter\Boot::bootWeb(Object(Config\Paths))
13 SYSTEMPATH\rewrite.php(44): require_once('D:\\PROJECT\\kms-ukpbj\\public\\index.php')
DEBUG - 2025-09-07 03:23:44 --> Session: Class initialized using 'CodeIgniter\Session\Handlers\FileHandler' driver.
CRITICAL - 2025-09-07 03:23:44 --> ErrorException: Undefined array key "user_id"
[Method: GET, Route: users/pengetahuan/view/64]
in APPPATH\Views\users\pengetahuan\komentar_card.php on line 108.
 1 APPPATH\Views\users\pengetahuan\komentar_card.php(108): CodeIgniter\Debug\Exceptions->errorHandler(2, 'Undefined array key "user_id"', 'D:\\PROJECT\\kms-ukpbj\\app\\Views\\users\\pengetahuan\\komentar_card.php', 108)
 2 APPPATH\Views\users\pengetahuan\view.php(420): include('D:\\PROJECT\\kms-ukpbj\\app\\Views\\users\\pengetahuan\\komentar_card.php')
 3 SYSTEMPATH\View\View.php(226): include('D:\\PROJECT\\kms-ukpbj\\app\\Views\\users\\pengetahuan\\view.php')
 4 SYSTEMPATH\View\View.php(229): CodeIgniter\View\View->CodeIgniter\View\{closure}()
 5 SYSTEMPATH\Common.php(1167): CodeIgniter\View\View->render('users/pengetahuan/view', [], true)
 6 APPPATH\Controllers\Users\Pengetahuan.php(345): view('users/pengetahuan/view', [...])
 7 SYSTEMPATH\CodeIgniter.php(933): App\Controllers\Users\Pengetahuan->view('64')
 8 SYSTEMPATH\CodeIgniter.php(507): CodeIgniter\CodeIgniter->runController(Object(App\Controllers\Users\Pengetahuan))
 9 SYSTEMPATH\CodeIgniter.php(354): CodeIgniter\CodeIgniter->handleRequest(null, Object(Config\Cache), false)
10 SYSTEMPATH\Boot.php(363): CodeIgniter\CodeIgniter->run()
11 SYSTEMPATH\Boot.php(68): CodeIgniter\Boot::runCodeIgniter(Object(CodeIgniter\CodeIgniter))
12 FCPATH\index.php(59): CodeIgniter\Boot::bootWeb(Object(Config\Paths))
13 SYSTEMPATH\rewrite.php(44): require_once('D:\\PROJECT\\kms-ukpbj\\public\\index.php')
DEBUG - 2025-09-07 03:23:46 --> Session: Class initialized using 'CodeIgniter\Session\Handlers\FileHandler' driver.
CRITICAL - 2025-09-07 03:23:46 --> ErrorException: Undefined array key "user_id"
[Method: GET, Route: users/pengetahuan/view/64]
in APPPATH\Views\users\pengetahuan\komentar_card.php on line 108.
 1 APPPATH\Views\users\pengetahuan\komentar_card.php(108): CodeIgniter\Debug\Exceptions->errorHandler(2, 'Undefined array key "user_id"', 'D:\\PROJECT\\kms-ukpbj\\app\\Views\\users\\pengetahuan\\komentar_card.php', 108)
 2 APPPATH\Views\users\pengetahuan\view.php(420): include('D:\\PROJECT\\kms-ukpbj\\app\\Views\\users\\pengetahuan\\komentar_card.php')
 3 SYSTEMPATH\View\View.php(226): include('D:\\PROJECT\\kms-ukpbj\\app\\Views\\users\\pengetahuan\\view.php')
 4 SYSTEMPATH\View\View.php(229): CodeIgniter\View\View->CodeIgniter\View\{closure}()
 5 SYSTEMPATH\Common.php(1167): CodeIgniter\View\View->render('users/pengetahuan/view', [], true)
 6 APPPATH\Controllers\Users\Pengetahuan.php(345): view('users/pengetahuan/view', [...])
 7 SYSTEMPATH\CodeIgniter.php(933): App\Controllers\Users\Pengetahuan->view('64')
 8 SYSTEMPATH\CodeIgniter.php(507): CodeIgniter\CodeIgniter->runController(Object(App\Controllers\Users\Pengetahuan))
 9 SYSTEMPATH\CodeIgniter.php(354): CodeIgniter\CodeIgniter->handleRequest(null, Object(Config\Cache), false)
10 SYSTEMPATH\Boot.php(363): CodeIgniter\CodeIgniter->run()
11 SYSTEMPATH\Boot.php(68): CodeIgniter\Boot::runCodeIgniter(Object(CodeIgniter\CodeIgniter))
12 FCPATH\index.php(59): CodeIgniter\Boot::bootWeb(Object(Config\Paths))
13 SYSTEMPATH\rewrite.php(44): require_once('D:\\PROJECT\\kms-ukpbj\\public\\index.php')
DEBUG - 2025-09-07 03:24:40 --> Session: Class initialized using 'CodeIgniter\Session\Handlers\FileHandler' driver.
CRITICAL - 2025-09-07 03:24:40 --> ErrorException: Undefined array key "user_id"
[Method: GET, Route: users/pengetahuan/view/64]
in APPPATH\Views\users\pengetahuan\komentar_card.php on line 108.
 1 APPPATH\Views\users\pengetahuan\komentar_card.php(108): CodeIgniter\Debug\Exceptions->errorHandler(2, 'Undefined array key "user_id"', 'D:\\PROJECT\\kms-ukpbj\\app\\Views\\users\\pengetahuan\\komentar_card.php', 108)
 2 APPPATH\Views\users\pengetahuan\view.php(420): include('D:\\PROJECT\\kms-ukpbj\\app\\Views\\users\\pengetahuan\\komentar_card.php')
 3 SYSTEMPATH\View\View.php(226): include('D:\\PROJECT\\kms-ukpbj\\app\\Views\\users\\pengetahuan\\view.php')
 4 SYSTEMPATH\View\View.php(229): CodeIgniter\View\View->CodeIgniter\View\{closure}()
 5 SYSTEMPATH\Common.php(1167): CodeIgniter\View\View->render('users/pengetahuan/view', [], true)
 6 APPPATH\Controllers\Users\Pengetahuan.php(345): view('users/pengetahuan/view', [...])
 7 SYSTEMPATH\CodeIgniter.php(933): App\Controllers\Users\Pengetahuan->view('64')
 8 SYSTEMPATH\CodeIgniter.php(507): CodeIgniter\CodeIgniter->runController(Object(App\Controllers\Users\Pengetahuan))
 9 SYSTEMPATH\CodeIgniter.php(354): CodeIgniter\CodeIgniter->handleRequest(null, Object(Config\Cache), false)
10 SYSTEMPATH\Boot.php(363): CodeIgniter\CodeIgniter->run()
11 SYSTEMPATH\Boot.php(68): CodeIgniter\Boot::runCodeIgniter(Object(CodeIgniter\CodeIgniter))
12 FCPATH\index.php(59): CodeIgniter\Boot::bootWeb(Object(Config\Paths))
13 SYSTEMPATH\rewrite.php(44): require_once('D:\\PROJECT\\kms-ukpbj\\public\\index.php')
DEBUG - 2025-09-07 03:24:52 --> Session: Class initialized using 'CodeIgniter\Session\Handlers\FileHandler' driver.
DEBUG - 2025-09-07 03:24:59 --> Session: Class initialized using 'CodeIgniter\Session\Handlers\FileHandler' driver.
DEBUG - 2025-09-07 03:24:59 --> Session: Class initialized using 'CodeIgniter\Session\Handlers\FileHandler' driver.
DEBUG - 2025-09-07 03:26:08 --> Session: Class initialized using 'CodeIgniter\Session\Handlers\FileHandler' driver.
DEBUG - 2025-09-07 03:26:09 --> Session: Class initialized using 'CodeIgniter\Session\Handlers\FileHandler' driver.
DEBUG - 2025-09-07 03:26:11 --> Session: Class initialized using 'CodeIgniter\Session\Handlers\FileHandler' driver.
DEBUG - 2025-09-07 03:26:12 --> Session: Class initialized using 'CodeIgniter\Session\Handlers\FileHandler' driver.
DEBUG - 2025-09-07 03:26:14 --> Session: Class initialized using 'CodeIgniter\Session\Handlers\FileHandler' driver.
DEBUG - 2025-09-07 03:26:17 --> Session: Class initialized using 'CodeIgniter\Session\Handlers\FileHandler' driver.
DEBUG - 2025-09-07 03:26:23 --> Session: Class initialized using 'CodeIgniter\Session\Handlers\FileHandler' driver.
DEBUG - 2025-09-07 03:26:23 --> Session: Class initialized using 'CodeIgniter\Session\Handlers\FileHandler' driver.
DEBUG - 2025-09-07 03:26:28 --> Session: Class initialized using 'CodeIgniter\Session\Handlers\FileHandler' driver.
DEBUG - 2025-09-07 03:26:28 --> Session: Class initialized using 'CodeIgniter\Session\Handlers\FileHandler' driver.
DEBUG - 2025-09-07 03:26:55 --> Session: Class initialized using 'CodeIgniter\Session\Handlers\FileHandler' driver.
DEBUG - 2025-09-07 03:27:02 --> Session: Class initialized using 'CodeIgniter\Session\Handlers\FileHandler' driver.
DEBUG - 2025-09-07 03:27:03 --> Session: Class initialized using 'CodeIgniter\Session\Handlers\FileHandler' driver.
DEBUG - 2025-09-07 03:27:20 --> Session: Class initialized using 'CodeIgniter\Session\Handlers\FileHandler' driver.
DEBUG - 2025-09-07 03:27:20 --> Session: Class initialized using 'CodeIgniter\Session\Handlers\FileHandler' driver.
DEBUG - 2025-09-07 03:27:23 --> Session: Class initialized using 'CodeIgniter\Session\Handlers\FileHandler' driver.
DEBUG - 2025-09-07 03:27:23 --> Session: Class initialized using 'CodeIgniter\Session\Handlers\FileHandler' driver.
DEBUG - 2025-09-07 03:27:45 --> Session: Class initialized using 'CodeIgniter\Session\Handlers\FileHandler' driver.
DEBUG - 2025-09-07 03:27:54 --> Session: Class initialized using 'CodeIgniter\Session\Handlers\FileHandler' driver.
DEBUG - 2025-09-07 03:27:55 --> Session: Class initialized using 'CodeIgniter\Session\Handlers\FileHandler' driver.
DEBUG - 2025-09-07 03:34:06 --> Session: Class initialized using 'CodeIgniter\Session\Handlers\FileHandler' driver.
DEBUG - 2025-09-07 03:34:41 --> Session: Class initialized using 'CodeIgniter\Session\Handlers\FileHandler' driver.
DEBUG - 2025-09-07 03:34:51 --> Session: Class initialized using 'CodeIgniter\Session\Handlers\FileHandler' driver.
DEBUG - 2025-09-07 03:34:51 --> Session: Class initialized using 'CodeIgniter\Session\Handlers\FileHandler' driver.
DEBUG - 2025-09-07 03:38:58 --> Session: Class initialized using 'CodeIgniter\Session\Handlers\FileHandler' driver.
DEBUG - 2025-09-07 03:39:05 --> POST Data: Array
(
    [csrf_test_name] => d300a1eb01d8a3f632a1aaa36ddf5804
    [pengetahuan_id] => 64
    [parent_id] => 18
    [user_id] => 49
    [komentar] => balas
)

DEBUG - 2025-09-07 03:39:05 --> Session: Class initialized using 'CodeIgniter\Session\Handlers\FileHandler' driver.
DEBUG - 2025-09-07 03:39:05 --> Raw parent_id from POST: '18'
DEBUG - 2025-09-07 03:39:05 --> Parent_id converted to integer: 18
DEBUG - 2025-09-07 03:39:05 --> Processing parent comment for ID: 18
DEBUG - 2025-09-07 03:39:05 --> Parent comment found: YES
DEBUG - 2025-09-07 03:39:05 --> New level: 1
DEBUG - 2025-09-07 03:39:05 --> Final data to save: Array
(
    [pengetahuan_id] => 64
    [user_id] => 49
    [parent_id] => 18
    [level] => 1
    [komentar] => balas
    [created_at] => 2025-09-07 03:39:05
)

DEBUG - 2025-09-07 03:39:05 --> Komentar berhasil disimpan dengan ID: 19
DEBUG - 2025-09-07 03:39:05 --> Data yang tersimpan di DB: Array
(
    [id] => 19
    [pengetahuan_id] => 64
    [user_id] => 49
    [parent_id] => 18
    [level] => 1
    [komentar] => balas
    [created_at] => 2025-09-07 03:39:05
)

DEBUG - 2025-09-07 03:39:05 --> Session: Class initialized using 'CodeIgniter\Session\Handlers\FileHandler' driver.
DEBUG - 2025-09-07 03:39:30 --> POST Data: Array
(
    [csrf_test_name] => d300a1eb01d8a3f632a1aaa36ddf5804
    [komentar] => komentar parent
)

DEBUG - 2025-09-07 03:39:30 --> Session: Class initialized using 'CodeIgniter\Session\Handlers\FileHandler' driver.
DEBUG - 2025-09-07 03:39:30 --> Raw parent_id from POST: NULL
DEBUG - 2025-09-07 03:39:30 --> Parent_id set to null
DEBUG - 2025-09-07 03:39:30 --> Final data to save: Array
(
    [pengetahuan_id] => 64
    [user_id] => 49
    [parent_id] => 
    [level] => 0
    [komentar] => komentar parent
    [created_at] => 2025-09-07 03:39:30
)

DEBUG - 2025-09-07 03:39:30 --> Komentar berhasil disimpan dengan ID: 20
DEBUG - 2025-09-07 03:39:30 --> Data yang tersimpan di DB: Array
(
    [id] => 20
    [pengetahuan_id] => 64
    [user_id] => 49
    [parent_id] => 
    [level] => 0
    [komentar] => komentar parent
    [created_at] => 2025-09-07 03:39:30
)

DEBUG - 2025-09-07 03:39:30 --> Session: Class initialized using 'CodeIgniter\Session\Handlers\FileHandler' driver.
DEBUG - 2025-09-07 03:39:45 --> POST Data: Array
(
    [csrf_test_name] => d300a1eb01d8a3f632a1aaa36ddf5804
    [pengetahuan_id] => 64
    [parent_id] => 20
    [user_id] => 49
    [komentar] => Balas Komentar si parent ini
)

DEBUG - 2025-09-07 03:39:45 --> Session: Class initialized using 'CodeIgniter\Session\Handlers\FileHandler' driver.
DEBUG - 2025-09-07 03:39:45 --> Raw parent_id from POST: '20'
DEBUG - 2025-09-07 03:39:45 --> Parent_id converted to integer: 20
DEBUG - 2025-09-07 03:39:45 --> Processing parent comment for ID: 20
DEBUG - 2025-09-07 03:39:45 --> Parent comment found: YES
DEBUG - 2025-09-07 03:39:45 --> New level: 1
DEBUG - 2025-09-07 03:39:45 --> Final data to save: Array
(
    [pengetahuan_id] => 64
    [user_id] => 49
    [parent_id] => 20
    [level] => 1
    [komentar] => Balas Komentar si parent ini
    [created_at] => 2025-09-07 03:39:45
)

DEBUG - 2025-09-07 03:39:45 --> Komentar berhasil disimpan dengan ID: 21
DEBUG - 2025-09-07 03:39:45 --> Data yang tersimpan di DB: Array
(
    [id] => 21
    [pengetahuan_id] => 64
    [user_id] => 49
    [parent_id] => 20
    [level] => 1
    [komentar] => Balas Komentar si parent ini
    [created_at] => 2025-09-07 03:39:45
)

DEBUG - 2025-09-07 03:39:45 --> Session: Class initialized using 'CodeIgniter\Session\Handlers\FileHandler' driver.
DEBUG - 2025-09-07 03:40:01 --> POST Data: Array
(
    [csrf_test_name] => d300a1eb01d8a3f632a1aaa36ddf5804
    [pengetahuan_id] => 64
    [parent_id] => 21
    [user_id] => 49
    [komentar] => Balas Komentar ini
)

DEBUG - 2025-09-07 03:40:01 --> Session: Class initialized using 'CodeIgniter\Session\Handlers\FileHandler' driver.
DEBUG - 2025-09-07 03:40:01 --> Raw parent_id from POST: '21'
DEBUG - 2025-09-07 03:40:01 --> Parent_id converted to integer: 21
DEBUG - 2025-09-07 03:40:01 --> Processing parent comment for ID: 21
DEBUG - 2025-09-07 03:40:01 --> Parent comment found: YES
DEBUG - 2025-09-07 03:40:01 --> New level: 2
DEBUG - 2025-09-07 03:40:01 --> Final data to save: Array
(
    [pengetahuan_id] => 64
    [user_id] => 49
    [parent_id] => 21
    [level] => 2
    [komentar] => Balas Komentar ini
    [created_at] => 2025-09-07 03:40:01
)

DEBUG - 2025-09-07 03:40:01 --> Komentar berhasil disimpan dengan ID: 22
DEBUG - 2025-09-07 03:40:01 --> Data yang tersimpan di DB: Array
(
    [id] => 22
    [pengetahuan_id] => 64
    [user_id] => 49
    [parent_id] => 21
    [level] => 2
    [komentar] => Balas Komentar ini
    [created_at] => 2025-09-07 03:40:01
)

DEBUG - 2025-09-07 03:40:01 --> Session: Class initialized using 'CodeIgniter\Session\Handlers\FileHandler' driver.
DEBUG - 2025-09-07 03:53:08 --> Session: Class initialized using 'CodeIgniter\Session\Handlers\FileHandler' driver.
DEBUG - 2025-09-07 03:53:19 --> POST Data: Array
(
    [csrf_test_name] => d300a1eb01d8a3f632a1aaa36ddf5804
    [pengetahuan_id] => 64
    [parent_id] => 21
    [user_id] => 49
    [komentar] => Balas komentar kedua ini
)

DEBUG - 2025-09-07 03:53:19 --> Session: Class initialized using 'CodeIgniter\Session\Handlers\FileHandler' driver.
DEBUG - 2025-09-07 03:53:19 --> Raw parent_id from POST: '21'
DEBUG - 2025-09-07 03:53:19 --> Parent_id converted to integer: 21
DEBUG - 2025-09-07 03:53:19 --> Processing parent comment for ID: 21
DEBUG - 2025-09-07 03:53:19 --> Parent comment found: YES
DEBUG - 2025-09-07 03:53:19 --> New level: 2
DEBUG - 2025-09-07 03:53:19 --> Final data to save: Array
(
    [pengetahuan_id] => 64
    [user_id] => 49
    [parent_id] => 21
    [level] => 2
    [komentar] => Balas komentar kedua ini
    [created_at] => 2025-09-07 03:53:19
)

DEBUG - 2025-09-07 03:53:19 --> Komentar berhasil disimpan dengan ID: 23
DEBUG - 2025-09-07 03:53:19 --> Data yang tersimpan di DB: Array
(
    [id] => 23
    [pengetahuan_id] => 64
    [user_id] => 49
    [parent_id] => 21
    [level] => 2
    [komentar] => Balas komentar kedua ini
    [created_at] => 2025-09-07 03:53:19
)

DEBUG - 2025-09-07 03:53:19 --> Session: Class initialized using 'CodeIgniter\Session\Handlers\FileHandler' driver.
DEBUG - 2025-09-07 06:40:45 --> Session: Class initialized using 'CodeIgniter\Session\Handlers\FileHandler' driver.
DEBUG - 2025-09-07 06:40:46 --> Session: Class initialized using 'CodeIgniter\Session\Handlers\FileHandler' driver.
DEBUG - 2025-09-07 06:40:55 --> Session: Class initialized using 'CodeIgniter\Session\Handlers\FileHandler' driver.
DEBUG - 2025-09-07 06:40:55 --> Session: Class initialized using 'CodeIgniter\Session\Handlers\FileHandler' driver.
DEBUG - 2025-09-07 06:41:05 --> Session: Class initialized using 'CodeIgniter\Session\Handlers\FileHandler' driver.
DEBUG - 2025-09-07 06:41:05 --> Session: Class initialized using 'CodeIgniter\Session\Handlers\FileHandler' driver.
DEBUG - 2025-09-07 06:41:07 --> Session: Class initialized using 'CodeIgniter\Session\Handlers\FileHandler' driver.
DEBUG - 2025-09-07 06:41:09 --> Session: Class initialized using 'CodeIgniter\Session\Handlers\FileHandler' driver.
DEBUG - 2025-09-07 06:41:29 --> Session: Class initialized using 'CodeIgniter\Session\Handlers\FileHandler' driver.
DEBUG - 2025-09-07 06:41:43 --> Session: Class initialized using 'CodeIgniter\Session\Handlers\FileHandler' driver.
DEBUG - 2025-09-07 06:42:23 --> Session: Class initialized using 'CodeIgniter\Session\Handlers\FileHandler' driver.
DEBUG - 2025-09-07 06:44:13 --> Session: Class initialized using 'CodeIgniter\Session\Handlers\FileHandler' driver.
DEBUG - 2025-09-07 06:44:40 --> Session: Class initialized using 'CodeIgniter\Session\Handlers\FileHandler' driver.
DEBUG - 2025-09-07 06:44:52 --> Session: Class initialized using 'CodeIgniter\Session\Handlers\FileHandler' driver.
DEBUG - 2025-09-07 06:45:31 --> Session: Class initialized using 'CodeIgniter\Session\Handlers\FileHandler' driver.
DEBUG - 2025-09-07 06:45:39 --> Session: Class initialized using 'CodeIgniter\Session\Handlers\FileHandler' driver.
DEBUG - 2025-09-07 06:46:19 --> POST Data: Array
(
    [csrf_test_name] => 2d05a5cab48bff8c42c8d0aabab312c2
    [pengetahuan_id] => 64
    [parent_id] => 21
    [user_id] => 49
    [komentar] => test tambah komentar ke 3
)

DEBUG - 2025-09-07 06:46:19 --> Session: Class initialized using 'CodeIgniter\Session\Handlers\FileHandler' driver.
DEBUG - 2025-09-07 06:46:19 --> Raw parent_id from POST: '21'
DEBUG - 2025-09-07 06:46:19 --> Parent_id converted to integer: 21
DEBUG - 2025-09-07 06:46:19 --> Processing parent comment for ID: 21
DEBUG - 2025-09-07 06:46:19 --> Parent comment found: YES
DEBUG - 2025-09-07 06:46:19 --> New level: 2
DEBUG - 2025-09-07 06:46:19 --> Final data to save: Array
(
    [pengetahuan_id] => 64
    [user_id] => 49
    [parent_id] => 21
    [level] => 2
    [komentar] => test tambah komentar ke 3
    [created_at] => 2025-09-07 06:46:19
)

DEBUG - 2025-09-07 06:46:19 --> Komentar berhasil disimpan dengan ID: 24
DEBUG - 2025-09-07 06:46:19 --> Data yang tersimpan di DB: Array
(
    [id] => 24
    [pengetahuan_id] => 64
    [user_id] => 49
    [parent_id] => 21
    [level] => 2
    [komentar] => test tambah komentar ke 3
    [created_at] => 2025-09-07 06:46:19
)

DEBUG - 2025-09-07 06:46:19 --> Session: Class initialized using 'CodeIgniter\Session\Handlers\FileHandler' driver.
DEBUG - 2025-09-07 06:48:15 --> Session: Class initialized using 'CodeIgniter\Session\Handlers\FileHandler' driver.
DEBUG - 2025-09-07 06:48:32 --> Session: Class initialized using 'CodeIgniter\Session\Handlers\FileHandler' driver.
DEBUG - 2025-09-07 06:49:26 --> Session: Class initialized using 'CodeIgniter\Session\Handlers\FileHandler' driver.
DEBUG - 2025-09-07 06:49:57 --> Session: Class initialized using 'CodeIgniter\Session\Handlers\FileHandler' driver.
DEBUG - 2025-09-07 06:50:32 --> Session: Class initialized using 'CodeIgniter\Session\Handlers\FileHandler' driver.
DEBUG - 2025-09-07 06:50:48 --> Session: Class initialized using 'CodeIgniter\Session\Handlers\FileHandler' driver.
DEBUG - 2025-09-07 06:51:17 --> Session: Class initialized using 'CodeIgniter\Session\Handlers\FileHandler' driver.
DEBUG - 2025-09-07 06:52:29 --> POST Data: Array
(
    [csrf_test_name] => 2d05a5cab48bff8c42c8d0aabab312c2
    [pengetahuan_id] => 64
    [parent_id] => 20
    [user_id] => 49
    [komentar] => <p>Hello <strong>WOrld BOld</strong></p>
)

DEBUG - 2025-09-07 06:52:29 --> Session: Class initialized using 'CodeIgniter\Session\Handlers\FileHandler' driver.
DEBUG - 2025-09-07 06:52:29 --> Raw parent_id from POST: '20'
DEBUG - 2025-09-07 06:52:29 --> Parent_id converted to integer: 20
DEBUG - 2025-09-07 06:52:29 --> Processing parent comment for ID: 20
DEBUG - 2025-09-07 06:52:29 --> Parent comment found: YES
DEBUG - 2025-09-07 06:52:29 --> New level: 1
DEBUG - 2025-09-07 06:52:29 --> Final data to save: Array
(
    [pengetahuan_id] => 64
    [user_id] => 49
    [parent_id] => 20
    [level] => 1
    [komentar] => <p>Hello <strong>WOrld BOld</strong></p>
    [created_at] => 2025-09-07 06:52:29
)

DEBUG - 2025-09-07 06:52:29 --> Komentar berhasil disimpan dengan ID: 25
DEBUG - 2025-09-07 06:52:29 --> Data yang tersimpan di DB: Array
(
    [id] => 25
    [pengetahuan_id] => 64
    [user_id] => 49
    [parent_id] => 20
    [level] => 1
    [komentar] => <p>Hello <strong>WOrld BOld</strong></p>
    [created_at] => 2025-09-07 06:52:29
)

DEBUG - 2025-09-07 06:52:29 --> Session: Class initialized using 'CodeIgniter\Session\Handlers\FileHandler' driver.
DEBUG - 2025-09-07 06:56:18 --> Session: Class initialized using 'CodeIgniter\Session\Handlers\FileHandler' driver.
DEBUG - 2025-09-07 06:58:52 --> Session: Class initialized using 'CodeIgniter\Session\Handlers\FileHandler' driver.
DEBUG - 2025-09-07 07:00:28 --> Session: Class initialized using 'CodeIgniter\Session\Handlers\FileHandler' driver.
DEBUG - 2025-09-07 07:00:50 --> Session: Class initialized using 'CodeIgniter\Session\Handlers\FileHandler' driver.
DEBUG - 2025-09-07 07:00:50 --> Session: Class initialized using 'CodeIgniter\Session\Handlers\FileHandler' driver.
DEBUG - 2025-09-07 07:00:56 --> Session: Class initialized using 'CodeIgniter\Session\Handlers\FileHandler' driver.
DEBUG - 2025-09-07 07:00:56 --> Session: Class initialized using 'CodeIgniter\Session\Handlers\FileHandler' driver.
DEBUG - 2025-09-07 08:51:36 --> POST Data: Array
(
    [csrf_test_name] => 2d05a5cab48bff8c42c8d0aabab312c2
    [pengetahuan_id] => 64
    [parent_id] => 21
    [user_id] => 49
    [komentar] => test hapus komentar
)

DEBUG - 2025-09-07 08:51:36 --> Session: Class initialized using 'CodeIgniter\Session\Handlers\FileHandler' driver.
DEBUG - 2025-09-07 08:51:36 --> Raw parent_id from POST: '21'
DEBUG - 2025-09-07 08:51:36 --> Parent_id converted to integer: 21
DEBUG - 2025-09-07 08:51:36 --> Processing parent comment for ID: 21
DEBUG - 2025-09-07 08:51:36 --> Parent comment found: YES
DEBUG - 2025-09-07 08:51:36 --> New level: 2
DEBUG - 2025-09-07 08:51:36 --> Final data to save: Array
(
    [pengetahuan_id] => 64
    [user_id] => 49
    [parent_id] => 21
    [level] => 2
    [komentar] => test hapus komentar
    [created_at] => 2025-09-07 08:51:36
)

DEBUG - 2025-09-07 08:51:36 --> Komentar berhasil disimpan dengan ID: 26
DEBUG - 2025-09-07 08:51:36 --> Data yang tersimpan di DB: Array
(
    [id] => 26
    [pengetahuan_id] => 64
    [user_id] => 49
    [parent_id] => 21
    [level] => 2
    [komentar] => test hapus komentar
    [created_at] => 2025-09-07 08:51:36
)

DEBUG - 2025-09-07 08:51:36 --> Session: Class initialized using 'CodeIgniter\Session\Handlers\FileHandler' driver.
DEBUG - 2025-09-07 08:51:41 --> Session: Class initialized using 'CodeIgniter\Session\Handlers\FileHandler' driver.
DEBUG - 2025-09-07 08:51:41 --> Session: Class initialized using 'CodeIgniter\Session\Handlers\FileHandler' driver.
DEBUG - 2025-09-07 08:52:03 --> Session: Class initialized using 'CodeIgniter\Session\Handlers\FileHandler' driver.
DEBUG - 2025-09-07 08:52:04 --> Session: Class initialized using 'CodeIgniter\Session\Handlers\FileHandler' driver.
DEBUG - 2025-09-07 08:52:10 --> Session: Class initialized using 'CodeIgniter\Session\Handlers\FileHandler' driver.
DEBUG - 2025-09-07 08:52:10 --> Session: Class initialized using 'CodeIgniter\Session\Handlers\FileHandler' driver.
DEBUG - 2025-09-07 08:52:13 --> Session: Class initialized using 'CodeIgniter\Session\Handlers\FileHandler' driver.
DEBUG - 2025-09-07 08:52:15 --> Session: Class initialized using 'CodeIgniter\Session\Handlers\FileHandler' driver.
DEBUG - 2025-09-07 08:52:27 --> POST Data: Array
(
    [csrf_test_name] => 97878fe70fa9c543f0b2c4f79f9ee24d
    [parent_id] => 21
    [komentar] => Balas Komentar ini
)

DEBUG - 2025-09-07 08:52:27 --> Session: Class initialized using 'CodeIgniter\Session\Handlers\FileHandler' driver.
DEBUG - 2025-09-07 08:52:27 --> Raw parent_id from POST: '21'
DEBUG - 2025-09-07 08:52:27 --> Parent_id converted to integer: 21
DEBUG - 2025-09-07 08:52:27 --> Processing parent comment for ID: 21
DEBUG - 2025-09-07 08:52:27 --> Parent comment found: YES
DEBUG - 2025-09-07 08:52:27 --> New level: 2
DEBUG - 2025-09-07 08:52:27 --> Final data to save: Array
(
    [pengetahuan_id] => 64
    [user_id] => 1
    [parent_id] => 21
    [level] => 2
    [komentar] => Balas Komentar ini
    [created_at] => 2025-09-07 08:52:27
)

DEBUG - 2025-09-07 08:52:27 --> Komentar berhasil disimpan dengan ID: 27
DEBUG - 2025-09-07 08:52:27 --> Data yang tersimpan di DB: Array
(
    [id] => 27
    [pengetahuan_id] => 64
    [user_id] => 1
    [parent_id] => 21
    [level] => 2
    [komentar] => Balas Komentar ini
    [created_at] => 2025-09-07 08:52:27
)

DEBUG - 2025-09-07 08:52:27 --> Session: Class initialized using 'CodeIgniter\Session\Handlers\FileHandler' driver.
DEBUG - 2025-09-07 08:57:24 --> Session: Class initialized using 'CodeIgniter\Session\Handlers\FileHandler' driver.
DEBUG - 2025-09-07 08:57:27 --> Session: Class initialized using 'CodeIgniter\Session\Handlers\FileHandler' driver.
DEBUG - 2025-09-07 08:57:34 --> Session: Class initialized using 'CodeIgniter\Session\Handlers\FileHandler' driver.
DEBUG - 2025-09-07 08:57:40 --> Session: Class initialized using 'CodeIgniter\Session\Handlers\FileHandler' driver.
DEBUG - 2025-09-07 08:57:50 --> Session: Class initialized using 'CodeIgniter\Session\Handlers\FileHandler' driver.
DEBUG - 2025-09-07 08:57:55 --> Session: Class initialized using 'CodeIgniter\Session\Handlers\FileHandler' driver.
DEBUG - 2025-09-07 08:58:48 --> Session: Class initialized using 'CodeIgniter\Session\Handlers\FileHandler' driver.
DEBUG - 2025-09-07 08:58:59 --> Session: Class initialized using 'CodeIgniter\Session\Handlers\FileHandler' driver.
DEBUG - 2025-09-07 08:59:29 --> POST Data: Array
(
    [csrf_test_name] => 97878fe70fa9c543f0b2c4f79f9ee24d
    [komentar] => Informatika merupakan pelajaran yang membahas bidang keilmuan apa?
)

DEBUG - 2025-09-07 08:59:29 --> Session: Class initialized using 'CodeIgniter\Session\Handlers\FileHandler' driver.
DEBUG - 2025-09-07 08:59:29 --> Raw parent_id from POST: NULL
DEBUG - 2025-09-07 08:59:29 --> Parent_id set to null
DEBUG - 2025-09-07 08:59:29 --> Final data to save: Array
(
    [pengetahuan_id] => 53
    [user_id] => 1
    [parent_id] => 
    [level] => 0
    [komentar] => Informatika merupakan pelajaran yang membahas bidang keilmuan apa?
    [created_at] => 2025-09-07 08:59:29
)

DEBUG - 2025-09-07 08:59:29 --> Komentar berhasil disimpan dengan ID: 28
DEBUG - 2025-09-07 08:59:29 --> Data yang tersimpan di DB: Array
(
    [id] => 28
    [pengetahuan_id] => 53
    [user_id] => 1
    [parent_id] => 
    [level] => 0
    [komentar] => Informatika merupakan pelajaran yang membahas bidang keilmuan apa?
    [created_at] => 2025-09-07 08:59:29
)

DEBUG - 2025-09-07 08:59:29 --> Session: Class initialized using 'CodeIgniter\Session\Handlers\FileHandler' driver.
DEBUG - 2025-09-07 08:59:33 --> Session: Class initialized using 'CodeIgniter\Session\Handlers\FileHandler' driver.
DEBUG - 2025-09-07 08:59:33 --> Session: Class initialized using 'CodeIgniter\Session\Handlers\FileHandler' driver.
DEBUG - 2025-09-07 08:59:42 --> Session: Class initialized using 'CodeIgniter\Session\Handlers\FileHandler' driver.
DEBUG - 2025-09-07 08:59:42 --> Session: Class initialized using 'CodeIgniter\Session\Handlers\FileHandler' driver.
DEBUG - 2025-09-07 08:59:44 --> Session: Class initialized using 'CodeIgniter\Session\Handlers\FileHandler' driver.
DEBUG - 2025-09-07 08:59:47 --> Session: Class initialized using 'CodeIgniter\Session\Handlers\FileHandler' driver.
DEBUG - 2025-09-07 09:00:23 --> POST Data: Array
(
    [csrf_test_name] => 97878fe70fa9c543f0b2c4f79f9ee24d
    [parent_id] => 28
    [komentar] => Bidang keilmuan informatika adalah studi tentang pengolahan data dan informasi menggunakan teknologi komputer, mencakup pemrosesan, analisis, penyimpanan, dan distribusinya
)

DEBUG - 2025-09-07 09:00:23 --> Session: Class initialized using 'CodeIgniter\Session\Handlers\FileHandler' driver.
DEBUG - 2025-09-07 09:00:23 --> Raw parent_id from POST: '28'
DEBUG - 2025-09-07 09:00:23 --> Parent_id converted to integer: 28
DEBUG - 2025-09-07 09:00:23 --> Processing parent comment for ID: 28
DEBUG - 2025-09-07 09:00:23 --> Parent comment found: YES
DEBUG - 2025-09-07 09:00:23 --> New level: 1
DEBUG - 2025-09-07 09:00:23 --> Final data to save: Array
(
    [pengetahuan_id] => 53
    [user_id] => 48
    [parent_id] => 28
    [level] => 1
    [komentar] => Bidang keilmuan informatika adalah studi tentang pengolahan data dan informasi menggunakan teknologi komputer, mencakup pemrosesan, analisis, penyimpanan, dan distribusinya
    [created_at] => 2025-09-07 09:00:23
)

DEBUG - 2025-09-07 09:00:23 --> Komentar berhasil disimpan dengan ID: 29
DEBUG - 2025-09-07 09:00:23 --> Data yang tersimpan di DB: Array
(
    [id] => 29
    [pengetahuan_id] => 53
    [user_id] => 48
    [parent_id] => 28
    [level] => 1
    [komentar] => Bidang keilmuan informatika adalah studi tentang pengolahan data dan informasi menggunakan teknologi komputer, mencakup pemrosesan, analisis, penyimpanan, dan distribusinya
    [created_at] => 2025-09-07 09:00:23
)

DEBUG - 2025-09-07 09:00:23 --> Session: Class initialized using 'CodeIgniter\Session\Handlers\FileHandler' driver.
DEBUG - 2025-09-07 09:01:01 --> Session: Class initialized using 'CodeIgniter\Session\Handlers\FileHandler' driver.
DEBUG - 2025-09-07 09:01:03 --> Session: Class initialized using 'CodeIgniter\Session\Handlers\FileHandler' driver.
DEBUG - 2025-09-07 09:01:08 --> Session: Class initialized using 'CodeIgniter\Session\Handlers\FileHandler' driver.
DEBUG - 2025-09-07 09:01:13 --> Session: Class initialized using 'CodeIgniter\Session\Handlers\FileHandler' driver.
DEBUG - 2025-09-07 09:01:24 --> Session: Class initialized using 'CodeIgniter\Session\Handlers\FileHandler' driver.
DEBUG - 2025-09-07 09:01:29 --> Session: Class initialized using 'CodeIgniter\Session\Handlers\FileHandler' driver.
DEBUG - 2025-09-07 09:01:35 --> Session: Class initialized using 'CodeIgniter\Session\Handlers\FileHandler' driver.
DEBUG - 2025-09-07 09:01:38 --> Session: Class initialized using 'CodeIgniter\Session\Handlers\FileHandler' driver.
DEBUG - 2025-09-07 09:02:04 --> Session: Class initialized using 'CodeIgniter\Session\Handlers\FileHandler' driver.
DEBUG - 2025-09-07 09:02:04 --> Session: Class initialized using 'CodeIgniter\Session\Handlers\FileHandler' driver.
DEBUG - 2025-09-07 09:02:07 --> Session: Class initialized using 'CodeIgniter\Session\Handlers\FileHandler' driver.
DEBUG - 2025-09-07 09:03:03 --> Session: Class initialized using 'CodeIgniter\Session\Handlers\FileHandler' driver.
DEBUG - 2025-09-07 09:03:05 --> Session: Class initialized using 'CodeIgniter\Session\Handlers\FileHandler' driver.
DEBUG - 2025-09-07 09:03:06 --> Session: Class initialized using 'CodeIgniter\Session\Handlers\FileHandler' driver.
DEBUG - 2025-09-07 09:03:07 --> Session: Class initialized using 'CodeIgniter\Session\Handlers\FileHandler' driver.
DEBUG - 2025-09-07 09:03:20 --> Session: Class initialized using 'CodeIgniter\Session\Handlers\FileHandler' driver.
DEBUG - 2025-09-07 09:03:21 --> Session: Class initialized using 'CodeIgniter\Session\Handlers\FileHandler' driver.
DEBUG - 2025-09-07 09:03:43 --> Session: Class initialized using 'CodeIgniter\Session\Handlers\FileHandler' driver.
DEBUG - 2025-09-07 09:03:44 --> Session: Class initialized using 'CodeIgniter\Session\Handlers\FileHandler' driver.
DEBUG - 2025-09-07 09:03:51 --> Session: Class initialized using 'CodeIgniter\Session\Handlers\FileHandler' driver.
DEBUG - 2025-09-07 09:03:52 --> Session: Class initialized using 'CodeIgniter\Session\Handlers\FileHandler' driver.
DEBUG - 2025-09-07 09:03:54 --> Session: Class initialized using 'CodeIgniter\Session\Handlers\FileHandler' driver.
DEBUG - 2025-09-07 09:03:57 --> Session: Class initialized using 'CodeIgniter\Session\Handlers\FileHandler' driver.
DEBUG - 2025-09-07 09:04:02 --> Session: Class initialized using 'CodeIgniter\Session\Handlers\FileHandler' driver.
DEBUG - 2025-09-07 09:04:04 --> Session: Class initialized using 'CodeIgniter\Session\Handlers\FileHandler' driver.
DEBUG - 2025-09-07 09:04:04 --> Session: Class initialized using 'CodeIgniter\Session\Handlers\FileHandler' driver.
DEBUG - 2025-09-07 09:04:05 --> Session: Class initialized using 'CodeIgniter\Session\Handlers\FileHandler' driver.
DEBUG - 2025-09-07 09:04:08 --> Session: Class initialized using 'CodeIgniter\Session\Handlers\FileHandler' driver.
DEBUG - 2025-09-07 09:04:19 --> Session: Class initialized using 'CodeIgniter\Session\Handlers\FileHandler' driver.
DEBUG - 2025-09-07 09:04:33 --> Session: Class initialized using 'CodeIgniter\Session\Handlers\FileHandler' driver.
DEBUG - 2025-09-07 09:04:38 --> Session: Class initialized using 'CodeIgniter\Session\Handlers\FileHandler' driver.
DEBUG - 2025-09-07 09:04:44 --> Session: Class initialized using 'CodeIgniter\Session\Handlers\FileHandler' driver.
DEBUG - 2025-09-07 09:04:44 --> Session: Class initialized using 'CodeIgniter\Session\Handlers\FileHandler' driver.
DEBUG - 2025-09-07 09:04:47 --> Session: Class initialized using 'CodeIgniter\Session\Handlers\FileHandler' driver.
DEBUG - 2025-09-07 09:04:49 --> Session: Class initialized using 'CodeIgniter\Session\Handlers\FileHandler' driver.
DEBUG - 2025-09-07 09:04:57 --> Session: Class initialized using 'CodeIgniter\Session\Handlers\FileHandler' driver.
DEBUG - 2025-09-07 09:04:57 --> Session: Class initialized using 'CodeIgniter\Session\Handlers\FileHandler' driver.
DEBUG - 2025-09-07 09:04:59 --> Session: Class initialized using 'CodeIgniter\Session\Handlers\FileHandler' driver.
DEBUG - 2025-09-07 09:05:00 --> Session: Class initialized using 'CodeIgniter\Session\Handlers\FileHandler' driver.
DEBUG - 2025-09-07 09:05:53 --> Session: Class initialized using 'CodeIgniter\Session\Handlers\FileHandler' driver.
DEBUG - 2025-09-07 09:06:38 --> Session: Class initialized using 'CodeIgniter\Session\Handlers\FileHandler' driver.
DEBUG - 2025-09-07 09:06:54 --> Session: Class initialized using 'CodeIgniter\Session\Handlers\FileHandler' driver.
DEBUG - 2025-09-07 09:07:04 --> Session: Class initialized using 'CodeIgniter\Session\Handlers\FileHandler' driver.
DEBUG - 2025-09-07 09:07:44 --> Session: Class initialized using 'CodeIgniter\Session\Handlers\FileHandler' driver.
DEBUG - 2025-09-07 09:09:06 --> Session: Class initialized using 'CodeIgniter\Session\Handlers\FileHandler' driver.
DEBUG - 2025-09-07 09:09:33 --> Session: Class initialized using 'CodeIgniter\Session\Handlers\FileHandler' driver.
DEBUG - 2025-09-07 09:09:43 --> Session: Class initialized using 'CodeIgniter\Session\Handlers\FileHandler' driver.
DEBUG - 2025-09-07 09:09:43 --> Session: Class initialized using 'CodeIgniter\Session\Handlers\FileHandler' driver.
DEBUG - 2025-09-07 09:09:50 --> Session: Class initialized using 'CodeIgniter\Session\Handlers\FileHandler' driver.
DEBUG - 2025-09-07 09:09:50 --> Session: Class initialized using 'CodeIgniter\Session\Handlers\FileHandler' driver.
DEBUG - 2025-09-07 09:09:52 --> Session: Class initialized using 'CodeIgniter\Session\Handlers\FileHandler' driver.
DEBUG - 2025-09-07 09:09:53 --> Session: Class initialized using 'CodeIgniter\Session\Handlers\FileHandler' driver.
DEBUG - 2025-09-07 09:10:57 --> Session: Class initialized using 'CodeIgniter\Session\Handlers\FileHandler' driver.
DEBUG - 2025-09-07 09:11:10 --> Session: Class initialized using 'CodeIgniter\Session\Handlers\FileHandler' driver.
DEBUG - 2025-09-07 09:11:10 --> Session: Class initialized using 'CodeIgniter\Session\Handlers\FileHandler' driver.
DEBUG - 2025-09-07 09:11:13 --> Session: Class initialized using 'CodeIgniter\Session\Handlers\FileHandler' driver.
