ERROR - 2025-09-10 00:29:51 --> Error connecting to the database: mysqli_sql_exception: No connection could be made because the target machine actively refused it in D:\PROJECT\kms-ukpbj\vendor\codeigniter4\framework\system\Database\MySQLi\Connection.php:201
Stack trace:
#0 D:\PROJECT\kms-ukpbj\vendor\codeigniter4\framework\system\Database\MySQLi\Connection.php(201): mysqli->real_connect('localhost', 'root', Object(SensitiveParameterValue), 'darinkms', 3306, '', 0)
#1 D:\PROJECT\kms-ukpbj\vendor\codeigniter4\framework\system\Database\BaseConnection.php(419): CodeIgniter\Database\MySQLi\Connection->connect(false)
#2 D:\PROJECT\kms-ukpbj\vendor\codeigniter4\framework\system\Database\BaseConnection.php(614): CodeIgniter\Database\BaseConnection->initialize()
#3 D:\PROJECT\kms-ukpbj\vendor\codeigniter4\framework\system\Database\BaseBuilder.php(1649): CodeIgniter\Database\BaseConnection->query('SELECT *\nFROM `...', Array, false)
#4 D:\PROJECT\kms-ukpbj\vendor\codeigniter4\framework\system\Model.php(286): CodeIgniter\Database\BaseBuilder->get()
#5 D:\PROJECT\kms-ukpbj\vendor\codeigniter4\framework\system\BaseModel.php(677): CodeIgniter\Model->doFindAll(0, 0)
#6 D:\PROJECT\kms-ukpbj\app\Models\PengetahuanModel.php(145): CodeIgniter\BaseModel->findAll()
#7 D:\PROJECT\kms-ukpbj\app\Controllers\Home.php(23): App\Models\PengetahuanModel->getPublicPengetahuan(5)
#8 D:\PROJECT\kms-ukpbj\vendor\codeigniter4\framework\system\CodeIgniter.php(933): App\Controllers\Home->index()
#9 D:\PROJECT\kms-ukpbj\vendor\codeigniter4\framework\system\CodeIgniter.php(507): CodeIgniter\CodeIgniter->runController(Object(App\Controllers\Home))
#10 D:\PROJECT\kms-ukpbj\vendor\codeigniter4\framework\system\CodeIgniter.php(354): CodeIgniter\CodeIgniter->handleRequest(NULL, Object(Config\Cache), false)
#11 D:\PROJECT\kms-ukpbj\vendor\codeigniter4\framework\system\Boot.php(363): CodeIgniter\CodeIgniter->run()
#12 D:\PROJECT\kms-ukpbj\vendor\codeigniter4\framework\system\Boot.php(68): CodeIgniter\Boot::runCodeIgniter(Object(CodeIgniter\CodeIgniter))
#13 D:\PROJECT\kms-ukpbj\public\index.php(59): CodeIgniter\Boot::bootWeb(Object(Config\Paths))
#14 D:\PROJECT\kms-ukpbj\vendor\codeigniter4\framework\system\rewrite.php(44): require_once('D:\\PROJECT\\kms-...')
#15 {main}

Next CodeIgniter\Database\Exceptions\DatabaseException: No connection could be made because the target machine actively refused it in D:\PROJECT\kms-ukpbj\vendor\codeigniter4\framework\system\Database\MySQLi\Connection.php:246
Stack trace:
#0 D:\PROJECT\kms-ukpbj\vendor\codeigniter4\framework\system\Database\BaseConnection.php(419): CodeIgniter\Database\MySQLi\Connection->connect(false)
#1 D:\PROJECT\kms-ukpbj\vendor\codeigniter4\framework\system\Database\BaseConnection.php(614): CodeIgniter\Database\BaseConnection->initialize()
#2 D:\PROJECT\kms-ukpbj\vendor\codeigniter4\framework\system\Database\BaseBuilder.php(1649): CodeIgniter\Database\BaseConnection->query('SELECT *\nFROM `...', Array, false)
#3 D:\PROJECT\kms-ukpbj\vendor\codeigniter4\framework\system\Model.php(286): CodeIgniter\Database\BaseBuilder->get()
#4 D:\PROJECT\kms-ukpbj\vendor\codeigniter4\framework\system\BaseModel.php(677): CodeIgniter\Model->doFindAll(0, 0)
#5 D:\PROJECT\kms-ukpbj\app\Models\PengetahuanModel.php(145): CodeIgniter\BaseModel->findAll()
#6 D:\PROJECT\kms-ukpbj\app\Controllers\Home.php(23): App\Models\PengetahuanModel->getPublicPengetahuan(5)
#7 D:\PROJECT\kms-ukpbj\vendor\codeigniter4\framework\system\CodeIgniter.php(933): App\Controllers\Home->index()
#8 D:\PROJECT\kms-ukpbj\vendor\codeigniter4\framework\system\CodeIgniter.php(507): CodeIgniter\CodeIgniter->runController(Object(App\Controllers\Home))
#9 D:\PROJECT\kms-ukpbj\vendor\codeigniter4\framework\system\CodeIgniter.php(354): CodeIgniter\CodeIgniter->handleRequest(NULL, Object(Config\Cache), false)
#10 D:\PROJECT\kms-ukpbj\vendor\codeigniter4\framework\system\Boot.php(363): CodeIgniter\CodeIgniter->run()
#11 D:\PROJECT\kms-ukpbj\vendor\codeigniter4\framework\system\Boot.php(68): CodeIgniter\Boot::runCodeIgniter(Object(CodeIgniter\CodeIgniter))
#12 D:\PROJECT\kms-ukpbj\public\index.php(59): CodeIgniter\Boot::bootWeb(Object(Config\Paths))
#13 D:\PROJECT\kms-ukpbj\vendor\codeigniter4\framework\system\rewrite.php(44): require_once('D:\\PROJECT\\kms-...')
#14 {main}
CRITICAL - 2025-09-10 00:29:51 --> CodeIgniter\Database\Exceptions\DatabaseException: Unable to connect to the database.
Main connection [MySQLi]: No connection could be made because the target machine actively refused it
[Method: GET, Route: /]
in SYSTEMPATH\Database\BaseConnection.php on line 465.
 1 SYSTEMPATH\Database\BaseConnection.php(614): CodeIgniter\Database\BaseConnection->initialize()
 2 SYSTEMPATH\Database\BaseBuilder.php(1649): CodeIgniter\Database\BaseConnection->query('SELECT *
FROM `pengetahuan`
WHERE `akses_publik` = :akses_publik:
ORDER BY `created_at` DESC
 LIMIT 5', [...], false)
 3 SYSTEMPATH\Model.php(286): CodeIgniter\Database\BaseBuilder->get()
 4 SYSTEMPATH\BaseModel.php(677): CodeIgniter\Model->doFindAll(0, 0)
 5 APPPATH\Models\PengetahuanModel.php(145): CodeIgniter\BaseModel->findAll()
 6 APPPATH\Controllers\Home.php(23): App\Models\PengetahuanModel->getPublicPengetahuan(5)
 7 SYSTEMPATH\CodeIgniter.php(933): App\Controllers\Home->index()
 8 SYSTEMPATH\CodeIgniter.php(507): CodeIgniter\CodeIgniter->runController(Object(App\Controllers\Home))
 9 SYSTEMPATH\CodeIgniter.php(354): CodeIgniter\CodeIgniter->handleRequest(null, Object(Config\Cache), false)
10 SYSTEMPATH\Boot.php(363): CodeIgniter\CodeIgniter->run()
11 SYSTEMPATH\Boot.php(68): CodeIgniter\Boot::runCodeIgniter(Object(CodeIgniter\CodeIgniter))
12 FCPATH\index.php(59): CodeIgniter\Boot::bootWeb(Object(Config\Paths))
13 SYSTEMPATH\rewrite.php(44): require_once('D:\\PROJECT\\kms-ukpbj\\public\\index.php')
DEBUG - 2025-09-10 00:30:56 --> Session: Class initialized using 'CodeIgniter\Session\Handlers\FileHandler' driver.
DEBUG - 2025-09-10 00:35:15 --> Session: Class initialized using 'CodeIgniter\Session\Handlers\FileHandler' driver.
DEBUG - 2025-09-10 00:35:18 --> Session: Class initialized using 'CodeIgniter\Session\Handlers\FileHandler' driver.
DEBUG - 2025-09-10 00:35:19 --> Session: Class initialized using 'CodeIgniter\Session\Handlers\FileHandler' driver.
DEBUG - 2025-09-10 00:35:26 --> Session: Class initialized using 'CodeIgniter\Session\Handlers\FileHandler' driver.
DEBUG - 2025-09-10 00:35:26 --> Session: Class initialized using 'CodeIgniter\Session\Handlers\FileHandler' driver.
DEBUG - 2025-09-10 00:35:39 --> Session: Class initialized using 'CodeIgniter\Session\Handlers\FileHandler' driver.
DEBUG - 2025-09-10 00:35:39 --> Session: Class initialized using 'CodeIgniter\Session\Handlers\FileHandler' driver.
DEBUG - 2025-09-10 00:35:52 --> Session: Class initialized using 'CodeIgniter\Session\Handlers\FileHandler' driver.
DEBUG - 2025-09-10 00:35:53 --> Session: Class initialized using 'CodeIgniter\Session\Handlers\FileHandler' driver.
DEBUG - 2025-09-10 00:35:55 --> Session: Class initialized using 'CodeIgniter\Session\Handlers\FileHandler' driver.
DEBUG - 2025-09-10 00:35:55 --> Session: Class initialized using 'CodeIgniter\Session\Handlers\FileHandler' driver.
DEBUG - 2025-09-10 00:36:01 --> Session: Class initialized using 'CodeIgniter\Session\Handlers\FileHandler' driver.
DEBUG - 2025-09-10 00:36:02 --> Session: Class initialized using 'CodeIgniter\Session\Handlers\FileHandler' driver.
DEBUG - 2025-09-10 00:36:03 --> Session: Class initialized using 'CodeIgniter\Session\Handlers\FileHandler' driver.
DEBUG - 2025-09-10 00:36:04 --> Session: Class initialized using 'CodeIgniter\Session\Handlers\FileHandler' driver.
DEBUG - 2025-09-10 00:36:09 --> Session: Class initialized using 'CodeIgniter\Session\Handlers\FileHandler' driver.
DEBUG - 2025-09-10 00:36:22 --> Session: Class initialized using 'CodeIgniter\Session\Handlers\FileHandler' driver.
DEBUG - 2025-09-10 00:36:22 --> Session: Class initialized using 'CodeIgniter\Session\Handlers\FileHandler' driver.
DEBUG - 2025-09-10 00:36:25 --> Session: Class initialized using 'CodeIgniter\Session\Handlers\FileHandler' driver.
DEBUG - 2025-09-10 00:36:29 --> Session: Class initialized using 'CodeIgniter\Session\Handlers\FileHandler' driver.
DEBUG - 2025-09-10 00:36:35 --> Session: Class initialized using 'CodeIgniter\Session\Handlers\FileHandler' driver.
DEBUG - 2025-09-10 00:37:37 --> Session: Class initialized using 'CodeIgniter\Session\Handlers\FileHandler' driver.
DEBUG - 2025-09-10 00:37:51 --> Session: Class initialized using 'CodeIgniter\Session\Handlers\FileHandler' driver.
DEBUG - 2025-09-10 00:38:04 --> Session: Class initialized using 'CodeIgniter\Session\Handlers\FileHandler' driver.
DEBUG - 2025-09-10 00:38:04 --> Session: Class initialized using 'CodeIgniter\Session\Handlers\FileHandler' driver.
CRITICAL - 2025-09-10 00:38:05 --> ErrorException: Undefined variable $pengetahuan
[Method: GET, Route: users/pelatihan/view/37]
in APPPATH\Views\users\pelatihan\komentar_card.php on line 46.
 1 APPPATH\Views\users\pelatihan\komentar_card.php(46): CodeIgniter\Debug\Exceptions->errorHandler(2, 'Undefined variable $pengetahuan', 'D:\\PROJECT\\kms-ukpbj\\app\\Views\\users\\pelatihan\\komentar_card.php', 46)
 2 APPPATH\Views\users\pelatihan\view.php(118): include('D:\\PROJECT\\kms-ukpbj\\app\\Views\\users\\pelatihan\\komentar_card.php')
 3 SYSTEMPATH\View\View.php(226): include('D:\\PROJECT\\kms-ukpbj\\app\\Views\\users\\pelatihan\\view.php')
 4 SYSTEMPATH\View\View.php(229): CodeIgniter\View\View->CodeIgniter\View\{closure}()
 5 SYSTEMPATH\Common.php(1167): CodeIgniter\View\View->render('users/pelatihan/view', [], true)
 6 APPPATH\Controllers\Users\Pelatihan.php(260): view('users/pelatihan/view', [...])
 7 SYSTEMPATH\CodeIgniter.php(933): App\Controllers\Users\Pelatihan->view('37')
 8 SYSTEMPATH\CodeIgniter.php(507): CodeIgniter\CodeIgniter->runController(Object(App\Controllers\Users\Pelatihan))
 9 SYSTEMPATH\CodeIgniter.php(354): CodeIgniter\CodeIgniter->handleRequest(null, Object(Config\Cache), false)
10 SYSTEMPATH\Boot.php(363): CodeIgniter\CodeIgniter->run()
11 SYSTEMPATH\Boot.php(68): CodeIgniter\Boot::runCodeIgniter(Object(CodeIgniter\CodeIgniter))
12 FCPATH\index.php(59): CodeIgniter\Boot::bootWeb(Object(Config\Paths))
13 SYSTEMPATH\rewrite.php(44): require_once('D:\\PROJECT\\kms-ukpbj\\public\\index.php')
DEBUG - 2025-09-10 00:38:45 --> Session: Class initialized using 'CodeIgniter\Session\Handlers\FileHandler' driver.
CRITICAL - 2025-09-10 00:38:45 --> CodeIgniter\Exceptions\BadMethodCallException: Call to undefined method App\Models\KomentarPelatihanModel::getBalasanByParent
[Method: GET, Route: users/pelatihan/view/37]
in SYSTEMPATH\Model.php on line 927.
 1 APPPATH\Views\users\pelatihan\komentar_card.php(4): CodeIgniter\Model->__call('getBalasanByParent', [...])
 2 APPPATH\Views\users\pelatihan\view.php(118): include('D:\\PROJECT\\kms-ukpbj\\app\\Views\\users\\pelatihan\\komentar_card.php')
 3 SYSTEMPATH\View\View.php(226): include('D:\\PROJECT\\kms-ukpbj\\app\\Views\\users\\pelatihan\\view.php')
 4 SYSTEMPATH\View\View.php(229): CodeIgniter\View\View->CodeIgniter\View\{closure}()
 5 SYSTEMPATH\Common.php(1167): CodeIgniter\View\View->render('users/pelatihan/view', [], true)
 6 APPPATH\Controllers\Users\Pelatihan.php(260): view('users/pelatihan/view', [...])
 7 SYSTEMPATH\CodeIgniter.php(933): App\Controllers\Users\Pelatihan->view('37')
 8 SYSTEMPATH\CodeIgniter.php(507): CodeIgniter\CodeIgniter->runController(Object(App\Controllers\Users\Pelatihan))
 9 SYSTEMPATH\CodeIgniter.php(354): CodeIgniter\CodeIgniter->handleRequest(null, Object(Config\Cache), false)
10 SYSTEMPATH\Boot.php(363): CodeIgniter\CodeIgniter->run()
11 SYSTEMPATH\Boot.php(68): CodeIgniter\Boot::runCodeIgniter(Object(CodeIgniter\CodeIgniter))
12 FCPATH\index.php(59): CodeIgniter\Boot::bootWeb(Object(Config\Paths))
13 SYSTEMPATH\rewrite.php(44): require_once('D:\\PROJECT\\kms-ukpbj\\public\\index.php')
DEBUG - 2025-09-10 00:42:04 --> Session: Class initialized using 'CodeIgniter\Session\Handlers\FileHandler' driver.
CRITICAL - 2025-09-10 00:42:04 --> CodeIgniter\Exceptions\BadMethodCallException: Call to undefined method App\Models\KomentarPelatihanModel::getBalasanByParent
[Method: GET, Route: users/pelatihan/view/37]
in SYSTEMPATH\Model.php on line 927.
 1 APPPATH\Views\users\pelatihan\komentar_card.php(4): CodeIgniter\Model->__call('getBalasanByParent', [...])
 2 APPPATH\Views\users\pelatihan\view.php(118): include('D:\\PROJECT\\kms-ukpbj\\app\\Views\\users\\pelatihan\\komentar_card.php')
 3 SYSTEMPATH\View\View.php(226): include('D:\\PROJECT\\kms-ukpbj\\app\\Views\\users\\pelatihan\\view.php')
 4 SYSTEMPATH\View\View.php(229): CodeIgniter\View\View->CodeIgniter\View\{closure}()
 5 SYSTEMPATH\Common.php(1167): CodeIgniter\View\View->render('users/pelatihan/view', [], true)
 6 APPPATH\Controllers\Users\Pelatihan.php(260): view('users/pelatihan/view', [...])
 7 SYSTEMPATH\CodeIgniter.php(933): App\Controllers\Users\Pelatihan->view('37')
 8 SYSTEMPATH\CodeIgniter.php(507): CodeIgniter\CodeIgniter->runController(Object(App\Controllers\Users\Pelatihan))
 9 SYSTEMPATH\CodeIgniter.php(354): CodeIgniter\CodeIgniter->handleRequest(null, Object(Config\Cache), false)
10 SYSTEMPATH\Boot.php(363): CodeIgniter\CodeIgniter->run()
11 SYSTEMPATH\Boot.php(68): CodeIgniter\Boot::runCodeIgniter(Object(CodeIgniter\CodeIgniter))
12 FCPATH\index.php(59): CodeIgniter\Boot::bootWeb(Object(Config\Paths))
13 SYSTEMPATH\rewrite.php(44): require_once('D:\\PROJECT\\kms-ukpbj\\public\\index.php')
DEBUG - 2025-09-10 00:42:30 --> Session: Class initialized using 'CodeIgniter\Session\Handlers\FileHandler' driver.
DEBUG - 2025-09-10 00:47:36 --> Session: Class initialized using 'CodeIgniter\Session\Handlers\FileHandler' driver.
DEBUG - 2025-09-10 00:48:00 --> Session: Class initialized using 'CodeIgniter\Session\Handlers\FileHandler' driver.
DEBUG - 2025-09-10 00:48:03 --> Session: Class initialized using 'CodeIgniter\Session\Handlers\FileHandler' driver.
DEBUG - 2025-09-10 00:48:34 --> Session: Class initialized using 'CodeIgniter\Session\Handlers\FileHandler' driver.
CRITICAL - 2025-09-10 00:48:34 --> ErrorException: Undefined variable $pengetahuan
[Method: GET, Route: users/pelatihan/view/37]
in APPPATH\Views\users\pelatihan\komentar_card.php on line 45.
 1 APPPATH\Views\users\pelatihan\komentar_card.php(45): CodeIgniter\Debug\Exceptions->errorHandler(2, 'Undefined variable $pengetahuan', 'D:\\PROJECT\\kms-ukpbj\\app\\Views\\users\\pelatihan\\komentar_card.php', 45)
 2 APPPATH\Views\users\pelatihan\view.php(118): include('D:\\PROJECT\\kms-ukpbj\\app\\Views\\users\\pelatihan\\komentar_card.php')
 3 SYSTEMPATH\View\View.php(226): include('D:\\PROJECT\\kms-ukpbj\\app\\Views\\users\\pelatihan\\view.php')
 4 SYSTEMPATH\View\View.php(229): CodeIgniter\View\View->CodeIgniter\View\{closure}()
 5 SYSTEMPATH\Common.php(1167): CodeIgniter\View\View->render('users/pelatihan/view', [], true)
 6 APPPATH\Controllers\Users\Pelatihan.php(260): view('users/pelatihan/view', [...])
 7 SYSTEMPATH\CodeIgniter.php(933): App\Controllers\Users\Pelatihan->view('37')
 8 SYSTEMPATH\CodeIgniter.php(507): CodeIgniter\CodeIgniter->runController(Object(App\Controllers\Users\Pelatihan))
 9 SYSTEMPATH\CodeIgniter.php(354): CodeIgniter\CodeIgniter->handleRequest(null, Object(Config\Cache), false)
10 SYSTEMPATH\Boot.php(363): CodeIgniter\CodeIgniter->run()
11 SYSTEMPATH\Boot.php(68): CodeIgniter\Boot::runCodeIgniter(Object(CodeIgniter\CodeIgniter))
12 FCPATH\index.php(59): CodeIgniter\Boot::bootWeb(Object(Config\Paths))
13 SYSTEMPATH\rewrite.php(44): require_once('D:\\PROJECT\\kms-ukpbj\\public\\index.php')
DEBUG - 2025-09-10 00:48:56 --> Session: Class initialized using 'CodeIgniter\Session\Handlers\FileHandler' driver.
DEBUG - 2025-09-10 00:49:47 --> Session: Class initialized using 'CodeIgniter\Session\Handlers\FileHandler' driver.
DEBUG - 2025-09-10 00:58:13 --> Session: Class initialized using 'CodeIgniter\Session\Handlers\FileHandler' driver.
DEBUG - 2025-09-10 00:58:48 --> Session: Class initialized using 'CodeIgniter\Session\Handlers\FileHandler' driver.
DEBUG - 2025-09-10 00:59:05 --> Session: Class initialized using 'CodeIgniter\Session\Handlers\FileHandler' driver.
DEBUG - 2025-09-10 01:00:50 --> POST Data: Array
(
    [csrf_test_name] => b85577de593bd1006c2cc81f82c372f4
    [pelatihan_id] => 37
    [parent_id] => 6
    [user_id] => 49
    [komentar] => test balas
)

DEBUG - 2025-09-10 01:00:50 --> Session: Class initialized using 'CodeIgniter\Session\Handlers\FileHandler' driver.
DEBUG - 2025-09-10 01:00:50 --> Raw parent_id from POST: '6'
DEBUG - 2025-09-10 01:00:50 --> Parent_id converted to integer: 6
DEBUG - 2025-09-10 01:00:50 --> Processing parent comment for ID: 6
DEBUG - 2025-09-10 01:00:50 --> Parent comment found: YES
DEBUG - 2025-09-10 01:00:50 --> New level: 1
DEBUG - 2025-09-10 01:00:50 --> Final data to save: Array
(
    [pelatihan_id] => 37
    [user_id] => 49
    [parent_id] => 6
    [level] => 1
    [komentar] => test balas
    [created_at] => 2025-09-10 01:00:50
)

DEBUG - 2025-09-10 01:00:50 --> Komentar berhasil disimpan dengan ID: 7
DEBUG - 2025-09-10 01:00:50 --> Data yang tersimpan di DB: Array
(
    [id] => 7
    [pelatihan_id] => 37
    [user_id] => 49
    [parent_id] => 6
    [level] => 1
    [komentar] => test balas
    [created_at] => 2025-09-10 01:00:50
)

DEBUG - 2025-09-10 01:00:50 --> Session: Class initialized using 'CodeIgniter\Session\Handlers\FileHandler' driver.
DEBUG - 2025-09-10 01:01:07 --> Session: Class initialized using 'CodeIgniter\Session\Handlers\FileHandler' driver.
DEBUG - 2025-09-10 01:03:31 --> Session: Class initialized using 'CodeIgniter\Session\Handlers\FileHandler' driver.
DEBUG - 2025-09-10 01:03:40 --> POST Data: Array
(
    [csrf_test_name] => b85577de593bd1006c2cc81f82c372f4
    [pelatihan_id] => 37
    [parent_id] => 6
    [user_id] => 49
    [komentar] => balas komentar ini
)

DEBUG - 2025-09-10 01:03:40 --> Session: Class initialized using 'CodeIgniter\Session\Handlers\FileHandler' driver.
DEBUG - 2025-09-10 01:03:40 --> Raw parent_id from POST: '6'
DEBUG - 2025-09-10 01:03:40 --> Parent_id converted to integer: 6
DEBUG - 2025-09-10 01:03:40 --> Processing parent comment for ID: 6
DEBUG - 2025-09-10 01:03:40 --> Parent comment found: YES
DEBUG - 2025-09-10 01:03:40 --> New level: 1
DEBUG - 2025-09-10 01:03:40 --> Final data to save: Array
(
    [pelatihan_id] => 37
    [user_id] => 49
    [parent_id] => 6
    [level] => 1
    [komentar] => balas komentar ini
    [created_at] => 2025-09-10 01:03:40
)

DEBUG - 2025-09-10 01:03:40 --> Komentar berhasil disimpan dengan ID: 8
DEBUG - 2025-09-10 01:03:40 --> Data yang tersimpan di DB: Array
(
    [id] => 8
    [pelatihan_id] => 37
    [user_id] => 49
    [parent_id] => 6
    [level] => 1
    [komentar] => balas komentar ini
    [created_at] => 2025-09-10 01:03:40
)

DEBUG - 2025-09-10 01:03:40 --> Session: Class initialized using 'CodeIgniter\Session\Handlers\FileHandler' driver.
DEBUG - 2025-09-10 01:03:54 --> Session: Class initialized using 'CodeIgniter\Session\Handlers\FileHandler' driver.
DEBUG - 2025-09-10 01:03:54 --> Session: Class initialized using 'CodeIgniter\Session\Handlers\FileHandler' driver.
DEBUG - 2025-09-10 01:04:06 --> Session: Class initialized using 'CodeIgniter\Session\Handlers\FileHandler' driver.
DEBUG - 2025-09-10 01:04:06 --> Session: Class initialized using 'CodeIgniter\Session\Handlers\FileHandler' driver.
DEBUG - 2025-09-10 01:04:10 --> Session: Class initialized using 'CodeIgniter\Session\Handlers\FileHandler' driver.
DEBUG - 2025-09-10 01:04:13 --> Session: Class initialized using 'CodeIgniter\Session\Handlers\FileHandler' driver.
DEBUG - 2025-09-10 01:04:48 --> Session: Class initialized using 'CodeIgniter\Session\Handlers\FileHandler' driver.
DEBUG - 2025-09-10 01:05:30 --> Session: Class initialized using 'CodeIgniter\Session\Handlers\FileHandler' driver.
DEBUG - 2025-09-10 01:05:38 --> POST Data: Array
(
    [csrf_test_name] => b85577de593bd1006c2cc81f82c372f4
    [pelatihan_id] => 37
    [parent_id] => 6
    [user_id] => 1
    [komentar] => Balas komentar ini
)

DEBUG - 2025-09-10 01:05:38 --> Session: Class initialized using 'CodeIgniter\Session\Handlers\FileHandler' driver.
DEBUG - 2025-09-10 01:05:38 --> Raw parent_id from POST: '6'
DEBUG - 2025-09-10 01:05:38 --> Parent_id converted to integer: 6
DEBUG - 2025-09-10 01:05:38 --> Processing parent comment for ID: 6
DEBUG - 2025-09-10 01:05:38 --> Parent comment found: YES
DEBUG - 2025-09-10 01:05:38 --> New level: 1
DEBUG - 2025-09-10 01:05:38 --> Final data to save: Array
(
    [pelatihan_id] => 37
    [user_id] => 1
    [parent_id] => 6
    [level] => 1
    [komentar] => Balas komentar ini
    [created_at] => 2025-09-10 01:05:38
)

DEBUG - 2025-09-10 01:05:38 --> Komentar berhasil disimpan dengan ID: 9
DEBUG - 2025-09-10 01:05:38 --> Data yang tersimpan di DB: Array
(
    [id] => 9
    [pelatihan_id] => 37
    [user_id] => 1
    [parent_id] => 6
    [level] => 1
    [komentar] => Balas komentar ini
    [created_at] => 2025-09-10 01:05:38
)

DEBUG - 2025-09-10 01:05:38 --> Session: Class initialized using 'CodeIgniter\Session\Handlers\FileHandler' driver.
DEBUG - 2025-09-10 01:07:08 --> Session: Class initialized using 'CodeIgniter\Session\Handlers\FileHandler' driver.
DEBUG - 2025-09-10 01:07:08 --> Session: Class initialized using 'CodeIgniter\Session\Handlers\FileHandler' driver.
DEBUG - 2025-09-10 01:07:19 --> Session: Class initialized using 'CodeIgniter\Session\Handlers\FileHandler' driver.
DEBUG - 2025-09-10 01:07:19 --> Session: Class initialized using 'CodeIgniter\Session\Handlers\FileHandler' driver.
DEBUG - 2025-09-10 01:07:21 --> Session: Class initialized using 'CodeIgniter\Session\Handlers\FileHandler' driver.
DEBUG - 2025-09-10 01:07:23 --> Session: Class initialized using 'CodeIgniter\Session\Handlers\FileHandler' driver.
DEBUG - 2025-09-10 01:07:46 --> POST Data: Array
(
    [csrf_test_name] => b85577de593bd1006c2cc81f82c372f4
    [pelatihan_id] => 37
    [parent_id] => 7
    [user_id] => 48
    [komentar] => Test balas komentar ini
)

DEBUG - 2025-09-10 01:07:46 --> Session: Class initialized using 'CodeIgniter\Session\Handlers\FileHandler' driver.
DEBUG - 2025-09-10 01:07:46 --> Raw parent_id from POST: '7'
DEBUG - 2025-09-10 01:07:46 --> Parent_id converted to integer: 7
DEBUG - 2025-09-10 01:07:46 --> Processing parent comment for ID: 7
DEBUG - 2025-09-10 01:07:47 --> Parent comment found: YES
DEBUG - 2025-09-10 01:07:47 --> New level: 2
DEBUG - 2025-09-10 01:07:47 --> Final data to save: Array
(
    [pelatihan_id] => 37
    [user_id] => 48
    [parent_id] => 7
    [level] => 2
    [komentar] => Test balas komentar ini
    [created_at] => 2025-09-10 01:07:47
)

DEBUG - 2025-09-10 01:07:47 --> Komentar berhasil disimpan dengan ID: 10
DEBUG - 2025-09-10 01:07:47 --> Data yang tersimpan di DB: Array
(
    [id] => 10
    [pelatihan_id] => 37
    [user_id] => 48
    [parent_id] => 7
    [level] => 2
    [komentar] => Test balas komentar ini
    [created_at] => 2025-09-10 01:07:47
)

DEBUG - 2025-09-10 01:07:47 --> Session: Class initialized using 'CodeIgniter\Session\Handlers\FileHandler' driver.
DEBUG - 2025-09-10 01:19:05 --> Session: Class initialized using 'CodeIgniter\Session\Handlers\FileHandler' driver.
DEBUG - 2025-09-10 01:19:05 --> Session: Class initialized using 'CodeIgniter\Session\Handlers\FileHandler' driver.
DEBUG - 2025-09-10 01:19:07 --> Session: Class initialized using 'CodeIgniter\Session\Handlers\FileHandler' driver.
DEBUG - 2025-09-10 01:19:10 --> Session: Class initialized using 'CodeIgniter\Session\Handlers\FileHandler' driver.
DEBUG - 2025-09-10 01:19:14 --> Session: Class initialized using 'CodeIgniter\Session\Handlers\FileHandler' driver.
DEBUG - 2025-09-10 01:19:14 --> Session: Class initialized using 'CodeIgniter\Session\Handlers\FileHandler' driver.
DEBUG - 2025-09-10 01:19:15 --> Session: Class initialized using 'CodeIgniter\Session\Handlers\FileHandler' driver.
DEBUG - 2025-09-10 01:19:17 --> Session: Class initialized using 'CodeIgniter\Session\Handlers\FileHandler' driver.
DEBUG - 2025-09-10 01:19:23 --> Session: Class initialized using 'CodeIgniter\Session\Handlers\FileHandler' driver.
DEBUG - 2025-09-10 01:19:32 --> Session: Class initialized using 'CodeIgniter\Session\Handlers\FileHandler' driver.
DEBUG - 2025-09-10 01:19:32 --> Session: Class initialized using 'CodeIgniter\Session\Handlers\FileHandler' driver.
DEBUG - 2025-09-10 01:19:34 --> Session: Class initialized using 'CodeIgniter\Session\Handlers\FileHandler' driver.
DEBUG - 2025-09-10 01:19:36 --> Session: Class initialized using 'CodeIgniter\Session\Handlers\FileHandler' driver.
DEBUG - 2025-09-10 01:21:16 --> Session: Class initialized using 'CodeIgniter\Session\Handlers\FileHandler' driver.
DEBUG - 2025-09-10 01:21:17 --> Session: Class initialized using 'CodeIgniter\Session\Handlers\FileHandler' driver.
DEBUG - 2025-09-10 01:21:25 --> Session: Class initialized using 'CodeIgniter\Session\Handlers\FileHandler' driver.
DEBUG - 2025-09-10 01:21:26 --> Session: Class initialized using 'CodeIgniter\Session\Handlers\FileHandler' driver.
DEBUG - 2025-09-10 01:21:27 --> Session: Class initialized using 'CodeIgniter\Session\Handlers\FileHandler' driver.
DEBUG - 2025-09-10 01:21:28 --> Session: Class initialized using 'CodeIgniter\Session\Handlers\FileHandler' driver.
DEBUG - 2025-09-10 01:21:40 --> Session: Class initialized using 'CodeIgniter\Session\Handlers\FileHandler' driver.
DEBUG - 2025-09-10 01:21:40 --> Session: Class initialized using 'CodeIgniter\Session\Handlers\FileHandler' driver.
DEBUG - 2025-09-10 01:21:43 --> Session: Class initialized using 'CodeIgniter\Session\Handlers\FileHandler' driver.
DEBUG - 2025-09-10 01:21:46 --> Session: Class initialized using 'CodeIgniter\Session\Handlers\FileHandler' driver.
DEBUG - 2025-09-10 01:23:08 --> Session: Class initialized using 'CodeIgniter\Session\Handlers\FileHandler' driver.
DEBUG - 2025-09-10 01:23:12 --> Session: Class initialized using 'CodeIgniter\Session\Handlers\FileHandler' driver.
DEBUG - 2025-09-10 01:23:18 --> Session: Class initialized using 'CodeIgniter\Session\Handlers\FileHandler' driver.
DEBUG - 2025-09-10 01:23:21 --> Session: Class initialized using 'CodeIgniter\Session\Handlers\FileHandler' driver.
DEBUG - 2025-09-10 01:23:31 --> Session: Class initialized using 'CodeIgniter\Session\Handlers\FileHandler' driver.
DEBUG - 2025-09-10 01:23:31 --> Session: Class initialized using 'CodeIgniter\Session\Handlers\FileHandler' driver.
DEBUG - 2025-09-10 01:23:33 --> Session: Class initialized using 'CodeIgniter\Session\Handlers\FileHandler' driver.
DEBUG - 2025-09-10 01:23:34 --> Session: Class initialized using 'CodeIgniter\Session\Handlers\FileHandler' driver.
DEBUG - 2025-09-10 01:23:36 --> Session: Class initialized using 'CodeIgniter\Session\Handlers\FileHandler' driver.
DEBUG - 2025-09-10 01:23:40 --> Session: Class initialized using 'CodeIgniter\Session\Handlers\FileHandler' driver.
DEBUG - 2025-09-10 01:23:40 --> Session: Class initialized using 'CodeIgniter\Session\Handlers\FileHandler' driver.
DEBUG - 2025-09-10 01:23:42 --> Session: Class initialized using 'CodeIgniter\Session\Handlers\FileHandler' driver.
DEBUG - 2025-09-10 01:23:58 --> POST Data: Array
(
    [csrf_test_name] => b85577de593bd1006c2cc81f82c372f4
    [pelatihan_id] => 32
    [parent_id] => 2
    [user_id] => 1
    [komentar] => balas
)

DEBUG - 2025-09-10 01:23:58 --> Session: Class initialized using 'CodeIgniter\Session\Handlers\FileHandler' driver.
DEBUG - 2025-09-10 01:23:58 --> Raw parent_id from POST: '2'
DEBUG - 2025-09-10 01:23:58 --> Parent_id converted to integer: 2
DEBUG - 2025-09-10 01:23:58 --> Processing parent comment for ID: 2
DEBUG - 2025-09-10 01:23:58 --> Parent comment found: YES
DEBUG - 2025-09-10 01:23:58 --> New level: 1
DEBUG - 2025-09-10 01:23:58 --> Final data to save: Array
(
    [pelatihan_id] => 32
    [user_id] => 1
    [parent_id] => 2
    [level] => 1
    [komentar] => balas
    [created_at] => 2025-09-10 01:23:58
)

DEBUG - 2025-09-10 01:23:58 --> Komentar berhasil disimpan dengan ID: 11
DEBUG - 2025-09-10 01:23:58 --> Data yang tersimpan di DB: Array
(
    [id] => 11
    [pelatihan_id] => 32
    [user_id] => 1
    [parent_id] => 2
    [level] => 1
    [komentar] => balas
    [created_at] => 2025-09-10 01:23:58
)

DEBUG - 2025-09-10 01:23:59 --> Session: Class initialized using 'CodeIgniter\Session\Handlers\FileHandler' driver.
DEBUG - 2025-09-10 01:24:06 --> Session: Class initialized using 'CodeIgniter\Session\Handlers\FileHandler' driver.
DEBUG - 2025-09-10 01:24:06 --> Session: Class initialized using 'CodeIgniter\Session\Handlers\FileHandler' driver.
DEBUG - 2025-09-10 01:24:15 --> Session: Class initialized using 'CodeIgniter\Session\Handlers\FileHandler' driver.
DEBUG - 2025-09-10 01:24:15 --> Session: Class initialized using 'CodeIgniter\Session\Handlers\FileHandler' driver.
DEBUG - 2025-09-10 01:24:17 --> Session: Class initialized using 'CodeIgniter\Session\Handlers\FileHandler' driver.
DEBUG - 2025-09-10 01:24:20 --> Session: Class initialized using 'CodeIgniter\Session\Handlers\FileHandler' driver.
DEBUG - 2025-09-10 01:24:24 --> Session: Class initialized using 'CodeIgniter\Session\Handlers\FileHandler' driver.
DEBUG - 2025-09-10 01:24:27 --> Session: Class initialized using 'CodeIgniter\Session\Handlers\FileHandler' driver.
DEBUG - 2025-09-10 01:24:39 --> Session: Class initialized using 'CodeIgniter\Session\Handlers\FileHandler' driver.
DEBUG - 2025-09-10 01:24:44 --> Session: Class initialized using 'CodeIgniter\Session\Handlers\FileHandler' driver.
DEBUG - 2025-09-10 01:24:55 --> Session: Class initialized using 'CodeIgniter\Session\Handlers\FileHandler' driver.
DEBUG - 2025-09-10 01:24:56 --> Session: Class initialized using 'CodeIgniter\Session\Handlers\FileHandler' driver.
DEBUG - 2025-09-10 01:25:30 --> Session: Class initialized using 'CodeIgniter\Session\Handlers\FileHandler' driver.
DEBUG - 2025-09-10 01:26:00 --> Session: Class initialized using 'CodeIgniter\Session\Handlers\FileHandler' driver.
DEBUG - 2025-09-10 01:26:49 --> Session: Class initialized using 'CodeIgniter\Session\Handlers\FileHandler' driver.
DEBUG - 2025-09-10 01:26:55 --> Session: Class initialized using 'CodeIgniter\Session\Handlers\FileHandler' driver.
DEBUG - 2025-09-10 01:26:58 --> Session: Class initialized using 'CodeIgniter\Session\Handlers\FileHandler' driver.
DEBUG - 2025-09-10 01:27:08 --> Session: Class initialized using 'CodeIgniter\Session\Handlers\FileHandler' driver.
DEBUG - 2025-09-10 01:27:15 --> POST Data: Array
(
    [csrf_test_name] => b85577de593bd1006c2cc81f82c372f4
    [komentar] => test komentar parent
)

DEBUG - 2025-09-10 01:27:15 --> Session: Class initialized using 'CodeIgniter\Session\Handlers\FileHandler' driver.
DEBUG - 2025-09-10 01:27:15 --> Raw parent_id from POST: NULL
DEBUG - 2025-09-10 01:27:15 --> Parent_id set to null
DEBUG - 2025-09-10 01:27:15 --> Final data to save: Array
(
    [pelatihan_id] => 31
    [user_id] => 48
    [parent_id] => 
    [level] => 0
    [komentar] => test komentar parent
    [created_at] => 2025-09-10 01:27:15
)

DEBUG - 2025-09-10 01:27:15 --> Komentar berhasil disimpan dengan ID: 12
DEBUG - 2025-09-10 01:27:15 --> Data yang tersimpan di DB: Array
(
    [id] => 12
    [pelatihan_id] => 31
    [user_id] => 48
    [parent_id] => 
    [level] => 0
    [komentar] => test komentar parent
    [created_at] => 2025-09-10 01:27:15
)

DEBUG - 2025-09-10 01:27:15 --> Session: Class initialized using 'CodeIgniter\Session\Handlers\FileHandler' driver.
DEBUG - 2025-09-10 01:27:41 --> Session: Class initialized using 'CodeIgniter\Session\Handlers\FileHandler' driver.
DEBUG - 2025-09-10 01:27:49 --> Session: Class initialized using 'CodeIgniter\Session\Handlers\FileHandler' driver.
DEBUG - 2025-09-10 01:28:02 --> Session: Class initialized using 'CodeIgniter\Session\Handlers\FileHandler' driver.
DEBUG - 2025-09-10 01:28:12 --> Session: Class initialized using 'CodeIgniter\Session\Handlers\FileHandler' driver.
DEBUG - 2025-09-10 01:28:21 --> Session: Class initialized using 'CodeIgniter\Session\Handlers\FileHandler' driver.
DEBUG - 2025-09-10 01:28:21 --> Session: Class initialized using 'CodeIgniter\Session\Handlers\FileHandler' driver.
DEBUG - 2025-09-10 01:28:27 --> Session: Class initialized using 'CodeIgniter\Session\Handlers\FileHandler' driver.
DEBUG - 2025-09-10 01:28:27 --> Session: Class initialized using 'CodeIgniter\Session\Handlers\FileHandler' driver.
DEBUG - 2025-09-10 01:28:29 --> Session: Class initialized using 'CodeIgniter\Session\Handlers\FileHandler' driver.
DEBUG - 2025-09-10 01:28:31 --> Session: Class initialized using 'CodeIgniter\Session\Handlers\FileHandler' driver.
DEBUG - 2025-09-10 01:28:37 --> Session: Class initialized using 'CodeIgniter\Session\Handlers\FileHandler' driver.
DEBUG - 2025-09-10 01:28:52 --> Session: Class initialized using 'CodeIgniter\Session\Handlers\FileHandler' driver.
DEBUG - 2025-09-10 01:28:59 --> Session: Class initialized using 'CodeIgniter\Session\Handlers\FileHandler' driver.
DEBUG - 2025-09-10 01:29:07 --> POST Data: Array
(
    [csrf_test_name] => b85577de593bd1006c2cc81f82c372f4
    [pelatihan_id] => 32
    [parent_id] => 2
    [user_id] => 1
    [komentar] => balas ini
)

DEBUG - 2025-09-10 01:29:07 --> Session: Class initialized using 'CodeIgniter\Session\Handlers\FileHandler' driver.
DEBUG - 2025-09-10 01:29:07 --> Raw parent_id from POST: '2'
DEBUG - 2025-09-10 01:29:07 --> Parent_id converted to integer: 2
DEBUG - 2025-09-10 01:29:07 --> Processing parent comment for ID: 2
DEBUG - 2025-09-10 01:29:07 --> Parent comment found: YES
DEBUG - 2025-09-10 01:29:07 --> New level: 1
DEBUG - 2025-09-10 01:29:07 --> Final data to save: Array
(
    [pelatihan_id] => 32
    [user_id] => 1
    [parent_id] => 2
    [level] => 1
    [komentar] => balas ini
    [created_at] => 2025-09-10 01:29:07
)

DEBUG - 2025-09-10 01:29:07 --> Komentar berhasil disimpan dengan ID: 13
DEBUG - 2025-09-10 01:29:07 --> Data yang tersimpan di DB: Array
(
    [id] => 13
    [pelatihan_id] => 32
    [user_id] => 1
    [parent_id] => 2
    [level] => 1
    [komentar] => balas ini
    [created_at] => 2025-09-10 01:29:07
)

DEBUG - 2025-09-10 01:29:07 --> Session: Class initialized using 'CodeIgniter\Session\Handlers\FileHandler' driver.
DEBUG - 2025-09-10 01:29:41 --> Session: Class initialized using 'CodeIgniter\Session\Handlers\FileHandler' driver.
DEBUG - 2025-09-10 01:29:53 --> Session: Class initialized using 'CodeIgniter\Session\Handlers\FileHandler' driver.
DEBUG - 2025-09-10 01:29:53 --> Session: Class initialized using 'CodeIgniter\Session\Handlers\FileHandler' driver.
DEBUG - 2025-09-10 01:30:49 --> Session: Class initialized using 'CodeIgniter\Session\Handlers\FileHandler' driver.
DEBUG - 2025-09-10 01:30:49 --> Session: Class initialized using 'CodeIgniter\Session\Handlers\FileHandler' driver.
DEBUG - 2025-09-10 01:30:51 --> Session: Class initialized using 'CodeIgniter\Session\Handlers\FileHandler' driver.
DEBUG - 2025-09-10 01:30:53 --> Session: Class initialized using 'CodeIgniter\Session\Handlers\FileHandler' driver.
DEBUG - 2025-09-10 01:30:59 --> POST Data: Array
(
    [csrf_test_name] => b85577de593bd1006c2cc81f82c372f4
    [komentar] => Test tambah komentar
)

DEBUG - 2025-09-10 01:30:59 --> Session: Class initialized using 'CodeIgniter\Session\Handlers\FileHandler' driver.
DEBUG - 2025-09-10 01:30:59 --> Raw parent_id from POST: NULL
DEBUG - 2025-09-10 01:30:59 --> Parent_id set to null
DEBUG - 2025-09-10 01:30:59 --> Final data to save: Array
(
    [pelatihan_id] => 36
    [user_id] => 48
    [parent_id] => 
    [level] => 0
    [komentar] => Test tambah komentar
    [created_at] => 2025-09-10 01:30:59
)

DEBUG - 2025-09-10 01:30:59 --> Komentar berhasil disimpan dengan ID: 14
DEBUG - 2025-09-10 01:30:59 --> Data yang tersimpan di DB: Array
(
    [id] => 14
    [pelatihan_id] => 36
    [user_id] => 48
    [parent_id] => 
    [level] => 0
    [komentar] => Test tambah komentar
    [created_at] => 2025-09-10 01:30:59
)

DEBUG - 2025-09-10 01:30:59 --> Session: Class initialized using 'CodeIgniter\Session\Handlers\FileHandler' driver.
DEBUG - 2025-09-10 01:31:07 --> Session: Class initialized using 'CodeIgniter\Session\Handlers\FileHandler' driver.
DEBUG - 2025-09-10 01:31:54 --> Session: Class initialized using 'CodeIgniter\Session\Handlers\FileHandler' driver.
DEBUG - 2025-09-10 01:32:03 --> Session: Class initialized using 'CodeIgniter\Session\Handlers\FileHandler' driver.
DEBUG - 2025-09-10 01:32:33 --> Session: Class initialized using 'CodeIgniter\Session\Handlers\FileHandler' driver.
DEBUG - 2025-09-10 01:32:54 --> Session: Class initialized using 'CodeIgniter\Session\Handlers\FileHandler' driver.
DEBUG - 2025-09-10 01:33:03 --> Session: Class initialized using 'CodeIgniter\Session\Handlers\FileHandler' driver.
DEBUG - 2025-09-10 01:33:05 --> Session: Class initialized using 'CodeIgniter\Session\Handlers\FileHandler' driver.
DEBUG - 2025-09-10 01:33:08 --> Session: Class initialized using 'CodeIgniter\Session\Handlers\FileHandler' driver.
DEBUG - 2025-09-10 01:33:12 --> POST Data: Array
(
    [csrf_test_name] => b85577de593bd1006c2cc81f82c372f4
    [komentar] => test komentar
)

DEBUG - 2025-09-10 01:33:12 --> Session: Class initialized using 'CodeIgniter\Session\Handlers\FileHandler' driver.
DEBUG - 2025-09-10 01:33:12 --> Raw parent_id from POST: NULL
DEBUG - 2025-09-10 01:33:12 --> Parent_id set to null
DEBUG - 2025-09-10 01:33:12 --> Final data to save: Array
(
    [pengetahuan_id] => 54
    [user_id] => 48
    [parent_id] => 
    [level] => 0
    [komentar] => test komentar
    [created_at] => 2025-09-10 01:33:12
)

DEBUG - 2025-09-10 01:33:12 --> Komentar berhasil disimpan dengan ID: 30
DEBUG - 2025-09-10 01:33:13 --> Data yang tersimpan di DB: Array
(
    [id] => 30
    [pengetahuan_id] => 54
    [user_id] => 48
    [parent_id] => 
    [level] => 0
    [komentar] => test komentar
    [created_at] => 2025-09-10 01:33:12
)

DEBUG - 2025-09-10 01:33:13 --> Session: Class initialized using 'CodeIgniter\Session\Handlers\FileHandler' driver.
DEBUG - 2025-09-10 01:33:19 --> POST Data: Array
(
    [csrf_test_name] => b85577de593bd1006c2cc81f82c372f4
    [parent_id] => 30
    [komentar] => Test balas komentar
)

DEBUG - 2025-09-10 01:33:19 --> Session: Class initialized using 'CodeIgniter\Session\Handlers\FileHandler' driver.
DEBUG - 2025-09-10 01:33:19 --> Raw parent_id from POST: '30'
DEBUG - 2025-09-10 01:33:19 --> Parent_id converted to integer: 30
DEBUG - 2025-09-10 01:33:19 --> Processing parent comment for ID: 30
DEBUG - 2025-09-10 01:33:19 --> Parent comment found: YES
DEBUG - 2025-09-10 01:33:19 --> New level: 1
DEBUG - 2025-09-10 01:33:19 --> Final data to save: Array
(
    [pengetahuan_id] => 54
    [user_id] => 48
    [parent_id] => 30
    [level] => 1
    [komentar] => Test balas komentar
    [created_at] => 2025-09-10 01:33:19
)

DEBUG - 2025-09-10 01:33:19 --> Komentar berhasil disimpan dengan ID: 31
DEBUG - 2025-09-10 01:33:19 --> Data yang tersimpan di DB: Array
(
    [id] => 31
    [pengetahuan_id] => 54
    [user_id] => 48
    [parent_id] => 30
    [level] => 1
    [komentar] => Test balas komentar
    [created_at] => 2025-09-10 01:33:19
)

DEBUG - 2025-09-10 01:33:19 --> Session: Class initialized using 'CodeIgniter\Session\Handlers\FileHandler' driver.
DEBUG - 2025-09-10 01:33:23 --> Session: Class initialized using 'CodeIgniter\Session\Handlers\FileHandler' driver.
DEBUG - 2025-09-10 01:35:11 --> Session: Class initialized using 'CodeIgniter\Session\Handlers\FileHandler' driver.
DEBUG - 2025-09-10 01:35:11 --> Session: Class initialized using 'CodeIgniter\Session\Handlers\FileHandler' driver.
DEBUG - 2025-09-10 01:35:20 --> Session: Class initialized using 'CodeIgniter\Session\Handlers\FileHandler' driver.
DEBUG - 2025-09-10 01:35:20 --> Session: Class initialized using 'CodeIgniter\Session\Handlers\FileHandler' driver.
DEBUG - 2025-09-10 01:35:22 --> Session: Class initialized using 'CodeIgniter\Session\Handlers\FileHandler' driver.
DEBUG - 2025-09-10 01:35:23 --> Session: Class initialized using 'CodeIgniter\Session\Handlers\FileHandler' driver.
DEBUG - 2025-09-10 01:35:59 --> Session: Class initialized using 'CodeIgniter\Session\Handlers\FileHandler' driver.
DEBUG - 2025-09-10 11:31:20 --> Session: Class initialized using 'CodeIgniter\Session\Handlers\FileHandler' driver.
DEBUG - 2025-09-10 11:31:24 --> Session: Class initialized using 'CodeIgniter\Session\Handlers\FileHandler' driver.
DEBUG - 2025-09-10 11:31:25 --> Session: Class initialized using 'CodeIgniter\Session\Handlers\FileHandler' driver.
DEBUG - 2025-09-10 11:31:30 --> Session: Class initialized using 'CodeIgniter\Session\Handlers\FileHandler' driver.
DEBUG - 2025-09-10 11:31:36 --> Session: Class initialized using 'CodeIgniter\Session\Handlers\FileHandler' driver.
DEBUG - 2025-09-10 11:31:36 --> Session: Class initialized using 'CodeIgniter\Session\Handlers\FileHandler' driver.
DEBUG - 2025-09-10 11:31:40 --> Session: Class initialized using 'CodeIgniter\Session\Handlers\FileHandler' driver.
DEBUG - 2025-09-10 11:32:01 --> Session: Class initialized using 'CodeIgniter\Session\Handlers\FileHandler' driver.
DEBUG - 2025-09-10 11:32:03 --> Session: Class initialized using 'CodeIgniter\Session\Handlers\FileHandler' driver.
DEBUG - 2025-09-10 11:32:49 --> Session: Class initialized using 'CodeIgniter\Session\Handlers\FileHandler' driver.
DEBUG - 2025-09-10 11:32:52 --> Session: Class initialized using 'CodeIgniter\Session\Handlers\FileHandler' driver.
DEBUG - 2025-09-10 11:33:54 --> Session: Class initialized using 'CodeIgniter\Session\Handlers\FileHandler' driver.
DEBUG - 2025-09-10 11:33:56 --> Session: Class initialized using 'CodeIgniter\Session\Handlers\FileHandler' driver.
DEBUG - 2025-09-10 11:33:59 --> Session: Class initialized using 'CodeIgniter\Session\Handlers\FileHandler' driver.
DEBUG - 2025-09-10 11:34:30 --> Session: Class initialized using 'CodeIgniter\Session\Handlers\FileHandler' driver.
DEBUG - 2025-09-10 11:34:33 --> Session: Class initialized using 'CodeIgniter\Session\Handlers\FileHandler' driver.
DEBUG - 2025-09-10 11:34:35 --> Session: Class initialized using 'CodeIgniter\Session\Handlers\FileHandler' driver.
DEBUG - 2025-09-10 11:34:39 --> Session: Class initialized using 'CodeIgniter\Session\Handlers\FileHandler' driver.
DEBUG - 2025-09-10 11:34:41 --> Session: Class initialized using 'CodeIgniter\Session\Handlers\FileHandler' driver.
DEBUG - 2025-09-10 11:34:47 --> Session: Class initialized using 'CodeIgniter\Session\Handlers\FileHandler' driver.
DEBUG - 2025-09-10 11:34:52 --> Session: Class initialized using 'CodeIgniter\Session\Handlers\FileHandler' driver.
DEBUG - 2025-09-10 12:14:45 --> Session: Class initialized using 'CodeIgniter\Session\Handlers\FileHandler' driver.
DEBUG - 2025-09-10 12:14:49 --> Session: Class initialized using 'CodeIgniter\Session\Handlers\FileHandler' driver.
DEBUG - 2025-09-10 12:14:52 --> Session: Class initialized using 'CodeIgniter\Session\Handlers\FileHandler' driver.
DEBUG - 2025-09-10 12:16:02 --> Session: Class initialized using 'CodeIgniter\Session\Handlers\FileHandler' driver.
DEBUG - 2025-09-10 12:16:09 --> Session: Class initialized using 'CodeIgniter\Session\Handlers\FileHandler' driver.
DEBUG - 2025-09-10 12:16:13 --> Session: Class initialized using 'CodeIgniter\Session\Handlers\FileHandler' driver.
DEBUG - 2025-09-10 12:16:16 --> Session: Class initialized using 'CodeIgniter\Session\Handlers\FileHandler' driver.
DEBUG - 2025-09-10 12:16:28 --> Session: Class initialized using 'CodeIgniter\Session\Handlers\FileHandler' driver.
DEBUG - 2025-09-10 12:16:41 --> Session: Class initialized using 'CodeIgniter\Session\Handlers\FileHandler' driver.
DEBUG - 2025-09-10 12:16:57 --> Session: Class initialized using 'CodeIgniter\Session\Handlers\FileHandler' driver.
DEBUG - 2025-09-10 12:17:15 --> Session: Class initialized using 'CodeIgniter\Session\Handlers\FileHandler' driver.
DEBUG - 2025-09-10 12:17:15 --> Session: Class initialized using 'CodeIgniter\Session\Handlers\FileHandler' driver.
DEBUG - 2025-09-10 12:17:23 --> Session: Class initialized using 'CodeIgniter\Session\Handlers\FileHandler' driver.
DEBUG - 2025-09-10 12:17:26 --> Session: Class initialized using 'CodeIgniter\Session\Handlers\FileHandler' driver.
DEBUG - 2025-09-10 12:17:30 --> Session: Class initialized using 'CodeIgniter\Session\Handlers\FileHandler' driver.
DEBUG - 2025-09-10 12:17:31 --> Session: Class initialized using 'CodeIgniter\Session\Handlers\FileHandler' driver.
DEBUG - 2025-09-10 12:17:42 --> Session: Class initialized using 'CodeIgniter\Session\Handlers\FileHandler' driver.
DEBUG - 2025-09-10 12:17:42 --> Session: Class initialized using 'CodeIgniter\Session\Handlers\FileHandler' driver.
DEBUG - 2025-09-10 12:17:45 --> Session: Class initialized using 'CodeIgniter\Session\Handlers\FileHandler' driver.
DEBUG - 2025-09-10 12:17:46 --> Session: Class initialized using 'CodeIgniter\Session\Handlers\FileHandler' driver.
DEBUG - 2025-09-10 12:17:48 --> Session: Class initialized using 'CodeIgniter\Session\Handlers\FileHandler' driver.
DEBUG - 2025-09-10 12:17:50 --> Session: Class initialized using 'CodeIgniter\Session\Handlers\FileHandler' driver.
DEBUG - 2025-09-10 12:17:56 --> Session: Class initialized using 'CodeIgniter\Session\Handlers\FileHandler' driver.
DEBUG - 2025-09-10 12:17:58 --> Session: Class initialized using 'CodeIgniter\Session\Handlers\FileHandler' driver.
DEBUG - 2025-09-10 12:17:59 --> Session: Class initialized using 'CodeIgniter\Session\Handlers\FileHandler' driver.
DEBUG - 2025-09-10 12:18:31 --> Session: Class initialized using 'CodeIgniter\Session\Handlers\FileHandler' driver.
DEBUG - 2025-09-10 12:18:42 --> Session: Class initialized using 'CodeIgniter\Session\Handlers\FileHandler' driver.
DEBUG - 2025-09-10 12:18:56 --> Session: Class initialized using 'CodeIgniter\Session\Handlers\FileHandler' driver.
DEBUG - 2025-09-10 12:18:58 --> Session: Class initialized using 'CodeIgniter\Session\Handlers\FileHandler' driver.
DEBUG - 2025-09-10 12:19:04 --> Session: Class initialized using 'CodeIgniter\Session\Handlers\FileHandler' driver.
DEBUG - 2025-09-10 12:19:20 --> Session: Class initialized using 'CodeIgniter\Session\Handlers\FileHandler' driver.
DEBUG - 2025-09-10 12:19:32 --> Session: Class initialized using 'CodeIgniter\Session\Handlers\FileHandler' driver.
DEBUG - 2025-09-10 12:19:34 --> Session: Class initialized using 'CodeIgniter\Session\Handlers\FileHandler' driver.
DEBUG - 2025-09-10 12:19:38 --> Session: Class initialized using 'CodeIgniter\Session\Handlers\FileHandler' driver.
DEBUG - 2025-09-10 12:19:40 --> Session: Class initialized using 'CodeIgniter\Session\Handlers\FileHandler' driver.
DEBUG - 2025-09-10 12:19:44 --> Session: Class initialized using 'CodeIgniter\Session\Handlers\FileHandler' driver.
DEBUG - 2025-09-10 12:19:45 --> Session: Class initialized using 'CodeIgniter\Session\Handlers\FileHandler' driver.
DEBUG - 2025-09-10 12:19:49 --> Session: Class initialized using 'CodeIgniter\Session\Handlers\FileHandler' driver.
DEBUG - 2025-09-10 12:19:53 --> Session: Class initialized using 'CodeIgniter\Session\Handlers\FileHandler' driver.
DEBUG - 2025-09-10 12:19:55 --> Session: Class initialized using 'CodeIgniter\Session\Handlers\FileHandler' driver.
DEBUG - 2025-09-10 12:19:57 --> Session: Class initialized using 'CodeIgniter\Session\Handlers\FileHandler' driver.
DEBUG - 2025-09-10 12:20:14 --> Session: Class initialized using 'CodeIgniter\Session\Handlers\FileHandler' driver.
DEBUG - 2025-09-10 12:20:14 --> Session: Class initialized using 'CodeIgniter\Session\Handlers\FileHandler' driver.
DEBUG - 2025-09-10 12:20:23 --> Session: Class initialized using 'CodeIgniter\Session\Handlers\FileHandler' driver.
DEBUG - 2025-09-10 12:20:23 --> Session: Class initialized using 'CodeIgniter\Session\Handlers\FileHandler' driver.
DEBUG - 2025-09-10 12:20:25 --> Session: Class initialized using 'CodeIgniter\Session\Handlers\FileHandler' driver.
DEBUG - 2025-09-10 12:20:29 --> Session: Class initialized using 'CodeIgniter\Session\Handlers\FileHandler' driver.
DEBUG - 2025-09-10 12:20:30 --> Session: Class initialized using 'CodeIgniter\Session\Handlers\FileHandler' driver.
DEBUG - 2025-09-10 12:20:48 --> Session: Class initialized using 'CodeIgniter\Session\Handlers\FileHandler' driver.
DEBUG - 2025-09-10 12:20:51 --> Session: Class initialized using 'CodeIgniter\Session\Handlers\FileHandler' driver.
DEBUG - 2025-09-10 12:20:54 --> Session: Class initialized using 'CodeIgniter\Session\Handlers\FileHandler' driver.
DEBUG - 2025-09-10 12:21:09 --> Session: Class initialized using 'CodeIgniter\Session\Handlers\FileHandler' driver.
DEBUG - 2025-09-10 12:21:11 --> Session: Class initialized using 'CodeIgniter\Session\Handlers\FileHandler' driver.
DEBUG - 2025-09-10 12:21:15 --> Session: Class initialized using 'CodeIgniter\Session\Handlers\FileHandler' driver.
DEBUG - 2025-09-10 12:21:55 --> Session: Class initialized using 'CodeIgniter\Session\Handlers\FileHandler' driver.
DEBUG - 2025-09-10 12:21:55 --> Session: Class initialized using 'CodeIgniter\Session\Handlers\FileHandler' driver.
DEBUG - 2025-09-10 12:22:02 --> Session: Class initialized using 'CodeIgniter\Session\Handlers\FileHandler' driver.
DEBUG - 2025-09-10 12:22:02 --> Session: Class initialized using 'CodeIgniter\Session\Handlers\FileHandler' driver.
DEBUG - 2025-09-10 12:22:05 --> Session: Class initialized using 'CodeIgniter\Session\Handlers\FileHandler' driver.
DEBUG - 2025-09-10 12:22:14 --> Session: Class initialized using 'CodeIgniter\Session\Handlers\FileHandler' driver.
DEBUG - 2025-09-10 12:22:16 --> Session: Class initialized using 'CodeIgniter\Session\Handlers\FileHandler' driver.
DEBUG - 2025-09-10 12:22:20 --> Session: Class initialized using 'CodeIgniter\Session\Handlers\FileHandler' driver.
DEBUG - 2025-09-10 12:22:26 --> Session: Class initialized using 'CodeIgniter\Session\Handlers\FileHandler' driver.
DEBUG - 2025-09-10 12:22:28 --> Session: Class initialized using 'CodeIgniter\Session\Handlers\FileHandler' driver.
DEBUG - 2025-09-10 12:23:03 --> Session: Class initialized using 'CodeIgniter\Session\Handlers\FileHandler' driver.
DEBUG - 2025-09-10 12:23:36 --> Session: Class initialized using 'CodeIgniter\Session\Handlers\FileHandler' driver.
DEBUG - 2025-09-10 12:23:53 --> Session: Class initialized using 'CodeIgniter\Session\Handlers\FileHandler' driver.
DEBUG - 2025-09-10 12:23:56 --> Session: Class initialized using 'CodeIgniter\Session\Handlers\FileHandler' driver.
DEBUG - 2025-09-10 12:23:59 --> Session: Class initialized using 'CodeIgniter\Session\Handlers\FileHandler' driver.
DEBUG - 2025-09-10 12:24:02 --> Session: Class initialized using 'CodeIgniter\Session\Handlers\FileHandler' driver.
DEBUG - 2025-09-10 12:24:08 --> Session: Class initialized using 'CodeIgniter\Session\Handlers\FileHandler' driver.
DEBUG - 2025-09-10 12:24:11 --> Session: Class initialized using 'CodeIgniter\Session\Handlers\FileHandler' driver.
DEBUG - 2025-09-10 12:24:16 --> Session: Class initialized using 'CodeIgniter\Session\Handlers\FileHandler' driver.
DEBUG - 2025-09-10 12:24:20 --> Session: Class initialized using 'CodeIgniter\Session\Handlers\FileHandler' driver.
DEBUG - 2025-09-10 12:24:28 --> Session: Class initialized using 'CodeIgniter\Session\Handlers\FileHandler' driver.
DEBUG - 2025-09-10 12:24:29 --> Session: Class initialized using 'CodeIgniter\Session\Handlers\FileHandler' driver.
DEBUG - 2025-09-10 12:24:31 --> Session: Class initialized using 'CodeIgniter\Session\Handlers\FileHandler' driver.
DEBUG - 2025-09-10 12:24:43 --> Session: Class initialized using 'CodeIgniter\Session\Handlers\FileHandler' driver.
DEBUG - 2025-09-10 12:24:44 --> Session: Class initialized using 'CodeIgniter\Session\Handlers\FileHandler' driver.
DEBUG - 2025-09-10 12:24:44 --> Session: Class initialized using 'CodeIgniter\Session\Handlers\FileHandler' driver.
DEBUG - 2025-09-10 12:24:45 --> Session: Class initialized using 'CodeIgniter\Session\Handlers\FileHandler' driver.
DEBUG - 2025-09-10 12:24:54 --> Session: Class initialized using 'CodeIgniter\Session\Handlers\FileHandler' driver.
DEBUG - 2025-09-10 12:24:54 --> Session: Class initialized using 'CodeIgniter\Session\Handlers\FileHandler' driver.
DEBUG - 2025-09-10 12:24:56 --> Session: Class initialized using 'CodeIgniter\Session\Handlers\FileHandler' driver.
DEBUG - 2025-09-10 12:24:59 --> Session: Class initialized using 'CodeIgniter\Session\Handlers\FileHandler' driver.
DEBUG - 2025-09-10 12:25:04 --> Session: Class initialized using 'CodeIgniter\Session\Handlers\FileHandler' driver.
DEBUG - 2025-09-10 12:25:04 --> Session: Class initialized using 'CodeIgniter\Session\Handlers\FileHandler' driver.
DEBUG - 2025-09-10 12:25:07 --> Session: Class initialized using 'CodeIgniter\Session\Handlers\FileHandler' driver.
DEBUG - 2025-09-10 12:25:12 --> Session: Class initialized using 'CodeIgniter\Session\Handlers\FileHandler' driver.
DEBUG - 2025-09-10 12:25:42 --> Session: Class initialized using 'CodeIgniter\Session\Handlers\FileHandler' driver.
DEBUG - 2025-09-10 12:25:53 --> Session: Class initialized using 'CodeIgniter\Session\Handlers\FileHandler' driver.
DEBUG - 2025-09-10 12:25:55 --> Session: Class initialized using 'CodeIgniter\Session\Handlers\FileHandler' driver.
DEBUG - 2025-09-10 12:26:11 --> Session: Class initialized using 'CodeIgniter\Session\Handlers\FileHandler' driver.
DEBUG - 2025-09-10 12:26:11 --> Session: Class initialized using 'CodeIgniter\Session\Handlers\FileHandler' driver.
DEBUG - 2025-09-10 12:26:12 --> Session: Class initialized using 'CodeIgniter\Session\Handlers\FileHandler' driver.
DEBUG - 2025-09-10 12:26:15 --> Session: Class initialized using 'CodeIgniter\Session\Handlers\FileHandler' driver.
DEBUG - 2025-09-10 12:26:42 --> Session: Class initialized using 'CodeIgniter\Session\Handlers\FileHandler' driver.
DEBUG - 2025-09-10 12:27:14 --> Session: Class initialized using 'CodeIgniter\Session\Handlers\FileHandler' driver.
DEBUG - 2025-09-10 12:27:15 --> Session: Class initialized using 'CodeIgniter\Session\Handlers\FileHandler' driver.
DEBUG - 2025-09-10 12:27:17 --> Session: Class initialized using 'CodeIgniter\Session\Handlers\FileHandler' driver.
DEBUG - 2025-09-10 12:30:57 --> Session: Class initialized using 'CodeIgniter\Session\Handlers\FileHandler' driver.
DEBUG - 2025-09-10 12:30:57 --> Session: Class initialized using 'CodeIgniter\Session\Handlers\FileHandler' driver.
DEBUG - 2025-09-10 12:32:12 --> Session: Class initialized using 'CodeIgniter\Session\Handlers\FileHandler' driver.
DEBUG - 2025-09-10 12:32:44 --> Session: Class initialized using 'CodeIgniter\Session\Handlers\FileHandler' driver.
