DEBUG - 2025-09-01 00:05:32 --> Session: Class initialized using 'CodeIgniter\Session\Handlers\FileHandler' driver.
DEBUG - 2025-09-01 00:05:44 --> Session: Class initialized using 'CodeIgniter\Session\Handlers\FileHandler' driver.
DEBUG - 2025-09-01 00:05:54 --> Session: Class initialized using 'CodeIgniter\Session\Handlers\FileHandler' driver.
DEBUG - 2025-09-01 00:05:59 --> Session: Class initialized using 'CodeIgniter\Session\Handlers\FileHandler' driver.
DEBUG - 2025-09-01 00:06:01 --> Session: Class initialized using 'CodeIgniter\Session\Handlers\FileHandler' driver.
DEBUG - 2025-09-01 00:06:06 --> Session: Class initialized using 'CodeIgniter\Session\Handlers\FileHandler' driver.
DEBUG - 2025-09-01 00:06:14 --> Session: Class initialized using 'CodeIgniter\Session\Handlers\FileHandler' driver.
DEBUG - 2025-09-01 00:06:14 --> Session: Class initialized using 'CodeIgniter\Session\Handlers\FileHandler' driver.
DEBUG - 2025-09-01 00:06:18 --> Session: Class initialized using 'CodeIgniter\Session\Handlers\FileHandler' driver.
DEBUG - 2025-09-01 00:06:21 --> Session: Class initialized using 'CodeIgniter\Session\Handlers\FileHandler' driver.
DEBUG - 2025-09-01 00:06:30 --> Session: Class initialized using 'CodeIgniter\Session\Handlers\FileHandler' driver.
DEBUG - 2025-09-01 00:06:30 --> Session: Class initialized using 'CodeIgniter\Session\Handlers\FileHandler' driver.
DEBUG - 2025-09-01 00:06:37 --> Session: Class initialized using 'CodeIgniter\Session\Handlers\FileHandler' driver.
DEBUG - 2025-09-01 00:06:37 --> Session: Class initialized using 'CodeIgniter\Session\Handlers\FileHandler' driver.
DEBUG - 2025-09-01 00:06:41 --> Session: Class initialized using 'CodeIgniter\Session\Handlers\FileHandler' driver.
DEBUG - 2025-09-01 00:06:42 --> Session: Class initialized using 'CodeIgniter\Session\Handlers\FileHandler' driver.
DEBUG - 2025-09-01 00:15:23 --> Session: Class initialized using 'CodeIgniter\Session\Handlers\FileHandler' driver.
DEBUG - 2025-09-01 00:15:23 --> Session: Class initialized using 'CodeIgniter\Session\Handlers\FileHandler' driver.
DEBUG - 2025-09-01 00:16:06 --> Session: Class initialized using 'CodeIgniter\Session\Handlers\FileHandler' driver.
DEBUG - 2025-09-01 00:20:16 --> Session: Class initialized using 'CodeIgniter\Session\Handlers\FileHandler' driver.
DEBUG - 2025-09-01 00:20:24 --> Session: Class initialized using 'CodeIgniter\Session\Handlers\FileHandler' driver.
DEBUG - 2025-09-01 00:20:25 --> Session: Class initialized using 'CodeIgniter\Session\Handlers\FileHandler' driver.
DEBUG - 2025-09-01 00:20:34 --> Session: Class initialized using 'CodeIgniter\Session\Handlers\FileHandler' driver.
DEBUG - 2025-09-01 00:20:34 --> Session: Class initialized using 'CodeIgniter\Session\Handlers\FileHandler' driver.
DEBUG - 2025-09-01 00:20:38 --> Session: Class initialized using 'CodeIgniter\Session\Handlers\FileHandler' driver.
DEBUG - 2025-09-01 00:20:38 --> Session: Class initialized using 'CodeIgniter\Session\Handlers\FileHandler' driver.
DEBUG - 2025-09-01 00:20:47 --> Session: Class initialized using 'CodeIgniter\Session\Handlers\FileHandler' driver.
DEBUG - 2025-09-01 00:20:48 --> Session: Class initialized using 'CodeIgniter\Session\Handlers\FileHandler' driver.
DEBUG - 2025-09-01 00:21:49 --> Session: Class initialized using 'CodeIgniter\Session\Handlers\FileHandler' driver.
DEBUG - 2025-09-01 00:21:57 --> Session: Class initialized using 'CodeIgniter\Session\Handlers\FileHandler' driver.
DEBUG - 2025-09-01 00:21:57 --> Session: Class initialized using 'CodeIgniter\Session\Handlers\FileHandler' driver.
DEBUG - 2025-09-01 00:22:02 --> Session: Class initialized using 'CodeIgniter\Session\Handlers\FileHandler' driver.
DEBUG - 2025-09-01 00:22:02 --> Session: Class initialized using 'CodeIgniter\Session\Handlers\FileHandler' driver.
DEBUG - 2025-09-01 00:22:08 --> Session: Class initialized using 'CodeIgniter\Session\Handlers\FileHandler' driver.
DEBUG - 2025-09-01 00:22:08 --> Session: Class initialized using 'CodeIgniter\Session\Handlers\FileHandler' driver.
DEBUG - 2025-09-01 00:26:04 --> Session: Class initialized using 'CodeIgniter\Session\Handlers\FileHandler' driver.
DEBUG - 2025-09-01 00:26:16 --> Session: Class initialized using 'CodeIgniter\Session\Handlers\FileHandler' driver.
DEBUG - 2025-09-01 00:26:16 --> Session: Class initialized using 'CodeIgniter\Session\Handlers\FileHandler' driver.
DEBUG - 2025-09-01 00:26:22 --> Session: Class initialized using 'CodeIgniter\Session\Handlers\FileHandler' driver.
DEBUG - 2025-09-01 00:26:22 --> Session: Class initialized using 'CodeIgniter\Session\Handlers\FileHandler' driver.
DEBUG - 2025-09-01 00:27:55 --> Session: Class initialized using 'CodeIgniter\Session\Handlers\FileHandler' driver.
ERROR - 2025-09-01 00:27:55 --> mysqli_sql_exception: Table 'darinkms.users' doesn't exist in D:\PROJECT\kms-ukpbj\vendor\codeigniter4\framework\system\Database\MySQLi\Connection.php:327
Stack trace:
#0 D:\PROJECT\kms-ukpbj\vendor\codeigniter4\framework\system\Database\MySQLi\Connection.php(327): mysqli->query('SELECT `komenta...', 0)
#1 D:\PROJECT\kms-ukpbj\vendor\codeigniter4\framework\system\Database\BaseConnection.php(729): CodeIgniter\Database\MySQLi\Connection->execute('SELECT `komenta...')
#2 D:\PROJECT\kms-ukpbj\vendor\codeigniter4\framework\system\Database\BaseConnection.php(646): CodeIgniter\Database\BaseConnection->simpleQuery('SELECT `komenta...')
#3 D:\PROJECT\kms-ukpbj\vendor\codeigniter4\framework\system\Database\BaseBuilder.php(1649): CodeIgniter\Database\BaseConnection->query('SELECT `komenta...', Array, false)
#4 D:\PROJECT\kms-ukpbj\vendor\codeigniter4\framework\system\Model.php(286): CodeIgniter\Database\BaseBuilder->get()
#5 D:\PROJECT\kms-ukpbj\vendor\codeigniter4\framework\system\BaseModel.php(677): CodeIgniter\Model->doFindAll(0, 0)
#6 D:\PROJECT\kms-ukpbj\app\Models\KomentarPengetahuanModel.php(22): CodeIgniter\BaseModel->findAll()
#7 D:\PROJECT\kms-ukpbj\app\Controllers\Admin\Pengetahuan.php(342): App\Models\KomentarPengetahuanModel->getKomentarByPengetahuan('62')
#8 D:\PROJECT\kms-ukpbj\vendor\codeigniter4\framework\system\CodeIgniter.php(933): App\Controllers\Admin\Pengetahuan->view('62')
#9 D:\PROJECT\kms-ukpbj\vendor\codeigniter4\framework\system\CodeIgniter.php(507): CodeIgniter\CodeIgniter->runController(Object(App\Controllers\Admin\Pengetahuan))
#10 D:\PROJECT\kms-ukpbj\vendor\codeigniter4\framework\system\CodeIgniter.php(354): CodeIgniter\CodeIgniter->handleRequest(NULL, Object(Config\Cache), false)
#11 D:\PROJECT\kms-ukpbj\vendor\codeigniter4\framework\system\Boot.php(363): CodeIgniter\CodeIgniter->run()
#12 D:\PROJECT\kms-ukpbj\vendor\codeigniter4\framework\system\Boot.php(68): CodeIgniter\Boot::runCodeIgniter(Object(CodeIgniter\CodeIgniter))
#13 D:\PROJECT\kms-ukpbj\public\index.php(59): CodeIgniter\Boot::bootWeb(Object(Config\Paths))
#14 D:\PROJECT\kms-ukpbj\vendor\codeigniter4\framework\system\rewrite.php(44): require_once('D:\\PROJECT\\kms-...')
#15 {main}
CRITICAL - 2025-09-01 00:27:55 --> CodeIgniter\Database\Exceptions\DatabaseException: Table 'darinkms.users' doesn't exist
[Method: GET, Route: admin/pengetahuan/view/62]
in SYSTEMPATH\Database\BaseConnection.php on line 684.
 1 SYSTEMPATH\Database\BaseBuilder.php(1649): CodeIgniter\Database\BaseConnection->query('SELECT `komentar_pengetahuan`.*, `users`.`nama` as `user_nama`, `users`.`id` as `user_id`
FROM `komentar_pengetahuan`
JOIN `users` ON `users`.`id` = `komentar_pengetahuan`.`user_id`
WHERE `pengetahuan_id` = :pengetahuan_id:
AND `parent_id` IS NULL
ORDER BY `created_at` DESC', [...], false)
 2 SYSTEMPATH\Model.php(286): CodeIgniter\Database\BaseBuilder->get()
 3 SYSTEMPATH\BaseModel.php(677): CodeIgniter\Model->doFindAll(0, 0)
 4 APPPATH\Models\KomentarPengetahuanModel.php(22): CodeIgniter\BaseModel->findAll()
 5 APPPATH\Controllers\Admin\Pengetahuan.php(342): App\Models\KomentarPengetahuanModel->getKomentarByPengetahuan('62')
 6 SYSTEMPATH\CodeIgniter.php(933): App\Controllers\Admin\Pengetahuan->view('62')
 7 SYSTEMPATH\CodeIgniter.php(507): CodeIgniter\CodeIgniter->runController(Object(App\Controllers\Admin\Pengetahuan))
 8 SYSTEMPATH\CodeIgniter.php(354): CodeIgniter\CodeIgniter->handleRequest(null, Object(Config\Cache), false)
 9 SYSTEMPATH\Boot.php(363): CodeIgniter\CodeIgniter->run()
10 SYSTEMPATH\Boot.php(68): CodeIgniter\Boot::runCodeIgniter(Object(CodeIgniter\CodeIgniter))
11 FCPATH\index.php(59): CodeIgniter\Boot::bootWeb(Object(Config\Paths))
12 SYSTEMPATH\rewrite.php(44): require_once('D:\\PROJECT\\kms-ukpbj\\public\\index.php')
CRITICAL - 2025-09-01 00:27:55 --> [Caused by] CodeIgniter\Database\Exceptions\DatabaseException: Table 'darinkms.users' doesn't exist
in SYSTEMPATH\Database\MySQLi\Connection.php on line 332.
 1 SYSTEMPATH\Database\BaseConnection.php(729): CodeIgniter\Database\MySQLi\Connection->execute('SELECT `komentar_pengetahuan`.*, `users`.`nama` as `user_nama`, `users`.`id` as `user_id`
FROM `komentar_pengetahuan`
JOIN `users` ON `users`.`id` = `komentar_pengetahuan`.`user_id`
WHERE `pengetahuan_id` = \'62\'
AND `parent_id` IS NULL
ORDER BY `created_at` DESC')
 2 SYSTEMPATH\Database\BaseConnection.php(646): CodeIgniter\Database\BaseConnection->simpleQuery('SELECT `komentar_pengetahuan`.*, `users`.`nama` as `user_nama`, `users`.`id` as `user_id`
FROM `komentar_pengetahuan`
JOIN `users` ON `users`.`id` = `komentar_pengetahuan`.`user_id`
WHERE `pengetahuan_id` = \'62\'
AND `parent_id` IS NULL
ORDER BY `created_at` DESC')
 3 SYSTEMPATH\Database\BaseBuilder.php(1649): CodeIgniter\Database\BaseConnection->query('SELECT `komentar_pengetahuan`.*, `users`.`nama` as `user_nama`, `users`.`id` as `user_id`
FROM `komentar_pengetahuan`
JOIN `users` ON `users`.`id` = `komentar_pengetahuan`.`user_id`
WHERE `pengetahuan_id` = :pengetahuan_id:
AND `parent_id` IS NULL
ORDER BY `created_at` DESC', [...], false)
 4 SYSTEMPATH\Model.php(286): CodeIgniter\Database\BaseBuilder->get()
 5 SYSTEMPATH\BaseModel.php(677): CodeIgniter\Model->doFindAll(0, 0)
 6 APPPATH\Models\KomentarPengetahuanModel.php(22): CodeIgniter\BaseModel->findAll()
 7 APPPATH\Controllers\Admin\Pengetahuan.php(342): App\Models\KomentarPengetahuanModel->getKomentarByPengetahuan('62')
 8 SYSTEMPATH\CodeIgniter.php(933): App\Controllers\Admin\Pengetahuan->view('62')
 9 SYSTEMPATH\CodeIgniter.php(507): CodeIgniter\CodeIgniter->runController(Object(App\Controllers\Admin\Pengetahuan))
10 SYSTEMPATH\CodeIgniter.php(354): CodeIgniter\CodeIgniter->handleRequest(null, Object(Config\Cache), false)
11 SYSTEMPATH\Boot.php(363): CodeIgniter\CodeIgniter->run()
12 SYSTEMPATH\Boot.php(68): CodeIgniter\Boot::runCodeIgniter(Object(CodeIgniter\CodeIgniter))
13 FCPATH\index.php(59): CodeIgniter\Boot::bootWeb(Object(Config\Paths))
14 SYSTEMPATH\rewrite.php(44): require_once('D:\\PROJECT\\kms-ukpbj\\public\\index.php')
CRITICAL - 2025-09-01 00:27:55 --> [Caused by] mysqli_sql_exception: Table 'darinkms.users' doesn't exist
in SYSTEMPATH\Database\MySQLi\Connection.php on line 327.
 1 SYSTEMPATH\Database\MySQLi\Connection.php(327): mysqli->query('SELECT `komentar_pengetahuan`.*, `users`.`nama` as `user_nama`, `users`.`id` as `user_id`
FROM `komentar_pengetahuan`
JOIN `users` ON `users`.`id` = `komentar_pengetahuan`.`user_id`
WHERE `pengetahuan_id` = \'62\'
AND `parent_id` IS NULL
ORDER BY `created_at` DESC', 0)
 2 SYSTEMPATH\Database\BaseConnection.php(729): CodeIgniter\Database\MySQLi\Connection->execute('SELECT `komentar_pengetahuan`.*, `users`.`nama` as `user_nama`, `users`.`id` as `user_id`
FROM `komentar_pengetahuan`
JOIN `users` ON `users`.`id` = `komentar_pengetahuan`.`user_id`
WHERE `pengetahuan_id` = \'62\'
AND `parent_id` IS NULL
ORDER BY `created_at` DESC')
 3 SYSTEMPATH\Database\BaseConnection.php(646): CodeIgniter\Database\BaseConnection->simpleQuery('SELECT `komentar_pengetahuan`.*, `users`.`nama` as `user_nama`, `users`.`id` as `user_id`
FROM `komentar_pengetahuan`
JOIN `users` ON `users`.`id` = `komentar_pengetahuan`.`user_id`
WHERE `pengetahuan_id` = \'62\'
AND `parent_id` IS NULL
ORDER BY `created_at` DESC')
 4 SYSTEMPATH\Database\BaseBuilder.php(1649): CodeIgniter\Database\BaseConnection->query('SELECT `komentar_pengetahuan`.*, `users`.`nama` as `user_nama`, `users`.`id` as `user_id`
FROM `komentar_pengetahuan`
JOIN `users` ON `users`.`id` = `komentar_pengetahuan`.`user_id`
WHERE `pengetahuan_id` = :pengetahuan_id:
AND `parent_id` IS NULL
ORDER BY `created_at` DESC', [...], false)
 5 SYSTEMPATH\Model.php(286): CodeIgniter\Database\BaseBuilder->get()
 6 SYSTEMPATH\BaseModel.php(677): CodeIgniter\Model->doFindAll(0, 0)
 7 APPPATH\Models\KomentarPengetahuanModel.php(22): CodeIgniter\BaseModel->findAll()
 8 APPPATH\Controllers\Admin\Pengetahuan.php(342): App\Models\KomentarPengetahuanModel->getKomentarByPengetahuan('62')
 9 SYSTEMPATH\CodeIgniter.php(933): App\Controllers\Admin\Pengetahuan->view('62')
10 SYSTEMPATH\CodeIgniter.php(507): CodeIgniter\CodeIgniter->runController(Object(App\Controllers\Admin\Pengetahuan))
11 SYSTEMPATH\CodeIgniter.php(354): CodeIgniter\CodeIgniter->handleRequest(null, Object(Config\Cache), false)
12 SYSTEMPATH\Boot.php(363): CodeIgniter\CodeIgniter->run()
13 SYSTEMPATH\Boot.php(68): CodeIgniter\Boot::runCodeIgniter(Object(CodeIgniter\CodeIgniter))
14 FCPATH\index.php(59): CodeIgniter\Boot::bootWeb(Object(Config\Paths))
15 SYSTEMPATH\rewrite.php(44): require_once('D:\\PROJECT\\kms-ukpbj\\public\\index.php')
DEBUG - 2025-09-01 00:28:48 --> Session: Class initialized using 'CodeIgniter\Session\Handlers\FileHandler' driver.
ERROR - 2025-09-01 00:28:48 --> mysqli_sql_exception: Table 'darinkms.users' doesn't exist in D:\PROJECT\kms-ukpbj\vendor\codeigniter4\framework\system\Database\MySQLi\Connection.php:327
Stack trace:
#0 D:\PROJECT\kms-ukpbj\vendor\codeigniter4\framework\system\Database\MySQLi\Connection.php(327): mysqli->query('SELECT `komenta...', 0)
#1 D:\PROJECT\kms-ukpbj\vendor\codeigniter4\framework\system\Database\BaseConnection.php(729): CodeIgniter\Database\MySQLi\Connection->execute('SELECT `komenta...')
#2 D:\PROJECT\kms-ukpbj\vendor\codeigniter4\framework\system\Database\BaseConnection.php(646): CodeIgniter\Database\BaseConnection->simpleQuery('SELECT `komenta...')
#3 D:\PROJECT\kms-ukpbj\vendor\codeigniter4\framework\system\Database\BaseBuilder.php(1649): CodeIgniter\Database\BaseConnection->query('SELECT `komenta...', Array, false)
#4 D:\PROJECT\kms-ukpbj\vendor\codeigniter4\framework\system\Model.php(286): CodeIgniter\Database\BaseBuilder->get()
#5 D:\PROJECT\kms-ukpbj\vendor\codeigniter4\framework\system\BaseModel.php(677): CodeIgniter\Model->doFindAll(0, 0)
#6 D:\PROJECT\kms-ukpbj\app\Models\KomentarPengetahuanModel.php(22): CodeIgniter\BaseModel->findAll()
#7 D:\PROJECT\kms-ukpbj\app\Controllers\Admin\Pengetahuan.php(343): App\Models\KomentarPengetahuanModel->getKomentarByPengetahuan('62')
#8 D:\PROJECT\kms-ukpbj\vendor\codeigniter4\framework\system\CodeIgniter.php(933): App\Controllers\Admin\Pengetahuan->view('62')
#9 D:\PROJECT\kms-ukpbj\vendor\codeigniter4\framework\system\CodeIgniter.php(507): CodeIgniter\CodeIgniter->runController(Object(App\Controllers\Admin\Pengetahuan))
#10 D:\PROJECT\kms-ukpbj\vendor\codeigniter4\framework\system\CodeIgniter.php(354): CodeIgniter\CodeIgniter->handleRequest(NULL, Object(Config\Cache), false)
#11 D:\PROJECT\kms-ukpbj\vendor\codeigniter4\framework\system\Boot.php(363): CodeIgniter\CodeIgniter->run()
#12 D:\PROJECT\kms-ukpbj\vendor\codeigniter4\framework\system\Boot.php(68): CodeIgniter\Boot::runCodeIgniter(Object(CodeIgniter\CodeIgniter))
#13 D:\PROJECT\kms-ukpbj\public\index.php(59): CodeIgniter\Boot::bootWeb(Object(Config\Paths))
#14 D:\PROJECT\kms-ukpbj\vendor\codeigniter4\framework\system\rewrite.php(44): require_once('D:\\PROJECT\\kms-...')
#15 {main}
CRITICAL - 2025-09-01 00:28:48 --> CodeIgniter\Database\Exceptions\DatabaseException: Table 'darinkms.users' doesn't exist
[Method: GET, Route: admin/pengetahuan/view/62]
in SYSTEMPATH\Database\BaseConnection.php on line 684.
 1 SYSTEMPATH\Database\BaseBuilder.php(1649): CodeIgniter\Database\BaseConnection->query('SELECT `komentar_pengetahuan`.*, `users`.`nama` as `user_nama`, `users`.`id` as `user_id`
FROM `komentar_pengetahuan`
JOIN `users` ON `users`.`id` = `komentar_pengetahuan`.`user_id`
WHERE `pengetahuan_id` = :pengetahuan_id:
AND `parent_id` IS NULL
ORDER BY `created_at` DESC', [...], false)
 2 SYSTEMPATH\Model.php(286): CodeIgniter\Database\BaseBuilder->get()
 3 SYSTEMPATH\BaseModel.php(677): CodeIgniter\Model->doFindAll(0, 0)
 4 APPPATH\Models\KomentarPengetahuanModel.php(22): CodeIgniter\BaseModel->findAll()
 5 APPPATH\Controllers\Admin\Pengetahuan.php(343): App\Models\KomentarPengetahuanModel->getKomentarByPengetahuan('62')
 6 SYSTEMPATH\CodeIgniter.php(933): App\Controllers\Admin\Pengetahuan->view('62')
 7 SYSTEMPATH\CodeIgniter.php(507): CodeIgniter\CodeIgniter->runController(Object(App\Controllers\Admin\Pengetahuan))
 8 SYSTEMPATH\CodeIgniter.php(354): CodeIgniter\CodeIgniter->handleRequest(null, Object(Config\Cache), false)
 9 SYSTEMPATH\Boot.php(363): CodeIgniter\CodeIgniter->run()
10 SYSTEMPATH\Boot.php(68): CodeIgniter\Boot::runCodeIgniter(Object(CodeIgniter\CodeIgniter))
11 FCPATH\index.php(59): CodeIgniter\Boot::bootWeb(Object(Config\Paths))
12 SYSTEMPATH\rewrite.php(44): require_once('D:\\PROJECT\\kms-ukpbj\\public\\index.php')
CRITICAL - 2025-09-01 00:28:48 --> [Caused by] CodeIgniter\Database\Exceptions\DatabaseException: Table 'darinkms.users' doesn't exist
in SYSTEMPATH\Database\MySQLi\Connection.php on line 332.
 1 SYSTEMPATH\Database\BaseConnection.php(729): CodeIgniter\Database\MySQLi\Connection->execute('SELECT `komentar_pengetahuan`.*, `users`.`nama` as `user_nama`, `users`.`id` as `user_id`
FROM `komentar_pengetahuan`
JOIN `users` ON `users`.`id` = `komentar_pengetahuan`.`user_id`
WHERE `pengetahuan_id` = \'62\'
AND `parent_id` IS NULL
ORDER BY `created_at` DESC')
 2 SYSTEMPATH\Database\BaseConnection.php(646): CodeIgniter\Database\BaseConnection->simpleQuery('SELECT `komentar_pengetahuan`.*, `users`.`nama` as `user_nama`, `users`.`id` as `user_id`
FROM `komentar_pengetahuan`
JOIN `users` ON `users`.`id` = `komentar_pengetahuan`.`user_id`
WHERE `pengetahuan_id` = \'62\'
AND `parent_id` IS NULL
ORDER BY `created_at` DESC')
 3 SYSTEMPATH\Database\BaseBuilder.php(1649): CodeIgniter\Database\BaseConnection->query('SELECT `komentar_pengetahuan`.*, `users`.`nama` as `user_nama`, `users`.`id` as `user_id`
FROM `komentar_pengetahuan`
JOIN `users` ON `users`.`id` = `komentar_pengetahuan`.`user_id`
WHERE `pengetahuan_id` = :pengetahuan_id:
AND `parent_id` IS NULL
ORDER BY `created_at` DESC', [...], false)
 4 SYSTEMPATH\Model.php(286): CodeIgniter\Database\BaseBuilder->get()
 5 SYSTEMPATH\BaseModel.php(677): CodeIgniter\Model->doFindAll(0, 0)
 6 APPPATH\Models\KomentarPengetahuanModel.php(22): CodeIgniter\BaseModel->findAll()
 7 APPPATH\Controllers\Admin\Pengetahuan.php(343): App\Models\KomentarPengetahuanModel->getKomentarByPengetahuan('62')
 8 SYSTEMPATH\CodeIgniter.php(933): App\Controllers\Admin\Pengetahuan->view('62')
 9 SYSTEMPATH\CodeIgniter.php(507): CodeIgniter\CodeIgniter->runController(Object(App\Controllers\Admin\Pengetahuan))
10 SYSTEMPATH\CodeIgniter.php(354): CodeIgniter\CodeIgniter->handleRequest(null, Object(Config\Cache), false)
11 SYSTEMPATH\Boot.php(363): CodeIgniter\CodeIgniter->run()
12 SYSTEMPATH\Boot.php(68): CodeIgniter\Boot::runCodeIgniter(Object(CodeIgniter\CodeIgniter))
13 FCPATH\index.php(59): CodeIgniter\Boot::bootWeb(Object(Config\Paths))
14 SYSTEMPATH\rewrite.php(44): require_once('D:\\PROJECT\\kms-ukpbj\\public\\index.php')
CRITICAL - 2025-09-01 00:28:48 --> [Caused by] mysqli_sql_exception: Table 'darinkms.users' doesn't exist
in SYSTEMPATH\Database\MySQLi\Connection.php on line 327.
 1 SYSTEMPATH\Database\MySQLi\Connection.php(327): mysqli->query('SELECT `komentar_pengetahuan`.*, `users`.`nama` as `user_nama`, `users`.`id` as `user_id`
FROM `komentar_pengetahuan`
JOIN `users` ON `users`.`id` = `komentar_pengetahuan`.`user_id`
WHERE `pengetahuan_id` = \'62\'
AND `parent_id` IS NULL
ORDER BY `created_at` DESC', 0)
 2 SYSTEMPATH\Database\BaseConnection.php(729): CodeIgniter\Database\MySQLi\Connection->execute('SELECT `komentar_pengetahuan`.*, `users`.`nama` as `user_nama`, `users`.`id` as `user_id`
FROM `komentar_pengetahuan`
JOIN `users` ON `users`.`id` = `komentar_pengetahuan`.`user_id`
WHERE `pengetahuan_id` = \'62\'
AND `parent_id` IS NULL
ORDER BY `created_at` DESC')
 3 SYSTEMPATH\Database\BaseConnection.php(646): CodeIgniter\Database\BaseConnection->simpleQuery('SELECT `komentar_pengetahuan`.*, `users`.`nama` as `user_nama`, `users`.`id` as `user_id`
FROM `komentar_pengetahuan`
JOIN `users` ON `users`.`id` = `komentar_pengetahuan`.`user_id`
WHERE `pengetahuan_id` = \'62\'
AND `parent_id` IS NULL
ORDER BY `created_at` DESC')
 4 SYSTEMPATH\Database\BaseBuilder.php(1649): CodeIgniter\Database\BaseConnection->query('SELECT `komentar_pengetahuan`.*, `users`.`nama` as `user_nama`, `users`.`id` as `user_id`
FROM `komentar_pengetahuan`
JOIN `users` ON `users`.`id` = `komentar_pengetahuan`.`user_id`
WHERE `pengetahuan_id` = :pengetahuan_id:
AND `parent_id` IS NULL
ORDER BY `created_at` DESC', [...], false)
 5 SYSTEMPATH\Model.php(286): CodeIgniter\Database\BaseBuilder->get()
 6 SYSTEMPATH\BaseModel.php(677): CodeIgniter\Model->doFindAll(0, 0)
 7 APPPATH\Models\KomentarPengetahuanModel.php(22): CodeIgniter\BaseModel->findAll()
 8 APPPATH\Controllers\Admin\Pengetahuan.php(343): App\Models\KomentarPengetahuanModel->getKomentarByPengetahuan('62')
 9 SYSTEMPATH\CodeIgniter.php(933): App\Controllers\Admin\Pengetahuan->view('62')
10 SYSTEMPATH\CodeIgniter.php(507): CodeIgniter\CodeIgniter->runController(Object(App\Controllers\Admin\Pengetahuan))
11 SYSTEMPATH\CodeIgniter.php(354): CodeIgniter\CodeIgniter->handleRequest(null, Object(Config\Cache), false)
12 SYSTEMPATH\Boot.php(363): CodeIgniter\CodeIgniter->run()
13 SYSTEMPATH\Boot.php(68): CodeIgniter\Boot::runCodeIgniter(Object(CodeIgniter\CodeIgniter))
14 FCPATH\index.php(59): CodeIgniter\Boot::bootWeb(Object(Config\Paths))
15 SYSTEMPATH\rewrite.php(44): require_once('D:\\PROJECT\\kms-ukpbj\\public\\index.php')
DEBUG - 2025-09-01 00:28:50 --> Session: Class initialized using 'CodeIgniter\Session\Handlers\FileHandler' driver.
ERROR - 2025-09-01 00:28:50 --> mysqli_sql_exception: Table 'darinkms.users' doesn't exist in D:\PROJECT\kms-ukpbj\vendor\codeigniter4\framework\system\Database\MySQLi\Connection.php:327
Stack trace:
#0 D:\PROJECT\kms-ukpbj\vendor\codeigniter4\framework\system\Database\MySQLi\Connection.php(327): mysqli->query('SELECT `komenta...', 0)
#1 D:\PROJECT\kms-ukpbj\vendor\codeigniter4\framework\system\Database\BaseConnection.php(729): CodeIgniter\Database\MySQLi\Connection->execute('SELECT `komenta...')
#2 D:\PROJECT\kms-ukpbj\vendor\codeigniter4\framework\system\Database\BaseConnection.php(646): CodeIgniter\Database\BaseConnection->simpleQuery('SELECT `komenta...')
#3 D:\PROJECT\kms-ukpbj\vendor\codeigniter4\framework\system\Database\BaseBuilder.php(1649): CodeIgniter\Database\BaseConnection->query('SELECT `komenta...', Array, false)
#4 D:\PROJECT\kms-ukpbj\vendor\codeigniter4\framework\system\Model.php(286): CodeIgniter\Database\BaseBuilder->get()
#5 D:\PROJECT\kms-ukpbj\vendor\codeigniter4\framework\system\BaseModel.php(677): CodeIgniter\Model->doFindAll(0, 0)
#6 D:\PROJECT\kms-ukpbj\app\Models\KomentarPengetahuanModel.php(22): CodeIgniter\BaseModel->findAll()
#7 D:\PROJECT\kms-ukpbj\app\Controllers\Admin\Pengetahuan.php(343): App\Models\KomentarPengetahuanModel->getKomentarByPengetahuan('62')
#8 D:\PROJECT\kms-ukpbj\vendor\codeigniter4\framework\system\CodeIgniter.php(933): App\Controllers\Admin\Pengetahuan->view('62')
#9 D:\PROJECT\kms-ukpbj\vendor\codeigniter4\framework\system\CodeIgniter.php(507): CodeIgniter\CodeIgniter->runController(Object(App\Controllers\Admin\Pengetahuan))
#10 D:\PROJECT\kms-ukpbj\vendor\codeigniter4\framework\system\CodeIgniter.php(354): CodeIgniter\CodeIgniter->handleRequest(NULL, Object(Config\Cache), false)
#11 D:\PROJECT\kms-ukpbj\vendor\codeigniter4\framework\system\Boot.php(363): CodeIgniter\CodeIgniter->run()
#12 D:\PROJECT\kms-ukpbj\vendor\codeigniter4\framework\system\Boot.php(68): CodeIgniter\Boot::runCodeIgniter(Object(CodeIgniter\CodeIgniter))
#13 D:\PROJECT\kms-ukpbj\public\index.php(59): CodeIgniter\Boot::bootWeb(Object(Config\Paths))
#14 D:\PROJECT\kms-ukpbj\vendor\codeigniter4\framework\system\rewrite.php(44): require_once('D:\\PROJECT\\kms-...')
#15 {main}
CRITICAL - 2025-09-01 00:28:50 --> CodeIgniter\Database\Exceptions\DatabaseException: Table 'darinkms.users' doesn't exist
[Method: GET, Route: admin/pengetahuan/view/62]
in SYSTEMPATH\Database\BaseConnection.php on line 684.
 1 SYSTEMPATH\Database\BaseBuilder.php(1649): CodeIgniter\Database\BaseConnection->query('SELECT `komentar_pengetahuan`.*, `users`.`nama` as `user_nama`, `users`.`id` as `user_id`
FROM `komentar_pengetahuan`
JOIN `users` ON `users`.`id` = `komentar_pengetahuan`.`user_id`
WHERE `pengetahuan_id` = :pengetahuan_id:
AND `parent_id` IS NULL
ORDER BY `created_at` DESC', [...], false)
 2 SYSTEMPATH\Model.php(286): CodeIgniter\Database\BaseBuilder->get()
 3 SYSTEMPATH\BaseModel.php(677): CodeIgniter\Model->doFindAll(0, 0)
 4 APPPATH\Models\KomentarPengetahuanModel.php(22): CodeIgniter\BaseModel->findAll()
 5 APPPATH\Controllers\Admin\Pengetahuan.php(343): App\Models\KomentarPengetahuanModel->getKomentarByPengetahuan('62')
 6 SYSTEMPATH\CodeIgniter.php(933): App\Controllers\Admin\Pengetahuan->view('62')
 7 SYSTEMPATH\CodeIgniter.php(507): CodeIgniter\CodeIgniter->runController(Object(App\Controllers\Admin\Pengetahuan))
 8 SYSTEMPATH\CodeIgniter.php(354): CodeIgniter\CodeIgniter->handleRequest(null, Object(Config\Cache), false)
 9 SYSTEMPATH\Boot.php(363): CodeIgniter\CodeIgniter->run()
10 SYSTEMPATH\Boot.php(68): CodeIgniter\Boot::runCodeIgniter(Object(CodeIgniter\CodeIgniter))
11 FCPATH\index.php(59): CodeIgniter\Boot::bootWeb(Object(Config\Paths))
12 SYSTEMPATH\rewrite.php(44): require_once('D:\\PROJECT\\kms-ukpbj\\public\\index.php')
CRITICAL - 2025-09-01 00:28:50 --> [Caused by] CodeIgniter\Database\Exceptions\DatabaseException: Table 'darinkms.users' doesn't exist
in SYSTEMPATH\Database\MySQLi\Connection.php on line 332.
 1 SYSTEMPATH\Database\BaseConnection.php(729): CodeIgniter\Database\MySQLi\Connection->execute('SELECT `komentar_pengetahuan`.*, `users`.`nama` as `user_nama`, `users`.`id` as `user_id`
FROM `komentar_pengetahuan`
JOIN `users` ON `users`.`id` = `komentar_pengetahuan`.`user_id`
WHERE `pengetahuan_id` = \'62\'
AND `parent_id` IS NULL
ORDER BY `created_at` DESC')
 2 SYSTEMPATH\Database\BaseConnection.php(646): CodeIgniter\Database\BaseConnection->simpleQuery('SELECT `komentar_pengetahuan`.*, `users`.`nama` as `user_nama`, `users`.`id` as `user_id`
FROM `komentar_pengetahuan`
JOIN `users` ON `users`.`id` = `komentar_pengetahuan`.`user_id`
WHERE `pengetahuan_id` = \'62\'
AND `parent_id` IS NULL
ORDER BY `created_at` DESC')
 3 SYSTEMPATH\Database\BaseBuilder.php(1649): CodeIgniter\Database\BaseConnection->query('SELECT `komentar_pengetahuan`.*, `users`.`nama` as `user_nama`, `users`.`id` as `user_id`
FROM `komentar_pengetahuan`
JOIN `users` ON `users`.`id` = `komentar_pengetahuan`.`user_id`
WHERE `pengetahuan_id` = :pengetahuan_id:
AND `parent_id` IS NULL
ORDER BY `created_at` DESC', [...], false)
 4 SYSTEMPATH\Model.php(286): CodeIgniter\Database\BaseBuilder->get()
 5 SYSTEMPATH\BaseModel.php(677): CodeIgniter\Model->doFindAll(0, 0)
 6 APPPATH\Models\KomentarPengetahuanModel.php(22): CodeIgniter\BaseModel->findAll()
 7 APPPATH\Controllers\Admin\Pengetahuan.php(343): App\Models\KomentarPengetahuanModel->getKomentarByPengetahuan('62')
 8 SYSTEMPATH\CodeIgniter.php(933): App\Controllers\Admin\Pengetahuan->view('62')
 9 SYSTEMPATH\CodeIgniter.php(507): CodeIgniter\CodeIgniter->runController(Object(App\Controllers\Admin\Pengetahuan))
10 SYSTEMPATH\CodeIgniter.php(354): CodeIgniter\CodeIgniter->handleRequest(null, Object(Config\Cache), false)
11 SYSTEMPATH\Boot.php(363): CodeIgniter\CodeIgniter->run()
12 SYSTEMPATH\Boot.php(68): CodeIgniter\Boot::runCodeIgniter(Object(CodeIgniter\CodeIgniter))
13 FCPATH\index.php(59): CodeIgniter\Boot::bootWeb(Object(Config\Paths))
14 SYSTEMPATH\rewrite.php(44): require_once('D:\\PROJECT\\kms-ukpbj\\public\\index.php')
CRITICAL - 2025-09-01 00:28:50 --> [Caused by] mysqli_sql_exception: Table 'darinkms.users' doesn't exist
in SYSTEMPATH\Database\MySQLi\Connection.php on line 327.
 1 SYSTEMPATH\Database\MySQLi\Connection.php(327): mysqli->query('SELECT `komentar_pengetahuan`.*, `users`.`nama` as `user_nama`, `users`.`id` as `user_id`
FROM `komentar_pengetahuan`
JOIN `users` ON `users`.`id` = `komentar_pengetahuan`.`user_id`
WHERE `pengetahuan_id` = \'62\'
AND `parent_id` IS NULL
ORDER BY `created_at` DESC', 0)
 2 SYSTEMPATH\Database\BaseConnection.php(729): CodeIgniter\Database\MySQLi\Connection->execute('SELECT `komentar_pengetahuan`.*, `users`.`nama` as `user_nama`, `users`.`id` as `user_id`
FROM `komentar_pengetahuan`
JOIN `users` ON `users`.`id` = `komentar_pengetahuan`.`user_id`
WHERE `pengetahuan_id` = \'62\'
AND `parent_id` IS NULL
ORDER BY `created_at` DESC')
 3 SYSTEMPATH\Database\BaseConnection.php(646): CodeIgniter\Database\BaseConnection->simpleQuery('SELECT `komentar_pengetahuan`.*, `users`.`nama` as `user_nama`, `users`.`id` as `user_id`
FROM `komentar_pengetahuan`
JOIN `users` ON `users`.`id` = `komentar_pengetahuan`.`user_id`
WHERE `pengetahuan_id` = \'62\'
AND `parent_id` IS NULL
ORDER BY `created_at` DESC')
 4 SYSTEMPATH\Database\BaseBuilder.php(1649): CodeIgniter\Database\BaseConnection->query('SELECT `komentar_pengetahuan`.*, `users`.`nama` as `user_nama`, `users`.`id` as `user_id`
FROM `komentar_pengetahuan`
JOIN `users` ON `users`.`id` = `komentar_pengetahuan`.`user_id`
WHERE `pengetahuan_id` = :pengetahuan_id:
AND `parent_id` IS NULL
ORDER BY `created_at` DESC', [...], false)
 5 SYSTEMPATH\Model.php(286): CodeIgniter\Database\BaseBuilder->get()
 6 SYSTEMPATH\BaseModel.php(677): CodeIgniter\Model->doFindAll(0, 0)
 7 APPPATH\Models\KomentarPengetahuanModel.php(22): CodeIgniter\BaseModel->findAll()
 8 APPPATH\Controllers\Admin\Pengetahuan.php(343): App\Models\KomentarPengetahuanModel->getKomentarByPengetahuan('62')
 9 SYSTEMPATH\CodeIgniter.php(933): App\Controllers\Admin\Pengetahuan->view('62')
10 SYSTEMPATH\CodeIgniter.php(507): CodeIgniter\CodeIgniter->runController(Object(App\Controllers\Admin\Pengetahuan))
11 SYSTEMPATH\CodeIgniter.php(354): CodeIgniter\CodeIgniter->handleRequest(null, Object(Config\Cache), false)
12 SYSTEMPATH\Boot.php(363): CodeIgniter\CodeIgniter->run()
13 SYSTEMPATH\Boot.php(68): CodeIgniter\Boot::runCodeIgniter(Object(CodeIgniter\CodeIgniter))
14 FCPATH\index.php(59): CodeIgniter\Boot::bootWeb(Object(Config\Paths))
15 SYSTEMPATH\rewrite.php(44): require_once('D:\\PROJECT\\kms-ukpbj\\public\\index.php')
DEBUG - 2025-09-01 00:29:13 --> Session: Class initialized using 'CodeIgniter\Session\Handlers\FileHandler' driver.
DEBUG - 2025-09-01 00:29:18 --> Session: Class initialized using 'CodeIgniter\Session\Handlers\FileHandler' driver.
DEBUG - 2025-09-01 00:29:18 --> Session: Class initialized using 'CodeIgniter\Session\Handlers\FileHandler' driver.
DEBUG - 2025-09-01 00:29:24 --> Session: Class initialized using 'CodeIgniter\Session\Handlers\FileHandler' driver.
DEBUG - 2025-09-01 00:29:24 --> Session: Class initialized using 'CodeIgniter\Session\Handlers\FileHandler' driver.
DEBUG - 2025-09-01 00:29:28 --> Session: Class initialized using 'CodeIgniter\Session\Handlers\FileHandler' driver.
DEBUG - 2025-09-01 00:29:28 --> Session: Class initialized using 'CodeIgniter\Session\Handlers\FileHandler' driver.
DEBUG - 2025-09-01 00:30:18 --> Session: Class initialized using 'CodeIgniter\Session\Handlers\FileHandler' driver.
DEBUG - 2025-09-01 00:30:23 --> Session: Class initialized using 'CodeIgniter\Session\Handlers\FileHandler' driver.
DEBUG - 2025-09-01 00:30:23 --> Session: Class initialized using 'CodeIgniter\Session\Handlers\FileHandler' driver.
DEBUG - 2025-09-01 00:30:27 --> Session: Class initialized using 'CodeIgniter\Session\Handlers\FileHandler' driver.
DEBUG - 2025-09-01 00:30:28 --> Session: Class initialized using 'CodeIgniter\Session\Handlers\FileHandler' driver.
DEBUG - 2025-09-01 00:31:00 --> Session: Class initialized using 'CodeIgniter\Session\Handlers\FileHandler' driver.
DEBUG - 2025-09-01 00:31:06 --> Session: Class initialized using 'CodeIgniter\Session\Handlers\FileHandler' driver.
DEBUG - 2025-09-01 00:31:06 --> Session: Class initialized using 'CodeIgniter\Session\Handlers\FileHandler' driver.
DEBUG - 2025-09-01 00:31:18 --> Session: Class initialized using 'CodeIgniter\Session\Handlers\FileHandler' driver.
DEBUG - 2025-09-01 00:31:18 --> Session: Class initialized using 'CodeIgniter\Session\Handlers\FileHandler' driver.
DEBUG - 2025-09-01 00:32:48 --> Session: Class initialized using 'CodeIgniter\Session\Handlers\FileHandler' driver.
DEBUG - 2025-09-01 00:33:04 --> Session: Class initialized using 'CodeIgniter\Session\Handlers\FileHandler' driver.
ERROR - 2025-09-01 00:33:04 --> mysqli_sql_exception: Table 'darinkms.users' doesn't exist in D:\PROJECT\kms-ukpbj\vendor\codeigniter4\framework\system\Database\MySQLi\Connection.php:327
Stack trace:
#0 D:\PROJECT\kms-ukpbj\vendor\codeigniter4\framework\system\Database\MySQLi\Connection.php(327): mysqli->query('SELECT `komenta...', 0)
#1 D:\PROJECT\kms-ukpbj\vendor\codeigniter4\framework\system\Database\BaseConnection.php(729): CodeIgniter\Database\MySQLi\Connection->execute('SELECT `komenta...')
#2 D:\PROJECT\kms-ukpbj\vendor\codeigniter4\framework\system\Database\BaseConnection.php(646): CodeIgniter\Database\BaseConnection->simpleQuery('SELECT `komenta...')
#3 D:\PROJECT\kms-ukpbj\vendor\codeigniter4\framework\system\Database\BaseBuilder.php(1649): CodeIgniter\Database\BaseConnection->query('SELECT `komenta...', Array, false)
#4 D:\PROJECT\kms-ukpbj\vendor\codeigniter4\framework\system\Model.php(286): CodeIgniter\Database\BaseBuilder->get()
#5 D:\PROJECT\kms-ukpbj\vendor\codeigniter4\framework\system\BaseModel.php(677): CodeIgniter\Model->doFindAll(0, 0)
#6 D:\PROJECT\kms-ukpbj\app\Models\KomentarPengetahuanModel.php(23): CodeIgniter\BaseModel->findAll()
#7 D:\PROJECT\kms-ukpbj\app\Controllers\Admin\Pengetahuan.php(343): App\Models\KomentarPengetahuanModel->getKomentarByPengetahuan('62')
#8 D:\PROJECT\kms-ukpbj\vendor\codeigniter4\framework\system\CodeIgniter.php(933): App\Controllers\Admin\Pengetahuan->view('62')
#9 D:\PROJECT\kms-ukpbj\vendor\codeigniter4\framework\system\CodeIgniter.php(507): CodeIgniter\CodeIgniter->runController(Object(App\Controllers\Admin\Pengetahuan))
#10 D:\PROJECT\kms-ukpbj\vendor\codeigniter4\framework\system\CodeIgniter.php(354): CodeIgniter\CodeIgniter->handleRequest(NULL, Object(Config\Cache), false)
#11 D:\PROJECT\kms-ukpbj\vendor\codeigniter4\framework\system\Boot.php(363): CodeIgniter\CodeIgniter->run()
#12 D:\PROJECT\kms-ukpbj\vendor\codeigniter4\framework\system\Boot.php(68): CodeIgniter\Boot::runCodeIgniter(Object(CodeIgniter\CodeIgniter))
#13 D:\PROJECT\kms-ukpbj\public\index.php(59): CodeIgniter\Boot::bootWeb(Object(Config\Paths))
#14 D:\PROJECT\kms-ukpbj\vendor\codeigniter4\framework\system\rewrite.php(44): require_once('D:\\PROJECT\\kms-...')
#15 {main}
CRITICAL - 2025-09-01 00:33:04 --> CodeIgniter\Database\Exceptions\DatabaseException: Table 'darinkms.users' doesn't exist
[Method: GET, Route: admin/pengetahuan/view/62]
in SYSTEMPATH\Database\BaseConnection.php on line 684.
 1 SYSTEMPATH\Database\BaseBuilder.php(1649): CodeIgniter\Database\BaseConnection->query('SELECT `komentar_pengetahuan`.*, `users`.`nama` as `user_nama`, `users`.`id` as `user_id`
FROM `komentar_pengetahuan`
JOIN `users` ON `users`.`id` = `komentar_pengetahuan`.`user_id`
WHERE `pengetahuan_id` = :pengetahuan_id:
AND `parent_id` IS NULL
ORDER BY `created_at` DESC', [...], false)
 2 SYSTEMPATH\Model.php(286): CodeIgniter\Database\BaseBuilder->get()
 3 SYSTEMPATH\BaseModel.php(677): CodeIgniter\Model->doFindAll(0, 0)
 4 APPPATH\Models\KomentarPengetahuanModel.php(23): CodeIgniter\BaseModel->findAll()
 5 APPPATH\Controllers\Admin\Pengetahuan.php(343): App\Models\KomentarPengetahuanModel->getKomentarByPengetahuan('62')
 6 SYSTEMPATH\CodeIgniter.php(933): App\Controllers\Admin\Pengetahuan->view('62')
 7 SYSTEMPATH\CodeIgniter.php(507): CodeIgniter\CodeIgniter->runController(Object(App\Controllers\Admin\Pengetahuan))
 8 SYSTEMPATH\CodeIgniter.php(354): CodeIgniter\CodeIgniter->handleRequest(null, Object(Config\Cache), false)
 9 SYSTEMPATH\Boot.php(363): CodeIgniter\CodeIgniter->run()
10 SYSTEMPATH\Boot.php(68): CodeIgniter\Boot::runCodeIgniter(Object(CodeIgniter\CodeIgniter))
11 FCPATH\index.php(59): CodeIgniter\Boot::bootWeb(Object(Config\Paths))
12 SYSTEMPATH\rewrite.php(44): require_once('D:\\PROJECT\\kms-ukpbj\\public\\index.php')
CRITICAL - 2025-09-01 00:33:04 --> [Caused by] CodeIgniter\Database\Exceptions\DatabaseException: Table 'darinkms.users' doesn't exist
in SYSTEMPATH\Database\MySQLi\Connection.php on line 332.
 1 SYSTEMPATH\Database\BaseConnection.php(729): CodeIgniter\Database\MySQLi\Connection->execute('SELECT `komentar_pengetahuan`.*, `users`.`nama` as `user_nama`, `users`.`id` as `user_id`
FROM `komentar_pengetahuan`
JOIN `users` ON `users`.`id` = `komentar_pengetahuan`.`user_id`
WHERE `pengetahuan_id` = \'62\'
AND `parent_id` IS NULL
ORDER BY `created_at` DESC')
 2 SYSTEMPATH\Database\BaseConnection.php(646): CodeIgniter\Database\BaseConnection->simpleQuery('SELECT `komentar_pengetahuan`.*, `users`.`nama` as `user_nama`, `users`.`id` as `user_id`
FROM `komentar_pengetahuan`
JOIN `users` ON `users`.`id` = `komentar_pengetahuan`.`user_id`
WHERE `pengetahuan_id` = \'62\'
AND `parent_id` IS NULL
ORDER BY `created_at` DESC')
 3 SYSTEMPATH\Database\BaseBuilder.php(1649): CodeIgniter\Database\BaseConnection->query('SELECT `komentar_pengetahuan`.*, `users`.`nama` as `user_nama`, `users`.`id` as `user_id`
FROM `komentar_pengetahuan`
JOIN `users` ON `users`.`id` = `komentar_pengetahuan`.`user_id`
WHERE `pengetahuan_id` = :pengetahuan_id:
AND `parent_id` IS NULL
ORDER BY `created_at` DESC', [...], false)
 4 SYSTEMPATH\Model.php(286): CodeIgniter\Database\BaseBuilder->get()
 5 SYSTEMPATH\BaseModel.php(677): CodeIgniter\Model->doFindAll(0, 0)
 6 APPPATH\Models\KomentarPengetahuanModel.php(23): CodeIgniter\BaseModel->findAll()
 7 APPPATH\Controllers\Admin\Pengetahuan.php(343): App\Models\KomentarPengetahuanModel->getKomentarByPengetahuan('62')
 8 SYSTEMPATH\CodeIgniter.php(933): App\Controllers\Admin\Pengetahuan->view('62')
 9 SYSTEMPATH\CodeIgniter.php(507): CodeIgniter\CodeIgniter->runController(Object(App\Controllers\Admin\Pengetahuan))
10 SYSTEMPATH\CodeIgniter.php(354): CodeIgniter\CodeIgniter->handleRequest(null, Object(Config\Cache), false)
11 SYSTEMPATH\Boot.php(363): CodeIgniter\CodeIgniter->run()
12 SYSTEMPATH\Boot.php(68): CodeIgniter\Boot::runCodeIgniter(Object(CodeIgniter\CodeIgniter))
13 FCPATH\index.php(59): CodeIgniter\Boot::bootWeb(Object(Config\Paths))
14 SYSTEMPATH\rewrite.php(44): require_once('D:\\PROJECT\\kms-ukpbj\\public\\index.php')
CRITICAL - 2025-09-01 00:33:04 --> [Caused by] mysqli_sql_exception: Table 'darinkms.users' doesn't exist
in SYSTEMPATH\Database\MySQLi\Connection.php on line 327.
 1 SYSTEMPATH\Database\MySQLi\Connection.php(327): mysqli->query('SELECT `komentar_pengetahuan`.*, `users`.`nama` as `user_nama`, `users`.`id` as `user_id`
FROM `komentar_pengetahuan`
JOIN `users` ON `users`.`id` = `komentar_pengetahuan`.`user_id`
WHERE `pengetahuan_id` = \'62\'
AND `parent_id` IS NULL
ORDER BY `created_at` DESC', 0)
 2 SYSTEMPATH\Database\BaseConnection.php(729): CodeIgniter\Database\MySQLi\Connection->execute('SELECT `komentar_pengetahuan`.*, `users`.`nama` as `user_nama`, `users`.`id` as `user_id`
FROM `komentar_pengetahuan`
JOIN `users` ON `users`.`id` = `komentar_pengetahuan`.`user_id`
WHERE `pengetahuan_id` = \'62\'
AND `parent_id` IS NULL
ORDER BY `created_at` DESC')
 3 SYSTEMPATH\Database\BaseConnection.php(646): CodeIgniter\Database\BaseConnection->simpleQuery('SELECT `komentar_pengetahuan`.*, `users`.`nama` as `user_nama`, `users`.`id` as `user_id`
FROM `komentar_pengetahuan`
JOIN `users` ON `users`.`id` = `komentar_pengetahuan`.`user_id`
WHERE `pengetahuan_id` = \'62\'
AND `parent_id` IS NULL
ORDER BY `created_at` DESC')
 4 SYSTEMPATH\Database\BaseBuilder.php(1649): CodeIgniter\Database\BaseConnection->query('SELECT `komentar_pengetahuan`.*, `users`.`nama` as `user_nama`, `users`.`id` as `user_id`
FROM `komentar_pengetahuan`
JOIN `users` ON `users`.`id` = `komentar_pengetahuan`.`user_id`
WHERE `pengetahuan_id` = :pengetahuan_id:
AND `parent_id` IS NULL
ORDER BY `created_at` DESC', [...], false)
 5 SYSTEMPATH\Model.php(286): CodeIgniter\Database\BaseBuilder->get()
 6 SYSTEMPATH\BaseModel.php(677): CodeIgniter\Model->doFindAll(0, 0)
 7 APPPATH\Models\KomentarPengetahuanModel.php(23): CodeIgniter\BaseModel->findAll()
 8 APPPATH\Controllers\Admin\Pengetahuan.php(343): App\Models\KomentarPengetahuanModel->getKomentarByPengetahuan('62')
 9 SYSTEMPATH\CodeIgniter.php(933): App\Controllers\Admin\Pengetahuan->view('62')
10 SYSTEMPATH\CodeIgniter.php(507): CodeIgniter\CodeIgniter->runController(Object(App\Controllers\Admin\Pengetahuan))
11 SYSTEMPATH\CodeIgniter.php(354): CodeIgniter\CodeIgniter->handleRequest(null, Object(Config\Cache), false)
12 SYSTEMPATH\Boot.php(363): CodeIgniter\CodeIgniter->run()
13 SYSTEMPATH\Boot.php(68): CodeIgniter\Boot::runCodeIgniter(Object(CodeIgniter\CodeIgniter))
14 FCPATH\index.php(59): CodeIgniter\Boot::bootWeb(Object(Config\Paths))
15 SYSTEMPATH\rewrite.php(44): require_once('D:\\PROJECT\\kms-ukpbj\\public\\index.php')
DEBUG - 2025-09-01 00:33:10 --> Session: Class initialized using 'CodeIgniter\Session\Handlers\FileHandler' driver.
ERROR - 2025-09-01 00:33:10 --> mysqli_sql_exception: Table 'darinkms.users' doesn't exist in D:\PROJECT\kms-ukpbj\vendor\codeigniter4\framework\system\Database\MySQLi\Connection.php:327
Stack trace:
#0 D:\PROJECT\kms-ukpbj\vendor\codeigniter4\framework\system\Database\MySQLi\Connection.php(327): mysqli->query('SELECT `komenta...', 0)
#1 D:\PROJECT\kms-ukpbj\vendor\codeigniter4\framework\system\Database\BaseConnection.php(729): CodeIgniter\Database\MySQLi\Connection->execute('SELECT `komenta...')
#2 D:\PROJECT\kms-ukpbj\vendor\codeigniter4\framework\system\Database\BaseConnection.php(646): CodeIgniter\Database\BaseConnection->simpleQuery('SELECT `komenta...')
#3 D:\PROJECT\kms-ukpbj\vendor\codeigniter4\framework\system\Database\BaseBuilder.php(1649): CodeIgniter\Database\BaseConnection->query('SELECT `komenta...', Array, false)
#4 D:\PROJECT\kms-ukpbj\vendor\codeigniter4\framework\system\Model.php(286): CodeIgniter\Database\BaseBuilder->get()
#5 D:\PROJECT\kms-ukpbj\vendor\codeigniter4\framework\system\BaseModel.php(677): CodeIgniter\Model->doFindAll(0, 0)
#6 D:\PROJECT\kms-ukpbj\app\Models\KomentarPengetahuanModel.php(23): CodeIgniter\BaseModel->findAll()
#7 D:\PROJECT\kms-ukpbj\app\Controllers\Admin\Pengetahuan.php(343): App\Models\KomentarPengetahuanModel->getKomentarByPengetahuan('62')
#8 D:\PROJECT\kms-ukpbj\vendor\codeigniter4\framework\system\CodeIgniter.php(933): App\Controllers\Admin\Pengetahuan->view('62')
#9 D:\PROJECT\kms-ukpbj\vendor\codeigniter4\framework\system\CodeIgniter.php(507): CodeIgniter\CodeIgniter->runController(Object(App\Controllers\Admin\Pengetahuan))
#10 D:\PROJECT\kms-ukpbj\vendor\codeigniter4\framework\system\CodeIgniter.php(354): CodeIgniter\CodeIgniter->handleRequest(NULL, Object(Config\Cache), false)
#11 D:\PROJECT\kms-ukpbj\vendor\codeigniter4\framework\system\Boot.php(363): CodeIgniter\CodeIgniter->run()
#12 D:\PROJECT\kms-ukpbj\vendor\codeigniter4\framework\system\Boot.php(68): CodeIgniter\Boot::runCodeIgniter(Object(CodeIgniter\CodeIgniter))
#13 D:\PROJECT\kms-ukpbj\public\index.php(59): CodeIgniter\Boot::bootWeb(Object(Config\Paths))
#14 D:\PROJECT\kms-ukpbj\vendor\codeigniter4\framework\system\rewrite.php(44): require_once('D:\\PROJECT\\kms-...')
#15 {main}
CRITICAL - 2025-09-01 00:33:10 --> CodeIgniter\Database\Exceptions\DatabaseException: Table 'darinkms.users' doesn't exist
[Method: GET, Route: admin/pengetahuan/view/62]
in SYSTEMPATH\Database\BaseConnection.php on line 684.
 1 SYSTEMPATH\Database\BaseBuilder.php(1649): CodeIgniter\Database\BaseConnection->query('SELECT `komentar_pengetahuan`.*, `users`.`nama` as `user_nama`, `users`.`id` as `user_id`
FROM `komentar_pengetahuan`
JOIN `users` ON `users`.`id` = `komentar_pengetahuan`.`user_id`
WHERE `pengetahuan_id` = :pengetahuan_id:
AND `parent_id` IS NULL
ORDER BY `created_at` DESC', [...], false)
 2 SYSTEMPATH\Model.php(286): CodeIgniter\Database\BaseBuilder->get()
 3 SYSTEMPATH\BaseModel.php(677): CodeIgniter\Model->doFindAll(0, 0)
 4 APPPATH\Models\KomentarPengetahuanModel.php(23): CodeIgniter\BaseModel->findAll()
 5 APPPATH\Controllers\Admin\Pengetahuan.php(343): App\Models\KomentarPengetahuanModel->getKomentarByPengetahuan('62')
 6 SYSTEMPATH\CodeIgniter.php(933): App\Controllers\Admin\Pengetahuan->view('62')
 7 SYSTEMPATH\CodeIgniter.php(507): CodeIgniter\CodeIgniter->runController(Object(App\Controllers\Admin\Pengetahuan))
 8 SYSTEMPATH\CodeIgniter.php(354): CodeIgniter\CodeIgniter->handleRequest(null, Object(Config\Cache), false)
 9 SYSTEMPATH\Boot.php(363): CodeIgniter\CodeIgniter->run()
10 SYSTEMPATH\Boot.php(68): CodeIgniter\Boot::runCodeIgniter(Object(CodeIgniter\CodeIgniter))
11 FCPATH\index.php(59): CodeIgniter\Boot::bootWeb(Object(Config\Paths))
12 SYSTEMPATH\rewrite.php(44): require_once('D:\\PROJECT\\kms-ukpbj\\public\\index.php')
CRITICAL - 2025-09-01 00:33:10 --> [Caused by] CodeIgniter\Database\Exceptions\DatabaseException: Table 'darinkms.users' doesn't exist
in SYSTEMPATH\Database\MySQLi\Connection.php on line 332.
 1 SYSTEMPATH\Database\BaseConnection.php(729): CodeIgniter\Database\MySQLi\Connection->execute('SELECT `komentar_pengetahuan`.*, `users`.`nama` as `user_nama`, `users`.`id` as `user_id`
FROM `komentar_pengetahuan`
JOIN `users` ON `users`.`id` = `komentar_pengetahuan`.`user_id`
WHERE `pengetahuan_id` = \'62\'
AND `parent_id` IS NULL
ORDER BY `created_at` DESC')
 2 SYSTEMPATH\Database\BaseConnection.php(646): CodeIgniter\Database\BaseConnection->simpleQuery('SELECT `komentar_pengetahuan`.*, `users`.`nama` as `user_nama`, `users`.`id` as `user_id`
FROM `komentar_pengetahuan`
JOIN `users` ON `users`.`id` = `komentar_pengetahuan`.`user_id`
WHERE `pengetahuan_id` = \'62\'
AND `parent_id` IS NULL
ORDER BY `created_at` DESC')
 3 SYSTEMPATH\Database\BaseBuilder.php(1649): CodeIgniter\Database\BaseConnection->query('SELECT `komentar_pengetahuan`.*, `users`.`nama` as `user_nama`, `users`.`id` as `user_id`
FROM `komentar_pengetahuan`
JOIN `users` ON `users`.`id` = `komentar_pengetahuan`.`user_id`
WHERE `pengetahuan_id` = :pengetahuan_id:
AND `parent_id` IS NULL
ORDER BY `created_at` DESC', [...], false)
 4 SYSTEMPATH\Model.php(286): CodeIgniter\Database\BaseBuilder->get()
 5 SYSTEMPATH\BaseModel.php(677): CodeIgniter\Model->doFindAll(0, 0)
 6 APPPATH\Models\KomentarPengetahuanModel.php(23): CodeIgniter\BaseModel->findAll()
 7 APPPATH\Controllers\Admin\Pengetahuan.php(343): App\Models\KomentarPengetahuanModel->getKomentarByPengetahuan('62')
 8 SYSTEMPATH\CodeIgniter.php(933): App\Controllers\Admin\Pengetahuan->view('62')
 9 SYSTEMPATH\CodeIgniter.php(507): CodeIgniter\CodeIgniter->runController(Object(App\Controllers\Admin\Pengetahuan))
10 SYSTEMPATH\CodeIgniter.php(354): CodeIgniter\CodeIgniter->handleRequest(null, Object(Config\Cache), false)
11 SYSTEMPATH\Boot.php(363): CodeIgniter\CodeIgniter->run()
12 SYSTEMPATH\Boot.php(68): CodeIgniter\Boot::runCodeIgniter(Object(CodeIgniter\CodeIgniter))
13 FCPATH\index.php(59): CodeIgniter\Boot::bootWeb(Object(Config\Paths))
14 SYSTEMPATH\rewrite.php(44): require_once('D:\\PROJECT\\kms-ukpbj\\public\\index.php')
CRITICAL - 2025-09-01 00:33:10 --> [Caused by] mysqli_sql_exception: Table 'darinkms.users' doesn't exist
in SYSTEMPATH\Database\MySQLi\Connection.php on line 327.
 1 SYSTEMPATH\Database\MySQLi\Connection.php(327): mysqli->query('SELECT `komentar_pengetahuan`.*, `users`.`nama` as `user_nama`, `users`.`id` as `user_id`
FROM `komentar_pengetahuan`
JOIN `users` ON `users`.`id` = `komentar_pengetahuan`.`user_id`
WHERE `pengetahuan_id` = \'62\'
AND `parent_id` IS NULL
ORDER BY `created_at` DESC', 0)
 2 SYSTEMPATH\Database\BaseConnection.php(729): CodeIgniter\Database\MySQLi\Connection->execute('SELECT `komentar_pengetahuan`.*, `users`.`nama` as `user_nama`, `users`.`id` as `user_id`
FROM `komentar_pengetahuan`
JOIN `users` ON `users`.`id` = `komentar_pengetahuan`.`user_id`
WHERE `pengetahuan_id` = \'62\'
AND `parent_id` IS NULL
ORDER BY `created_at` DESC')
 3 SYSTEMPATH\Database\BaseConnection.php(646): CodeIgniter\Database\BaseConnection->simpleQuery('SELECT `komentar_pengetahuan`.*, `users`.`nama` as `user_nama`, `users`.`id` as `user_id`
FROM `komentar_pengetahuan`
JOIN `users` ON `users`.`id` = `komentar_pengetahuan`.`user_id`
WHERE `pengetahuan_id` = \'62\'
AND `parent_id` IS NULL
ORDER BY `created_at` DESC')
 4 SYSTEMPATH\Database\BaseBuilder.php(1649): CodeIgniter\Database\BaseConnection->query('SELECT `komentar_pengetahuan`.*, `users`.`nama` as `user_nama`, `users`.`id` as `user_id`
FROM `komentar_pengetahuan`
JOIN `users` ON `users`.`id` = `komentar_pengetahuan`.`user_id`
WHERE `pengetahuan_id` = :pengetahuan_id:
AND `parent_id` IS NULL
ORDER BY `created_at` DESC', [...], false)
 5 SYSTEMPATH\Model.php(286): CodeIgniter\Database\BaseBuilder->get()
 6 SYSTEMPATH\BaseModel.php(677): CodeIgniter\Model->doFindAll(0, 0)
 7 APPPATH\Models\KomentarPengetahuanModel.php(23): CodeIgniter\BaseModel->findAll()
 8 APPPATH\Controllers\Admin\Pengetahuan.php(343): App\Models\KomentarPengetahuanModel->getKomentarByPengetahuan('62')
 9 SYSTEMPATH\CodeIgniter.php(933): App\Controllers\Admin\Pengetahuan->view('62')
10 SYSTEMPATH\CodeIgniter.php(507): CodeIgniter\CodeIgniter->runController(Object(App\Controllers\Admin\Pengetahuan))
11 SYSTEMPATH\CodeIgniter.php(354): CodeIgniter\CodeIgniter->handleRequest(null, Object(Config\Cache), false)
12 SYSTEMPATH\Boot.php(363): CodeIgniter\CodeIgniter->run()
13 SYSTEMPATH\Boot.php(68): CodeIgniter\Boot::runCodeIgniter(Object(CodeIgniter\CodeIgniter))
14 FCPATH\index.php(59): CodeIgniter\Boot::bootWeb(Object(Config\Paths))
15 SYSTEMPATH\rewrite.php(44): require_once('D:\\PROJECT\\kms-ukpbj\\public\\index.php')
DEBUG - 2025-09-01 00:33:16 --> Session: Class initialized using 'CodeIgniter\Session\Handlers\FileHandler' driver.
DEBUG - 2025-09-01 00:33:23 --> Session: Class initialized using 'CodeIgniter\Session\Handlers\FileHandler' driver.
DEBUG - 2025-09-01 00:33:23 --> Session: Class initialized using 'CodeIgniter\Session\Handlers\FileHandler' driver.
DEBUG - 2025-09-01 00:33:47 --> Session: Class initialized using 'CodeIgniter\Session\Handlers\FileHandler' driver.
DEBUG - 2025-09-01 00:33:56 --> Session: Class initialized using 'CodeIgniter\Session\Handlers\FileHandler' driver.
DEBUG - 2025-09-01 00:34:04 --> Session: Class initialized using 'CodeIgniter\Session\Handlers\FileHandler' driver.
DEBUG - 2025-09-01 00:34:19 --> Session: Class initialized using 'CodeIgniter\Session\Handlers\FileHandler' driver.
DEBUG - 2025-09-01 00:34:31 --> Session: Class initialized using 'CodeIgniter\Session\Handlers\FileHandler' driver.
DEBUG - 2025-09-01 00:34:38 --> Session: Class initialized using 'CodeIgniter\Session\Handlers\FileHandler' driver.
DEBUG - 2025-09-01 00:34:38 --> Session: Class initialized using 'CodeIgniter\Session\Handlers\FileHandler' driver.
DEBUG - 2025-09-01 00:39:07 --> Session: Class initialized using 'CodeIgniter\Session\Handlers\FileHandler' driver.
CRITICAL - 2025-09-01 00:39:07 --> ErrorException: Undefined property: CodeIgniter\View\View::$request
[Method: GET, Route: admin/pengetahuan/view/62]
in APPPATH\Views\admin\pengetahuan\view.php on line 472.
 1 APPPATH\Views\admin\pengetahuan\view.php(472): CodeIgniter\Debug\Exceptions->errorHandler(2, 'Undefined property: CodeIgniter\\View\\View::$request', 'D:\\PROJECT\\kms-ukpbj\\app\\Views\\admin\\pengetahuan\\view.php', 472)
 2 SYSTEMPATH\View\View.php(226): include('D:\\PROJECT\\kms-ukpbj\\app\\Views\\admin\\pengetahuan\\view.php')
 3 SYSTEMPATH\View\View.php(229): CodeIgniter\View\View->CodeIgniter\View\{closure}()
 4 SYSTEMPATH\Common.php(1167): CodeIgniter\View\View->render('admin/pengetahuan/view', [], true)
 5 APPPATH\Controllers\Admin\Pengetahuan.php(345): view('admin/pengetahuan/view', [...])
 6 SYSTEMPATH\CodeIgniter.php(933): App\Controllers\Admin\Pengetahuan->view('62')
 7 SYSTEMPATH\CodeIgniter.php(507): CodeIgniter\CodeIgniter->runController(Object(App\Controllers\Admin\Pengetahuan))
 8 SYSTEMPATH\CodeIgniter.php(354): CodeIgniter\CodeIgniter->handleRequest(null, Object(Config\Cache), false)
 9 SYSTEMPATH\Boot.php(363): CodeIgniter\CodeIgniter->run()
10 SYSTEMPATH\Boot.php(68): CodeIgniter\Boot::runCodeIgniter(Object(CodeIgniter\CodeIgniter))
11 FCPATH\index.php(59): CodeIgniter\Boot::bootWeb(Object(Config\Paths))
12 SYSTEMPATH\rewrite.php(44): require_once('D:\\PROJECT\\kms-ukpbj\\public\\index.php')
DEBUG - 2025-09-01 00:39:23 --> Session: Class initialized using 'CodeIgniter\Session\Handlers\FileHandler' driver.
DEBUG - 2025-09-01 00:39:28 --> Session: Class initialized using 'CodeIgniter\Session\Handlers\FileHandler' driver.
DEBUG - 2025-09-01 00:39:28 --> Session: Class initialized using 'CodeIgniter\Session\Handlers\FileHandler' driver.
DEBUG - 2025-09-01 00:39:31 --> Session: Class initialized using 'CodeIgniter\Session\Handlers\FileHandler' driver.
DEBUG - 2025-09-01 00:39:31 --> Session: Class initialized using 'CodeIgniter\Session\Handlers\FileHandler' driver.
DEBUG - 2025-09-01 00:39:36 --> Session: Class initialized using 'CodeIgniter\Session\Handlers\FileHandler' driver.
DEBUG - 2025-09-01 00:39:36 --> Session: Class initialized using 'CodeIgniter\Session\Handlers\FileHandler' driver.
DEBUG - 2025-09-01 00:43:07 --> Session: Class initialized using 'CodeIgniter\Session\Handlers\FileHandler' driver.
DEBUG - 2025-09-01 00:43:12 --> Session: Class initialized using 'CodeIgniter\Session\Handlers\FileHandler' driver.
DEBUG - 2025-09-01 00:43:12 --> Session: Class initialized using 'CodeIgniter\Session\Handlers\FileHandler' driver.
DEBUG - 2025-09-01 00:43:17 --> Session: Class initialized using 'CodeIgniter\Session\Handlers\FileHandler' driver.
DEBUG - 2025-09-01 00:43:18 --> Session: Class initialized using 'CodeIgniter\Session\Handlers\FileHandler' driver.
DEBUG - 2025-09-01 00:44:15 --> Session: Class initialized using 'CodeIgniter\Session\Handlers\FileHandler' driver.
DEBUG - 2025-09-01 00:45:52 --> Session: Class initialized using 'CodeIgniter\Session\Handlers\FileHandler' driver.
DEBUG - 2025-09-01 00:46:10 --> Session: Class initialized using 'CodeIgniter\Session\Handlers\FileHandler' driver.
DEBUG - 2025-09-01 00:46:24 --> Session: Class initialized using 'CodeIgniter\Session\Handlers\FileHandler' driver.
DEBUG - 2025-09-01 00:46:24 --> Session: Class initialized using 'CodeIgniter\Session\Handlers\FileHandler' driver.
DEBUG - 2025-09-01 00:46:32 --> Session: Class initialized using 'CodeIgniter\Session\Handlers\FileHandler' driver.
DEBUG - 2025-09-01 00:46:32 --> Session: Class initialized using 'CodeIgniter\Session\Handlers\FileHandler' driver.
DEBUG - 2025-09-01 00:47:08 --> Session: Class initialized using 'CodeIgniter\Session\Handlers\FileHandler' driver.
DEBUG - 2025-09-01 00:47:09 --> Session: Class initialized using 'CodeIgniter\Session\Handlers\FileHandler' driver.
DEBUG - 2025-09-01 00:47:18 --> Session: Class initialized using 'CodeIgniter\Session\Handlers\FileHandler' driver.
DEBUG - 2025-09-01 00:47:18 --> Session: Class initialized using 'CodeIgniter\Session\Handlers\FileHandler' driver.
DEBUG - 2025-09-01 00:47:29 --> Session: Class initialized using 'CodeIgniter\Session\Handlers\FileHandler' driver.
DEBUG - 2025-09-01 00:47:29 --> Session: Class initialized using 'CodeIgniter\Session\Handlers\FileHandler' driver.
DEBUG - 2025-09-01 00:47:39 --> Session: Class initialized using 'CodeIgniter\Session\Handlers\FileHandler' driver.
DEBUG - 2025-09-01 00:47:40 --> Session: Class initialized using 'CodeIgniter\Session\Handlers\FileHandler' driver.
DEBUG - 2025-09-01 00:47:42 --> Session: Class initialized using 'CodeIgniter\Session\Handlers\FileHandler' driver.
DEBUG - 2025-09-01 00:47:44 --> Session: Class initialized using 'CodeIgniter\Session\Handlers\FileHandler' driver.
DEBUG - 2025-09-01 00:47:54 --> Session: Class initialized using 'CodeIgniter\Session\Handlers\FileHandler' driver.
DEBUG - 2025-09-01 00:47:54 --> Session: Class initialized using 'CodeIgniter\Session\Handlers\FileHandler' driver.
DEBUG - 2025-09-01 00:48:01 --> Session: Class initialized using 'CodeIgniter\Session\Handlers\FileHandler' driver.
DEBUG - 2025-09-01 00:48:01 --> Session: Class initialized using 'CodeIgniter\Session\Handlers\FileHandler' driver.
DEBUG - 2025-09-01 00:50:19 --> Session: Class initialized using 'CodeIgniter\Session\Handlers\FileHandler' driver.
DEBUG - 2025-09-01 00:52:01 --> Session: Class initialized using 'CodeIgniter\Session\Handlers\FileHandler' driver.
DEBUG - 2025-09-01 00:52:01 --> Session: Class initialized using 'CodeIgniter\Session\Handlers\FileHandler' driver.
DEBUG - 2025-09-01 00:52:07 --> Session: Class initialized using 'CodeIgniter\Session\Handlers\FileHandler' driver.
DEBUG - 2025-09-01 00:52:08 --> Session: Class initialized using 'CodeIgniter\Session\Handlers\FileHandler' driver.
DEBUG - 2025-09-01 00:52:09 --> Session: Class initialized using 'CodeIgniter\Session\Handlers\FileHandler' driver.
DEBUG - 2025-09-01 00:52:14 --> Session: Class initialized using 'CodeIgniter\Session\Handlers\FileHandler' driver.
DEBUG - 2025-09-01 00:52:16 --> Session: Class initialized using 'CodeIgniter\Session\Handlers\FileHandler' driver.
DEBUG - 2025-09-01 00:52:18 --> Session: Class initialized using 'CodeIgniter\Session\Handlers\FileHandler' driver.
DEBUG - 2025-09-01 00:52:24 --> Session: Class initialized using 'CodeIgniter\Session\Handlers\FileHandler' driver.
DEBUG - 2025-09-01 00:52:24 --> Session: Class initialized using 'CodeIgniter\Session\Handlers\FileHandler' driver.
DEBUG - 2025-09-01 00:52:41 --> Session: Class initialized using 'CodeIgniter\Session\Handlers\FileHandler' driver.
DEBUG - 2025-09-01 00:52:41 --> Session: Class initialized using 'CodeIgniter\Session\Handlers\FileHandler' driver.
DEBUG - 2025-09-01 00:53:26 --> Session: Class initialized using 'CodeIgniter\Session\Handlers\FileHandler' driver.
DEBUG - 2025-09-01 00:54:07 --> Session: Class initialized using 'CodeIgniter\Session\Handlers\FileHandler' driver.
DEBUG - 2025-09-01 00:54:11 --> Session: Class initialized using 'CodeIgniter\Session\Handlers\FileHandler' driver.
DEBUG - 2025-09-01 00:54:11 --> Session: Class initialized using 'CodeIgniter\Session\Handlers\FileHandler' driver.
DEBUG - 2025-09-01 17:05:56 --> Session: Class initialized using 'CodeIgniter\Session\Handlers\FileHandler' driver.
DEBUG - 2025-09-01 17:05:59 --> Session: Class initialized using 'CodeIgniter\Session\Handlers\FileHandler' driver.
DEBUG - 2025-09-01 17:06:01 --> Session: Class initialized using 'CodeIgniter\Session\Handlers\FileHandler' driver.
DEBUG - 2025-09-01 17:06:15 --> Session: Class initialized using 'CodeIgniter\Session\Handlers\FileHandler' driver.
DEBUG - 2025-09-01 17:06:28 --> Session: Class initialized using 'CodeIgniter\Session\Handlers\FileHandler' driver.
DEBUG - 2025-09-01 17:07:12 --> Session: Class initialized using 'CodeIgniter\Session\Handlers\FileHandler' driver.
DEBUG - 2025-09-01 17:07:42 --> Session: Class initialized using 'CodeIgniter\Session\Handlers\FileHandler' driver.
DEBUG - 2025-09-01 17:08:11 --> Session: Class initialized using 'CodeIgniter\Session\Handlers\FileHandler' driver.
DEBUG - 2025-09-01 17:08:13 --> Session: Class initialized using 'CodeIgniter\Session\Handlers\FileHandler' driver.
DEBUG - 2025-09-01 17:08:16 --> Session: Class initialized using 'CodeIgniter\Session\Handlers\FileHandler' driver.
DEBUG - 2025-09-01 17:08:19 --> Session: Class initialized using 'CodeIgniter\Session\Handlers\FileHandler' driver.
DEBUG - 2025-09-01 17:09:10 --> Session: Class initialized using 'CodeIgniter\Session\Handlers\FileHandler' driver.
DEBUG - 2025-09-01 17:09:41 --> Session: Class initialized using 'CodeIgniter\Session\Handlers\FileHandler' driver.
DEBUG - 2025-09-01 17:09:42 --> Session: Class initialized using 'CodeIgniter\Session\Handlers\FileHandler' driver.
DEBUG - 2025-09-01 17:09:43 --> Session: Class initialized using 'CodeIgniter\Session\Handlers\FileHandler' driver.
