DEBUG - 2025-08-03 00:19:28 --> Session: Class initialized using 'CodeIgniter\Session\Handlers\FileHandler' driver.
DEBUG - 2025-08-03 00:19:31 --> Session: Class initialized using 'CodeIgniter\Session\Handlers\FileHandler' driver.
DEBUG - 2025-08-03 00:19:33 --> Session: Class initialized using 'CodeIgniter\Session\Handlers\FileHandler' driver.
DEBUG - 2025-08-03 00:19:35 --> Session: Class initialized using 'CodeIgniter\Session\Handlers\FileHandler' driver.
DEBUG - 2025-08-03 00:19:36 --> Session: Class initialized using 'CodeIgniter\Session\Handlers\FileHandler' driver.
DEBUG - 2025-08-03 00:22:59 --> Session: Class initialized using 'CodeIgniter\Session\Handlers\FileHandler' driver.
DEBUG - 2025-08-03 00:25:09 --> Session: Class initialized using 'CodeIgniter\Session\Handlers\FileHandler' driver.
DEBUG - 2025-08-03 00:25:30 --> Session: Class initialized using 'CodeIgniter\Session\Handlers\FileHandler' driver.
ERROR - 2025-08-03 00:25:34 --> PDF RAG Error: The command "python3 D:\PROJECT\darinkbkms\writable\rag/process_pdf.py --pdf_path D:\PROJECT\darinkbkms\writable\../public/assets/uploads/pengetahuan/1753663139_89b8e7aac33492ed02ed.pdf --vector_store D:\PROJECT\darinkbkms\writable\rag/vector_store --question hello" failed.

Exit Code: 1(General error)

Working directory: D:\PROJECT\darinkbkms\public

Output:
================


Error Output:
================
'python3' is not recognized as an internal or external command,
operable program or batch file.

ERROR - 2025-08-03 00:25:34 --> PDF RAG Error: Failed to process PDF
DEBUG - 2025-08-03 00:26:36 --> Session: Class initialized using 'CodeIgniter\Session\Handlers\FileHandler' driver.
ERROR - 2025-08-03 00:26:39 --> PDF RAG Error: The command "python3 D:\PROJECT\darinkbkms\writable\rag/process_pdf.py --pdf_path D:\PROJECT\darinkbkms\writable\/assets/uploads/pengetahuan/1753663139_89b8e7aac33492ed02ed.pdf --vector_store D:\PROJECT\darinkbkms\writable\rag/vector_store --question hello" failed.

Exit Code: 1(General error)

Working directory: D:\PROJECT\darinkbkms\public

Output:
================


Error Output:
================
'python3' is not recognized as an internal or external command,
operable program or batch file.

ERROR - 2025-08-03 00:26:39 --> PDF RAG Error: Failed to process PDF
DEBUG - 2025-08-03 00:28:07 --> Session: Class initialized using 'CodeIgniter\Session\Handlers\FileHandler' driver.
ERROR - 2025-08-03 00:28:11 --> PDF RAG Error: The command "python3 D:\PROJECT\darinkbkms\writable\rag/process_pdf.py --pdf_path D:\PROJECT\darinkbkms\writable\../public/assets/uploads/pengetahuan/1753663139_89b8e7aac33492ed02ed.pdf --vector_store D:\PROJECT\darinkbkms\writable\rag/vector_store --question hello" failed.

Exit Code: 1(General error)

Working directory: D:\PROJECT\darinkbkms\public

Output:
================


Error Output:
================
'python3' is not recognized as an internal or external command,
operable program or batch file.

ERROR - 2025-08-03 00:28:11 --> PDF RAG Error: Failed to process PDF
DEBUG - 2025-08-03 00:29:01 --> Session: Class initialized using 'CodeIgniter\Session\Handlers\FileHandler' driver.
ERROR - 2025-08-03 00:29:05 --> PDF RAG Error: The command "python3 D:\PROJECT\darinkbkms\writable\rag/process_pdf.py --pdf_path D:\PROJECT\darinkbkms\writable\../public/assets/uploads/pengetahuan/1753663139_89b8e7aac33492ed02ed.pdf --vector_store D:\PROJECT\darinkbkms\writable\rag/vector_store --question hello" failed.

Exit Code: 1(General error)

Working directory: D:\PROJECT\darinkbkms\public

Output:
================


Error Output:
================
'python3' is not recognized as an internal or external command,
operable program or batch file.

ERROR - 2025-08-03 00:29:05 --> PDF RAG Error: Failed to process PDF
DEBUG - 2025-08-03 00:29:47 --> Session: Class initialized using 'CodeIgniter\Session\Handlers\FileHandler' driver.
ERROR - 2025-08-03 00:29:51 --> PDF RAG Error: The command "python3 D:\PROJECT\darinkbkms\writable\rag/process_pdf.py --pdf_path D:\PROJECT\darinkbkms\writable\../public/assets/uploads/pengetahuan/1753663139_89b8e7aac33492ed02ed.pdf --vector_store D:\PROJECT\darinkbkms\writable\rag/vector_store --question hello" failed.

Exit Code: 1(General error)

Working directory: D:\PROJECT\darinkbkms\public

Output:
================


Error Output:
================
'python3' is not recognized as an internal or external command,
operable program or batch file.

ERROR - 2025-08-03 00:29:51 --> PDF RAG Error: Failed to process PDF
ERROR - 2025-08-03 00:31:38 --> PDF RAG Error: The command "python3 D:\PROJECT\darinkbkms\writable\rag/process_pdf.py --pdf_path D:\PROJECT\darinkbkms\writable\../public/assets/uploads/pengetahuan/1753663139_89b8e7aac33492ed02ed.pdf --vector_store D:\PROJECT\darinkbkms\writable\rag/vector_store" failed.

Exit Code: 1(General error)

Working directory: D:\PROJECT\darinkbkms\public

Output:
================


Error Output:
================
'python3' is not recognized as an internal or external command,
operable program or batch file.

CRITICAL - 2025-08-03 00:31:38 --> ErrorException: Undefined array key "user_nama"
[Method: GET, Route: pengetahuan/view/34]
in APPPATH\Views\pengetahuan\view.php on line 145.
 1 APPPATH\Views\pengetahuan\view.php(145): CodeIgniter\Debug\Exceptions->errorHandler(2, 'Undefined array key "user_nama"', 'D:\\PROJECT\\darinkbkms\\app\\Views\\pengetahuan\\view.php', 145)
 2 SYSTEMPATH\View\View.php(224): include('D:\\PROJECT\\darinkbkms\\app\\Views\\pengetahuan\\view.php')
 3 SYSTEMPATH\View\View.php(227): CodeIgniter\View\View->CodeIgniter\View\{closure}()
 4 SYSTEMPATH\Common.php(1173): CodeIgniter\View\View->render('pengetahuan/view', [], true)
 5 APPPATH\Controllers\Pengetahuan.php(64): view('pengetahuan/view', [...])
 6 SYSTEMPATH\CodeIgniter.php(933): App\Controllers\Pengetahuan->view('34')
 7 SYSTEMPATH\CodeIgniter.php(507): CodeIgniter\CodeIgniter->runController(Object(App\Controllers\Pengetahuan))
 8 SYSTEMPATH\CodeIgniter.php(354): CodeIgniter\CodeIgniter->handleRequest(null, Object(Config\Cache), false)
 9 SYSTEMPATH\Boot.php(334): CodeIgniter\CodeIgniter->run()
10 SYSTEMPATH\Boot.php(67): CodeIgniter\Boot::runCodeIgniter(Object(CodeIgniter\CodeIgniter))
11 FCPATH\index.php(59): CodeIgniter\Boot::bootWeb(Object(Config\Paths))
12 SYSTEMPATH\rewrite.php(44): require_once('D:\\PROJECT\\darinkbkms\\public\\index.php')
DEBUG - 2025-08-03 00:32:05 --> Session: Class initialized using 'CodeIgniter\Session\Handlers\FileHandler' driver.
DEBUG - 2025-08-03 00:32:21 --> Session: Class initialized using 'CodeIgniter\Session\Handlers\FileHandler' driver.
DEBUG - 2025-08-03 00:32:55 --> Session: Class initialized using 'CodeIgniter\Session\Handlers\FileHandler' driver.
DEBUG - 2025-08-03 00:33:12 --> Session: Class initialized using 'CodeIgniter\Session\Handlers\FileHandler' driver.
DEBUG - 2025-08-03 00:33:13 --> Session: Class initialized using 'CodeIgniter\Session\Handlers\FileHandler' driver.
DEBUG - 2025-08-03 00:33:14 --> Session: Class initialized using 'CodeIgniter\Session\Handlers\FileHandler' driver.
DEBUG - 2025-08-03 00:33:15 --> Session: Class initialized using 'CodeIgniter\Session\Handlers\FileHandler' driver.
DEBUG - 2025-08-03 00:33:19 --> Session: Class initialized using 'CodeIgniter\Session\Handlers\FileHandler' driver.
DEBUG - 2025-08-03 00:33:21 --> Session: Class initialized using 'CodeIgniter\Session\Handlers\FileHandler' driver.
DEBUG - 2025-08-03 00:33:22 --> Session: Class initialized using 'CodeIgniter\Session\Handlers\FileHandler' driver.
DEBUG - 2025-08-03 00:33:25 --> Session: Class initialized using 'CodeIgniter\Session\Handlers\FileHandler' driver.
DEBUG - 2025-08-03 00:36:44 --> Session: Class initialized using 'CodeIgniter\Session\Handlers\FileHandler' driver.
DEBUG - 2025-08-03 00:37:22 --> Session: Class initialized using 'CodeIgniter\Session\Handlers\FileHandler' driver.
ERROR - 2025-08-03 00:37:26 --> PDF RAG Error: The command "python3 D:\PROJECT\darinkbkms\writable\rag/process_pdf.py --pdf_path D:\PROJECT\darinkbkms\writable\../public/assets/uploads/pengetahuan/1753678674_f670caf8e9bdfe89e72c.pdf --vector_store D:\PROJECT\darinkbkms\writable\rag/vector_store --question install" failed.

Exit Code: 1(General error)

Working directory: D:\PROJECT\darinkbkms\public

Output:
================


Error Output:
================
'python3' is not recognized as an internal or external command,
operable program or batch file.

ERROR - 2025-08-03 00:37:26 --> PDF RAG Error: Failed to process PDF
DEBUG - 2025-08-03 00:38:40 --> Session: Class initialized using 'CodeIgniter\Session\Handlers\FileHandler' driver.
ERROR - 2025-08-03 00:38:44 --> PDF RAG Error: The command "python3 D:\PROJECT\darinkbkms\writable\rag/process_pdf.py --pdf_path D:\PROJECT\darinkbkms\writable\../public/assets/uploads/pengetahuan/1753678674_f670caf8e9bdfe89e72c.pdf --vector_store D:\PROJECT\darinkbkms\writable\rag/vector_store --question hellp" failed.

Exit Code: 1(General error)

Working directory: D:\PROJECT\darinkbkms\public

Output:
================


Error Output:
================
'python3' is not recognized as an internal or external command,
operable program or batch file.

ERROR - 2025-08-03 00:38:44 --> PDF RAG Error: Failed to process PDF
DEBUG - 2025-08-03 00:41:46 --> Session: Class initialized using 'CodeIgniter\Session\Handlers\FileHandler' driver.
ERROR - 2025-08-03 00:41:50 --> PDF RAG Error: The command "python3 D:\PROJECT\darinkbkms\writable\rag/process_pdf.py --pdf_path D:\PROJECT\darinkbkms\writable\../public/assets/uploads/pengetahuan/1753678674_f670caf8e9bdfe89e72c.pdf --vector_store D:\PROJECT\darinkbkms\writable\rag/vector_store --question hello" failed.

Exit Code: 1(General error)

Working directory: D:\PROJECT\darinkbkms\public

Output:
================


Error Output:
================
'python3' is not recognized as an internal or external command,
operable program or batch file.

ERROR - 2025-08-03 00:41:50 --> PDF RAG Error: Failed to process PDF
DEBUG - 2025-08-03 00:44:53 --> Session: Class initialized using 'CodeIgniter\Session\Handlers\FileHandler' driver.
ERROR - 2025-08-03 00:44:56 --> PDF RAG Error: The command "python3 D:\PROJECT\darinkbkms\writable\rag/process_pdf.py --pdf_path D:\PROJECT\darinkbkms\writable\../public/assets/uploads/pengetahuan/1753678674_f670caf8e9bdfe89e72c.pdf --vector_store D:\PROJECT\darinkbkms\writable\rag/vector_store --question hello" failed.

Exit Code: 1(General error)

Working directory: D:\PROJECT\darinkbkms\public

Output:
================


Error Output:
================
'python3' is not recognized as an internal or external command,
operable program or batch file.

ERROR - 2025-08-03 00:44:56 --> PDF RAG Error: Failed to process PDF
DEBUG - 2025-08-03 00:51:08 --> Session: Class initialized using 'CodeIgniter\Session\Handlers\FileHandler' driver.
DEBUG - 2025-08-03 00:51:14 --> Session: Class initialized using 'CodeIgniter\Session\Handlers\FileHandler' driver.
ERROR - 2025-08-03 00:51:22 --> PDF RAG Error: The command "python3 D:\PROJECT\darinkbkms\writable\rag/process_pdf.py --pdf_path D:\PROJECT\darinkbkms\writable\../public/assets/uploads/pengetahuan/1753678674_f670caf8e9bdfe89e72c.pdf --vector_store D:\PROJECT\darinkbkms\writable\rag/vector_store --question hello" failed.

Exit Code: 1(General error)

Working directory: D:\PROJECT\darinkbkms\public

Output:
================


Error Output:
================
'python3' is not recognized as an internal or external command,
operable program or batch file.

ERROR - 2025-08-03 00:51:22 --> PDF RAG Error: Failed to process PDF
DEBUG - 2025-08-03 00:51:37 --> Session: Class initialized using 'CodeIgniter\Session\Handlers\FileHandler' driver.
ERROR - 2025-08-03 02:32:05 --> PDF RAG Error: The command "python3 D:\PROJECT\darinkbkms\writable\rag/process_pdf.py --pdf_path D:\PROJECT\darinkbkms\writable\../public/assets/uploads/pengetahuan/1753678674_f670caf8e9bdfe89e72c.pdf --vector_store D:\PROJECT\darinkbkms\writable\rag/vector_store --question hello" failed.

Exit Code: 1(General error)

Working directory: D:\PROJECT\darinkbkms\public

Output:
================


Error Output:
================
'python3' is not recognized as an internal or external command,
operable program or batch file.

ERROR - 2025-08-03 02:32:05 --> PDF RAG Error: Failed to process PDF
DEBUG - 2025-08-03 02:42:48 --> Session: Class initialized using 'CodeIgniter\Session\Handlers\FileHandler' driver.
ERROR - 2025-08-03 02:42:52 --> PDF RAG Error: The command "python3 D:\PROJECT\darinkbkms\writable\rag/process_pdf.py --pdf_path D:\PROJECT\darinkbkms\writable\../public/assets/uploads/pengetahuan/1753678674_f670caf8e9bdfe89e72c.pdf --vector_store D:\PROJECT\darinkbkms\writable\rag/vector_store --question hello" failed.

Exit Code: 1(General error)

Working directory: D:\PROJECT\darinkbkms\public

Output:
================


Error Output:
================
'python3' is not recognized as an internal or external command,
operable program or batch file.

ERROR - 2025-08-03 02:42:52 --> PDF RAG Error: Failed to process PDF
DEBUG - 2025-08-03 02:59:14 --> Session: Class initialized using 'CodeIgniter\Session\Handlers\FileHandler' driver.
DEBUG - 2025-08-03 02:59:16 --> Session: Class initialized using 'CodeIgniter\Session\Handlers\FileHandler' driver.
DEBUG - 2025-08-03 02:59:17 --> Session: Class initialized using 'CodeIgniter\Session\Handlers\FileHandler' driver.
DEBUG - 2025-08-03 02:59:25 --> Session: Class initialized using 'CodeIgniter\Session\Handlers\FileHandler' driver.
CRITICAL - 2025-08-03 02:59:37 --> Error: Class "SentenceTransformer" not found
[Method: POST, Route: pengetahuan/ask-pdf]
in APPPATH\Services\RagService.php on line 26.
 1 APPPATH\Services\RagService.php(20): App\Services\RagService->initializeVectorizer()
 2 APPPATH\Controllers\Pengetahuan.php(156): App\Services\RagService->__construct()
 3 SYSTEMPATH\CodeIgniter.php(933): App\Controllers\Pengetahuan->askPdf()
 4 SYSTEMPATH\CodeIgniter.php(507): CodeIgniter\CodeIgniter->runController(Object(App\Controllers\Pengetahuan))
 5 SYSTEMPATH\CodeIgniter.php(354): CodeIgniter\CodeIgniter->handleRequest(null, Object(Config\Cache), false)
 6 SYSTEMPATH\Boot.php(334): CodeIgniter\CodeIgniter->run()
 7 SYSTEMPATH\Boot.php(67): CodeIgniter\Boot::runCodeIgniter(Object(CodeIgniter\CodeIgniter))
 8 FCPATH\index.php(59): CodeIgniter\Boot::bootWeb(Object(Config\Paths))
 9 SYSTEMPATH\rewrite.php(44): require_once('D:\\PROJECT\\darinkbkms\\public\\index.php')
DEBUG - 2025-08-03 03:07:33 --> Session: Class initialized using 'CodeIgniter\Session\Handlers\FileHandler' driver.
CRITICAL - 2025-08-03 03:07:36 --> Error: Class "SentenceTransformer" not found
[Method: POST, Route: pengetahuan/ask-pdf]
in APPPATH\Services\RagService.php on line 26.
 1 APPPATH\Services\RagService.php(20): App\Services\RagService->initializeVectorizer()
 2 APPPATH\Controllers\Pengetahuan.php(156): App\Services\RagService->__construct()
 3 SYSTEMPATH\CodeIgniter.php(933): App\Controllers\Pengetahuan->askPdf()
 4 SYSTEMPATH\CodeIgniter.php(507): CodeIgniter\CodeIgniter->runController(Object(App\Controllers\Pengetahuan))
 5 SYSTEMPATH\CodeIgniter.php(354): CodeIgniter\CodeIgniter->handleRequest(null, Object(Config\Cache), false)
 6 SYSTEMPATH\Boot.php(334): CodeIgniter\CodeIgniter->run()
 7 SYSTEMPATH\Boot.php(67): CodeIgniter\Boot::runCodeIgniter(Object(CodeIgniter\CodeIgniter))
 8 FCPATH\index.php(59): CodeIgniter\Boot::bootWeb(Object(Config\Paths))
 9 SYSTEMPATH\rewrite.php(44): require_once('D:\\PROJECT\\darinkbkms\\public\\index.php')
DEBUG - 2025-08-03 03:08:03 --> Session: Class initialized using 'CodeIgniter\Session\Handlers\FileHandler' driver.
CRITICAL - 2025-08-03 03:08:06 --> Error: Class "SentenceTransformer" not found
[Method: POST, Route: pengetahuan/ask-pdf]
in APPPATH\Services\RagService.php on line 26.
 1 APPPATH\Services\RagService.php(20): App\Services\RagService->initializeVectorizer()
 2 APPPATH\Controllers\Pengetahuan.php(156): App\Services\RagService->__construct()
 3 SYSTEMPATH\CodeIgniter.php(933): App\Controllers\Pengetahuan->askPdf()
 4 SYSTEMPATH\CodeIgniter.php(507): CodeIgniter\CodeIgniter->runController(Object(App\Controllers\Pengetahuan))
 5 SYSTEMPATH\CodeIgniter.php(354): CodeIgniter\CodeIgniter->handleRequest(null, Object(Config\Cache), false)
 6 SYSTEMPATH\Boot.php(334): CodeIgniter\CodeIgniter->run()
 7 SYSTEMPATH\Boot.php(67): CodeIgniter\Boot::runCodeIgniter(Object(CodeIgniter\CodeIgniter))
 8 FCPATH\index.php(59): CodeIgniter\Boot::bootWeb(Object(Config\Paths))
 9 SYSTEMPATH\rewrite.php(44): require_once('D:\\PROJECT\\darinkbkms\\public\\index.php')
DEBUG - 2025-08-03 03:12:12 --> Session: Class initialized using 'CodeIgniter\Session\Handlers\FileHandler' driver.
CRITICAL - 2025-08-03 03:12:15 --> Error: Class "SentenceTransformer" not found
[Method: POST, Route: pengetahuan/ask-pdf]
in APPPATH\Services\RagService.php on line 26.
 1 APPPATH\Services\RagService.php(20): App\Services\RagService->initializeVectorizer()
 2 APPPATH\Controllers\Pengetahuan.php(156): App\Services\RagService->__construct()
 3 SYSTEMPATH\CodeIgniter.php(933): App\Controllers\Pengetahuan->askPdf()
 4 SYSTEMPATH\CodeIgniter.php(507): CodeIgniter\CodeIgniter->runController(Object(App\Controllers\Pengetahuan))
 5 SYSTEMPATH\CodeIgniter.php(354): CodeIgniter\CodeIgniter->handleRequest(null, Object(Config\Cache), false)
 6 SYSTEMPATH\Boot.php(334): CodeIgniter\CodeIgniter->run()
 7 SYSTEMPATH\Boot.php(67): CodeIgniter\Boot::runCodeIgniter(Object(CodeIgniter\CodeIgniter))
 8 FCPATH\index.php(59): CodeIgniter\Boot::bootWeb(Object(Config\Paths))
 9 SYSTEMPATH\rewrite.php(44): require_once('D:\\PROJECT\\darinkbkms\\public\\index.php')
DEBUG - 2025-08-03 03:22:11 --> Session: Class initialized using 'CodeIgniter\Session\Handlers\FileHandler' driver.
CRITICAL - 2025-08-03 03:22:14 --> ErrorException: Undefined variable $namaPdf
[Method: POST, Route: pengetahuan/ask-pdf]
in APPPATH\Controllers\Pengetahuan.php on line 139.
 1 APPPATH\Controllers\Pengetahuan.php(139): CodeIgniter\Debug\Exceptions->errorHandler(2, 'Undefined variable $namaPdf', 'D:\\PROJECT\\darinkbkms\\app\\Controllers\\Pengetahuan.php', 139)
 2 SYSTEMPATH\CodeIgniter.php(933): App\Controllers\Pengetahuan->askPdf()
 3 SYSTEMPATH\CodeIgniter.php(507): CodeIgniter\CodeIgniter->runController(Object(App\Controllers\Pengetahuan))
 4 SYSTEMPATH\CodeIgniter.php(354): CodeIgniter\CodeIgniter->handleRequest(null, Object(Config\Cache), false)
 5 SYSTEMPATH\Boot.php(334): CodeIgniter\CodeIgniter->run()
 6 SYSTEMPATH\Boot.php(67): CodeIgniter\Boot::runCodeIgniter(Object(CodeIgniter\CodeIgniter))
 7 FCPATH\index.php(59): CodeIgniter\Boot::bootWeb(Object(Config\Paths))
 8 SYSTEMPATH\rewrite.php(44): require_once('D:\\PROJECT\\darinkbkms\\public\\index.php')
DEBUG - 2025-08-03 03:22:59 --> Session: Class initialized using 'CodeIgniter\Session\Handlers\FileHandler' driver.
CRITICAL - 2025-08-03 03:23:02 --> ErrorException: Undefined variable $namaPdf
[Method: POST, Route: pengetahuan/ask-pdf]
in APPPATH\Controllers\Pengetahuan.php on line 139.
 1 APPPATH\Controllers\Pengetahuan.php(139): CodeIgniter\Debug\Exceptions->errorHandler(2, 'Undefined variable $namaPdf', 'D:\\PROJECT\\darinkbkms\\app\\Controllers\\Pengetahuan.php', 139)
 2 SYSTEMPATH\CodeIgniter.php(933): App\Controllers\Pengetahuan->askPdf()
 3 SYSTEMPATH\CodeIgniter.php(507): CodeIgniter\CodeIgniter->runController(Object(App\Controllers\Pengetahuan))
 4 SYSTEMPATH\CodeIgniter.php(354): CodeIgniter\CodeIgniter->handleRequest(null, Object(Config\Cache), false)
 5 SYSTEMPATH\Boot.php(334): CodeIgniter\CodeIgniter->run()
 6 SYSTEMPATH\Boot.php(67): CodeIgniter\Boot::runCodeIgniter(Object(CodeIgniter\CodeIgniter))
 7 FCPATH\index.php(59): CodeIgniter\Boot::bootWeb(Object(Config\Paths))
 8 SYSTEMPATH\rewrite.php(44): require_once('D:\\PROJECT\\darinkbkms\\public\\index.php')
DEBUG - 2025-08-03 03:23:13 --> Session: Class initialized using 'CodeIgniter\Session\Handlers\FileHandler' driver.
ERROR - 2025-08-03 03:23:18 --> Failed to query PDF: 7 : Failed to connect to localhost port 5000 after 2250 ms: Couldn't connect to server
DEBUG - 2025-08-03 03:36:54 --> Session: Class initialized using 'CodeIgniter\Session\Handlers\FileHandler' driver.
ERROR - 2025-08-03 03:36:58 --> Failed to query PDF: 22 : The requested URL returned error: 500
DEBUG - 2025-08-03 03:37:40 --> Session: Class initialized using 'CodeIgniter\Session\Handlers\FileHandler' driver.
ERROR - 2025-08-03 03:37:50 --> Failed to query PDF: 22 : The requested URL returned error: 500
DEBUG - 2025-08-03 03:42:04 --> Session: Class initialized using 'CodeIgniter\Session\Handlers\FileHandler' driver.
ERROR - 2025-08-03 03:42:09 --> Failed to query PDF: 22 : The requested URL returned error: 500
ERROR - 2025-08-03 03:42:19 --> Failed to query PDF: 22 : The requested URL returned error: 500
ERROR - 2025-08-03 03:42:26 --> Failed to query PDF: 22 : The requested URL returned error: 500
ERROR - 2025-08-03 03:50:14 --> Failed to query PDF: 7 : Failed to connect to localhost port 5000 after 2219 ms: Couldn't connect to server
ERROR - 2025-08-03 03:51:33 --> Failed to query PDF: 56 : Recv failure: Connection was reset
DEBUG - 2025-08-03 03:53:19 --> Session: Class initialized using 'CodeIgniter\Session\Handlers\FileHandler' driver.
CRITICAL - 2025-08-03 03:57:11 --> ErrorException: Maximum execution time of 60 seconds exceeded
[Method: POST, Route: pengetahuan/ask-pdf]
in SYSTEMPATH\HTTP\CURLRequest.php on line 708.
 1 [internal function]: CodeIgniter\Debug\Exceptions->shutdownHandler()
DEBUG - 2025-08-03 03:59:24 --> Session: Class initialized using 'CodeIgniter\Session\Handlers\FileHandler' driver.
DEBUG - 2025-08-03 03:59:31 --> Session: Class initialized using 'CodeIgniter\Session\Handlers\FileHandler' driver.
DEBUG - 2025-08-03 04:03:43 --> Session: Class initialized using 'CodeIgniter\Session\Handlers\FileHandler' driver.
DEBUG - 2025-08-03 04:04:07 --> Session: Class initialized using 'CodeIgniter\Session\Handlers\FileHandler' driver.
DEBUG - 2025-08-03 04:04:13 --> Session: Class initialized using 'CodeIgniter\Session\Handlers\FileHandler' driver.
DEBUG - 2025-08-03 04:04:13 --> Session: Class initialized using 'CodeIgniter\Session\Handlers\FileHandler' driver.
DEBUG - 2025-08-03 04:04:16 --> Session: Class initialized using 'CodeIgniter\Session\Handlers\FileHandler' driver.
DEBUG - 2025-08-03 04:04:17 --> Session: Class initialized using 'CodeIgniter\Session\Handlers\FileHandler' driver.
DEBUG - 2025-08-03 04:04:22 --> Session: Class initialized using 'CodeIgniter\Session\Handlers\FileHandler' driver.
CRITICAL - 2025-08-03 04:04:22 --> ErrorException: Undefined array key "judul"
[Method: GET, Route: admin/pengetahuan/view/34]
in APPPATH\Views\admin\pengetahuan\view.php on line 10.
 1 APPPATH\Views\admin\pengetahuan\view.php(10): CodeIgniter\Debug\Exceptions->errorHandler(2, 'Undefined array key "judul"', 'D:\\PROJECT\\darinkbkms\\app\\Views\\admin\\pengetahuan\\view.php', 10)
 2 SYSTEMPATH\View\View.php(224): include('D:\\PROJECT\\darinkbkms\\app\\Views\\admin\\pengetahuan\\view.php')
 3 SYSTEMPATH\View\View.php(227): CodeIgniter\View\View->CodeIgniter\View\{closure}()
 4 SYSTEMPATH\Common.php(1173): CodeIgniter\View\View->render('admin/pengetahuan/view', [], true)
 5 APPPATH\Controllers\Admin\Pengetahuan.php(317): view('admin/pengetahuan/view', [...])
 6 SYSTEMPATH\CodeIgniter.php(933): App\Controllers\Admin\Pengetahuan->view('34')
 7 SYSTEMPATH\CodeIgniter.php(507): CodeIgniter\CodeIgniter->runController(Object(App\Controllers\Admin\Pengetahuan))
 8 SYSTEMPATH\CodeIgniter.php(354): CodeIgniter\CodeIgniter->handleRequest(null, Object(Config\Cache), false)
 9 SYSTEMPATH\Boot.php(334): CodeIgniter\CodeIgniter->run()
10 SYSTEMPATH\Boot.php(67): CodeIgniter\Boot::runCodeIgniter(Object(CodeIgniter\CodeIgniter))
11 FCPATH\index.php(59): CodeIgniter\Boot::bootWeb(Object(Config\Paths))
12 SYSTEMPATH\rewrite.php(44): require_once('D:\\PROJECT\\darinkbkms\\public\\index.php')
DEBUG - 2025-08-03 04:04:26 --> Session: Class initialized using 'CodeIgniter\Session\Handlers\FileHandler' driver.
CRITICAL - 2025-08-03 04:04:26 --> ErrorException: Undefined array key "id"
[Method: GET, Route: admin/pengetahuan/edit/34]
in APPPATH\Views\admin\pengetahuan\edit.php on line 6.
 1 APPPATH\Views\admin\pengetahuan\edit.php(6): CodeIgniter\Debug\Exceptions->errorHandler(2, 'Undefined array key "id"', 'D:\\PROJECT\\darinkbkms\\app\\Views\\admin\\pengetahuan\\edit.php', 6)
 2 SYSTEMPATH\View\View.php(224): include('D:\\PROJECT\\darinkbkms\\app\\Views\\admin\\pengetahuan\\edit.php')
 3 SYSTEMPATH\View\View.php(227): CodeIgniter\View\View->CodeIgniter\View\{closure}()
 4 SYSTEMPATH\Common.php(1173): CodeIgniter\View\View->render('admin/pengetahuan/edit', [], true)
 5 APPPATH\Controllers\Admin\Pengetahuan.php(118): view('admin/pengetahuan/edit', [...])
 6 SYSTEMPATH\CodeIgniter.php(933): App\Controllers\Admin\Pengetahuan->edit('34')
 7 SYSTEMPATH\CodeIgniter.php(507): CodeIgniter\CodeIgniter->runController(Object(App\Controllers\Admin\Pengetahuan))
 8 SYSTEMPATH\CodeIgniter.php(354): CodeIgniter\CodeIgniter->handleRequest(null, Object(Config\Cache), false)
 9 SYSTEMPATH\Boot.php(334): CodeIgniter\CodeIgniter->run()
10 SYSTEMPATH\Boot.php(67): CodeIgniter\Boot::runCodeIgniter(Object(CodeIgniter\CodeIgniter))
11 FCPATH\index.php(59): CodeIgniter\Boot::bootWeb(Object(Config\Paths))
12 SYSTEMPATH\rewrite.php(44): require_once('D:\\PROJECT\\darinkbkms\\public\\index.php')
DEBUG - 2025-08-03 04:04:48 --> Session: Class initialized using 'CodeIgniter\Session\Handlers\FileHandler' driver.
CRITICAL - 2025-08-03 04:04:48 --> ErrorException: Undefined array key "id"
[Method: GET, Route: admin/pengetahuan/edit/34]
in APPPATH\Views\admin\pengetahuan\edit.php on line 6.
 1 APPPATH\Views\admin\pengetahuan\edit.php(6): CodeIgniter\Debug\Exceptions->errorHandler(2, 'Undefined array key "id"', 'D:\\PROJECT\\darinkbkms\\app\\Views\\admin\\pengetahuan\\edit.php', 6)
 2 SYSTEMPATH\View\View.php(224): include('D:\\PROJECT\\darinkbkms\\app\\Views\\admin\\pengetahuan\\edit.php')
 3 SYSTEMPATH\View\View.php(227): CodeIgniter\View\View->CodeIgniter\View\{closure}()
 4 SYSTEMPATH\Common.php(1173): CodeIgniter\View\View->render('admin/pengetahuan/edit', [], true)
 5 APPPATH\Controllers\Admin\Pengetahuan.php(95): view('admin/pengetahuan/edit', [...])
 6 SYSTEMPATH\CodeIgniter.php(933): App\Controllers\Admin\Pengetahuan->edit('34')
 7 SYSTEMPATH\CodeIgniter.php(507): CodeIgniter\CodeIgniter->runController(Object(App\Controllers\Admin\Pengetahuan))
 8 SYSTEMPATH\CodeIgniter.php(354): CodeIgniter\CodeIgniter->handleRequest(null, Object(Config\Cache), false)
 9 SYSTEMPATH\Boot.php(334): CodeIgniter\CodeIgniter->run()
10 SYSTEMPATH\Boot.php(67): CodeIgniter\Boot::runCodeIgniter(Object(CodeIgniter\CodeIgniter))
11 FCPATH\index.php(59): CodeIgniter\Boot::bootWeb(Object(Config\Paths))
12 SYSTEMPATH\rewrite.php(44): require_once('D:\\PROJECT\\darinkbkms\\public\\index.php')
DEBUG - 2025-08-03 04:04:49 --> Session: Class initialized using 'CodeIgniter\Session\Handlers\FileHandler' driver.
CRITICAL - 2025-08-03 04:04:49 --> ErrorException: Undefined array key "id"
[Method: GET, Route: admin/pengetahuan/edit/34]
in APPPATH\Views\admin\pengetahuan\edit.php on line 6.
 1 APPPATH\Views\admin\pengetahuan\edit.php(6): CodeIgniter\Debug\Exceptions->errorHandler(2, 'Undefined array key "id"', 'D:\\PROJECT\\darinkbkms\\app\\Views\\admin\\pengetahuan\\edit.php', 6)
 2 SYSTEMPATH\View\View.php(224): include('D:\\PROJECT\\darinkbkms\\app\\Views\\admin\\pengetahuan\\edit.php')
 3 SYSTEMPATH\View\View.php(227): CodeIgniter\View\View->CodeIgniter\View\{closure}()
 4 SYSTEMPATH\Common.php(1173): CodeIgniter\View\View->render('admin/pengetahuan/edit', [], true)
 5 APPPATH\Controllers\Admin\Pengetahuan.php(95): view('admin/pengetahuan/edit', [...])
 6 SYSTEMPATH\CodeIgniter.php(933): App\Controllers\Admin\Pengetahuan->edit('34')
 7 SYSTEMPATH\CodeIgniter.php(507): CodeIgniter\CodeIgniter->runController(Object(App\Controllers\Admin\Pengetahuan))
 8 SYSTEMPATH\CodeIgniter.php(354): CodeIgniter\CodeIgniter->handleRequest(null, Object(Config\Cache), false)
 9 SYSTEMPATH\Boot.php(334): CodeIgniter\CodeIgniter->run()
10 SYSTEMPATH\Boot.php(67): CodeIgniter\Boot::runCodeIgniter(Object(CodeIgniter\CodeIgniter))
11 FCPATH\index.php(59): CodeIgniter\Boot::bootWeb(Object(Config\Paths))
12 SYSTEMPATH\rewrite.php(44): require_once('D:\\PROJECT\\darinkbkms\\public\\index.php')
DEBUG - 2025-08-03 04:04:50 --> Session: Class initialized using 'CodeIgniter\Session\Handlers\FileHandler' driver.
CRITICAL - 2025-08-03 04:04:50 --> ErrorException: Undefined array key "id"
[Method: GET, Route: admin/pengetahuan/edit/34]
in APPPATH\Views\admin\pengetahuan\edit.php on line 6.
 1 APPPATH\Views\admin\pengetahuan\edit.php(6): CodeIgniter\Debug\Exceptions->errorHandler(2, 'Undefined array key "id"', 'D:\\PROJECT\\darinkbkms\\app\\Views\\admin\\pengetahuan\\edit.php', 6)
 2 SYSTEMPATH\View\View.php(224): include('D:\\PROJECT\\darinkbkms\\app\\Views\\admin\\pengetahuan\\edit.php')
 3 SYSTEMPATH\View\View.php(227): CodeIgniter\View\View->CodeIgniter\View\{closure}()
 4 SYSTEMPATH\Common.php(1173): CodeIgniter\View\View->render('admin/pengetahuan/edit', [], true)
 5 APPPATH\Controllers\Admin\Pengetahuan.php(95): view('admin/pengetahuan/edit', [...])
 6 SYSTEMPATH\CodeIgniter.php(933): App\Controllers\Admin\Pengetahuan->edit('34')
 7 SYSTEMPATH\CodeIgniter.php(507): CodeIgniter\CodeIgniter->runController(Object(App\Controllers\Admin\Pengetahuan))
 8 SYSTEMPATH\CodeIgniter.php(354): CodeIgniter\CodeIgniter->handleRequest(null, Object(Config\Cache), false)
 9 SYSTEMPATH\Boot.php(334): CodeIgniter\CodeIgniter->run()
10 SYSTEMPATH\Boot.php(67): CodeIgniter\Boot::runCodeIgniter(Object(CodeIgniter\CodeIgniter))
11 FCPATH\index.php(59): CodeIgniter\Boot::bootWeb(Object(Config\Paths))
12 SYSTEMPATH\rewrite.php(44): require_once('D:\\PROJECT\\darinkbkms\\public\\index.php')
DEBUG - 2025-08-03 04:04:50 --> Session: Class initialized using 'CodeIgniter\Session\Handlers\FileHandler' driver.
CRITICAL - 2025-08-03 04:04:50 --> ErrorException: Undefined array key "id"
[Method: GET, Route: admin/pengetahuan/edit/34]
in APPPATH\Views\admin\pengetahuan\edit.php on line 6.
 1 APPPATH\Views\admin\pengetahuan\edit.php(6): CodeIgniter\Debug\Exceptions->errorHandler(2, 'Undefined array key "id"', 'D:\\PROJECT\\darinkbkms\\app\\Views\\admin\\pengetahuan\\edit.php', 6)
 2 SYSTEMPATH\View\View.php(224): include('D:\\PROJECT\\darinkbkms\\app\\Views\\admin\\pengetahuan\\edit.php')
 3 SYSTEMPATH\View\View.php(227): CodeIgniter\View\View->CodeIgniter\View\{closure}()
 4 SYSTEMPATH\Common.php(1173): CodeIgniter\View\View->render('admin/pengetahuan/edit', [], true)
 5 APPPATH\Controllers\Admin\Pengetahuan.php(95): view('admin/pengetahuan/edit', [...])
 6 SYSTEMPATH\CodeIgniter.php(933): App\Controllers\Admin\Pengetahuan->edit('34')
 7 SYSTEMPATH\CodeIgniter.php(507): CodeIgniter\CodeIgniter->runController(Object(App\Controllers\Admin\Pengetahuan))
 8 SYSTEMPATH\CodeIgniter.php(354): CodeIgniter\CodeIgniter->handleRequest(null, Object(Config\Cache), false)
 9 SYSTEMPATH\Boot.php(334): CodeIgniter\CodeIgniter->run()
10 SYSTEMPATH\Boot.php(67): CodeIgniter\Boot::runCodeIgniter(Object(CodeIgniter\CodeIgniter))
11 FCPATH\index.php(59): CodeIgniter\Boot::bootWeb(Object(Config\Paths))
12 SYSTEMPATH\rewrite.php(44): require_once('D:\\PROJECT\\darinkbkms\\public\\index.php')
DEBUG - 2025-08-03 04:05:26 --> Session: Class initialized using 'CodeIgniter\Session\Handlers\FileHandler' driver.
DEBUG - 2025-08-03 04:05:27 --> Session: Class initialized using 'CodeIgniter\Session\Handlers\FileHandler' driver.
DEBUG - 2025-08-03 04:05:30 --> Session: Class initialized using 'CodeIgniter\Session\Handlers\FileHandler' driver.
CRITICAL - 2025-08-03 04:05:30 --> ErrorException: Undefined array key "id"
[Method: GET, Route: admin/pengetahuan/edit/36]
in APPPATH\Views\admin\pengetahuan\edit.php on line 6.
 1 APPPATH\Views\admin\pengetahuan\edit.php(6): CodeIgniter\Debug\Exceptions->errorHandler(2, 'Undefined array key "id"', 'D:\\PROJECT\\darinkbkms\\app\\Views\\admin\\pengetahuan\\edit.php', 6)
 2 SYSTEMPATH\View\View.php(224): include('D:\\PROJECT\\darinkbkms\\app\\Views\\admin\\pengetahuan\\edit.php')
 3 SYSTEMPATH\View\View.php(227): CodeIgniter\View\View->CodeIgniter\View\{closure}()
 4 SYSTEMPATH\Common.php(1173): CodeIgniter\View\View->render('admin/pengetahuan/edit', [], true)
 5 APPPATH\Controllers\Admin\Pengetahuan.php(95): view('admin/pengetahuan/edit', [...])
 6 SYSTEMPATH\CodeIgniter.php(933): App\Controllers\Admin\Pengetahuan->edit('36')
 7 SYSTEMPATH\CodeIgniter.php(507): CodeIgniter\CodeIgniter->runController(Object(App\Controllers\Admin\Pengetahuan))
 8 SYSTEMPATH\CodeIgniter.php(354): CodeIgniter\CodeIgniter->handleRequest(null, Object(Config\Cache), false)
 9 SYSTEMPATH\Boot.php(334): CodeIgniter\CodeIgniter->run()
10 SYSTEMPATH\Boot.php(67): CodeIgniter\Boot::runCodeIgniter(Object(CodeIgniter\CodeIgniter))
11 FCPATH\index.php(59): CodeIgniter\Boot::bootWeb(Object(Config\Paths))
12 SYSTEMPATH\rewrite.php(44): require_once('D:\\PROJECT\\darinkbkms\\public\\index.php')
DEBUG - 2025-08-03 04:06:03 --> Session: Class initialized using 'CodeIgniter\Session\Handlers\FileHandler' driver.
CRITICAL - 2025-08-03 04:06:03 --> ErrorException: Undefined array key "id"
[Method: GET, Route: admin/pengetahuan/edit/36]
in APPPATH\Views\admin\pengetahuan\edit.php on line 6.
 1 APPPATH\Views\admin\pengetahuan\edit.php(6): CodeIgniter\Debug\Exceptions->errorHandler(2, 'Undefined array key "id"', 'D:\\PROJECT\\darinkbkms\\app\\Views\\admin\\pengetahuan\\edit.php', 6)
 2 SYSTEMPATH\View\View.php(224): include('D:\\PROJECT\\darinkbkms\\app\\Views\\admin\\pengetahuan\\edit.php')
 3 SYSTEMPATH\View\View.php(227): CodeIgniter\View\View->CodeIgniter\View\{closure}()
 4 SYSTEMPATH\Common.php(1173): CodeIgniter\View\View->render('admin/pengetahuan/edit', [], true)
 5 APPPATH\Controllers\Admin\Pengetahuan.php(95): view('admin/pengetahuan/edit', [...])
 6 SYSTEMPATH\CodeIgniter.php(933): App\Controllers\Admin\Pengetahuan->edit('36')
 7 SYSTEMPATH\CodeIgniter.php(507): CodeIgniter\CodeIgniter->runController(Object(App\Controllers\Admin\Pengetahuan))
 8 SYSTEMPATH\CodeIgniter.php(354): CodeIgniter\CodeIgniter->handleRequest(null, Object(Config\Cache), false)
 9 SYSTEMPATH\Boot.php(334): CodeIgniter\CodeIgniter->run()
10 SYSTEMPATH\Boot.php(67): CodeIgniter\Boot::runCodeIgniter(Object(CodeIgniter\CodeIgniter))
11 FCPATH\index.php(59): CodeIgniter\Boot::bootWeb(Object(Config\Paths))
12 SYSTEMPATH\rewrite.php(44): require_once('D:\\PROJECT\\darinkbkms\\public\\index.php')
DEBUG - 2025-08-03 04:06:04 --> Session: Class initialized using 'CodeIgniter\Session\Handlers\FileHandler' driver.
CRITICAL - 2025-08-03 04:06:04 --> ErrorException: Undefined array key "id"
[Method: GET, Route: admin/pengetahuan/edit/36]
in APPPATH\Views\admin\pengetahuan\edit.php on line 6.
 1 APPPATH\Views\admin\pengetahuan\edit.php(6): CodeIgniter\Debug\Exceptions->errorHandler(2, 'Undefined array key "id"', 'D:\\PROJECT\\darinkbkms\\app\\Views\\admin\\pengetahuan\\edit.php', 6)
 2 SYSTEMPATH\View\View.php(224): include('D:\\PROJECT\\darinkbkms\\app\\Views\\admin\\pengetahuan\\edit.php')
 3 SYSTEMPATH\View\View.php(227): CodeIgniter\View\View->CodeIgniter\View\{closure}()
 4 SYSTEMPATH\Common.php(1173): CodeIgniter\View\View->render('admin/pengetahuan/edit', [], true)
 5 APPPATH\Controllers\Admin\Pengetahuan.php(95): view('admin/pengetahuan/edit', [...])
 6 SYSTEMPATH\CodeIgniter.php(933): App\Controllers\Admin\Pengetahuan->edit('36')
 7 SYSTEMPATH\CodeIgniter.php(507): CodeIgniter\CodeIgniter->runController(Object(App\Controllers\Admin\Pengetahuan))
 8 SYSTEMPATH\CodeIgniter.php(354): CodeIgniter\CodeIgniter->handleRequest(null, Object(Config\Cache), false)
 9 SYSTEMPATH\Boot.php(334): CodeIgniter\CodeIgniter->run()
10 SYSTEMPATH\Boot.php(67): CodeIgniter\Boot::runCodeIgniter(Object(CodeIgniter\CodeIgniter))
11 FCPATH\index.php(59): CodeIgniter\Boot::bootWeb(Object(Config\Paths))
12 SYSTEMPATH\rewrite.php(44): require_once('D:\\PROJECT\\darinkbkms\\public\\index.php')
DEBUG - 2025-08-03 04:06:04 --> Session: Class initialized using 'CodeIgniter\Session\Handlers\FileHandler' driver.
CRITICAL - 2025-08-03 04:06:04 --> ErrorException: Undefined array key "id"
[Method: GET, Route: admin/pengetahuan/edit/36]
in APPPATH\Views\admin\pengetahuan\edit.php on line 6.
 1 APPPATH\Views\admin\pengetahuan\edit.php(6): CodeIgniter\Debug\Exceptions->errorHandler(2, 'Undefined array key "id"', 'D:\\PROJECT\\darinkbkms\\app\\Views\\admin\\pengetahuan\\edit.php', 6)
 2 SYSTEMPATH\View\View.php(224): include('D:\\PROJECT\\darinkbkms\\app\\Views\\admin\\pengetahuan\\edit.php')
 3 SYSTEMPATH\View\View.php(227): CodeIgniter\View\View->CodeIgniter\View\{closure}()
 4 SYSTEMPATH\Common.php(1173): CodeIgniter\View\View->render('admin/pengetahuan/edit', [], true)
 5 APPPATH\Controllers\Admin\Pengetahuan.php(95): view('admin/pengetahuan/edit', [...])
 6 SYSTEMPATH\CodeIgniter.php(933): App\Controllers\Admin\Pengetahuan->edit('36')
 7 SYSTEMPATH\CodeIgniter.php(507): CodeIgniter\CodeIgniter->runController(Object(App\Controllers\Admin\Pengetahuan))
 8 SYSTEMPATH\CodeIgniter.php(354): CodeIgniter\CodeIgniter->handleRequest(null, Object(Config\Cache), false)
 9 SYSTEMPATH\Boot.php(334): CodeIgniter\CodeIgniter->run()
10 SYSTEMPATH\Boot.php(67): CodeIgniter\Boot::runCodeIgniter(Object(CodeIgniter\CodeIgniter))
11 FCPATH\index.php(59): CodeIgniter\Boot::bootWeb(Object(Config\Paths))
12 SYSTEMPATH\rewrite.php(44): require_once('D:\\PROJECT\\darinkbkms\\public\\index.php')
DEBUG - 2025-08-03 04:06:21 --> Session: Class initialized using 'CodeIgniter\Session\Handlers\FileHandler' driver.
DEBUG - 2025-08-03 04:06:24 --> Session: Class initialized using 'CodeIgniter\Session\Handlers\FileHandler' driver.
DEBUG - 2025-08-03 04:06:26 --> Session: Class initialized using 'CodeIgniter\Session\Handlers\FileHandler' driver.
DEBUG - 2025-08-03 04:06:28 --> Session: Class initialized using 'CodeIgniter\Session\Handlers\FileHandler' driver.
DEBUG - 2025-08-03 04:06:30 --> Session: Class initialized using 'CodeIgniter\Session\Handlers\FileHandler' driver.
DEBUG - 2025-08-03 04:06:36 --> Session: Class initialized using 'CodeIgniter\Session\Handlers\FileHandler' driver.
DEBUG - 2025-08-03 04:06:37 --> Session: Class initialized using 'CodeIgniter\Session\Handlers\FileHandler' driver.
DEBUG - 2025-08-03 04:06:47 --> Session: Class initialized using 'CodeIgniter\Session\Handlers\FileHandler' driver.
DEBUG - 2025-08-03 04:06:50 --> Session: Class initialized using 'CodeIgniter\Session\Handlers\FileHandler' driver.
DEBUG - 2025-08-03 04:06:51 --> Session: Class initialized using 'CodeIgniter\Session\Handlers\FileHandler' driver.
DEBUG - 2025-08-03 04:07:16 --> Session: Class initialized using 'CodeIgniter\Session\Handlers\FileHandler' driver.
DEBUG - 2025-08-03 04:07:18 --> Session: Class initialized using 'CodeIgniter\Session\Handlers\FileHandler' driver.
DEBUG - 2025-08-03 04:07:21 --> Session: Class initialized using 'CodeIgniter\Session\Handlers\FileHandler' driver.
DEBUG - 2025-08-03 04:07:23 --> Session: Class initialized using 'CodeIgniter\Session\Handlers\FileHandler' driver.
CRITICAL - 2025-08-03 04:07:23 --> ErrorException: Undefined array key "judul"
[Method: GET, Route: admin/pengetahuan/view/34]
in APPPATH\Views\admin\pengetahuan\view.php on line 10.
 1 APPPATH\Views\admin\pengetahuan\view.php(10): CodeIgniter\Debug\Exceptions->errorHandler(2, 'Undefined array key "judul"', 'D:\\PROJECT\\darinkbkms\\app\\Views\\admin\\pengetahuan\\view.php', 10)
 2 SYSTEMPATH\View\View.php(224): include('D:\\PROJECT\\darinkbkms\\app\\Views\\admin\\pengetahuan\\view.php')
 3 SYSTEMPATH\View\View.php(227): CodeIgniter\View\View->CodeIgniter\View\{closure}()
 4 SYSTEMPATH\Common.php(1173): CodeIgniter\View\View->render('admin/pengetahuan/view', [], true)
 5 APPPATH\Controllers\Admin\Pengetahuan.php(294): view('admin/pengetahuan/view', [...])
 6 SYSTEMPATH\CodeIgniter.php(933): App\Controllers\Admin\Pengetahuan->view('34')
 7 SYSTEMPATH\CodeIgniter.php(507): CodeIgniter\CodeIgniter->runController(Object(App\Controllers\Admin\Pengetahuan))
 8 SYSTEMPATH\CodeIgniter.php(354): CodeIgniter\CodeIgniter->handleRequest(null, Object(Config\Cache), false)
 9 SYSTEMPATH\Boot.php(334): CodeIgniter\CodeIgniter->run()
10 SYSTEMPATH\Boot.php(67): CodeIgniter\Boot::runCodeIgniter(Object(CodeIgniter\CodeIgniter))
11 FCPATH\index.php(59): CodeIgniter\Boot::bootWeb(Object(Config\Paths))
12 SYSTEMPATH\rewrite.php(44): require_once('D:\\PROJECT\\darinkbkms\\public\\index.php')
DEBUG - 2025-08-03 04:07:27 --> Session: Class initialized using 'CodeIgniter\Session\Handlers\FileHandler' driver.
CRITICAL - 2025-08-03 04:07:27 --> ErrorException: Undefined array key "id"
[Method: GET, Route: admin/pengetahuan/edit/34]
in APPPATH\Views\admin\pengetahuan\edit.php on line 6.
 1 APPPATH\Views\admin\pengetahuan\edit.php(6): CodeIgniter\Debug\Exceptions->errorHandler(2, 'Undefined array key "id"', 'D:\\PROJECT\\darinkbkms\\app\\Views\\admin\\pengetahuan\\edit.php', 6)
 2 SYSTEMPATH\View\View.php(224): include('D:\\PROJECT\\darinkbkms\\app\\Views\\admin\\pengetahuan\\edit.php')
 3 SYSTEMPATH\View\View.php(227): CodeIgniter\View\View->CodeIgniter\View\{closure}()
 4 SYSTEMPATH\Common.php(1173): CodeIgniter\View\View->render('admin/pengetahuan/edit', [], true)
 5 APPPATH\Controllers\Admin\Pengetahuan.php(95): view('admin/pengetahuan/edit', [...])
 6 SYSTEMPATH\CodeIgniter.php(933): App\Controllers\Admin\Pengetahuan->edit('34')
 7 SYSTEMPATH\CodeIgniter.php(507): CodeIgniter\CodeIgniter->runController(Object(App\Controllers\Admin\Pengetahuan))
 8 SYSTEMPATH\CodeIgniter.php(354): CodeIgniter\CodeIgniter->handleRequest(null, Object(Config\Cache), false)
 9 SYSTEMPATH\Boot.php(334): CodeIgniter\CodeIgniter->run()
10 SYSTEMPATH\Boot.php(67): CodeIgniter\Boot::runCodeIgniter(Object(CodeIgniter\CodeIgniter))
11 FCPATH\index.php(59): CodeIgniter\Boot::bootWeb(Object(Config\Paths))
12 SYSTEMPATH\rewrite.php(44): require_once('D:\\PROJECT\\darinkbkms\\public\\index.php')
DEBUG - 2025-08-03 04:10:11 --> Session: Class initialized using 'CodeIgniter\Session\Handlers\FileHandler' driver.
DEBUG - 2025-08-03 04:11:00 --> Session: Class initialized using 'CodeIgniter\Session\Handlers\FileHandler' driver.
DEBUG - 2025-08-03 04:11:03 --> Session: Class initialized using 'CodeIgniter\Session\Handlers\FileHandler' driver.
DEBUG - 2025-08-03 04:12:14 --> Session: Class initialized using 'CodeIgniter\Session\Handlers\FileHandler' driver.
DEBUG - 2025-08-03 04:12:15 --> Session: Class initialized using 'CodeIgniter\Session\Handlers\FileHandler' driver.
DEBUG - 2025-08-03 04:12:15 --> Session: Class initialized using 'CodeIgniter\Session\Handlers\FileHandler' driver.
DEBUG - 2025-08-03 04:12:15 --> Session: Class initialized using 'CodeIgniter\Session\Handlers\FileHandler' driver.
DEBUG - 2025-08-03 04:12:16 --> Session: Class initialized using 'CodeIgniter\Session\Handlers\FileHandler' driver.
DEBUG - 2025-08-03 04:12:16 --> Session: Class initialized using 'CodeIgniter\Session\Handlers\FileHandler' driver.
DEBUG - 2025-08-03 04:12:37 --> Session: Class initialized using 'CodeIgniter\Session\Handlers\FileHandler' driver.
CRITICAL - 2025-08-03 04:12:37 --> ErrorException: Undefined array key "judul"
[Method: GET, Route: admin/pengetahuan/view/34]
in APPPATH\Views\admin\pengetahuan\view.php on line 10.
 1 APPPATH\Views\admin\pengetahuan\view.php(10): CodeIgniter\Debug\Exceptions->errorHandler(2, 'Undefined array key "judul"', 'D:\\PROJECT\\darinkbkms\\app\\Views\\admin\\pengetahuan\\view.php', 10)
 2 SYSTEMPATH\View\View.php(224): include('D:\\PROJECT\\darinkbkms\\app\\Views\\admin\\pengetahuan\\view.php')
 3 SYSTEMPATH\View\View.php(227): CodeIgniter\View\View->CodeIgniter\View\{closure}()
 4 SYSTEMPATH\Common.php(1173): CodeIgniter\View\View->render('admin/pengetahuan/view', [], true)
 5 APPPATH\Controllers\Admin\Pengetahuan.php(301): view('admin/pengetahuan/view', [...])
 6 SYSTEMPATH\CodeIgniter.php(933): App\Controllers\Admin\Pengetahuan->view('34')
 7 SYSTEMPATH\CodeIgniter.php(507): CodeIgniter\CodeIgniter->runController(Object(App\Controllers\Admin\Pengetahuan))
 8 SYSTEMPATH\CodeIgniter.php(354): CodeIgniter\CodeIgniter->handleRequest(null, Object(Config\Cache), false)
 9 SYSTEMPATH\Boot.php(334): CodeIgniter\CodeIgniter->run()
10 SYSTEMPATH\Boot.php(67): CodeIgniter\Boot::runCodeIgniter(Object(CodeIgniter\CodeIgniter))
11 FCPATH\index.php(59): CodeIgniter\Boot::bootWeb(Object(Config\Paths))
12 SYSTEMPATH\rewrite.php(44): require_once('D:\\PROJECT\\darinkbkms\\public\\index.php')
DEBUG - 2025-08-03 04:12:41 --> Session: Class initialized using 'CodeIgniter\Session\Handlers\FileHandler' driver.
DEBUG - 2025-08-03 04:12:42 --> Session: Class initialized using 'CodeIgniter\Session\Handlers\FileHandler' driver.
DEBUG - 2025-08-03 04:12:49 --> Session: Class initialized using 'CodeIgniter\Session\Handlers\FileHandler' driver.
DEBUG - 2025-08-03 04:12:50 --> Session: Class initialized using 'CodeIgniter\Session\Handlers\FileHandler' driver.
DEBUG - 2025-08-03 04:12:53 --> Session: Class initialized using 'CodeIgniter\Session\Handlers\FileHandler' driver.
DEBUG - 2025-08-03 04:13:44 --> Session: Class initialized using 'CodeIgniter\Session\Handlers\FileHandler' driver.
DEBUG - 2025-08-03 04:13:45 --> Session: Class initialized using 'CodeIgniter\Session\Handlers\FileHandler' driver.
DEBUG - 2025-08-03 04:13:45 --> Session: Class initialized using 'CodeIgniter\Session\Handlers\FileHandler' driver.
DEBUG - 2025-08-03 04:13:56 --> Session: Class initialized using 'CodeIgniter\Session\Handlers\FileHandler' driver.
DEBUG - 2025-08-03 04:13:57 --> Session: Class initialized using 'CodeIgniter\Session\Handlers\FileHandler' driver.
DEBUG - 2025-08-03 04:13:58 --> Session: Class initialized using 'CodeIgniter\Session\Handlers\FileHandler' driver.
DEBUG - 2025-08-03 04:13:58 --> Session: Class initialized using 'CodeIgniter\Session\Handlers\FileHandler' driver.
DEBUG - 2025-08-03 04:14:00 --> Session: Class initialized using 'CodeIgniter\Session\Handlers\FileHandler' driver.
DEBUG - 2025-08-03 04:15:17 --> Session: Class initialized using 'CodeIgniter\Session\Handlers\FileHandler' driver.
DEBUG - 2025-08-03 04:15:19 --> Session: Class initialized using 'CodeIgniter\Session\Handlers\FileHandler' driver.
DEBUG - 2025-08-03 04:15:53 --> Session: Class initialized using 'CodeIgniter\Session\Handlers\FileHandler' driver.
DEBUG - 2025-08-03 04:15:53 --> Session: Class initialized using 'CodeIgniter\Session\Handlers\FileHandler' driver.
DEBUG - 2025-08-03 04:16:17 --> Session: Class initialized using 'CodeIgniter\Session\Handlers\FileHandler' driver.
DEBUG - 2025-08-03 04:16:17 --> Session: Class initialized using 'CodeIgniter\Session\Handlers\FileHandler' driver.
DEBUG - 2025-08-03 04:16:26 --> Session: Class initialized using 'CodeIgniter\Session\Handlers\FileHandler' driver.
DEBUG - 2025-08-03 04:16:29 --> Session: Class initialized using 'CodeIgniter\Session\Handlers\FileHandler' driver.
DEBUG - 2025-08-03 04:26:42 --> Session: Class initialized using 'CodeIgniter\Session\Handlers\FileHandler' driver.
ERROR - 2025-08-03 04:32:53 --> Failed to query PDF: 7 : Failed to connect to localhost port 5000 after 2246 ms: Couldn't connect to server
DEBUG - 2025-08-03 04:49:01 --> Session: Class initialized using 'CodeIgniter\Session\Handlers\FileHandler' driver.
ERROR - 2025-08-03 04:49:09 --> Query error: 22 : The requested URL returned error: 404
ERROR - 2025-08-03 04:49:17 --> Query error: 22 : The requested URL returned error: 404
ERROR - 2025-08-03 04:49:24 --> Query error: 22 : The requested URL returned error: 404
ERROR - 2025-08-03 04:52:06 --> Query error: 22 : The requested URL returned error: 404
ERROR - 2025-08-03 04:53:58 --> Query error: 22 : The requested URL returned error: 404
ERROR - 2025-08-03 04:54:05 --> Query error: 22 : The requested URL returned error: 404
ERROR - 2025-08-03 04:54:48 --> Query error: 22 : The requested URL returned error: 404
ERROR - 2025-08-03 04:54:54 --> Query error: 22 : The requested URL returned error: 404
ERROR - 2025-08-03 04:56:46 --> Query error: 22 : The requested URL returned error: 404
DEBUG - 2025-08-03 04:59:56 --> Session: Class initialized using 'CodeIgniter\Session\Handlers\FileHandler' driver.
ERROR - 2025-08-03 05:00:00 --> Query error: 22 : The requested URL returned error: 404
DEBUG - 2025-08-03 05:00:22 --> Session: Class initialized using 'CodeIgniter\Session\Handlers\FileHandler' driver.
DEBUG - 2025-08-03 05:00:25 --> Session: Class initialized using 'CodeIgniter\Session\Handlers\FileHandler' driver.
ERROR - 2025-08-03 05:00:30 --> Query error: 22 : The requested URL returned error: 404
DEBUG - 2025-08-03 05:05:49 --> Session: Class initialized using 'CodeIgniter\Session\Handlers\FileHandler' driver.
DEBUG - 2025-08-03 05:05:53 --> Session: Class initialized using 'CodeIgniter\Session\Handlers\FileHandler' driver.
DEBUG - 2025-08-03 05:05:57 --> Session: Class initialized using 'CodeIgniter\Session\Handlers\FileHandler' driver.
ERROR - 2025-08-03 05:06:02 --> Query error: 22 : The requested URL returned error: 404
DEBUG - 2025-08-03 05:07:05 --> Session: Class initialized using 'CodeIgniter\Session\Handlers\FileHandler' driver.
ERROR - 2025-08-03 05:07:09 --> Query error: 22 : The requested URL returned error: 404
DEBUG - 2025-08-03 05:08:17 --> Session: Class initialized using 'CodeIgniter\Session\Handlers\FileHandler' driver.
DEBUG - 2025-08-03 05:08:17 --> Session: Class initialized using 'CodeIgniter\Session\Handlers\FileHandler' driver.
DEBUG - 2025-08-03 05:08:21 --> Session: Class initialized using 'CodeIgniter\Session\Handlers\FileHandler' driver.
ERROR - 2025-08-03 05:08:24 --> Query error: 22 : The requested URL returned error: 404
DEBUG - 2025-08-03 05:10:32 --> Session: Class initialized using 'CodeIgniter\Session\Handlers\FileHandler' driver.
ERROR - 2025-08-03 05:10:39 --> Query error: 22 : The requested URL returned error: 404
DEBUG - 2025-08-03 05:13:05 --> Session: Class initialized using 'CodeIgniter\Session\Handlers\FileHandler' driver.
ERROR - 2025-08-03 05:13:12 --> Query error: 7 : Failed to connect to localhost port 5000 after 2253 ms: Couldn't connect to server
DEBUG - 2025-08-03 05:13:37 --> Session: Class initialized using 'CodeIgniter\Session\Handlers\FileHandler' driver.
ERROR - 2025-08-03 05:13:43 --> Query error: 22 : The requested URL returned error: 404
DEBUG - 2025-08-03 05:17:38 --> Session: Class initialized using 'CodeIgniter\Session\Handlers\FileHandler' driver.
DEBUG - 2025-08-03 05:19:04 --> Session: Class initialized using 'CodeIgniter\Session\Handlers\FileHandler' driver.
ERROR - 2025-08-03 05:19:10 --> Query error: 22 : The requested URL returned error: 404
DEBUG - 2025-08-03 11:13:31 --> Session: Class initialized using 'CodeIgniter\Session\Handlers\FileHandler' driver.
DEBUG - 2025-08-03 11:13:45 --> Session: Class initialized using 'CodeIgniter\Session\Handlers\FileHandler' driver.
DEBUG - 2025-08-03 11:13:54 --> Session: Class initialized using 'CodeIgniter\Session\Handlers\FileHandler' driver.
DEBUG - 2025-08-03 11:13:57 --> Session: Class initialized using 'CodeIgniter\Session\Handlers\FileHandler' driver.
DEBUG - 2025-08-03 11:13:59 --> Session: Class initialized using 'CodeIgniter\Session\Handlers\FileHandler' driver.
DEBUG - 2025-08-03 11:14:05 --> Session: Class initialized using 'CodeIgniter\Session\Handlers\FileHandler' driver.
DEBUG - 2025-08-03 11:14:05 --> Session: Class initialized using 'CodeIgniter\Session\Handlers\FileHandler' driver.
DEBUG - 2025-08-03 11:14:09 --> Session: Class initialized using 'CodeIgniter\Session\Handlers\FileHandler' driver.
DEBUG - 2025-08-03 11:14:11 --> Session: Class initialized using 'CodeIgniter\Session\Handlers\FileHandler' driver.
DEBUG - 2025-08-03 11:16:29 --> Session: Class initialized using 'CodeIgniter\Session\Handlers\FileHandler' driver.
DEBUG - 2025-08-03 11:16:30 --> Session: Class initialized using 'CodeIgniter\Session\Handlers\FileHandler' driver.
DEBUG - 2025-08-03 11:17:55 --> Session: Class initialized using 'CodeIgniter\Session\Handlers\FileHandler' driver.
DEBUG - 2025-08-03 11:17:55 --> Session: Class initialized using 'CodeIgniter\Session\Handlers\FileHandler' driver.
DEBUG - 2025-08-03 11:17:56 --> Session: Class initialized using 'CodeIgniter\Session\Handlers\FileHandler' driver.
DEBUG - 2025-08-03 11:17:56 --> Session: Class initialized using 'CodeIgniter\Session\Handlers\FileHandler' driver.
DEBUG - 2025-08-03 11:17:56 --> Session: Class initialized using 'CodeIgniter\Session\Handlers\FileHandler' driver.
DEBUG - 2025-08-03 11:18:10 --> Session: Class initialized using 'CodeIgniter\Session\Handlers\FileHandler' driver.
DEBUG - 2025-08-03 11:19:43 --> Session: Class initialized using 'CodeIgniter\Session\Handlers\FileHandler' driver.
DEBUG - 2025-08-03 11:19:44 --> Session: Class initialized using 'CodeIgniter\Session\Handlers\FileHandler' driver.
DEBUG - 2025-08-03 11:19:44 --> Session: Class initialized using 'CodeIgniter\Session\Handlers\FileHandler' driver.
DEBUG - 2025-08-03 11:19:45 --> Session: Class initialized using 'CodeIgniter\Session\Handlers\FileHandler' driver.
DEBUG - 2025-08-03 11:19:45 --> Session: Class initialized using 'CodeIgniter\Session\Handlers\FileHandler' driver.
DEBUG - 2025-08-03 11:21:22 --> Session: Class initialized using 'CodeIgniter\Session\Handlers\FileHandler' driver.
CRITICAL - 2025-08-03 11:21:22 --> ErrorException: Undefined array key "id"
[Method: GET, Route: admin/pengetahuan/edit/34]
in APPPATH\Views\admin\pengetahuan\edit.php on line 21.
 1 APPPATH\Views\admin\pengetahuan\edit.php(21): CodeIgniter\Debug\Exceptions->errorHandler(2, 'Undefined array key "id"', 'D:\\PROJECT\\darinkbkms\\app\\Views\\admin\\pengetahuan\\edit.php', 21)
 2 SYSTEMPATH\View\View.php(224): include('D:\\PROJECT\\darinkbkms\\app\\Views\\admin\\pengetahuan\\edit.php')
 3 SYSTEMPATH\View\View.php(227): CodeIgniter\View\View->CodeIgniter\View\{closure}()
 4 SYSTEMPATH\Common.php(1173): CodeIgniter\View\View->render('admin/pengetahuan/edit', [], true)
 5 APPPATH\Controllers\Admin\Pengetahuan.php(97): view('admin/pengetahuan/edit', [...])
 6 SYSTEMPATH\CodeIgniter.php(933): App\Controllers\Admin\Pengetahuan->edit('34')
 7 SYSTEMPATH\CodeIgniter.php(507): CodeIgniter\CodeIgniter->runController(Object(App\Controllers\Admin\Pengetahuan))
 8 SYSTEMPATH\CodeIgniter.php(354): CodeIgniter\CodeIgniter->handleRequest(null, Object(Config\Cache), false)
 9 SYSTEMPATH\Boot.php(334): CodeIgniter\CodeIgniter->run()
10 SYSTEMPATH\Boot.php(67): CodeIgniter\Boot::runCodeIgniter(Object(CodeIgniter\CodeIgniter))
11 FCPATH\index.php(59): CodeIgniter\Boot::bootWeb(Object(Config\Paths))
12 SYSTEMPATH\rewrite.php(44): require_once('D:\\PROJECT\\darinkbkms\\public\\index.php')
DEBUG - 2025-08-03 11:23:01 --> Session: Class initialized using 'CodeIgniter\Session\Handlers\FileHandler' driver.
CRITICAL - 2025-08-03 11:23:01 --> ErrorException: Undefined array key "id"
[Method: GET, Route: admin/pengetahuan/edit/34]
in APPPATH\Views\admin\pengetahuan\edit.php on line 21.
 1 APPPATH\Views\admin\pengetahuan\edit.php(21): CodeIgniter\Debug\Exceptions->errorHandler(2, 'Undefined array key "id"', 'D:\\PROJECT\\darinkbkms\\app\\Views\\admin\\pengetahuan\\edit.php', 21)
 2 SYSTEMPATH\View\View.php(224): include('D:\\PROJECT\\darinkbkms\\app\\Views\\admin\\pengetahuan\\edit.php')
 3 SYSTEMPATH\View\View.php(227): CodeIgniter\View\View->CodeIgniter\View\{closure}()
 4 SYSTEMPATH\Common.php(1173): CodeIgniter\View\View->render('admin/pengetahuan/edit', [], true)
 5 APPPATH\Controllers\Admin\Pengetahuan.php(97): view('admin/pengetahuan/edit', [...])
 6 SYSTEMPATH\CodeIgniter.php(933): App\Controllers\Admin\Pengetahuan->edit('34')
 7 SYSTEMPATH\CodeIgniter.php(507): CodeIgniter\CodeIgniter->runController(Object(App\Controllers\Admin\Pengetahuan))
 8 SYSTEMPATH\CodeIgniter.php(354): CodeIgniter\CodeIgniter->handleRequest(null, Object(Config\Cache), false)
 9 SYSTEMPATH\Boot.php(334): CodeIgniter\CodeIgniter->run()
10 SYSTEMPATH\Boot.php(67): CodeIgniter\Boot::runCodeIgniter(Object(CodeIgniter\CodeIgniter))
11 FCPATH\index.php(59): CodeIgniter\Boot::bootWeb(Object(Config\Paths))
12 SYSTEMPATH\rewrite.php(44): require_once('D:\\PROJECT\\darinkbkms\\public\\index.php')
DEBUG - 2025-08-03 11:23:51 --> Session: Class initialized using 'CodeIgniter\Session\Handlers\FileHandler' driver.
CRITICAL - 2025-08-03 11:23:51 --> ErrorException: Undefined array key "id"
[Method: GET, Route: admin/pengetahuan/edit/34]
in APPPATH\Views\admin\pengetahuan\edit.php on line 21.
 1 APPPATH\Views\admin\pengetahuan\edit.php(21): CodeIgniter\Debug\Exceptions->errorHandler(2, 'Undefined array key "id"', 'D:\\PROJECT\\darinkbkms\\app\\Views\\admin\\pengetahuan\\edit.php', 21)
 2 SYSTEMPATH\View\View.php(224): include('D:\\PROJECT\\darinkbkms\\app\\Views\\admin\\pengetahuan\\edit.php')
 3 SYSTEMPATH\View\View.php(227): CodeIgniter\View\View->CodeIgniter\View\{closure}()
 4 SYSTEMPATH\Common.php(1173): CodeIgniter\View\View->render('admin/pengetahuan/edit', [], true)
 5 APPPATH\Controllers\Admin\Pengetahuan.php(97): view('admin/pengetahuan/edit', [...])
 6 SYSTEMPATH\CodeIgniter.php(933): App\Controllers\Admin\Pengetahuan->edit('34')
 7 SYSTEMPATH\CodeIgniter.php(507): CodeIgniter\CodeIgniter->runController(Object(App\Controllers\Admin\Pengetahuan))
 8 SYSTEMPATH\CodeIgniter.php(354): CodeIgniter\CodeIgniter->handleRequest(null, Object(Config\Cache), false)
 9 SYSTEMPATH\Boot.php(334): CodeIgniter\CodeIgniter->run()
10 SYSTEMPATH\Boot.php(67): CodeIgniter\Boot::runCodeIgniter(Object(CodeIgniter\CodeIgniter))
11 FCPATH\index.php(59): CodeIgniter\Boot::bootWeb(Object(Config\Paths))
12 SYSTEMPATH\rewrite.php(44): require_once('D:\\PROJECT\\darinkbkms\\public\\index.php')
DEBUG - 2025-08-03 11:23:52 --> Session: Class initialized using 'CodeIgniter\Session\Handlers\FileHandler' driver.
CRITICAL - 2025-08-03 11:23:52 --> ErrorException: Undefined array key "id"
[Method: GET, Route: admin/pengetahuan/edit/34]
in APPPATH\Views\admin\pengetahuan\edit.php on line 21.
 1 APPPATH\Views\admin\pengetahuan\edit.php(21): CodeIgniter\Debug\Exceptions->errorHandler(2, 'Undefined array key "id"', 'D:\\PROJECT\\darinkbkms\\app\\Views\\admin\\pengetahuan\\edit.php', 21)
 2 SYSTEMPATH\View\View.php(224): include('D:\\PROJECT\\darinkbkms\\app\\Views\\admin\\pengetahuan\\edit.php')
 3 SYSTEMPATH\View\View.php(227): CodeIgniter\View\View->CodeIgniter\View\{closure}()
 4 SYSTEMPATH\Common.php(1173): CodeIgniter\View\View->render('admin/pengetahuan/edit', [], true)
 5 APPPATH\Controllers\Admin\Pengetahuan.php(97): view('admin/pengetahuan/edit', [...])
 6 SYSTEMPATH\CodeIgniter.php(933): App\Controllers\Admin\Pengetahuan->edit('34')
 7 SYSTEMPATH\CodeIgniter.php(507): CodeIgniter\CodeIgniter->runController(Object(App\Controllers\Admin\Pengetahuan))
 8 SYSTEMPATH\CodeIgniter.php(354): CodeIgniter\CodeIgniter->handleRequest(null, Object(Config\Cache), false)
 9 SYSTEMPATH\Boot.php(334): CodeIgniter\CodeIgniter->run()
10 SYSTEMPATH\Boot.php(67): CodeIgniter\Boot::runCodeIgniter(Object(CodeIgniter\CodeIgniter))
11 FCPATH\index.php(59): CodeIgniter\Boot::bootWeb(Object(Config\Paths))
12 SYSTEMPATH\rewrite.php(44): require_once('D:\\PROJECT\\darinkbkms\\public\\index.php')
DEBUG - 2025-08-03 11:23:53 --> Session: Class initialized using 'CodeIgniter\Session\Handlers\FileHandler' driver.
CRITICAL - 2025-08-03 11:23:53 --> ErrorException: Undefined array key "id"
[Method: GET, Route: admin/pengetahuan/edit/34]
in APPPATH\Views\admin\pengetahuan\edit.php on line 21.
 1 APPPATH\Views\admin\pengetahuan\edit.php(21): CodeIgniter\Debug\Exceptions->errorHandler(2, 'Undefined array key "id"', 'D:\\PROJECT\\darinkbkms\\app\\Views\\admin\\pengetahuan\\edit.php', 21)
 2 SYSTEMPATH\View\View.php(224): include('D:\\PROJECT\\darinkbkms\\app\\Views\\admin\\pengetahuan\\edit.php')
 3 SYSTEMPATH\View\View.php(227): CodeIgniter\View\View->CodeIgniter\View\{closure}()
 4 SYSTEMPATH\Common.php(1173): CodeIgniter\View\View->render('admin/pengetahuan/edit', [], true)
 5 APPPATH\Controllers\Admin\Pengetahuan.php(97): view('admin/pengetahuan/edit', [...])
 6 SYSTEMPATH\CodeIgniter.php(933): App\Controllers\Admin\Pengetahuan->edit('34')
 7 SYSTEMPATH\CodeIgniter.php(507): CodeIgniter\CodeIgniter->runController(Object(App\Controllers\Admin\Pengetahuan))
 8 SYSTEMPATH\CodeIgniter.php(354): CodeIgniter\CodeIgniter->handleRequest(null, Object(Config\Cache), false)
 9 SYSTEMPATH\Boot.php(334): CodeIgniter\CodeIgniter->run()
10 SYSTEMPATH\Boot.php(67): CodeIgniter\Boot::runCodeIgniter(Object(CodeIgniter\CodeIgniter))
11 FCPATH\index.php(59): CodeIgniter\Boot::bootWeb(Object(Config\Paths))
12 SYSTEMPATH\rewrite.php(44): require_once('D:\\PROJECT\\darinkbkms\\public\\index.php')
DEBUG - 2025-08-03 11:23:53 --> Session: Class initialized using 'CodeIgniter\Session\Handlers\FileHandler' driver.
CRITICAL - 2025-08-03 11:23:53 --> ErrorException: Undefined array key "id"
[Method: GET, Route: admin/pengetahuan/edit/34]
in APPPATH\Views\admin\pengetahuan\edit.php on line 21.
 1 APPPATH\Views\admin\pengetahuan\edit.php(21): CodeIgniter\Debug\Exceptions->errorHandler(2, 'Undefined array key "id"', 'D:\\PROJECT\\darinkbkms\\app\\Views\\admin\\pengetahuan\\edit.php', 21)
 2 SYSTEMPATH\View\View.php(224): include('D:\\PROJECT\\darinkbkms\\app\\Views\\admin\\pengetahuan\\edit.php')
 3 SYSTEMPATH\View\View.php(227): CodeIgniter\View\View->CodeIgniter\View\{closure}()
 4 SYSTEMPATH\Common.php(1173): CodeIgniter\View\View->render('admin/pengetahuan/edit', [], true)
 5 APPPATH\Controllers\Admin\Pengetahuan.php(97): view('admin/pengetahuan/edit', [...])
 6 SYSTEMPATH\CodeIgniter.php(933): App\Controllers\Admin\Pengetahuan->edit('34')
 7 SYSTEMPATH\CodeIgniter.php(507): CodeIgniter\CodeIgniter->runController(Object(App\Controllers\Admin\Pengetahuan))
 8 SYSTEMPATH\CodeIgniter.php(354): CodeIgniter\CodeIgniter->handleRequest(null, Object(Config\Cache), false)
 9 SYSTEMPATH\Boot.php(334): CodeIgniter\CodeIgniter->run()
10 SYSTEMPATH\Boot.php(67): CodeIgniter\Boot::runCodeIgniter(Object(CodeIgniter\CodeIgniter))
11 FCPATH\index.php(59): CodeIgniter\Boot::bootWeb(Object(Config\Paths))
12 SYSTEMPATH\rewrite.php(44): require_once('D:\\PROJECT\\darinkbkms\\public\\index.php')
DEBUG - 2025-08-03 11:23:54 --> Session: Class initialized using 'CodeIgniter\Session\Handlers\FileHandler' driver.
CRITICAL - 2025-08-03 11:23:54 --> ErrorException: Undefined array key "id"
[Method: GET, Route: admin/pengetahuan/edit/34]
in APPPATH\Views\admin\pengetahuan\edit.php on line 21.
 1 APPPATH\Views\admin\pengetahuan\edit.php(21): CodeIgniter\Debug\Exceptions->errorHandler(2, 'Undefined array key "id"', 'D:\\PROJECT\\darinkbkms\\app\\Views\\admin\\pengetahuan\\edit.php', 21)
 2 SYSTEMPATH\View\View.php(224): include('D:\\PROJECT\\darinkbkms\\app\\Views\\admin\\pengetahuan\\edit.php')
 3 SYSTEMPATH\View\View.php(227): CodeIgniter\View\View->CodeIgniter\View\{closure}()
 4 SYSTEMPATH\Common.php(1173): CodeIgniter\View\View->render('admin/pengetahuan/edit', [], true)
 5 APPPATH\Controllers\Admin\Pengetahuan.php(97): view('admin/pengetahuan/edit', [...])
 6 SYSTEMPATH\CodeIgniter.php(933): App\Controllers\Admin\Pengetahuan->edit('34')
 7 SYSTEMPATH\CodeIgniter.php(507): CodeIgniter\CodeIgniter->runController(Object(App\Controllers\Admin\Pengetahuan))
 8 SYSTEMPATH\CodeIgniter.php(354): CodeIgniter\CodeIgniter->handleRequest(null, Object(Config\Cache), false)
 9 SYSTEMPATH\Boot.php(334): CodeIgniter\CodeIgniter->run()
10 SYSTEMPATH\Boot.php(67): CodeIgniter\Boot::runCodeIgniter(Object(CodeIgniter\CodeIgniter))
11 FCPATH\index.php(59): CodeIgniter\Boot::bootWeb(Object(Config\Paths))
12 SYSTEMPATH\rewrite.php(44): require_once('D:\\PROJECT\\darinkbkms\\public\\index.php')
DEBUG - 2025-08-03 11:23:54 --> Session: Class initialized using 'CodeIgniter\Session\Handlers\FileHandler' driver.
CRITICAL - 2025-08-03 11:23:54 --> ErrorException: Undefined array key "id"
[Method: GET, Route: admin/pengetahuan/edit/34]
in APPPATH\Views\admin\pengetahuan\edit.php on line 21.
 1 APPPATH\Views\admin\pengetahuan\edit.php(21): CodeIgniter\Debug\Exceptions->errorHandler(2, 'Undefined array key "id"', 'D:\\PROJECT\\darinkbkms\\app\\Views\\admin\\pengetahuan\\edit.php', 21)
 2 SYSTEMPATH\View\View.php(224): include('D:\\PROJECT\\darinkbkms\\app\\Views\\admin\\pengetahuan\\edit.php')
 3 SYSTEMPATH\View\View.php(227): CodeIgniter\View\View->CodeIgniter\View\{closure}()
 4 SYSTEMPATH\Common.php(1173): CodeIgniter\View\View->render('admin/pengetahuan/edit', [], true)
 5 APPPATH\Controllers\Admin\Pengetahuan.php(97): view('admin/pengetahuan/edit', [...])
 6 SYSTEMPATH\CodeIgniter.php(933): App\Controllers\Admin\Pengetahuan->edit('34')
 7 SYSTEMPATH\CodeIgniter.php(507): CodeIgniter\CodeIgniter->runController(Object(App\Controllers\Admin\Pengetahuan))
 8 SYSTEMPATH\CodeIgniter.php(354): CodeIgniter\CodeIgniter->handleRequest(null, Object(Config\Cache), false)
 9 SYSTEMPATH\Boot.php(334): CodeIgniter\CodeIgniter->run()
10 SYSTEMPATH\Boot.php(67): CodeIgniter\Boot::runCodeIgniter(Object(CodeIgniter\CodeIgniter))
11 FCPATH\index.php(59): CodeIgniter\Boot::bootWeb(Object(Config\Paths))
12 SYSTEMPATH\rewrite.php(44): require_once('D:\\PROJECT\\darinkbkms\\public\\index.php')
DEBUG - 2025-08-03 11:23:54 --> Session: Class initialized using 'CodeIgniter\Session\Handlers\FileHandler' driver.
CRITICAL - 2025-08-03 11:23:54 --> ErrorException: Undefined array key "id"
[Method: GET, Route: admin/pengetahuan/edit/34]
in APPPATH\Views\admin\pengetahuan\edit.php on line 21.
 1 APPPATH\Views\admin\pengetahuan\edit.php(21): CodeIgniter\Debug\Exceptions->errorHandler(2, 'Undefined array key "id"', 'D:\\PROJECT\\darinkbkms\\app\\Views\\admin\\pengetahuan\\edit.php', 21)
 2 SYSTEMPATH\View\View.php(224): include('D:\\PROJECT\\darinkbkms\\app\\Views\\admin\\pengetahuan\\edit.php')
 3 SYSTEMPATH\View\View.php(227): CodeIgniter\View\View->CodeIgniter\View\{closure}()
 4 SYSTEMPATH\Common.php(1173): CodeIgniter\View\View->render('admin/pengetahuan/edit', [], true)
 5 APPPATH\Controllers\Admin\Pengetahuan.php(97): view('admin/pengetahuan/edit', [...])
 6 SYSTEMPATH\CodeIgniter.php(933): App\Controllers\Admin\Pengetahuan->edit('34')
 7 SYSTEMPATH\CodeIgniter.php(507): CodeIgniter\CodeIgniter->runController(Object(App\Controllers\Admin\Pengetahuan))
 8 SYSTEMPATH\CodeIgniter.php(354): CodeIgniter\CodeIgniter->handleRequest(null, Object(Config\Cache), false)
 9 SYSTEMPATH\Boot.php(334): CodeIgniter\CodeIgniter->run()
10 SYSTEMPATH\Boot.php(67): CodeIgniter\Boot::runCodeIgniter(Object(CodeIgniter\CodeIgniter))
11 FCPATH\index.php(59): CodeIgniter\Boot::bootWeb(Object(Config\Paths))
12 SYSTEMPATH\rewrite.php(44): require_once('D:\\PROJECT\\darinkbkms\\public\\index.php')
DEBUG - 2025-08-03 11:26:51 --> Session: Class initialized using 'CodeIgniter\Session\Handlers\FileHandler' driver.
DEBUG - 2025-08-03 11:27:09 --> Session: Class initialized using 'CodeIgniter\Session\Handlers\FileHandler' driver.
DEBUG - 2025-08-03 11:27:09 --> Session: Class initialized using 'CodeIgniter\Session\Handlers\FileHandler' driver.
DEBUG - 2025-08-03 11:27:12 --> Session: Class initialized using 'CodeIgniter\Session\Handlers\FileHandler' driver.
DEBUG - 2025-08-03 11:27:17 --> Session: Class initialized using 'CodeIgniter\Session\Handlers\FileHandler' driver.
DEBUG - 2025-08-03 11:27:17 --> Session: Class initialized using 'CodeIgniter\Session\Handlers\FileHandler' driver.
DEBUG - 2025-08-03 11:27:20 --> Session: Class initialized using 'CodeIgniter\Session\Handlers\FileHandler' driver.
CRITICAL - 2025-08-03 11:27:20 --> ErrorException: Undefined array key "judul"
[Method: GET, Route: admin/pengetahuan/view/34]
in APPPATH\Views\admin\pengetahuan\view.php on line 10.
 1 APPPATH\Views\admin\pengetahuan\view.php(10): CodeIgniter\Debug\Exceptions->errorHandler(2, 'Undefined array key "judul"', 'D:\\PROJECT\\darinkbkms\\app\\Views\\admin\\pengetahuan\\view.php', 10)
 2 SYSTEMPATH\View\View.php(224): include('D:\\PROJECT\\darinkbkms\\app\\Views\\admin\\pengetahuan\\view.php')
 3 SYSTEMPATH\View\View.php(227): CodeIgniter\View\View->CodeIgniter\View\{closure}()
 4 SYSTEMPATH\Common.php(1173): CodeIgniter\View\View->render('admin/pengetahuan/view', [], true)
 5 APPPATH\Controllers\Admin\Pengetahuan.php(302): view('admin/pengetahuan/view', [...])
 6 SYSTEMPATH\CodeIgniter.php(933): App\Controllers\Admin\Pengetahuan->view('34')
 7 SYSTEMPATH\CodeIgniter.php(507): CodeIgniter\CodeIgniter->runController(Object(App\Controllers\Admin\Pengetahuan))
 8 SYSTEMPATH\CodeIgniter.php(354): CodeIgniter\CodeIgniter->handleRequest(null, Object(Config\Cache), false)
 9 SYSTEMPATH\Boot.php(334): CodeIgniter\CodeIgniter->run()
10 SYSTEMPATH\Boot.php(67): CodeIgniter\Boot::runCodeIgniter(Object(CodeIgniter\CodeIgniter))
11 FCPATH\index.php(59): CodeIgniter\Boot::bootWeb(Object(Config\Paths))
12 SYSTEMPATH\rewrite.php(44): require_once('D:\\PROJECT\\darinkbkms\\public\\index.php')
DEBUG - 2025-08-03 11:29:06 --> Session: Class initialized using 'CodeIgniter\Session\Handlers\FileHandler' driver.
CRITICAL - 2025-08-03 11:29:06 --> ErrorException: Undefined array key "judul"
[Method: GET, Route: admin/pengetahuan/view/34]
in APPPATH\Views\admin\pengetahuan\view.php on line 90.
 1 APPPATH\Views\admin\pengetahuan\view.php(90): CodeIgniter\Debug\Exceptions->errorHandler(2, 'Undefined array key "judul"', 'D:\\PROJECT\\darinkbkms\\app\\Views\\admin\\pengetahuan\\view.php', 90)
 2 SYSTEMPATH\View\View.php(224): include('D:\\PROJECT\\darinkbkms\\app\\Views\\admin\\pengetahuan\\view.php')
 3 SYSTEMPATH\View\View.php(227): CodeIgniter\View\View->CodeIgniter\View\{closure}()
 4 SYSTEMPATH\Common.php(1173): CodeIgniter\View\View->render('admin/pengetahuan/view', [], true)
 5 APPPATH\Controllers\Admin\Pengetahuan.php(302): view('admin/pengetahuan/view', [...])
 6 SYSTEMPATH\CodeIgniter.php(933): App\Controllers\Admin\Pengetahuan->view('34')
 7 SYSTEMPATH\CodeIgniter.php(507): CodeIgniter\CodeIgniter->runController(Object(App\Controllers\Admin\Pengetahuan))
 8 SYSTEMPATH\CodeIgniter.php(354): CodeIgniter\CodeIgniter->handleRequest(null, Object(Config\Cache), false)
 9 SYSTEMPATH\Boot.php(334): CodeIgniter\CodeIgniter->run()
10 SYSTEMPATH\Boot.php(67): CodeIgniter\Boot::runCodeIgniter(Object(CodeIgniter\CodeIgniter))
11 FCPATH\index.php(59): CodeIgniter\Boot::bootWeb(Object(Config\Paths))
12 SYSTEMPATH\rewrite.php(44): require_once('D:\\PROJECT\\darinkbkms\\public\\index.php')
DEBUG - 2025-08-03 11:29:56 --> Session: Class initialized using 'CodeIgniter\Session\Handlers\FileHandler' driver.
CRITICAL - 2025-08-03 11:29:56 --> ErrorException: Undefined array key "judul"
[Method: GET, Route: admin/pengetahuan/view/34]
in APPPATH\Views\admin\pengetahuan\view.php on line 90.
 1 APPPATH\Views\admin\pengetahuan\view.php(90): CodeIgniter\Debug\Exceptions->errorHandler(2, 'Undefined array key "judul"', 'D:\\PROJECT\\darinkbkms\\app\\Views\\admin\\pengetahuan\\view.php', 90)
 2 SYSTEMPATH\View\View.php(224): include('D:\\PROJECT\\darinkbkms\\app\\Views\\admin\\pengetahuan\\view.php')
 3 SYSTEMPATH\View\View.php(227): CodeIgniter\View\View->CodeIgniter\View\{closure}()
 4 SYSTEMPATH\Common.php(1173): CodeIgniter\View\View->render('admin/pengetahuan/view', [], true)
 5 APPPATH\Controllers\Admin\Pengetahuan.php(302): view('admin/pengetahuan/view', [...])
 6 SYSTEMPATH\CodeIgniter.php(933): App\Controllers\Admin\Pengetahuan->view('34')
 7 SYSTEMPATH\CodeIgniter.php(507): CodeIgniter\CodeIgniter->runController(Object(App\Controllers\Admin\Pengetahuan))
 8 SYSTEMPATH\CodeIgniter.php(354): CodeIgniter\CodeIgniter->handleRequest(null, Object(Config\Cache), false)
 9 SYSTEMPATH\Boot.php(334): CodeIgniter\CodeIgniter->run()
10 SYSTEMPATH\Boot.php(67): CodeIgniter\Boot::runCodeIgniter(Object(CodeIgniter\CodeIgniter))
11 FCPATH\index.php(59): CodeIgniter\Boot::bootWeb(Object(Config\Paths))
12 SYSTEMPATH\rewrite.php(44): require_once('D:\\PROJECT\\darinkbkms\\public\\index.php')
DEBUG - 2025-08-03 11:29:57 --> Session: Class initialized using 'CodeIgniter\Session\Handlers\FileHandler' driver.
CRITICAL - 2025-08-03 11:29:57 --> ErrorException: Undefined array key "judul"
[Method: GET, Route: admin/pengetahuan/view/34]
in APPPATH\Views\admin\pengetahuan\view.php on line 90.
 1 APPPATH\Views\admin\pengetahuan\view.php(90): CodeIgniter\Debug\Exceptions->errorHandler(2, 'Undefined array key "judul"', 'D:\\PROJECT\\darinkbkms\\app\\Views\\admin\\pengetahuan\\view.php', 90)
 2 SYSTEMPATH\View\View.php(224): include('D:\\PROJECT\\darinkbkms\\app\\Views\\admin\\pengetahuan\\view.php')
 3 SYSTEMPATH\View\View.php(227): CodeIgniter\View\View->CodeIgniter\View\{closure}()
 4 SYSTEMPATH\Common.php(1173): CodeIgniter\View\View->render('admin/pengetahuan/view', [], true)
 5 APPPATH\Controllers\Admin\Pengetahuan.php(302): view('admin/pengetahuan/view', [...])
 6 SYSTEMPATH\CodeIgniter.php(933): App\Controllers\Admin\Pengetahuan->view('34')
 7 SYSTEMPATH\CodeIgniter.php(507): CodeIgniter\CodeIgniter->runController(Object(App\Controllers\Admin\Pengetahuan))
 8 SYSTEMPATH\CodeIgniter.php(354): CodeIgniter\CodeIgniter->handleRequest(null, Object(Config\Cache), false)
 9 SYSTEMPATH\Boot.php(334): CodeIgniter\CodeIgniter->run()
10 SYSTEMPATH\Boot.php(67): CodeIgniter\Boot::runCodeIgniter(Object(CodeIgniter\CodeIgniter))
11 FCPATH\index.php(59): CodeIgniter\Boot::bootWeb(Object(Config\Paths))
12 SYSTEMPATH\rewrite.php(44): require_once('D:\\PROJECT\\darinkbkms\\public\\index.php')
DEBUG - 2025-08-03 11:29:57 --> Session: Class initialized using 'CodeIgniter\Session\Handlers\FileHandler' driver.
CRITICAL - 2025-08-03 11:29:57 --> ErrorException: Undefined array key "judul"
[Method: GET, Route: admin/pengetahuan/view/34]
in APPPATH\Views\admin\pengetahuan\view.php on line 90.
 1 APPPATH\Views\admin\pengetahuan\view.php(90): CodeIgniter\Debug\Exceptions->errorHandler(2, 'Undefined array key "judul"', 'D:\\PROJECT\\darinkbkms\\app\\Views\\admin\\pengetahuan\\view.php', 90)
 2 SYSTEMPATH\View\View.php(224): include('D:\\PROJECT\\darinkbkms\\app\\Views\\admin\\pengetahuan\\view.php')
 3 SYSTEMPATH\View\View.php(227): CodeIgniter\View\View->CodeIgniter\View\{closure}()
 4 SYSTEMPATH\Common.php(1173): CodeIgniter\View\View->render('admin/pengetahuan/view', [], true)
 5 APPPATH\Controllers\Admin\Pengetahuan.php(302): view('admin/pengetahuan/view', [...])
 6 SYSTEMPATH\CodeIgniter.php(933): App\Controllers\Admin\Pengetahuan->view('34')
 7 SYSTEMPATH\CodeIgniter.php(507): CodeIgniter\CodeIgniter->runController(Object(App\Controllers\Admin\Pengetahuan))
 8 SYSTEMPATH\CodeIgniter.php(354): CodeIgniter\CodeIgniter->handleRequest(null, Object(Config\Cache), false)
 9 SYSTEMPATH\Boot.php(334): CodeIgniter\CodeIgniter->run()
10 SYSTEMPATH\Boot.php(67): CodeIgniter\Boot::runCodeIgniter(Object(CodeIgniter\CodeIgniter))
11 FCPATH\index.php(59): CodeIgniter\Boot::bootWeb(Object(Config\Paths))
12 SYSTEMPATH\rewrite.php(44): require_once('D:\\PROJECT\\darinkbkms\\public\\index.php')
DEBUG - 2025-08-03 11:29:58 --> Session: Class initialized using 'CodeIgniter\Session\Handlers\FileHandler' driver.
CRITICAL - 2025-08-03 11:29:58 --> ErrorException: Undefined array key "judul"
[Method: GET, Route: admin/pengetahuan/view/34]
in APPPATH\Views\admin\pengetahuan\view.php on line 90.
 1 APPPATH\Views\admin\pengetahuan\view.php(90): CodeIgniter\Debug\Exceptions->errorHandler(2, 'Undefined array key "judul"', 'D:\\PROJECT\\darinkbkms\\app\\Views\\admin\\pengetahuan\\view.php', 90)
 2 SYSTEMPATH\View\View.php(224): include('D:\\PROJECT\\darinkbkms\\app\\Views\\admin\\pengetahuan\\view.php')
 3 SYSTEMPATH\View\View.php(227): CodeIgniter\View\View->CodeIgniter\View\{closure}()
 4 SYSTEMPATH\Common.php(1173): CodeIgniter\View\View->render('admin/pengetahuan/view', [], true)
 5 APPPATH\Controllers\Admin\Pengetahuan.php(302): view('admin/pengetahuan/view', [...])
 6 SYSTEMPATH\CodeIgniter.php(933): App\Controllers\Admin\Pengetahuan->view('34')
 7 SYSTEMPATH\CodeIgniter.php(507): CodeIgniter\CodeIgniter->runController(Object(App\Controllers\Admin\Pengetahuan))
 8 SYSTEMPATH\CodeIgniter.php(354): CodeIgniter\CodeIgniter->handleRequest(null, Object(Config\Cache), false)
 9 SYSTEMPATH\Boot.php(334): CodeIgniter\CodeIgniter->run()
10 SYSTEMPATH\Boot.php(67): CodeIgniter\Boot::runCodeIgniter(Object(CodeIgniter\CodeIgniter))
11 FCPATH\index.php(59): CodeIgniter\Boot::bootWeb(Object(Config\Paths))
12 SYSTEMPATH\rewrite.php(44): require_once('D:\\PROJECT\\darinkbkms\\public\\index.php')
DEBUG - 2025-08-03 11:29:58 --> Session: Class initialized using 'CodeIgniter\Session\Handlers\FileHandler' driver.
CRITICAL - 2025-08-03 11:29:58 --> ErrorException: Undefined array key "judul"
[Method: GET, Route: admin/pengetahuan/view/34]
in APPPATH\Views\admin\pengetahuan\view.php on line 90.
 1 APPPATH\Views\admin\pengetahuan\view.php(90): CodeIgniter\Debug\Exceptions->errorHandler(2, 'Undefined array key "judul"', 'D:\\PROJECT\\darinkbkms\\app\\Views\\admin\\pengetahuan\\view.php', 90)
 2 SYSTEMPATH\View\View.php(224): include('D:\\PROJECT\\darinkbkms\\app\\Views\\admin\\pengetahuan\\view.php')
 3 SYSTEMPATH\View\View.php(227): CodeIgniter\View\View->CodeIgniter\View\{closure}()
 4 SYSTEMPATH\Common.php(1173): CodeIgniter\View\View->render('admin/pengetahuan/view', [], true)
 5 APPPATH\Controllers\Admin\Pengetahuan.php(302): view('admin/pengetahuan/view', [...])
 6 SYSTEMPATH\CodeIgniter.php(933): App\Controllers\Admin\Pengetahuan->view('34')
 7 SYSTEMPATH\CodeIgniter.php(507): CodeIgniter\CodeIgniter->runController(Object(App\Controllers\Admin\Pengetahuan))
 8 SYSTEMPATH\CodeIgniter.php(354): CodeIgniter\CodeIgniter->handleRequest(null, Object(Config\Cache), false)
 9 SYSTEMPATH\Boot.php(334): CodeIgniter\CodeIgniter->run()
10 SYSTEMPATH\Boot.php(67): CodeIgniter\Boot::runCodeIgniter(Object(CodeIgniter\CodeIgniter))
11 FCPATH\index.php(59): CodeIgniter\Boot::bootWeb(Object(Config\Paths))
12 SYSTEMPATH\rewrite.php(44): require_once('D:\\PROJECT\\darinkbkms\\public\\index.php')
DEBUG - 2025-08-03 11:29:59 --> Session: Class initialized using 'CodeIgniter\Session\Handlers\FileHandler' driver.
CRITICAL - 2025-08-03 11:29:59 --> ErrorException: Undefined array key "judul"
[Method: GET, Route: admin/pengetahuan/view/34]
in APPPATH\Views\admin\pengetahuan\view.php on line 90.
 1 APPPATH\Views\admin\pengetahuan\view.php(90): CodeIgniter\Debug\Exceptions->errorHandler(2, 'Undefined array key "judul"', 'D:\\PROJECT\\darinkbkms\\app\\Views\\admin\\pengetahuan\\view.php', 90)
 2 SYSTEMPATH\View\View.php(224): include('D:\\PROJECT\\darinkbkms\\app\\Views\\admin\\pengetahuan\\view.php')
 3 SYSTEMPATH\View\View.php(227): CodeIgniter\View\View->CodeIgniter\View\{closure}()
 4 SYSTEMPATH\Common.php(1173): CodeIgniter\View\View->render('admin/pengetahuan/view', [], true)
 5 APPPATH\Controllers\Admin\Pengetahuan.php(302): view('admin/pengetahuan/view', [...])
 6 SYSTEMPATH\CodeIgniter.php(933): App\Controllers\Admin\Pengetahuan->view('34')
 7 SYSTEMPATH\CodeIgniter.php(507): CodeIgniter\CodeIgniter->runController(Object(App\Controllers\Admin\Pengetahuan))
 8 SYSTEMPATH\CodeIgniter.php(354): CodeIgniter\CodeIgniter->handleRequest(null, Object(Config\Cache), false)
 9 SYSTEMPATH\Boot.php(334): CodeIgniter\CodeIgniter->run()
10 SYSTEMPATH\Boot.php(67): CodeIgniter\Boot::runCodeIgniter(Object(CodeIgniter\CodeIgniter))
11 FCPATH\index.php(59): CodeIgniter\Boot::bootWeb(Object(Config\Paths))
12 SYSTEMPATH\rewrite.php(44): require_once('D:\\PROJECT\\darinkbkms\\public\\index.php')
DEBUG - 2025-08-03 11:34:45 --> Session: Class initialized using 'CodeIgniter\Session\Handlers\FileHandler' driver.
CRITICAL - 2025-08-03 11:34:45 --> ErrorException: Undefined variable $pengetahuan_lain
[Method: GET, Route: admin/pengetahuan/view/34]
in APPPATH\Views\admin\pengetahuan\view.php on line 187.
 1 APPPATH\Views\admin\pengetahuan\view.php(187): CodeIgniter\Debug\Exceptions->errorHandler(2, 'Undefined variable $pengetahuan_lain', 'D:\\PROJECT\\darinkbkms\\app\\Views\\admin\\pengetahuan\\view.php', 187)
 2 SYSTEMPATH\View\View.php(224): include('D:\\PROJECT\\darinkbkms\\app\\Views\\admin\\pengetahuan\\view.php')
 3 SYSTEMPATH\View\View.php(227): CodeIgniter\View\View->CodeIgniter\View\{closure}()
 4 SYSTEMPATH\Common.php(1173): CodeIgniter\View\View->render('admin/pengetahuan/view', [], true)
 5 APPPATH\Controllers\Admin\Pengetahuan.php(305): view('admin/pengetahuan/view', [...])
 6 SYSTEMPATH\CodeIgniter.php(933): App\Controllers\Admin\Pengetahuan->view('34')
 7 SYSTEMPATH\CodeIgniter.php(507): CodeIgniter\CodeIgniter->runController(Object(App\Controllers\Admin\Pengetahuan))
 8 SYSTEMPATH\CodeIgniter.php(354): CodeIgniter\CodeIgniter->handleRequest(null, Object(Config\Cache), false)
 9 SYSTEMPATH\Boot.php(334): CodeIgniter\CodeIgniter->run()
10 SYSTEMPATH\Boot.php(67): CodeIgniter\Boot::runCodeIgniter(Object(CodeIgniter\CodeIgniter))
11 FCPATH\index.php(59): CodeIgniter\Boot::bootWeb(Object(Config\Paths))
12 SYSTEMPATH\rewrite.php(44): require_once('D:\\PROJECT\\darinkbkms\\public\\index.php')
DEBUG - 2025-08-03 11:35:16 --> Session: Class initialized using 'CodeIgniter\Session\Handlers\FileHandler' driver.
ERROR - 2025-08-03 11:35:24 --> Query error: 7 : Failed to connect to localhost port 5000 after 2251 ms: Couldn't connect to server
DEBUG - 2025-08-03 11:40:50 --> Session: Class initialized using 'CodeIgniter\Session\Handlers\FileHandler' driver.
DEBUG - 2025-08-03 11:40:51 --> Session: Class initialized using 'CodeIgniter\Session\Handlers\FileHandler' driver.
DEBUG - 2025-08-03 11:41:11 --> Session: Class initialized using 'CodeIgniter\Session\Handlers\FileHandler' driver.
DEBUG - 2025-08-03 11:41:11 --> Session: Class initialized using 'CodeIgniter\Session\Handlers\FileHandler' driver.
DEBUG - 2025-08-03 11:41:36 --> Session: Class initialized using 'CodeIgniter\Session\Handlers\FileHandler' driver.
DEBUG - 2025-08-03 11:41:36 --> Session: Class initialized using 'CodeIgniter\Session\Handlers\FileHandler' driver.
DEBUG - 2025-08-03 11:45:12 --> Session: Class initialized using 'CodeIgniter\Session\Handlers\FileHandler' driver.
DEBUG - 2025-08-03 11:45:43 --> Session: Class initialized using 'CodeIgniter\Session\Handlers\FileHandler' driver.
DEBUG - 2025-08-03 11:45:43 --> Session: Class initialized using 'CodeIgniter\Session\Handlers\FileHandler' driver.
DEBUG - 2025-08-03 11:46:22 --> Session: Class initialized using 'CodeIgniter\Session\Handlers\FileHandler' driver.
DEBUG - 2025-08-03 11:46:25 --> Session: Class initialized using 'CodeIgniter\Session\Handlers\FileHandler' driver.
DEBUG - 2025-08-03 11:46:32 --> Session: Class initialized using 'CodeIgniter\Session\Handlers\FileHandler' driver.
DEBUG - 2025-08-03 11:46:32 --> Session: Class initialized using 'CodeIgniter\Session\Handlers\FileHandler' driver.
DEBUG - 2025-08-03 11:49:04 --> Session: Class initialized using 'CodeIgniter\Session\Handlers\FileHandler' driver.
DEBUG - 2025-08-03 11:49:06 --> Session: Class initialized using 'CodeIgniter\Session\Handlers\FileHandler' driver.
DEBUG - 2025-08-03 11:49:09 --> Session: Class initialized using 'CodeIgniter\Session\Handlers\FileHandler' driver.
DEBUG - 2025-08-03 11:49:11 --> Session: Class initialized using 'CodeIgniter\Session\Handlers\FileHandler' driver.
DEBUG - 2025-08-03 11:49:13 --> Session: Class initialized using 'CodeIgniter\Session\Handlers\FileHandler' driver.
DEBUG - 2025-08-03 11:49:13 --> Session: Class initialized using 'CodeIgniter\Session\Handlers\FileHandler' driver.
DEBUG - 2025-08-03 11:49:18 --> Session: Class initialized using 'CodeIgniter\Session\Handlers\FileHandler' driver.
DEBUG - 2025-08-03 11:49:26 --> Session: Class initialized using 'CodeIgniter\Session\Handlers\FileHandler' driver.
DEBUG - 2025-08-03 11:50:15 --> Session: Class initialized using 'CodeIgniter\Session\Handlers\FileHandler' driver.
DEBUG - 2025-08-03 11:50:17 --> Session: Class initialized using 'CodeIgniter\Session\Handlers\FileHandler' driver.
DEBUG - 2025-08-03 11:50:22 --> Session: Class initialized using 'CodeIgniter\Session\Handlers\FileHandler' driver.
DEBUG - 2025-08-03 11:50:22 --> Session: Class initialized using 'CodeIgniter\Session\Handlers\FileHandler' driver.
DEBUG - 2025-08-03 11:50:31 --> Session: Class initialized using 'CodeIgniter\Session\Handlers\FileHandler' driver.
DEBUG - 2025-08-03 11:50:31 --> Session: Class initialized using 'CodeIgniter\Session\Handlers\FileHandler' driver.
DEBUG - 2025-08-03 11:50:34 --> Session: Class initialized using 'CodeIgniter\Session\Handlers\FileHandler' driver.
DEBUG - 2025-08-03 11:50:53 --> Session: Class initialized using 'CodeIgniter\Session\Handlers\FileHandler' driver.
DEBUG - 2025-08-03 11:50:58 --> Session: Class initialized using 'CodeIgniter\Session\Handlers\FileHandler' driver.
DEBUG - 2025-08-03 11:50:58 --> Session: Class initialized using 'CodeIgniter\Session\Handlers\FileHandler' driver.
DEBUG - 2025-08-03 11:51:02 --> Session: Class initialized using 'CodeIgniter\Session\Handlers\FileHandler' driver.
DEBUG - 2025-08-03 11:51:16 --> Session: Class initialized using 'CodeIgniter\Session\Handlers\FileHandler' driver.
DEBUG - 2025-08-03 11:51:18 --> Session: Class initialized using 'CodeIgniter\Session\Handlers\FileHandler' driver.
DEBUG - 2025-08-03 11:51:44 --> Session: Class initialized using 'CodeIgniter\Session\Handlers\FileHandler' driver.
DEBUG - 2025-08-03 11:51:44 --> Session: Class initialized using 'CodeIgniter\Session\Handlers\FileHandler' driver.
DEBUG - 2025-08-03 11:51:55 --> Session: Class initialized using 'CodeIgniter\Session\Handlers\FileHandler' driver.
DEBUG - 2025-08-03 11:52:01 --> Session: Class initialized using 'CodeIgniter\Session\Handlers\FileHandler' driver.
DEBUG - 2025-08-03 11:52:21 --> Session: Class initialized using 'CodeIgniter\Session\Handlers\FileHandler' driver.
DEBUG - 2025-08-03 11:52:30 --> Session: Class initialized using 'CodeIgniter\Session\Handlers\FileHandler' driver.
DEBUG - 2025-08-03 11:56:58 --> Session: Class initialized using 'CodeIgniter\Session\Handlers\FileHandler' driver.
DEBUG - 2025-08-03 12:28:56 --> Session: Class initialized using 'CodeIgniter\Session\Handlers\FileHandler' driver.
DEBUG - 2025-08-03 12:28:57 --> Session: Class initialized using 'CodeIgniter\Session\Handlers\FileHandler' driver.
DEBUG - 2025-08-03 12:29:01 --> Session: Class initialized using 'CodeIgniter\Session\Handlers\FileHandler' driver.
DEBUG - 2025-08-03 12:29:11 --> Session: Class initialized using 'CodeIgniter\Session\Handlers\FileHandler' driver.
DEBUG - 2025-08-03 12:29:11 --> Session: Class initialized using 'CodeIgniter\Session\Handlers\FileHandler' driver.
DEBUG - 2025-08-03 12:29:58 --> Session: Class initialized using 'CodeIgniter\Session\Handlers\FileHandler' driver.
DEBUG - 2025-08-03 12:29:58 --> Session: Class initialized using 'CodeIgniter\Session\Handlers\FileHandler' driver.
DEBUG - 2025-08-03 12:30:01 --> Session: Class initialized using 'CodeIgniter\Session\Handlers\FileHandler' driver.
DEBUG - 2025-08-03 12:30:40 --> Session: Class initialized using 'CodeIgniter\Session\Handlers\FileHandler' driver.
DEBUG - 2025-08-03 12:30:47 --> Session: Class initialized using 'CodeIgniter\Session\Handlers\FileHandler' driver.
DEBUG - 2025-08-03 12:30:47 --> Session: Class initialized using 'CodeIgniter\Session\Handlers\FileHandler' driver.
DEBUG - 2025-08-03 12:30:50 --> Session: Class initialized using 'CodeIgniter\Session\Handlers\FileHandler' driver.
DEBUG - 2025-08-03 12:30:59 --> Session: Class initialized using 'CodeIgniter\Session\Handlers\FileHandler' driver.
DEBUG - 2025-08-03 12:30:59 --> Session: Class initialized using 'CodeIgniter\Session\Handlers\FileHandler' driver.
DEBUG - 2025-08-03 12:31:22 --> Session: Class initialized using 'CodeIgniter\Session\Handlers\FileHandler' driver.
DEBUG - 2025-08-03 12:31:23 --> Session: Class initialized using 'CodeIgniter\Session\Handlers\FileHandler' driver.
DEBUG - 2025-08-03 12:31:25 --> Session: Class initialized using 'CodeIgniter\Session\Handlers\FileHandler' driver.
